#2.0#2022 07 19 04:10:26.088#Z#DEBUG#com.sap.cloud.lm.sl.xs2.a1f7e244-0718-11ed-89d0-eeee0a88faf3.config_products-srv.startAppTask#
######org.cloudfoundry.multiapps.controller.persistence.services.ProcessLogger########flowable-async-job-executor-thread-18024###
[PollStartAppStatusExecution] [config_products-srv] 9a0f5d2c-b5ef-4570-abc0-bc3b90b4a27c [Tue Jul 19 03:50:37 UTC 2022] Updated app with guid 9a0f5d2c-b5ef-4570-abc0-bc3b90b4a27c ({"lifecycle"=>{"data"=>{"buildpacks"=>["nodejs_buildpack"]}, "type"=>"buildpack"}}) (STDOUT, API)#

#2.0#2022 07 19 04:10:26.088#Z#DEBUG#com.sap.cloud.lm.sl.xs2.a1f7e244-0718-11ed-89d0-eeee0a88faf3.config_products-srv.startAppTask#
######org.cloudfoundry.multiapps.controller.persistence.services.ProcessLogger########flowable-async-job-executor-thread-18024###
[PollStartAppStatusExecution] [config_products-srv] 9a0f5d2c-b5ef-4570-abc0-bc3b90b4a27c [Tue Jul 19 03:50:37 UTC 2022] Updating process: "web" (STDOUT, API)#

#2.0#2022 07 19 04:10:26.088#Z#DEBUG#com.sap.cloud.lm.sl.xs2.a1f7e244-0718-11ed-89d0-eeee0a88faf3.config_products-srv.startAppTask#
######org.cloudfoundry.multiapps.controller.persistence.services.ProcessLogger########flowable-async-job-executor-thread-18024###
[PollStartAppStatusExecution] [config_products-srv] 9a0f5d2c-b5ef-4570-abc0-bc3b90b4a27c [Tue Jul 19 03:50:37 UTC 2022] Updated app with guid 9a0f5d2c-b5ef-4570-abc0-bc3b90b4a27c ({"environment_variables"=>"[PRIVATE DATA HIDDEN]"}) (STDOUT, API)#

#2.0#2022 07 19 04:10:26.088#Z#DEBUG#com.sap.cloud.lm.sl.xs2.a1f7e244-0718-11ed-89d0-eeee0a88faf3.config_products-srv.startAppTask#
######org.cloudfoundry.multiapps.controller.persistence.services.ProcessLogger########flowable-async-job-executor-thread-18024###
[PollStartAppStatusExecution] [config_products-srv] 9a0f5d2c-b5ef-4570-abc0-bc3b90b4a27c [Tue Jul 19 03:50:50 UTC 2022] Uploading app package for app with guid 9a0f5d2c-b5ef-4570-abc0-bc3b90b4a27c (STDOUT, API)#

#2.0#2022 07 19 04:10:26.088#Z#DEBUG#com.sap.cloud.lm.sl.xs2.a1f7e244-0718-11ed-89d0-eeee0a88faf3.config_products-srv.startAppTask#
######org.cloudfoundry.multiapps.controller.persistence.services.ProcessLogger########flowable-async-job-executor-thread-18024###
[PollStartAppStatusExecution] [config_products-srv] 9a0f5d2c-b5ef-4570-abc0-bc3b90b4a27c [Tue Jul 19 03:50:50 UTC 2022] Updated app with guid 9a0f5d2c-b5ef-4570-abc0-bc3b90b4a27c ({"environment_variables"=>"[PRIVATE DATA HIDDEN]"}) (STDOUT, API)#

#2.0#2022 07 19 04:10:26.088#Z#DEBUG#com.sap.cloud.lm.sl.xs2.a1f7e244-0718-11ed-89d0-eeee0a88faf3.config_products-srv.startAppTask#
######org.cloudfoundry.multiapps.controller.persistence.services.ProcessLogger########flowable-async-job-executor-thread-18024###
[PollStartAppStatusExecution] [config_products-srv] 9a0f5d2c-b5ef-4570-abc0-bc3b90b4a27c [Tue Jul 19 03:51:04 UTC 2022] Stopping app with guid 9a0f5d2c-b5ef-4570-abc0-bc3b90b4a27c (STDOUT, API)#

#2.0#2022 07 19 04:10:26.088#Z#DEBUG#com.sap.cloud.lm.sl.xs2.a1f7e244-0718-11ed-89d0-eeee0a88faf3.config_products-srv.startAppTask#
######org.cloudfoundry.multiapps.controller.persistence.services.ProcessLogger########flowable-async-job-executor-thread-18024###
[PollStartAppStatusExecution] [config_products-srv] 9a0f5d2c-b5ef-4570-abc0-bc3b90b4a27c [Tue Jul 19 03:51:04 UTC 2022] Cell fe41a8d2-2431-4346-9a3e-6e58bd283e4e stopping instance f876001d-6a46-4c52-5b74-ee81 (STDOUT, CELL)#

#2.0#2022 07 19 04:10:26.088#Z#DEBUG#com.sap.cloud.lm.sl.xs2.a1f7e244-0718-11ed-89d0-eeee0a88faf3.config_products-srv.startAppTask#
######org.cloudfoundry.multiapps.controller.persistence.services.ProcessLogger########flowable-async-job-executor-thread-18024###
[PollStartAppStatusExecution] [config_products-srv] 9a0f5d2c-b5ef-4570-abc0-bc3b90b4a27c [Tue Jul 19 03:51:04 UTC 2022] Creating build for app with guid 9a0f5d2c-b5ef-4570-abc0-bc3b90b4a27c (STDOUT, API)#

#2.0#2022 07 19 04:10:26.088#Z#DEBUG#com.sap.cloud.lm.sl.xs2.a1f7e244-0718-11ed-89d0-eeee0a88faf3.config_products-srv.startAppTask#
######org.cloudfoundry.multiapps.controller.persistence.services.ProcessLogger########flowable-async-job-executor-thread-18024###
[PollStartAppStatusExecution] [config_products-srv] 9a0f5d2c-b5ef-4570-abc0-bc3b90b4a27c [Tue Jul 19 03:51:04 UTC 2022] Downloading nodejs_buildpack... (STDOUT, STG)#

#2.0#2022 07 19 04:10:26.088#Z#DEBUG#com.sap.cloud.lm.sl.xs2.a1f7e244-0718-11ed-89d0-eeee0a88faf3.config_products-srv.startAppTask#
######org.cloudfoundry.multiapps.controller.persistence.services.ProcessLogger########flowable-async-job-executor-thread-18024###
[PollStartAppStatusExecution] [config_products-srv] 9a0f5d2c-b5ef-4570-abc0-bc3b90b4a27c [Tue Jul 19 03:51:05 UTC 2022] Cell 85d19ade-6669-40bc-93f3-908a1d03d847 creating container for instance 2ef25946-3a40-436a-af9f-4a47e42d875c (STDOUT, STG)#

#2.0#2022 07 19 04:10:26.088#Z#DEBUG#com.sap.cloud.lm.sl.xs2.a1f7e244-0718-11ed-89d0-eeee0a88faf3.config_products-srv.startAppTask#
######org.cloudfoundry.multiapps.controller.persistence.services.ProcessLogger########flowable-async-job-executor-thread-18024###
[PollStartAppStatusExecution] [config_products-srv] 9a0f5d2c-b5ef-4570-abc0-bc3b90b4a27c [Tue Jul 19 03:51:05 UTC 2022] Downloaded nodejs_buildpack (STDOUT, STG)#

#2.0#2022 07 19 04:10:26.088#Z#DEBUG#com.sap.cloud.lm.sl.xs2.a1f7e244-0718-11ed-89d0-eeee0a88faf3.config_products-srv.startAppTask#
######org.cloudfoundry.multiapps.controller.persistence.services.ProcessLogger########flowable-async-job-executor-thread-18024###
[PollStartAppStatusExecution] [config_products-srv] 9a0f5d2c-b5ef-4570-abc0-bc3b90b4a27c [Tue Jul 19 03:51:05 UTC 2022] Cell 85d19ade-6669-40bc-93f3-908a1d03d847 successfully created container for instance 2ef25946-3a40-436a-af9f-4a47e42d875c (STDOUT, STG)#

#2.0#2022 07 19 04:10:26.088#Z#DEBUG#com.sap.cloud.lm.sl.xs2.a1f7e244-0718-11ed-89d0-eeee0a88faf3.config_products-srv.startAppTask#
######org.cloudfoundry.multiapps.controller.persistence.services.ProcessLogger########flowable-async-job-executor-thread-18024###
[PollStartAppStatusExecution] [config_products-srv] 9a0f5d2c-b5ef-4570-abc0-bc3b90b4a27c [Tue Jul 19 03:51:06 UTC 2022] Downloading app package... (STDOUT, STG)#

#2.0#2022 07 19 04:10:26.088#Z#DEBUG#com.sap.cloud.lm.sl.xs2.a1f7e244-0718-11ed-89d0-eeee0a88faf3.config_products-srv.startAppTask#
######org.cloudfoundry.multiapps.controller.persistence.services.ProcessLogger########flowable-async-job-executor-thread-18024###
[PollStartAppStatusExecution] [config_products-srv] 9a0f5d2c-b5ef-4570-abc0-bc3b90b4a27c [Tue Jul 19 03:51:06 UTC 2022] Downloading build artifacts cache... (STDOUT, STG)#

#2.0#2022 07 19 04:10:26.088#Z#DEBUG#com.sap.cloud.lm.sl.xs2.a1f7e244-0718-11ed-89d0-eeee0a88faf3.config_products-srv.startAppTask#
######org.cloudfoundry.multiapps.controller.persistence.services.ProcessLogger########flowable-async-job-executor-thread-18024###
[PollStartAppStatusExecution] [config_products-srv] 9a0f5d2c-b5ef-4570-abc0-bc3b90b4a27c [Tue Jul 19 03:51:06 UTC 2022] Downloaded app package (551.3K) (STDOUT, STG)#

#2.0#2022 07 19 04:10:26.088#Z#DEBUG#com.sap.cloud.lm.sl.xs2.a1f7e244-0718-11ed-89d0-eeee0a88faf3.config_products-srv.startAppTask#
######org.cloudfoundry.multiapps.controller.persistence.services.ProcessLogger########flowable-async-job-executor-thread-18024###
[PollStartAppStatusExecution] [config_products-srv] 9a0f5d2c-b5ef-4570-abc0-bc3b90b4a27c [Tue Jul 19 03:51:15 UTC 2022] Downloaded build artifacts cache (394.6M) (STDOUT, STG)#

#2.0#2022 07 19 04:10:26.088#Z#DEBUG#com.sap.cloud.lm.sl.xs2.a1f7e244-0718-11ed-89d0-eeee0a88faf3.config_products-srv.startAppTask#
######org.cloudfoundry.multiapps.controller.persistence.services.ProcessLogger########flowable-async-job-executor-thread-18024###
[PollStartAppStatusExecution] [config_products-srv] 9a0f5d2c-b5ef-4570-abc0-bc3b90b4a27c [Tue Jul 19 03:51:15 UTC 2022] -----> Nodejs Buildpack version 1.7.70 (STDOUT, STG)#

#2.0#2022 07 19 04:10:26.088#Z#DEBUG#com.sap.cloud.lm.sl.xs2.a1f7e244-0718-11ed-89d0-eeee0a88faf3.config_products-srv.startAppTask#
######org.cloudfoundry.multiapps.controller.persistence.services.ProcessLogger########flowable-async-job-executor-thread-18024###
[PollStartAppStatusExecution] [config_products-srv] 9a0f5d2c-b5ef-4570-abc0-bc3b90b4a27c [Tue Jul 19 03:51:15 UTC 2022] Copy [/tmp/buildpacks/c93c549df1b2fe8d171a1c14802798a4/dependencies/3292ab901d4586bd2dd4d0129889297b/node_14.19.2_linux_x64_cflinuxfs3_f83287e6.tgz] (STDOUT, STG)#

#2.0#2022 07 19 04:10:26.088#Z#DEBUG#com.sap.cloud.lm.sl.xs2.a1f7e244-0718-11ed-89d0-eeee0a88faf3.config_products-srv.startAppTask#
######org.cloudfoundry.multiapps.controller.persistence.services.ProcessLogger########flowable-async-job-executor-thread-18024###
[PollStartAppStatusExecution] [config_products-srv] 9a0f5d2c-b5ef-4570-abc0-bc3b90b4a27c [Tue Jul 19 03:51:15 UTC 2022] -----> Installing node 14.19.2 (STDOUT, STG)#

#2.0#2022 07 19 04:10:26.088#Z#DEBUG#com.sap.cloud.lm.sl.xs2.a1f7e244-0718-11ed-89d0-eeee0a88faf3.config_products-srv.startAppTask#
######org.cloudfoundry.multiapps.controller.persistence.services.ProcessLogger########flowable-async-job-executor-thread-18024###
[PollStartAppStatusExecution] [config_products-srv] 9a0f5d2c-b5ef-4570-abc0-bc3b90b4a27c [Tue Jul 19 03:51:15 UTC 2022] engines.npm (package.json): unspecified (use default) (STDOUT, STG)#

#2.0#2022 07 19 04:10:26.088#Z#DEBUG#com.sap.cloud.lm.sl.xs2.a1f7e244-0718-11ed-89d0-eeee0a88faf3.config_products-srv.startAppTask#
######org.cloudfoundry.multiapps.controller.persistence.services.ProcessLogger########flowable-async-job-executor-thread-18024###
[PollStartAppStatusExecution] [config_products-srv] 9a0f5d2c-b5ef-4570-abc0-bc3b90b4a27c [Tue Jul 19 03:51:15 UTC 2022] engines.node (package.json): ^12 || ^14 (STDOUT, STG)#

#2.0#2022 07 19 04:10:26.088#Z#DEBUG#com.sap.cloud.lm.sl.xs2.a1f7e244-0718-11ed-89d0-eeee0a88faf3.config_products-srv.startAppTask#
######org.cloudfoundry.multiapps.controller.persistence.services.ProcessLogger########flowable-async-job-executor-thread-18024###
[PollStartAppStatusExecution] [config_products-srv] 9a0f5d2c-b5ef-4570-abc0-bc3b90b4a27c [Tue Jul 19 03:51:15 UTC 2022] -----> Installing binaries (STDOUT, STG)#

#2.0#2022 07 19 04:10:26.089#Z#DEBUG#com.sap.cloud.lm.sl.xs2.a1f7e244-0718-11ed-89d0-eeee0a88faf3.config_products-srv.startAppTask#
######org.cloudfoundry.multiapps.controller.persistence.services.ProcessLogger########flowable-async-job-executor-thread-18024###
[PollStartAppStatusExecution] [config_products-srv] 9a0f5d2c-b5ef-4570-abc0-bc3b90b4a27c [Tue Jul 19 03:51:16 UTC 2022] Copy [/tmp/buildpacks/c93c549df1b2fe8d171a1c14802798a4/dependencies/584e43947dbdc85a5abee0933bc2af4f/yarn_1.22.18_linux_noarch_any-stack_4fc4a734.tgz] (STDOUT, STG)#

#2.0#2022 07 19 04:10:26.089#Z#DEBUG#com.sap.cloud.lm.sl.xs2.a1f7e244-0718-11ed-89d0-eeee0a88faf3.config_products-srv.startAppTask#
######org.cloudfoundry.multiapps.controller.persistence.services.ProcessLogger########flowable-async-job-executor-thread-18024###
[PollStartAppStatusExecution] [config_products-srv] 9a0f5d2c-b5ef-4570-abc0-bc3b90b4a27c [Tue Jul 19 03:51:16 UTC 2022] -----> Installing yarn 1.22.18 (STDOUT, STG)#

#2.0#2022 07 19 04:10:26.089#Z#DEBUG#com.sap.cloud.lm.sl.xs2.a1f7e244-0718-11ed-89d0-eeee0a88faf3.config_products-srv.startAppTask#
######org.cloudfoundry.multiapps.controller.persistence.services.ProcessLogger########flowable-async-job-executor-thread-18024###
[PollStartAppStatusExecution] [config_products-srv] 9a0f5d2c-b5ef-4570-abc0-bc3b90b4a27c [Tue Jul 19 03:51:16 UTC 2022] Using default npm version: 6.14.17 (STDOUT, STG)#

#2.0#2022 07 19 04:10:26.089#Z#DEBUG#com.sap.cloud.lm.sl.xs2.a1f7e244-0718-11ed-89d0-eeee0a88faf3.config_products-srv.startAppTask#
######org.cloudfoundry.multiapps.controller.persistence.services.ProcessLogger########flowable-async-job-executor-thread-18024###
[PollStartAppStatusExecution] [config_products-srv] 9a0f5d2c-b5ef-4570-abc0-bc3b90b4a27c [Tue Jul 19 03:51:16 UTC 2022] -----> Creating runtime environment (STDOUT, STG)#

#2.0#2022 07 19 04:10:26.089#Z#DEBUG#com.sap.cloud.lm.sl.xs2.a1f7e244-0718-11ed-89d0-eeee0a88faf3.config_products-srv.startAppTask#
######org.cloudfoundry.multiapps.controller.persistence.services.ProcessLogger########flowable-async-job-executor-thread-18024###
[PollStartAppStatusExecution] [config_products-srv] 9a0f5d2c-b5ef-4570-abc0-bc3b90b4a27c [Tue Jul 19 03:51:16 UTC 2022] Installed yarn 1.22.18 (STDOUT, STG)#

#2.0#2022 07 19 04:10:26.089#Z#DEBUG#com.sap.cloud.lm.sl.xs2.a1f7e244-0718-11ed-89d0-eeee0a88faf3.config_products-srv.startAppTask#
######org.cloudfoundry.multiapps.controller.persistence.services.ProcessLogger########flowable-async-job-executor-thread-18024###
[PollStartAppStatusExecution] [config_products-srv] 9a0f5d2c-b5ef-4570-abc0-bc3b90b4a27c [Tue Jul 19 03:51:16 UTC 2022] Installing node modules (package.json + package-lock.json) (STDOUT, STG)#

#2.0#2022 07 19 04:10:26.089#Z#DEBUG#com.sap.cloud.lm.sl.xs2.a1f7e244-0718-11ed-89d0-eeee0a88faf3.config_products-srv.startAppTask#
######org.cloudfoundry.multiapps.controller.persistence.services.ProcessLogger########flowable-async-job-executor-thread-18024###
[PollStartAppStatusExecution] [config_products-srv] 9a0f5d2c-b5ef-4570-abc0-bc3b90b4a27c [Tue Jul 19 03:51:16 UTC 2022] -----> Building dependencies (STDOUT, STG)#

#2.0#2022 07 19 04:10:26.089#Z#DEBUG#com.sap.cloud.lm.sl.xs2.a1f7e244-0718-11ed-89d0-eeee0a88faf3.config_products-srv.startAppTask#
######org.cloudfoundry.multiapps.controller.persistence.services.ProcessLogger########flowable-async-job-executor-thread-18024###
[PollStartAppStatusExecution] [config_products-srv] 9a0f5d2c-b5ef-4570-abc0-bc3b90b4a27c [Tue Jul 19 03:51:16 UTC 2022] NPM_CONFIG_PRODUCTION=true (STDOUT, STG)#

#2.0#2022 07 19 04:10:26.089#Z#DEBUG#com.sap.cloud.lm.sl.xs2.a1f7e244-0718-11ed-89d0-eeee0a88faf3.config_products-srv.startAppTask#
######org.cloudfoundry.multiapps.controller.persistence.services.ProcessLogger########flowable-async-job-executor-thread-18024###
[PollStartAppStatusExecution] [config_products-srv] 9a0f5d2c-b5ef-4570-abc0-bc3b90b4a27c [Tue Jul 19 03:51:16 UTC 2022] NPM_CONFIG_LOGLEVEL=error (STDOUT, STG)#

#2.0#2022 07 19 04:10:26.089#Z#DEBUG#com.sap.cloud.lm.sl.xs2.a1f7e244-0718-11ed-89d0-eeee0a88faf3.config_products-srv.startAppTask#
######org.cloudfoundry.multiapps.controller.persistence.services.ProcessLogger########flowable-async-job-executor-thread-18024###
[PollStartAppStatusExecution] [config_products-srv] 9a0f5d2c-b5ef-4570-abc0-bc3b90b4a27c [Tue Jul 19 03:51:16 UTC 2022] NODE_VERBOSE=false (STDOUT, STG)#

#2.0#2022 07 19 04:10:26.089#Z#DEBUG#com.sap.cloud.lm.sl.xs2.a1f7e244-0718-11ed-89d0-eeee0a88faf3.config_products-srv.startAppTask#
######org.cloudfoundry.multiapps.controller.persistence.services.ProcessLogger########flowable-async-job-executor-thread-18024###
[PollStartAppStatusExecution] [config_products-srv] 9a0f5d2c-b5ef-4570-abc0-bc3b90b4a27c [Tue Jul 19 03:51:16 UTC 2022] NODE_MODULES_CACHE=true (STDOUT, STG)#

#2.0#2022 07 19 04:10:26.089#Z#DEBUG#com.sap.cloud.lm.sl.xs2.a1f7e244-0718-11ed-89d0-eeee0a88faf3.config_products-srv.startAppTask#
######org.cloudfoundry.multiapps.controller.persistence.services.ProcessLogger########flowable-async-job-executor-thread-18024###
[PollStartAppStatusExecution] [config_products-srv] 9a0f5d2c-b5ef-4570-abc0-bc3b90b4a27c [Tue Jul 19 03:51:16 UTC 2022] NODE_HOME=/tmp/contents1072331058/deps/0/node (STDOUT, STG)#

#2.0#2022 07 19 04:10:26.089#Z#DEBUG#com.sap.cloud.lm.sl.xs2.a1f7e244-0718-11ed-89d0-eeee0a88faf3.config_products-srv.startAppTask#
######org.cloudfoundry.multiapps.controller.persistence.services.ProcessLogger########flowable-async-job-executor-thread-18024###
[PollStartAppStatusExecution] [config_products-srv] 9a0f5d2c-b5ef-4570-abc0-bc3b90b4a27c [Tue Jul 19 03:51:16 UTC 2022] NODE_ENV=production (STDOUT, STG)#

#2.0#2022 07 19 04:10:26.089#Z#DEBUG#com.sap.cloud.lm.sl.xs2.a1f7e244-0718-11ed-89d0-eeee0a88faf3.config_products-srv.startAppTask#
######org.cloudfoundry.multiapps.controller.persistence.services.ProcessLogger########flowable-async-job-executor-thread-18024###
[PollStartAppStatusExecution] [config_products-srv] 9a0f5d2c-b5ef-4570-abc0-bc3b90b4a27c [Tue Jul 19 03:51:16 UTC 2022] Visit http://docs.cloudfoundry.org/buildpacks/node/index.html#vendoring (STDOUT, STG)#

#2.0#2022 07 19 04:10:26.089#Z#DEBUG#com.sap.cloud.lm.sl.xs2.a1f7e244-0718-11ed-89d0-eeee0a88faf3.config_products-srv.startAppTask#
######org.cloudfoundry.multiapps.controller.persistence.services.ProcessLogger########flowable-async-job-executor-thread-18024###
[PollStartAppStatusExecution] [config_products-srv] 9a0f5d2c-b5ef-4570-abc0-bc3b90b4a27c [Tue Jul 19 03:51:16 UTC 2022] [34;1mPRO TIP:[0m It is recommended to vendor the application's Node.js dependencies (STDOUT, STG)#

#2.0#2022 07 19 04:10:26.089#Z#DEBUG#com.sap.cloud.lm.sl.xs2.a1f7e244-0718-11ed-89d0-eeee0a88faf3.config_products-srv.startAppTask#
######org.cloudfoundry.multiapps.controller.persistence.services.ProcessLogger########flowable-async-job-executor-thread-18024###
[PollStartAppStatusExecution] [config_products-srv] 9a0f5d2c-b5ef-4570-abc0-bc3b90b4a27c [Tue Jul 19 03:51:20 UTC 2022] Cell fe41a8d2-2431-4346-9a3e-6e58bd283e4e destroying container for instance f876001d-6a46-4c52-5b74-ee81 (STDOUT, CELL)#

#2.0#2022 07 19 04:10:26.089#Z#DEBUG#com.sap.cloud.lm.sl.xs2.a1f7e244-0718-11ed-89d0-eeee0a88faf3.config_products-srv.startAppTask#
######org.cloudfoundry.multiapps.controller.persistence.services.ProcessLogger########flowable-async-job-executor-thread-18024###
[PollStartAppStatusExecution] [config_products-srv] 9a0f5d2c-b5ef-4570-abc0-bc3b90b4a27c [Tue Jul 19 03:51:20 UTC 2022] Exit status 137 (STDOUT, PROXY)#

#2.0#2022 07 19 04:10:26.089#Z#DEBUG#com.sap.cloud.lm.sl.xs2.a1f7e244-0718-11ed-89d0-eeee0a88faf3.config_products-srv.startAppTask#
######org.cloudfoundry.multiapps.controller.persistence.services.ProcessLogger########flowable-async-job-executor-thread-18024###
[PollStartAppStatusExecution] [config_products-srv] 9a0f5d2c-b5ef-4570-abc0-bc3b90b4a27c [Tue Jul 19 03:51:22 UTC 2022] Cell fe41a8d2-2431-4346-9a3e-6e58bd283e4e successfully destroyed container for instance f876001d-6a46-4c52-5b74-ee81 (STDOUT, CELL)#

#2.0#2022 07 19 04:10:26.089#Z#DEBUG#com.sap.cloud.lm.sl.xs2.a1f7e244-0718-11ed-89d0-eeee0a88faf3.config_products-srv.startAppTask#
######org.cloudfoundry.multiapps.controller.persistence.services.ProcessLogger########flowable-async-job-executor-thread-18024###
[PollStartAppStatusExecution] [config_products-srv] 9a0f5d2c-b5ef-4570-abc0-bc3b90b4a27c [Tue Jul 19 03:51:47 UTC 2022] > node checkbuild.js (STDOUT, STG)#

#2.0#2022 07 19 04:10:26.089#Z#DEBUG#com.sap.cloud.lm.sl.xs2.a1f7e244-0718-11ed-89d0-eeee0a88faf3.config_products-srv.startAppTask#
######org.cloudfoundry.multiapps.controller.persistence.services.ProcessLogger########flowable-async-job-executor-thread-18024###
[PollStartAppStatusExecution] [config_products-srv] 9a0f5d2c-b5ef-4570-abc0-bc3b90b4a27c [Tue Jul 19 03:51:47 UTC 2022] > @sap/hana-client@2.12.20 install /tmp/app/node_modules/@sap/hdi-deploy/node_modules/@sap/hana-client (STDOUT, STG)#

#2.0#2022 07 19 04:10:26.089#Z#DEBUG#com.sap.cloud.lm.sl.xs2.a1f7e244-0718-11ed-89d0-eeee0a88faf3.config_products-srv.startAppTask#
######org.cloudfoundry.multiapps.controller.persistence.services.ProcessLogger########flowable-async-job-executor-thread-18024###
[PollStartAppStatusExecution] [config_products-srv] 9a0f5d2c-b5ef-4570-abc0-bc3b90b4a27c [Tue Jul 19 03:51:47 UTC 2022] > node build.js || nodejs build.js (STDOUT, STG)#

#2.0#2022 07 19 04:10:26.089#Z#DEBUG#com.sap.cloud.lm.sl.xs2.a1f7e244-0718-11ed-89d0-eeee0a88faf3.config_products-srv.startAppTask#
######org.cloudfoundry.multiapps.controller.persistence.services.ProcessLogger########flowable-async-job-executor-thread-18024###
[PollStartAppStatusExecution] [config_products-srv] 9a0f5d2c-b5ef-4570-abc0-bc3b90b4a27c [Tue Jul 19 03:51:47 UTC 2022] > fibers@5.0.1 install /tmp/app/node_modules/fibers (STDOUT, STG)#

#2.0#2022 07 19 04:10:26.089#Z#DEBUG#com.sap.cloud.lm.sl.xs2.a1f7e244-0718-11ed-89d0-eeee0a88faf3.config_products-srv.startAppTask#
######org.cloudfoundry.multiapps.controller.persistence.services.ProcessLogger########flowable-async-job-executor-thread-18024###
[PollStartAppStatusExecution] [config_products-srv] 9a0f5d2c-b5ef-4570-abc0-bc3b90b4a27c [Tue Jul 19 03:51:47 UTC 2022] `linux-x64-83-glibc` exists; testing (STDOUT, STG)#

#2.0#2022 07 19 04:10:26.089#Z#DEBUG#com.sap.cloud.lm.sl.xs2.a1f7e244-0718-11ed-89d0-eeee0a88faf3.config_products-srv.startAppTask#
######org.cloudfoundry.multiapps.controller.persistence.services.ProcessLogger########flowable-async-job-executor-thread-18024###
[PollStartAppStatusExecution] [config_products-srv] 9a0f5d2c-b5ef-4570-abc0-bc3b90b4a27c [Tue Jul 19 03:51:47 UTC 2022] Binary is fine; exiting (STDOUT, STG)#

#2.0#2022 07 19 04:10:26.089#Z#DEBUG#com.sap.cloud.lm.sl.xs2.a1f7e244-0718-11ed-89d0-eeee0a88faf3.config_products-srv.startAppTask#
######org.cloudfoundry.multiapps.controller.persistence.services.ProcessLogger########flowable-async-job-executor-thread-18024###
[PollStartAppStatusExecution] [config_products-srv] 9a0f5d2c-b5ef-4570-abc0-bc3b90b4a27c [Tue Jul 19 03:51:47 UTC 2022] > node-pre-gyp install --fallback-to-build (STDOUT, STG)#

#2.0#2022 07 19 04:10:26.089#Z#DEBUG#com.sap.cloud.lm.sl.xs2.a1f7e244-0718-11ed-89d0-eeee0a88faf3.config_products-srv.startAppTask#
######org.cloudfoundry.multiapps.controller.persistence.services.ProcessLogger########flowable-async-job-executor-thread-18024###
[PollStartAppStatusExecution] [config_products-srv] 9a0f5d2c-b5ef-4570-abc0-bc3b90b4a27c [Tue Jul 19 03:51:47 UTC 2022] > sqlite3@5.0.8 install /tmp/app/node_modules/hana-cli/node_modules/@sap/cds-dk/node_modules/sqlite3 (STDOUT, STG)#

#2.0#2022 07 19 04:10:26.089#Z#DEBUG#com.sap.cloud.lm.sl.xs2.a1f7e244-0718-11ed-89d0-eeee0a88faf3.config_products-srv.startAppTask#
######org.cloudfoundry.multiapps.controller.persistence.services.ProcessLogger########flowable-async-job-executor-thread-18024###
[PollStartAppStatusExecution] [config_products-srv] 9a0f5d2c-b5ef-4570-abc0-bc3b90b4a27c [Tue Jul 19 03:51:48 UTC 2022] [sqlite3] Success: "/tmp/app/node_modules/hana-cli/node_modules/@sap/cds-dk/node_modules/sqlite3/lib/binding/napi-v6-linux-glibc-x64/node_sqlite3.node" is installed via remote (STDOUT, STG)#

#2.0#2022 07 19 04:10:26.089#Z#DEBUG#com.sap.cloud.lm.sl.xs2.a1f7e244-0718-11ed-89d0-eeee0a88faf3.config_products-srv.startAppTask#
######org.cloudfoundry.multiapps.controller.persistence.services.ProcessLogger########flowable-async-job-executor-thread-18024###
[PollStartAppStatusExecution] [config_products-srv] 9a0f5d2c-b5ef-4570-abc0-bc3b90b4a27c [Tue Jul 19 03:51:48 UTC 2022] > node-pre-gyp install --fallback-to-build (STDOUT, STG)#

#2.0#2022 07 19 04:10:26.089#Z#DEBUG#com.sap.cloud.lm.sl.xs2.a1f7e244-0718-11ed-89d0-eeee0a88faf3.config_products-srv.startAppTask#
######org.cloudfoundry.multiapps.controller.persistence.services.ProcessLogger########flowable-async-job-executor-thread-18024###
[PollStartAppStatusExecution] [config_products-srv] 9a0f5d2c-b5ef-4570-abc0-bc3b90b4a27c [Tue Jul 19 03:51:48 UTC 2022] > @mendix/sqlite3@5.0.3 install /tmp/app/node_modules/sqlite3 (STDOUT, STG)#

#2.0#2022 07 19 04:10:26.089#Z#DEBUG#com.sap.cloud.lm.sl.xs2.a1f7e244-0718-11ed-89d0-eeee0a88faf3.config_products-srv.startAppTask#
######org.cloudfoundry.multiapps.controller.persistence.services.ProcessLogger########flowable-async-job-executor-thread-18024###
[PollStartAppStatusExecution] [config_products-srv] 9a0f5d2c-b5ef-4570-abc0-bc3b90b4a27c [Tue Jul 19 03:51:48 UTC 2022] [@mendix/sqlite3] Success: "/tmp/app/node_modules/sqlite3/lib/binding/napi-v3-linux-x64/node_sqlite3.node" is installed via remote (STDOUT, STG)#

#2.0#2022 07 19 04:10:26.089#Z#DEBUG#com.sap.cloud.lm.sl.xs2.a1f7e244-0718-11ed-89d0-eeee0a88faf3.config_products-srv.startAppTask#
######org.cloudfoundry.multiapps.controller.persistence.services.ProcessLogger########flowable-async-job-executor-thread-18024###
[PollStartAppStatusExecution] [config_products-srv] 9a0f5d2c-b5ef-4570-abc0-bc3b90b4a27c [Tue Jul 19 03:51:48 UTC 2022] > node checkbuild.js (STDOUT, STG)#

#2.0#2022 07 19 04:10:26.089#Z#DEBUG#com.sap.cloud.lm.sl.xs2.a1f7e244-0718-11ed-89d0-eeee0a88faf3.config_products-srv.startAppTask#
######org.cloudfoundry.multiapps.controller.persistence.services.ProcessLogger########flowable-async-job-executor-thread-18024###
[PollStartAppStatusExecution] [config_products-srv] 9a0f5d2c-b5ef-4570-abc0-bc3b90b4a27c [Tue Jul 19 03:51:48 UTC 2022] > @sap/hana-client@2.13.13 install /tmp/app/node_modules/@sap/hana-client (STDOUT, STG)#

#2.0#2022 07 19 04:10:26.089#Z#DEBUG#com.sap.cloud.lm.sl.xs2.a1f7e244-0718-11ed-89d0-eeee0a88faf3.config_products-srv.startAppTask#
######org.cloudfoundry.multiapps.controller.persistence.services.ProcessLogger########flowable-async-job-executor-thread-18024###
[PollStartAppStatusExecution] [config_products-srv] 9a0f5d2c-b5ef-4570-abc0-bc3b90b4a27c [Tue Jul 19 03:51:48 UTC 2022] > node lib/fix_antlr4-8_warning.js (STDOUT, STG)#

#2.0#2022 07 19 04:10:26.089#Z#DEBUG#com.sap.cloud.lm.sl.xs2.a1f7e244-0718-11ed-89d0-eeee0a88faf3.config_products-srv.startAppTask#
######org.cloudfoundry.multiapps.controller.persistence.services.ProcessLogger########flowable-async-job-executor-thread-18024###
[PollStartAppStatusExecution] [config_products-srv] 9a0f5d2c-b5ef-4570-abc0-bc3b90b4a27c [Tue Jul 19 03:51:48 UTC 2022] > @sap/cds-compiler@2.15.2 postinstall /tmp/app/node_modules/@sap/cds-dk/node_modules/@sap/cds-compiler (STDOUT, STG)#

#2.0#2022 07 19 04:10:26.089#Z#DEBUG#com.sap.cloud.lm.sl.xs2.a1f7e244-0718-11ed-89d0-eeee0a88faf3.config_products-srv.startAppTask#
######org.cloudfoundry.multiapps.controller.persistence.services.ProcessLogger########flowable-async-job-executor-thread-18024###
[PollStartAppStatusExecution] [config_products-srv] 9a0f5d2c-b5ef-4570-abc0-bc3b90b4a27c [Tue Jul 19 03:51:48 UTC 2022] postinstall cds-compiler: Successfully fixed Antlr's circular dependency (STDOUT, STG)#

#2.0#2022 07 19 04:10:26.089#Z#DEBUG#com.sap.cloud.lm.sl.xs2.a1f7e244-0718-11ed-89d0-eeee0a88faf3.config_products-srv.startAppTask#
######org.cloudfoundry.multiapps.controller.persistence.services.ProcessLogger########flowable-async-job-executor-thread-18024###
[PollStartAppStatusExecution] [config_products-srv] 9a0f5d2c-b5ef-4570-abc0-bc3b90b4a27c [Tue Jul 19 03:51:49 UTC 2022] > node lib/fix_antlr4-8_warning.js (STDOUT, STG)#

#2.0#2022 07 19 04:10:26.089#Z#DEBUG#com.sap.cloud.lm.sl.xs2.a1f7e244-0718-11ed-89d0-eeee0a88faf3.config_products-srv.startAppTask#
######org.cloudfoundry.multiapps.controller.persistence.services.ProcessLogger########flowable-async-job-executor-thread-18024###
[PollStartAppStatusExecution] [config_products-srv] 9a0f5d2c-b5ef-4570-abc0-bc3b90b4a27c [Tue Jul 19 03:51:49 UTC 2022] > @sap/cds-compiler@2.15.4 postinstall /tmp/app/node_modules/@sap/cds-compiler (STDOUT, STG)#

#2.0#2022 07 19 04:10:26.089#Z#DEBUG#com.sap.cloud.lm.sl.xs2.a1f7e244-0718-11ed-89d0-eeee0a88faf3.config_products-srv.startAppTask#
######org.cloudfoundry.multiapps.controller.persistence.services.ProcessLogger########flowable-async-job-executor-thread-18024###
[PollStartAppStatusExecution] [config_products-srv] 9a0f5d2c-b5ef-4570-abc0-bc3b90b4a27c [Tue Jul 19 03:51:49 UTC 2022] postinstall cds-compiler: Successfully fixed Antlr's circular dependency (STDOUT, STG)#

#2.0#2022 07 19 04:10:26.089#Z#DEBUG#com.sap.cloud.lm.sl.xs2.a1f7e244-0718-11ed-89d0-eeee0a88faf3.config_products-srv.startAppTask#
######org.cloudfoundry.multiapps.controller.persistence.services.ProcessLogger########flowable-async-job-executor-thread-18024###
[PollStartAppStatusExecution] [config_products-srv] 9a0f5d2c-b5ef-4570-abc0-bc3b90b4a27c [Tue Jul 19 03:51:49 UTC 2022] > node usage-analytics.js (STDOUT, STG)#

#2.0#2022 07 19 04:10:26.089#Z#DEBUG#com.sap.cloud.lm.sl.xs2.a1f7e244-0718-11ed-89d0-eeee0a88faf3.config_products-srv.startAppTask#
######org.cloudfoundry.multiapps.controller.persistence.services.ProcessLogger########flowable-async-job-executor-thread-18024###
[PollStartAppStatusExecution] [config_products-srv] 9a0f5d2c-b5ef-4570-abc0-bc3b90b4a27c [Tue Jul 19 03:51:49 UTC 2022] > @sap-cloud-sdk/core@1.18.1 postinstall /tmp/app/node_modules/@sap/cds-runtime/node_modules/@sap-cloud-sdk/core (STDOUT, STG)#

#2.0#2022 07 19 04:10:26.089#Z#DEBUG#com.sap.cloud.lm.sl.xs2.a1f7e244-0718-11ed-89d0-eeee0a88faf3.config_products-srv.startAppTask#
######org.cloudfoundry.multiapps.controller.persistence.services.ProcessLogger########flowable-async-job-executor-thread-18024###
[PollStartAppStatusExecution] [config_products-srv] 9a0f5d2c-b5ef-4570-abc0-bc3b90b4a27c [Tue Jul 19 03:51:49 UTC 2022] > npm link @sap/cds-dk --local (STDOUT, STG)#

#2.0#2022 07 19 04:10:26.089#Z#DEBUG#com.sap.cloud.lm.sl.xs2.a1f7e244-0718-11ed-89d0-eeee0a88faf3.config_products-srv.startAppTask#
######org.cloudfoundry.multiapps.controller.persistence.services.ProcessLogger########flowable-async-job-executor-thread-18024###
[PollStartAppStatusExecution] [config_products-srv] 9a0f5d2c-b5ef-4570-abc0-bc3b90b4a27c [Tue Jul 19 03:51:49 UTC 2022] > hana-cli@3.202207.1 postinstall /tmp/app/node_modules/hana-cli (STDOUT, STG)#

#2.0#2022 07 19 04:10:26.089#Z#DEBUG#com.sap.cloud.lm.sl.xs2.a1f7e244-0718-11ed-89d0-eeee0a88faf3.config_products-srv.startAppTask#
######org.cloudfoundry.multiapps.controller.persistence.services.ProcessLogger########flowable-async-job-executor-thread-18024###
[PollStartAppStatusExecution] [config_products-srv] 9a0f5d2c-b5ef-4570-abc0-bc3b90b4a27c [Tue Jul 19 03:51:53 UTC 2022] /tmp/contents1072331058/deps/0/node/bin/cds-ts -> /tmp/contents1072331058/deps/0/node/lib/node_modules/@sap/cds-dk/bin/cds-ts.js (STDOUT, STG)#

#2.0#2022 07 19 04:10:26.090#Z#DEBUG#com.sap.cloud.lm.sl.xs2.a1f7e244-0718-11ed-89d0-eeee0a88faf3.config_products-srv.startAppTask#
######org.cloudfoundry.multiapps.controller.persistence.services.ProcessLogger########flowable-async-job-executor-thread-18024###
[PollStartAppStatusExecution] [config_products-srv] 9a0f5d2c-b5ef-4570-abc0-bc3b90b4a27c [Tue Jul 19 03:51:53 UTC 2022] /tmp/contents1072331058/deps/0/node/bin/cds -> /tmp/contents1072331058/deps/0/node/lib/node_modules/@sap/cds-dk/bin/cds.js (STDOUT, STG)#

#2.0#2022 07 19 04:10:26.090#Z#DEBUG#com.sap.cloud.lm.sl.xs2.a1f7e244-0718-11ed-89d0-eeee0a88faf3.config_products-srv.startAppTask#
######org.cloudfoundry.multiapps.controller.persistence.services.ProcessLogger########flowable-async-job-executor-thread-18024###
[PollStartAppStatusExecution] [config_products-srv] 9a0f5d2c-b5ef-4570-abc0-bc3b90b4a27c [Tue Jul 19 03:51:53 UTC 2022] > node-pre-gyp install --fallback-to-build (STDOUT, STG)#

#2.0#2022 07 19 04:10:26.090#Z#DEBUG#com.sap.cloud.lm.sl.xs2.a1f7e244-0718-11ed-89d0-eeee0a88faf3.config_products-srv.startAppTask#
######org.cloudfoundry.multiapps.controller.persistence.services.ProcessLogger########flowable-async-job-executor-thread-18024###
[PollStartAppStatusExecution] [config_products-srv] 9a0f5d2c-b5ef-4570-abc0-bc3b90b4a27c [Tue Jul 19 03:51:53 UTC 2022] > sqlite3@5.0.8 install /tmp/contents1072331058/deps/0/node/lib/node_modules/@sap/cds-dk/node_modules/sqlite3 (STDOUT, STG)#

#2.0#2022 07 19 04:10:26.090#Z#DEBUG#com.sap.cloud.lm.sl.xs2.a1f7e244-0718-11ed-89d0-eeee0a88faf3.config_products-srv.startAppTask#
######org.cloudfoundry.multiapps.controller.persistence.services.ProcessLogger########flowable-async-job-executor-thread-18024###
[PollStartAppStatusExecution] [config_products-srv] 9a0f5d2c-b5ef-4570-abc0-bc3b90b4a27c [Tue Jul 19 03:51:54 UTC 2022] [sqlite3] Success: "/tmp/contents1072331058/deps/0/node/lib/node_modules/@sap/cds-dk/node_modules/sqlite3/lib/binding/napi-v6-linux-glibc-x64/node_sqlite3.node" is installed via remote (STDOUT, STG)#

#2.0#2022 07 19 04:10:26.090#Z#DEBUG#com.sap.cloud.lm.sl.xs2.a1f7e244-0718-11ed-89d0-eeee0a88faf3.config_products-srv.startAppTask#
######org.cloudfoundry.multiapps.controller.persistence.services.ProcessLogger########flowable-async-job-executor-thread-18024###
[PollStartAppStatusExecution] [config_products-srv] 9a0f5d2c-b5ef-4570-abc0-bc3b90b4a27c [Tue Jul 19 03:51:54 UTC 2022] added 261 packages from 310 contributors in 4.087s (STDOUT, STG)#

#2.0#2022 07 19 04:10:26.090#Z#DEBUG#com.sap.cloud.lm.sl.xs2.a1f7e244-0718-11ed-89d0-eeee0a88faf3.config_products-srv.startAppTask#
######org.cloudfoundry.multiapps.controller.persistence.services.ProcessLogger########flowable-async-job-executor-thread-18024###
[PollStartAppStatusExecution] [config_products-srv] 9a0f5d2c-b5ef-4570-abc0-bc3b90b4a27c [Tue Jul 19 03:51:54 UTC 2022] + @sap/cds-dk@6.0.3 (STDOUT, STG)#

#2.0#2022 07 19 04:10:26.090#Z#DEBUG#com.sap.cloud.lm.sl.xs2.a1f7e244-0718-11ed-89d0-eeee0a88faf3.config_products-srv.startAppTask#
######org.cloudfoundry.multiapps.controller.persistence.services.ProcessLogger########flowable-async-job-executor-thread-18024###
[PollStartAppStatusExecution] [config_products-srv] 9a0f5d2c-b5ef-4570-abc0-bc3b90b4a27c [Tue Jul 19 03:51:54 UTC 2022] /tmp/app/node_modules/hana-cli/node_modules/@sap/cds-dk -> /tmp/contents1072331058/deps/0/node/lib/node_modules/@sap/cds-dk (STDOUT, STG)#

#2.0#2022 07 19 04:10:26.090#Z#DEBUG#com.sap.cloud.lm.sl.xs2.a1f7e244-0718-11ed-89d0-eeee0a88faf3.config_products-srv.startAppTask#
######org.cloudfoundry.multiapps.controller.persistence.services.ProcessLogger########flowable-async-job-executor-thread-18024###
[PollStartAppStatusExecution] [config_products-srv] 9a0f5d2c-b5ef-4570-abc0-bc3b90b4a27c [Tue Jul 19 03:51:55 UTC 2022] added 1889 packages from 843 contributors and audited 1455 packages in 37.78s (STDOUT, STG)#

#2.0#2022 07 19 04:10:26.090#Z#DEBUG#com.sap.cloud.lm.sl.xs2.a1f7e244-0718-11ed-89d0-eeee0a88faf3.config_products-srv.startAppTask#
######org.cloudfoundry.multiapps.controller.persistence.services.ProcessLogger########flowable-async-job-executor-thread-18024###
[PollStartAppStatusExecution] [config_products-srv] 9a0f5d2c-b5ef-4570-abc0-bc3b90b4a27c [Tue Jul 19 03:51:55 UTC 2022] run `npm fund` for details (STDOUT, STG)#

#2.0#2022 07 19 04:10:26.090#Z#DEBUG#com.sap.cloud.lm.sl.xs2.a1f7e244-0718-11ed-89d0-eeee0a88faf3.config_products-srv.startAppTask#
######org.cloudfoundry.multiapps.controller.persistence.services.ProcessLogger########flowable-async-job-executor-thread-18024###
[PollStartAppStatusExecution] [config_products-srv] 9a0f5d2c-b5ef-4570-abc0-bc3b90b4a27c [Tue Jul 19 03:51:55 UTC 2022] 150 packages are looking for funding (STDOUT, STG)#

#2.0#2022 07 19 04:10:26.090#Z#DEBUG#com.sap.cloud.lm.sl.xs2.a1f7e244-0718-11ed-89d0-eeee0a88faf3.config_products-srv.startAppTask#
######org.cloudfoundry.multiapps.controller.persistence.services.ProcessLogger########flowable-async-job-executor-thread-18024###
[PollStartAppStatusExecution] [config_products-srv] 9a0f5d2c-b5ef-4570-abc0-bc3b90b4a27c [Tue Jul 19 03:51:55 UTC 2022] run `npm audit fix` to fix them, or `npm audit` for details (STDOUT, STG)#

#2.0#2022 07 19 04:10:26.090#Z#DEBUG#com.sap.cloud.lm.sl.xs2.a1f7e244-0718-11ed-89d0-eeee0a88faf3.config_products-srv.startAppTask#
######org.cloudfoundry.multiapps.controller.persistence.services.ProcessLogger########flowable-async-job-executor-thread-18024###
[PollStartAppStatusExecution] [config_products-srv] 9a0f5d2c-b5ef-4570-abc0-bc3b90b4a27c [Tue Jul 19 03:51:55 UTC 2022] found 19 vulnerabilities (6 moderate, 13 high) (STDOUT, STG)#

#2.0#2022 07 19 04:10:26.090#Z#DEBUG#com.sap.cloud.lm.sl.xs2.a1f7e244-0718-11ed-89d0-eeee0a88faf3.config_products-srv.startAppTask#
######org.cloudfoundry.multiapps.controller.persistence.services.ProcessLogger########flowable-async-job-executor-thread-18024###
[PollStartAppStatusExecution] [config_products-srv] 9a0f5d2c-b5ef-4570-abc0-bc3b90b4a27c [Tue Jul 19 03:51:56 UTC 2022] See: https://github.com/npm/npm/issues/7494 (STDOUT, STG)#

#2.0#2022 07 19 04:10:26.090#Z#DEBUG#com.sap.cloud.lm.sl.xs2.a1f7e244-0718-11ed-89d0-eeee0a88faf3.config_products-srv.startAppTask#
######org.cloudfoundry.multiapps.controller.persistence.services.ProcessLogger########flowable-async-job-executor-thread-18024###
[PollStartAppStatusExecution] [config_products-srv] 9a0f5d2c-b5ef-4570-abc0-bc3b90b4a27c [Tue Jul 19 03:51:56 UTC 2022] [31;1m**WARNING**[0m Unmet dependencies don't fail npm install but may cause runtime issues (STDOUT, STG)#

#2.0#2022 07 19 04:10:26.090#Z#DEBUG#com.sap.cloud.lm.sl.xs2.a1f7e244-0718-11ed-89d0-eeee0a88faf3.config_products-srv.startAppTask#
######org.cloudfoundry.multiapps.controller.persistence.services.ProcessLogger########flowable-async-job-executor-thread-18024###
[PollStartAppStatusExecution] [config_products-srv] 9a0f5d2c-b5ef-4570-abc0-bc3b90b4a27c [Tue Jul 19 03:51:56 UTC 2022] service is not configured to run with Sealights (STDOUT, STG)#

#2.0#2022 07 19 04:10:26.090#Z#DEBUG#com.sap.cloud.lm.sl.xs2.a1f7e244-0718-11ed-89d0-eeee0a88faf3.config_products-srv.startAppTask#
######org.cloudfoundry.multiapps.controller.persistence.services.ProcessLogger########flowable-async-job-executor-thread-18024###
[PollStartAppStatusExecution] [config_products-srv] 9a0f5d2c-b5ef-4570-abc0-bc3b90b4a27c [Tue Jul 19 03:51:56 UTC 2022] inside Sealights hook (STDOUT, STG)#

#2.0#2022 07 19 04:10:26.090#Z#DEBUG#com.sap.cloud.lm.sl.xs2.a1f7e244-0718-11ed-89d0-eeee0a88faf3.config_products-srv.startAppTask#
######org.cloudfoundry.multiapps.controller.persistence.services.ProcessLogger########flowable-async-job-executor-thread-18024###
[PollStartAppStatusExecution] [config_products-srv] 9a0f5d2c-b5ef-4570-abc0-bc3b90b4a27c [Tue Jul 19 03:51:56 UTC 2022] Contrast Security no credentials found. Will not write environment files. (STDOUT, STG)#

#2.0#2022 07 19 04:10:26.090#Z#DEBUG#com.sap.cloud.lm.sl.xs2.a1f7e244-0718-11ed-89d0-eeee0a88faf3.config_products-srv.startAppTask#
######org.cloudfoundry.multiapps.controller.persistence.services.ProcessLogger########flowable-async-job-executor-thread-18024###
[PollStartAppStatusExecution] [config_products-srv] 9a0f5d2c-b5ef-4570-abc0-bc3b90b4a27c [Tue Jul 19 03:52:42 UTC 2022] Uploading droplet... (STDOUT, STG)#

#2.0#2022 07 19 04:10:26.090#Z#DEBUG#com.sap.cloud.lm.sl.xs2.a1f7e244-0718-11ed-89d0-eeee0a88faf3.config_products-srv.startAppTask#
######org.cloudfoundry.multiapps.controller.persistence.services.ProcessLogger########flowable-async-job-executor-thread-18024###
[PollStartAppStatusExecution] [config_products-srv] 9a0f5d2c-b5ef-4570-abc0-bc3b90b4a27c [Tue Jul 19 03:52:42 UTC 2022] Uploading build artifacts cache... (STDOUT, STG)#

#2.0#2022 07 19 04:10:26.090#Z#DEBUG#com.sap.cloud.lm.sl.xs2.a1f7e244-0718-11ed-89d0-eeee0a88faf3.config_products-srv.startAppTask#
######org.cloudfoundry.multiapps.controller.persistence.services.ProcessLogger########flowable-async-job-executor-thread-18024###
[PollStartAppStatusExecution] [config_products-srv] 9a0f5d2c-b5ef-4570-abc0-bc3b90b4a27c [Tue Jul 19 03:52:42 UTC 2022] Uploading droplet, build artifacts cache... (STDOUT, STG)#

#2.0#2022 07 19 04:10:26.090#Z#DEBUG#com.sap.cloud.lm.sl.xs2.a1f7e244-0718-11ed-89d0-eeee0a88faf3.config_products-srv.startAppTask#
######org.cloudfoundry.multiapps.controller.persistence.services.ProcessLogger########flowable-async-job-executor-thread-18024###
[PollStartAppStatusExecution] [config_products-srv] 9a0f5d2c-b5ef-4570-abc0-bc3b90b4a27c [Tue Jul 19 03:52:42 UTC 2022] Exit status 0 (STDOUT, STG)#

#2.0#2022 07 19 04:10:26.090#Z#DEBUG#com.sap.cloud.lm.sl.xs2.a1f7e244-0718-11ed-89d0-eeee0a88faf3.config_products-srv.startAppTask#
######org.cloudfoundry.multiapps.controller.persistence.services.ProcessLogger########flowable-async-job-executor-thread-18024###
[PollStartAppStatusExecution] [config_products-srv] 9a0f5d2c-b5ef-4570-abc0-bc3b90b4a27c [Tue Jul 19 03:52:44 UTC 2022] Creating droplet for app with guid 9a0f5d2c-b5ef-4570-abc0-bc3b90b4a27c (STDOUT, API)#

#2.0#2022 07 19 04:10:26.090#Z#DEBUG#com.sap.cloud.lm.sl.xs2.a1f7e244-0718-11ed-89d0-eeee0a88faf3.config_products-srv.startAppTask#
######org.cloudfoundry.multiapps.controller.persistence.services.ProcessLogger########flowable-async-job-executor-thread-18024###
[PollStartAppStatusExecution] [config_products-srv] 9a0f5d2c-b5ef-4570-abc0-bc3b90b4a27c [Tue Jul 19 03:52:47 UTC 2022] Uploaded build artifacts cache (394.7M) (STDOUT, STG)#

#2.0#2022 07 19 04:10:26.090#Z#DEBUG#com.sap.cloud.lm.sl.xs2.a1f7e244-0718-11ed-89d0-eeee0a88faf3.config_products-srv.startAppTask#
######org.cloudfoundry.multiapps.controller.persistence.services.ProcessLogger########flowable-async-job-executor-thread-18024###
[PollStartAppStatusExecution] [config_products-srv] 9a0f5d2c-b5ef-4570-abc0-bc3b90b4a27c [Tue Jul 19 03:52:51 UTC 2022] Uploaded droplet (197.8M) (STDOUT, STG)#

#2.0#2022 07 19 04:10:26.090#Z#DEBUG#com.sap.cloud.lm.sl.xs2.a1f7e244-0718-11ed-89d0-eeee0a88faf3.config_products-srv.startAppTask#
######org.cloudfoundry.multiapps.controller.persistence.services.ProcessLogger########flowable-async-job-executor-thread-18024###
[PollStartAppStatusExecution] [config_products-srv] 9a0f5d2c-b5ef-4570-abc0-bc3b90b4a27c [Tue Jul 19 03:52:51 UTC 2022] Uploading complete (STDOUT, STG)#

#2.0#2022 07 19 04:10:26.090#Z#DEBUG#com.sap.cloud.lm.sl.xs2.a1f7e244-0718-11ed-89d0-eeee0a88faf3.config_products-srv.startAppTask#
######org.cloudfoundry.multiapps.controller.persistence.services.ProcessLogger########flowable-async-job-executor-thread-18024###
[PollStartAppStatusExecution] [config_products-srv] 9a0f5d2c-b5ef-4570-abc0-bc3b90b4a27c [Tue Jul 19 03:52:52 UTC 2022] Cell 85d19ade-6669-40bc-93f3-908a1d03d847 destroying container for instance 2ef25946-3a40-436a-af9f-4a47e42d875c (STDOUT, STG)#

#2.0#2022 07 19 04:10:26.090#Z#DEBUG#com.sap.cloud.lm.sl.xs2.a1f7e244-0718-11ed-89d0-eeee0a88faf3.config_products-srv.startAppTask#
######org.cloudfoundry.multiapps.controller.persistence.services.ProcessLogger########flowable-async-job-executor-thread-18024###
[PollStartAppStatusExecution] [config_products-srv] 9a0f5d2c-b5ef-4570-abc0-bc3b90b4a27c [Tue Jul 19 03:52:52 UTC 2022] Cell 85d19ade-6669-40bc-93f3-908a1d03d847 stopping instance 2ef25946-3a40-436a-af9f-4a47e42d875c (STDOUT, STG)#

#2.0#2022 07 19 04:10:26.090#Z#DEBUG#com.sap.cloud.lm.sl.xs2.a1f7e244-0718-11ed-89d0-eeee0a88faf3.config_products-srv.startAppTask#
######org.cloudfoundry.multiapps.controller.persistence.services.ProcessLogger########flowable-async-job-executor-thread-18024###
[PollStartAppStatusExecution] [config_products-srv] 9a0f5d2c-b5ef-4570-abc0-bc3b90b4a27c [Tue Jul 19 03:52:53 UTC 2022] Cell 85d19ade-6669-40bc-93f3-908a1d03d847 successfully destroyed container for instance 2ef25946-3a40-436a-af9f-4a47e42d875c (STDOUT, STG)#

#2.0#2022 07 19 04:10:26.090#Z#DEBUG#com.sap.cloud.lm.sl.xs2.a1f7e244-0718-11ed-89d0-eeee0a88faf3.config_products-srv.startAppTask#
######org.cloudfoundry.multiapps.controller.persistence.services.ProcessLogger########flowable-async-job-executor-thread-18024###
[PollStartAppStatusExecution] [config_products-srv] 9a0f5d2c-b5ef-4570-abc0-bc3b90b4a27c [Tue Jul 19 03:52:54 UTC 2022] Updated app with guid 9a0f5d2c-b5ef-4570-abc0-bc3b90b4a27c ({:droplet_guid=>"5f06763f-0ade-4ee4-b44d-d64ebf932287"}) (STDOUT, API)#

#2.0#2022 07 19 04:10:26.090#Z#DEBUG#com.sap.cloud.lm.sl.xs2.a1f7e244-0718-11ed-89d0-eeee0a88faf3.config_products-srv.startAppTask#
######org.cloudfoundry.multiapps.controller.persistence.services.ProcessLogger########flowable-async-job-executor-thread-18024###
[PollStartAppStatusExecution] [config_products-srv] 9a0f5d2c-b5ef-4570-abc0-bc3b90b4a27c [Tue Jul 19 03:52:54 UTC 2022] Creating revision for app with guid 9a0f5d2c-b5ef-4570-abc0-bc3b90b4a27c (STDOUT, API)#

#2.0#2022 07 19 04:10:26.090#Z#DEBUG#com.sap.cloud.lm.sl.xs2.a1f7e244-0718-11ed-89d0-eeee0a88faf3.config_products-srv.startAppTask#
######org.cloudfoundry.multiapps.controller.persistence.services.ProcessLogger########flowable-async-job-executor-thread-18024###
[PollStartAppStatusExecution] [config_products-srv] 9a0f5d2c-b5ef-4570-abc0-bc3b90b4a27c [Tue Jul 19 03:52:54 UTC 2022] Starting app with guid 9a0f5d2c-b5ef-4570-abc0-bc3b90b4a27c (STDOUT, API)#

#2.0#2022 07 19 04:10:26.090#Z#DEBUG#com.sap.cloud.lm.sl.xs2.a1f7e244-0718-11ed-89d0-eeee0a88faf3.config_products-srv.startAppTask#
######org.cloudfoundry.multiapps.controller.persistence.services.ProcessLogger########flowable-async-job-executor-thread-18024###
[PollStartAppStatusExecution] [config_products-srv] 9a0f5d2c-b5ef-4570-abc0-bc3b90b4a27c [Tue Jul 19 03:52:55 UTC 2022] Cell 85d19ade-6669-40bc-93f3-908a1d03d847 creating container for instance 3274ff8d-c35b-446c-4625-0ad0 (STDOUT, CELL)#

#2.0#2022 07 19 04:10:26.090#Z#DEBUG#com.sap.cloud.lm.sl.xs2.a1f7e244-0718-11ed-89d0-eeee0a88faf3.config_products-srv.startAppTask#
######org.cloudfoundry.multiapps.controller.persistence.services.ProcessLogger########flowable-async-job-executor-thread-18024###
[PollStartAppStatusExecution] [config_products-srv] 9a0f5d2c-b5ef-4570-abc0-bc3b90b4a27c [Tue Jul 19 03:52:55 UTC 2022] Cell 85d19ade-6669-40bc-93f3-908a1d03d847 successfully created container for instance 3274ff8d-c35b-446c-4625-0ad0 (STDOUT, CELL)#

#2.0#2022 07 19 04:10:26.090#Z#DEBUG#com.sap.cloud.lm.sl.xs2.a1f7e244-0718-11ed-89d0-eeee0a88faf3.config_products-srv.startAppTask#
######org.cloudfoundry.multiapps.controller.persistence.services.ProcessLogger########flowable-async-job-executor-thread-18024###
[PollStartAppStatusExecution] [config_products-srv] 9a0f5d2c-b5ef-4570-abc0-bc3b90b4a27c [Tue Jul 19 03:52:55 UTC 2022] Downloading droplet... (STDOUT, CELL)#

#2.0#2022 07 19 04:10:26.090#Z#DEBUG#com.sap.cloud.lm.sl.xs2.a1f7e244-0718-11ed-89d0-eeee0a88faf3.config_products-srv.startAppTask#
######org.cloudfoundry.multiapps.controller.persistence.services.ProcessLogger########flowable-async-job-executor-thread-18024###
[PollStartAppStatusExecution] [config_products-srv] 9a0f5d2c-b5ef-4570-abc0-bc3b90b4a27c [Tue Jul 19 03:53:05 UTC 2022] Starting health monitoring of container (STDOUT, CELL)#

#2.0#2022 07 19 04:10:26.090#Z#DEBUG#com.sap.cloud.lm.sl.xs2.a1f7e244-0718-11ed-89d0-eeee0a88faf3.config_products-srv.startAppTask#
######org.cloudfoundry.multiapps.controller.persistence.services.ProcessLogger########flowable-async-job-executor-thread-18024###
[PollStartAppStatusExecution] [config_products-srv] 9a0f5d2c-b5ef-4570-abc0-bc3b90b4a27c [Tue Jul 19 03:53:05 UTC 2022] Downloaded droplet (197.8M) (STDOUT, CELL)#

#2.0#2022 07 19 04:10:26.090#Z#DEBUG#com.sap.cloud.lm.sl.xs2.a1f7e244-0718-11ed-89d0-eeee0a88faf3.config_products-srv.startAppTask#
######org.cloudfoundry.multiapps.controller.persistence.services.ProcessLogger########flowable-async-job-executor-thread-18024###
[PollStartAppStatusExecution] [config_products-srv] 9a0f5d2c-b5ef-4570-abc0-bc3b90b4a27c [Tue Jul 19 03:53:06 UTC 2022] > NODE_ENV=production cds run (STDOUT, APP/PROC/WEB)#

#2.0#2022 07 19 04:10:26.090#Z#DEBUG#com.sap.cloud.lm.sl.xs2.a1f7e244-0718-11ed-89d0-eeee0a88faf3.config_products-srv.startAppTask#
######org.cloudfoundry.multiapps.controller.persistence.services.ProcessLogger########flowable-async-job-executor-thread-18024###
[PollStartAppStatusExecution] [config_products-srv] 9a0f5d2c-b5ef-4570-abc0-bc3b90b4a27c [Tue Jul 19 03:53:06 UTC 2022] > config_products@1.0.0 start /home/vcap/app (STDOUT, APP/PROC/WEB)#

#2.0#2022 07 19 04:10:26.090#Z#DEBUG#com.sap.cloud.lm.sl.xs2.a1f7e244-0718-11ed-89d0-eeee0a88faf3.config_products-srv.startAppTask#
######org.cloudfoundry.multiapps.controller.persistence.services.ProcessLogger########flowable-async-job-executor-thread-18024###
[PollStartAppStatusExecution] [config_products-srv] 9a0f5d2c-b5ef-4570-abc0-bc3b90b4a27c [Tue Jul 19 03:53:06 UTC 2022] [cds] - Loading server from { file: './srv/server.js' } (STDOUT, APP/PROC/WEB)#

#2.0#2022 07 19 04:10:26.090#Z#DEBUG#com.sap.cloud.lm.sl.xs2.a1f7e244-0718-11ed-89d0-eeee0a88faf3.config_products-srv.startAppTask#
######org.cloudfoundry.multiapps.controller.persistence.services.ProcessLogger########flowable-async-job-executor-thread-18024###
[PollStartAppStatusExecution] [config_products-srv] 9a0f5d2c-b5ef-4570-abc0-bc3b90b4a27c [Tue Jul 19 03:53:06 UTC 2022] {"written_at":"2022-07-19T03:53:06.463Z","written_ts":1658202786463000000,"csn_component":"-","correlation_id":"-","type":"log","logger":"nodejs-logger","layer":"/LoggingLibrary","level":"warning","container_id":"10.0.201.95","component_type":"application","component_id":"9a0f5d2c-b5ef-4570-abc0-bc3b90b4a27c","component_name":"config_products-srv","component_instance":-1,"source_instance":-1,"organization_id":"5dac4482-b9f0-48a4-a292-b56089525ac2","organization_name":"sbpprovider","space_id":"c7f92a71-c907-432e-ae97-96abe14a95df","space_name":"dev","context_id":"","msg":"Dynamic log level switching not available"} (STDOUT, APP/PROC/WEB)#

#2.0#2022 07 19 04:10:26.091#Z#DEBUG#com.sap.cloud.lm.sl.xs2.a1f7e244-0718-11ed-89d0-eeee0a88faf3.config_products-srv.startAppTask#
######org.cloudfoundry.multiapps.controller.persistence.services.ProcessLogger########flowable-async-job-executor-thread-18024###
[PollStartAppStatusExecution] [config_products-srv] 9a0f5d2c-b5ef-4570-abc0-bc3b90b4a27c [Tue Jul 19 03:53:06 UTC 2022] [HPM] Proxy rewrite rule created: "^/v2" ~> "" (STDOUT, APP/PROC/WEB)#

#2.0#2022 07 19 04:10:26.091#Z#DEBUG#com.sap.cloud.lm.sl.xs2.a1f7e244-0718-11ed-89d0-eeee0a88faf3.config_products-srv.startAppTask#
######org.cloudfoundry.multiapps.controller.persistence.services.ProcessLogger########flowable-async-job-executor-thread-18024###
[PollStartAppStatusExecution] [config_products-srv] 9a0f5d2c-b5ef-4570-abc0-bc3b90b4a27c [Tue Jul 19 03:53:06 UTC 2022] [HPM] Proxy created: /  -> http://localhost:8080 (STDOUT, APP/PROC/WEB)#

#2.0#2022 07 19 04:10:26.091#Z#DEBUG#com.sap.cloud.lm.sl.xs2.a1f7e244-0718-11ed-89d0-eeee0a88faf3.config_products-srv.startAppTask#
######org.cloudfoundry.multiapps.controller.persistence.services.ProcessLogger########flowable-async-job-executor-thread-18024###
[PollStartAppStatusExecution] [config_products-srv] 9a0f5d2c-b5ef-4570-abc0-bc3b90b4a27c [Tue Jul 19 03:53:06 UTC 2022] [0m (STDOUT, APP/PROC/WEB)#

#2.0#2022 07 19 04:10:26.091#Z#DEBUG#com.sap.cloud.lm.sl.xs2.a1f7e244-0718-11ed-89d0-eeee0a88faf3.config_products-srv.startAppTask#
######org.cloudfoundry.multiapps.controller.persistence.services.ProcessLogger########flowable-async-job-executor-thread-18024###
[PollStartAppStatusExecution] [config_products-srv] 9a0f5d2c-b5ef-4570-abc0-bc3b90b4a27c [Tue Jul 19 03:53:06 UTC 2022] ./srv/csn.json (STDOUT, APP/PROC/WEB)#

#2.0#2022 07 19 04:10:26.091#Z#DEBUG#com.sap.cloud.lm.sl.xs2.a1f7e244-0718-11ed-89d0-eeee0a88faf3.config_products-srv.startAppTask#
######org.cloudfoundry.multiapps.controller.persistence.services.ProcessLogger########flowable-async-job-executor-thread-18024###
[PollStartAppStatusExecution] [config_products-srv] 9a0f5d2c-b5ef-4570-abc0-bc3b90b4a27c [Tue Jul 19 03:53:06 UTC 2022] [2m (STDOUT, APP/PROC/WEB)#

#2.0#2022 07 19 04:10:26.091#Z#DEBUG#com.sap.cloud.lm.sl.xs2.a1f7e244-0718-11ed-89d0-eeee0a88faf3.config_products-srv.startAppTask#
######org.cloudfoundry.multiapps.controller.persistence.services.ProcessLogger########flowable-async-job-executor-thread-18024###
[PollStartAppStatusExecution] [config_products-srv] 9a0f5d2c-b5ef-4570-abc0-bc3b90b4a27c [Tue Jul 19 03:53:06 UTC 2022] [cds] - model loaded from 1 file(s): (STDOUT, APP/PROC/WEB)#

#2.0#2022 07 19 04:10:26.091#Z#DEBUG#com.sap.cloud.lm.sl.xs2.a1f7e244-0718-11ed-89d0-eeee0a88faf3.config_products-srv.startAppTask#
######org.cloudfoundry.multiapps.controller.persistence.services.ProcessLogger########flowable-async-job-executor-thread-18024###
[PollStartAppStatusExecution] [config_products-srv] 9a0f5d2c-b5ef-4570-abc0-bc3b90b4a27c [Tue Jul 19 03:53:07 UTC 2022] } (STDOUT, APP/PROC/WEB)#

#2.0#2022 07 19 04:10:26.091#Z#DEBUG#com.sap.cloud.lm.sl.xs2.a1f7e244-0718-11ed-89d0-eeee0a88faf3.config_products-srv.startAppTask#
######org.cloudfoundry.multiapps.controller.persistence.services.ProcessLogger########flowable-async-job-executor-thread-18024###
[PollStartAppStatusExecution] [config_products-srv] 9a0f5d2c-b5ef-4570-abc0-bc3b90b4a27c [Tue Jul 19 03:53:07 UTC 2022] certificate: '...' (STDOUT, APP/PROC/WEB)#

#2.0#2022 07 19 04:10:26.091#Z#DEBUG#com.sap.cloud.lm.sl.xs2.a1f7e244-0718-11ed-89d0-eeee0a88faf3.config_products-srv.startAppTask#
######org.cloudfoundry.multiapps.controller.persistence.services.ProcessLogger########flowable-async-job-executor-thread-18024###
[PollStartAppStatusExecution] [config_products-srv] 9a0f5d2c-b5ef-4570-abc0-bc3b90b4a27c [Tue Jul 19 03:53:07 UTC 2022] password: '...', (STDOUT, APP/PROC/WEB)#

#2.0#2022 07 19 04:10:26.091#Z#DEBUG#com.sap.cloud.lm.sl.xs2.a1f7e244-0718-11ed-89d0-eeee0a88faf3.config_products-srv.startAppTask#
######org.cloudfoundry.multiapps.controller.persistence.services.ProcessLogger########flowable-async-job-executor-thread-18024###
[PollStartAppStatusExecution] [config_products-srv] 9a0f5d2c-b5ef-4570-abc0-bc3b90b4a27c [Tue Jul 19 03:53:07 UTC 2022] user: '22E31DBAE729415AB87E36A13434327D_67XKR33RYDKL03VPSTEK74BBZ_RT', (STDOUT, APP/PROC/WEB)#

#2.0#2022 07 19 04:10:26.091#Z#DEBUG#com.sap.cloud.lm.sl.xs2.a1f7e244-0718-11ed-89d0-eeee0a88faf3.config_products-srv.startAppTask#
######org.cloudfoundry.multiapps.controller.persistence.services.ProcessLogger########flowable-async-job-executor-thread-18024###
[PollStartAppStatusExecution] [config_products-srv] 9a0f5d2c-b5ef-4570-abc0-bc3b90b4a27c [Tue Jul 19 03:53:07 UTC 2022] hdi_password: '...', (STDOUT, APP/PROC/WEB)#

#2.0#2022 07 19 04:10:26.091#Z#DEBUG#com.sap.cloud.lm.sl.xs2.a1f7e244-0718-11ed-89d0-eeee0a88faf3.config_products-srv.startAppTask#
######org.cloudfoundry.multiapps.controller.persistence.services.ProcessLogger########flowable-async-job-executor-thread-18024###
[PollStartAppStatusExecution] [config_products-srv] 9a0f5d2c-b5ef-4570-abc0-bc3b90b4a27c [Tue Jul 19 03:53:07 UTC 2022] hdi_user: '22E31DBAE729415AB87E36A13434327D_67XKR33RYDKL03VPSTEK74BBZ_DT', (STDOUT, APP/PROC/WEB)#

#2.0#2022 07 19 04:10:26.091#Z#DEBUG#com.sap.cloud.lm.sl.xs2.a1f7e244-0718-11ed-89d0-eeee0a88faf3.config_products-srv.startAppTask#
######org.cloudfoundry.multiapps.controller.persistence.services.ProcessLogger########flowable-async-job-executor-thread-18024###
[PollStartAppStatusExecution] [config_products-srv] 9a0f5d2c-b5ef-4570-abc0-bc3b90b4a27c [Tue Jul 19 03:53:07 UTC 2022] schema: '22E31DBAE729415AB87E36A13434327D', (STDOUT, APP/PROC/WEB)#

#2.0#2022 07 19 04:10:26.091#Z#DEBUG#com.sap.cloud.lm.sl.xs2.a1f7e244-0718-11ed-89d0-eeee0a88faf3.config_products-srv.startAppTask#
######org.cloudfoundry.multiapps.controller.persistence.services.ProcessLogger########flowable-async-job-executor-thread-18024###
[PollStartAppStatusExecution] [config_products-srv] 9a0f5d2c-b5ef-4570-abc0-bc3b90b4a27c [Tue Jul 19 03:53:07 UTC 2022] url: 'jdbc:sap://b3117009-beb5-4b3f-a851-c379293f8579.hana.prod-us10.hanacloud.ondemand.com:443?encrypt=true&validateCertificate=true&currentschema=22E31DBAE729415AB87E36A13434327D', (STDOUT, APP/PROC/WEB)#

#2.0#2022 07 19 04:10:26.091#Z#DEBUG#com.sap.cloud.lm.sl.xs2.a1f7e244-0718-11ed-89d0-eeee0a88faf3.config_products-srv.startAppTask#
######org.cloudfoundry.multiapps.controller.persistence.services.ProcessLogger########flowable-async-job-executor-thread-18024###
[PollStartAppStatusExecution] [config_products-srv] 9a0f5d2c-b5ef-4570-abc0-bc3b90b4a27c [Tue Jul 19 03:53:07 UTC 2022] driver: 'com.sap.db.jdbc.Driver', (STDOUT, APP/PROC/WEB)#

#2.0#2022 07 19 04:10:26.091#Z#DEBUG#com.sap.cloud.lm.sl.xs2.a1f7e244-0718-11ed-89d0-eeee0a88faf3.config_products-srv.startAppTask#
######org.cloudfoundry.multiapps.controller.persistence.services.ProcessLogger########flowable-async-job-executor-thread-18024###
[PollStartAppStatusExecution] [config_products-srv] 9a0f5d2c-b5ef-4570-abc0-bc3b90b4a27c [Tue Jul 19 03:53:07 UTC 2022] port: '443', (STDOUT, APP/PROC/WEB)#

#2.0#2022 07 19 04:10:26.091#Z#DEBUG#com.sap.cloud.lm.sl.xs2.a1f7e244-0718-11ed-89d0-eeee0a88faf3.config_products-srv.startAppTask#
######org.cloudfoundry.multiapps.controller.persistence.services.ProcessLogger########flowable-async-job-executor-thread-18024###
[PollStartAppStatusExecution] [config_products-srv] 9a0f5d2c-b5ef-4570-abc0-bc3b90b4a27c [Tue Jul 19 03:53:07 UTC 2022] host: 'b3117009-beb5-4b3f-a851-c379293f8579.hana.prod-us10.hanacloud.ondemand.com', (STDOUT, APP/PROC/WEB)#

#2.0#2022 07 19 04:10:26.091#Z#DEBUG#com.sap.cloud.lm.sl.xs2.a1f7e244-0718-11ed-89d0-eeee0a88faf3.config_products-srv.startAppTask#
######org.cloudfoundry.multiapps.controller.persistence.services.ProcessLogger########flowable-async-job-executor-thread-18024###
[PollStartAppStatusExecution] [config_products-srv] 9a0f5d2c-b5ef-4570-abc0-bc3b90b4a27c [Tue Jul 19 03:53:07 UTC 2022] database_id: 'b3117009-beb5-4b3f-a851-c379293f8579', (STDOUT, APP/PROC/WEB)#

#2.0#2022 07 19 04:10:26.091#Z#DEBUG#com.sap.cloud.lm.sl.xs2.a1f7e244-0718-11ed-89d0-eeee0a88faf3.config_products-srv.startAppTask#
######org.cloudfoundry.multiapps.controller.persistence.services.ProcessLogger########flowable-async-job-executor-thread-18024###
[PollStartAppStatusExecution] [config_products-srv] 9a0f5d2c-b5ef-4570-abc0-bc3b90b4a27c [Tue Jul 19 03:53:07 UTC 2022] [cds] - connect to db > hana { (STDOUT, APP/PROC/WEB)#

#2.0#2022 07 19 04:10:26.091#Z#DEBUG#com.sap.cloud.lm.sl.xs2.a1f7e244-0718-11ed-89d0-eeee0a88faf3.config_products-srv.startAppTask#
######org.cloudfoundry.multiapps.controller.persistence.services.ProcessLogger########flowable-async-job-executor-thread-18024###
[PollStartAppStatusExecution] [config_products-srv] 9a0f5d2c-b5ef-4570-abc0-bc3b90b4a27c [Tue Jul 19 03:53:07 UTC 2022] } (STDOUT, APP/PROC/WEB)#

#2.0#2022 07 19 04:10:26.091#Z#DEBUG#com.sap.cloud.lm.sl.xs2.a1f7e244-0718-11ed-89d0-eeee0a88faf3.config_products-srv.startAppTask#
######org.cloudfoundry.multiapps.controller.persistence.services.ProcessLogger########flowable-async-job-executor-thread-18024###
[PollStartAppStatusExecution] [config_products-srv] 9a0f5d2c-b5ef-4570-abc0-bc3b90b4a27c [Tue Jul 19 03:53:07 UTC 2022] path: '/sap/opu/odata/IBP/MASTER_DATA_API_SRV' (STDOUT, APP/PROC/WEB)#

#2.0#2022 07 19 04:10:26.091#Z#DEBUG#com.sap.cloud.lm.sl.xs2.a1f7e244-0718-11ed-89d0-eeee0a88faf3.config_products-srv.startAppTask#
######org.cloudfoundry.multiapps.controller.persistence.services.ProcessLogger########flowable-async-job-executor-thread-18024###
[PollStartAppStatusExecution] [config_products-srv] 9a0f5d2c-b5ef-4570-abc0-bc3b90b4a27c [Tue Jul 19 03:53:07 UTC 2022] destination: 'IBPCommon', (STDOUT, APP/PROC/WEB)#

#2.0#2022 07 19 04:10:26.091#Z#DEBUG#com.sap.cloud.lm.sl.xs2.a1f7e244-0718-11ed-89d0-eeee0a88faf3.config_products-srv.startAppTask#
######org.cloudfoundry.multiapps.controller.persistence.services.ProcessLogger########flowable-async-job-executor-thread-18024###
[PollStartAppStatusExecution] [config_products-srv] 9a0f5d2c-b5ef-4570-abc0-bc3b90b4a27c [Tue Jul 19 03:53:07 UTC 2022] [cds] - connect to IBPMasterDataAPI > odata-v2 { (STDOUT, APP/PROC/WEB)#

#2.0#2022 07 19 04:10:26.091#Z#DEBUG#com.sap.cloud.lm.sl.xs2.a1f7e244-0718-11ed-89d0-eeee0a88faf3.config_products-srv.startAppTask#
######org.cloudfoundry.multiapps.controller.persistence.services.ProcessLogger########flowable-async-job-executor-thread-18024###
[PollStartAppStatusExecution] [config_products-srv] 9a0f5d2c-b5ef-4570-abc0-bc3b90b4a27c [Tue Jul 19 03:53:07 UTC 2022] } (STDOUT, APP/PROC/WEB)#

#2.0#2022 07 19 04:10:26.091#Z#DEBUG#com.sap.cloud.lm.sl.xs2.a1f7e244-0718-11ed-89d0-eeee0a88faf3.config_products-srv.startAppTask#
######org.cloudfoundry.multiapps.controller.persistence.services.ProcessLogger########flowable-async-job-executor-thread-18024###
[PollStartAppStatusExecution] [config_products-srv] 9a0f5d2c-b5ef-4570-abc0-bc3b90b4a27c [Tue Jul 19 03:53:07 UTC 2022] path: '/sap/opu/odata/ibp/PLANNING_DATA_API_SRV' (STDOUT, APP/PROC/WEB)#

#2.0#2022 07 19 04:10:26.091#Z#DEBUG#com.sap.cloud.lm.sl.xs2.a1f7e244-0718-11ed-89d0-eeee0a88faf3.config_products-srv.startAppTask#
######org.cloudfoundry.multiapps.controller.persistence.services.ProcessLogger########flowable-async-job-executor-thread-18024###
[PollStartAppStatusExecution] [config_products-srv] 9a0f5d2c-b5ef-4570-abc0-bc3b90b4a27c [Tue Jul 19 03:53:07 UTC 2022] destination: 'IBPCommon', (STDOUT, APP/PROC/WEB)#

#2.0#2022 07 19 04:10:26.091#Z#DEBUG#com.sap.cloud.lm.sl.xs2.a1f7e244-0718-11ed-89d0-eeee0a88faf3.config_products-srv.startAppTask#
######org.cloudfoundry.multiapps.controller.persistence.services.ProcessLogger########flowable-async-job-executor-thread-18024###
[PollStartAppStatusExecution] [config_products-srv] 9a0f5d2c-b5ef-4570-abc0-bc3b90b4a27c [Tue Jul 19 03:53:07 UTC 2022] [cds] - connect to IBPDemandsrv > odata-v2 { (STDOUT, APP/PROC/WEB)#

#2.0#2022 07 19 04:10:26.091#Z#DEBUG#com.sap.cloud.lm.sl.xs2.a1f7e244-0718-11ed-89d0-eeee0a88faf3.config_products-srv.startAppTask#
######org.cloudfoundry.multiapps.controller.persistence.services.ProcessLogger########flowable-async-job-executor-thread-18024###
[PollStartAppStatusExecution] [config_products-srv] 9a0f5d2c-b5ef-4570-abc0-bc3b90b4a27c [Tue Jul 19 03:53:07 UTC 2022] [cds] - serving IbpService { at: '/ibp', impl: './lib/Ibp-Service.js' } (STDOUT, APP/PROC/WEB)#

#2.0#2022 07 19 04:10:26.091#Z#DEBUG#com.sap.cloud.lm.sl.xs2.a1f7e244-0718-11ed-89d0-eeee0a88faf3.config_products-srv.startAppTask#
######org.cloudfoundry.multiapps.controller.persistence.services.ProcessLogger########flowable-async-job-executor-thread-18024###
[PollStartAppStatusExecution] [config_products-srv] 9a0f5d2c-b5ef-4570-abc0-bc3b90b4a27c [Tue Jul 19 03:53:07 UTC 2022] [cds] - serving JobsService { at: '/jobs', impl: './lib/Jobs-Service.js' } (STDOUT, APP/PROC/WEB)#

#2.0#2022 07 19 04:10:26.091#Z#DEBUG#com.sap.cloud.lm.sl.xs2.a1f7e244-0718-11ed-89d0-eeee0a88faf3.config_products-srv.startAppTask#
######org.cloudfoundry.multiapps.controller.persistence.services.ProcessLogger########flowable-async-job-executor-thread-18024###
[PollStartAppStatusExecution] [config_products-srv] 9a0f5d2c-b5ef-4570-abc0-bc3b90b4a27c [Tue Jul 19 03:53:07 UTC 2022] [cds] - serving PalService { at: '/pal', impl: './srv/Pal-Service.js' } (STDOUT, APP/PROC/WEB)#

#2.0#2022 07 19 04:10:26.091#Z#DEBUG#com.sap.cloud.lm.sl.xs2.a1f7e244-0718-11ed-89d0-eeee0a88faf3.config_products-srv.startAppTask#
######org.cloudfoundry.multiapps.controller.persistence.services.ProcessLogger########flowable-async-job-executor-thread-18024###
[PollStartAppStatusExecution] [config_products-srv] 9a0f5d2c-b5ef-4570-abc0-bc3b90b4a27c [Tue Jul 19 03:53:07 UTC 2022] [cds] - serving CatalogService { at: '/catalog', impl: './lib/cat-service.js' } (STDOUT, APP/PROC/WEB)#

#2.0#2022 07 19 04:10:26.091#Z#DEBUG#com.sap.cloud.lm.sl.xs2.a1f7e244-0718-11ed-89d0-eeee0a88faf3.config_products-srv.startAppTask#
######org.cloudfoundry.multiapps.controller.persistence.services.ProcessLogger########flowable-async-job-executor-thread-18024###
[PollStartAppStatusExecution] [config_products-srv] 9a0f5d2c-b5ef-4570-abc0-bc3b90b4a27c [Tue Jul 19 03:53:08 UTC 2022] [cds] - serving IBPImportSrv { at: '/ibpimport-srv', impl: './lib/ibpimport-service.js' } (STDOUT, APP/PROC/WEB)#

#2.0#2022 07 19 04:10:26.091#Z#DEBUG#com.sap.cloud.lm.sl.xs2.a1f7e244-0718-11ed-89d0-eeee0a88faf3.config_products-srv.startAppTask#
######org.cloudfoundry.multiapps.controller.persistence.services.ProcessLogger########flowable-async-job-executor-thread-18024###
[PollStartAppStatusExecution] [config_products-srv] 9a0f5d2c-b5ef-4570-abc0-bc3b90b4a27c [Tue Jul 19 03:53:08 UTC 2022] [cds] - serving IbpImportRest { at: '/ibp-import-rest', impl: './srv/lib/ibpimport-service.js' } (STDOUT, APP/PROC/WEB)#

#2.0#2022 07 19 04:10:26.091#Z#DEBUG#com.sap.cloud.lm.sl.xs2.a1f7e244-0718-11ed-89d0-eeee0a88faf3.config_products-srv.startAppTask#
######org.cloudfoundry.multiapps.controller.persistence.services.ProcessLogger########flowable-async-job-executor-thread-18024###
[PollStartAppStatusExecution] [config_products-srv] 9a0f5d2c-b5ef-4570-abc0-bc3b90b4a27c [Tue Jul 19 03:53:08 UTC 2022] [cds] - serving SDIService { at: '/sdi', impl: './lib/sdi-service.js' } (STDOUT, APP/PROC/WEB)#

#2.0#2022 07 19 04:10:26.091#Z#DEBUG#com.sap.cloud.lm.sl.xs2.a1f7e244-0718-11ed-89d0-eeee0a88faf3.config_products-srv.startAppTask#
######org.cloudfoundry.multiapps.controller.persistence.services.ProcessLogger########flowable-async-job-executor-thread-18024###
[PollStartAppStatusExecution] [config_products-srv] 9a0f5d2c-b5ef-4570-abc0-bc3b90b4a27c [Tue Jul 19 03:53:08 UTC 2022] [cds] - launched at 7/19/2022, 3:53:06 AM, in: 1.749s (STDOUT, APP/PROC/WEB)#

#2.0#2022 07 19 04:10:26.091#Z#DEBUG#com.sap.cloud.lm.sl.xs2.a1f7e244-0718-11ed-89d0-eeee0a88faf3.config_products-srv.startAppTask#
######org.cloudfoundry.multiapps.controller.persistence.services.ProcessLogger########flowable-async-job-executor-thread-18024###
[PollStartAppStatusExecution] [config_products-srv] 9a0f5d2c-b5ef-4570-abc0-bc3b90b4a27c [Tue Jul 19 03:53:08 UTC 2022] [cds] - server listening on { url: 'http://localhost:8080' } (STDOUT, APP/PROC/WEB)#

#2.0#2022 07 19 04:10:26.091#Z#DEBUG#com.sap.cloud.lm.sl.xs2.a1f7e244-0718-11ed-89d0-eeee0a88faf3.config_products-srv.startAppTask#
######org.cloudfoundry.multiapps.controller.persistence.services.ProcessLogger########flowable-async-job-executor-thread-18024###
[PollStartAppStatusExecution] [config_products-srv] 9a0f5d2c-b5ef-4570-abc0-bc3b90b4a27c [Tue Jul 19 03:53:10 UTC 2022] Container became healthy (STDOUT, CELL)#

#2.0#2022 07 19 04:10:26.091#Z#DEBUG#com.sap.cloud.lm.sl.xs2.a1f7e244-0718-11ed-89d0-eeee0a88faf3.config_products-srv.startAppTask#
######org.cloudfoundry.multiapps.controller.persistence.services.ProcessLogger########flowable-async-job-executor-thread-18024###
[PollStartAppStatusExecution] [config_products-srv] 9a0f5d2c-b5ef-4570-abc0-bc3b90b4a27c [Tue Jul 19 04:07:02 UTC 2022] Stopping app with guid 9a0f5d2c-b5ef-4570-abc0-bc3b90b4a27c (STDOUT, API)#

#2.0#2022 07 19 04:10:26.091#Z#DEBUG#com.sap.cloud.lm.sl.xs2.a1f7e244-0718-11ed-89d0-eeee0a88faf3.config_products-srv.startAppTask#
######org.cloudfoundry.multiapps.controller.persistence.services.ProcessLogger########flowable-async-job-executor-thread-18024###
[PollStartAppStatusExecution] [config_products-srv] 9a0f5d2c-b5ef-4570-abc0-bc3b90b4a27c [Tue Jul 19 04:07:02 UTC 2022] Cell 85d19ade-6669-40bc-93f3-908a1d03d847 stopping instance 3274ff8d-c35b-446c-4625-0ad0 (STDOUT, CELL)#

#2.0#2022 07 19 04:10:26.091#Z#DEBUG#com.sap.cloud.lm.sl.xs2.a1f7e244-0718-11ed-89d0-eeee0a88faf3.config_products-srv.startAppTask#
######org.cloudfoundry.multiapps.controller.persistence.services.ProcessLogger########flowable-async-job-executor-thread-18024###
[PollStartAppStatusExecution] [config_products-srv] 9a0f5d2c-b5ef-4570-abc0-bc3b90b4a27c [Tue Jul 19 04:07:18 UTC 2022] Cell 85d19ade-6669-40bc-93f3-908a1d03d847 destroying container for instance 3274ff8d-c35b-446c-4625-0ad0 (STDOUT, CELL)#

#2.0#2022 07 19 04:10:26.091#Z#DEBUG#com.sap.cloud.lm.sl.xs2.a1f7e244-0718-11ed-89d0-eeee0a88faf3.config_products-srv.startAppTask#
######org.cloudfoundry.multiapps.controller.persistence.services.ProcessLogger########flowable-async-job-executor-thread-18024###
[PollStartAppStatusExecution] [config_products-srv] 9a0f5d2c-b5ef-4570-abc0-bc3b90b4a27c [Tue Jul 19 04:07:18 UTC 2022] Exit status 137 (STDOUT, PROXY)#

#2.0#2022 07 19 04:10:26.091#Z#DEBUG#com.sap.cloud.lm.sl.xs2.a1f7e244-0718-11ed-89d0-eeee0a88faf3.config_products-srv.startAppTask#
######org.cloudfoundry.multiapps.controller.persistence.services.ProcessLogger########flowable-async-job-executor-thread-18024###
[PollStartAppStatusExecution] [config_products-srv] 9a0f5d2c-b5ef-4570-abc0-bc3b90b4a27c [Tue Jul 19 04:07:20 UTC 2022] Cell 85d19ade-6669-40bc-93f3-908a1d03d847 successfully destroyed container for instance 3274ff8d-c35b-446c-4625-0ad0 (STDOUT, CELL)#

#2.0#2022 07 19 04:10:26.091#Z#DEBUG#com.sap.cloud.lm.sl.xs2.a1f7e244-0718-11ed-89d0-eeee0a88faf3.config_products-srv.startAppTask#
######org.cloudfoundry.multiapps.controller.persistence.services.ProcessLogger########flowable-async-job-executor-thread-18024###
[PollStartAppStatusExecution] [config_products-srv] 9a0f5d2c-b5ef-4570-abc0-bc3b90b4a27c [Tue Jul 19 04:10:09 UTC 2022] Updated app with guid 9a0f5d2c-b5ef-4570-abc0-bc3b90b4a27c ({"lifecycle"=>{"data"=>{"buildpacks"=>["nodejs_buildpack"]}, "type"=>"buildpack"}}) (STDOUT, API)#

#2.0#2022 07 19 04:10:26.092#Z#DEBUG#com.sap.cloud.lm.sl.xs2.a1f7e244-0718-11ed-89d0-eeee0a88faf3.config_products-srv.startAppTask#
######org.cloudfoundry.multiapps.controller.persistence.services.ProcessLogger########flowable-async-job-executor-thread-18024###
[PollStartAppStatusExecution] [config_products-srv] 9a0f5d2c-b5ef-4570-abc0-bc3b90b4a27c [Tue Jul 19 04:10:09 UTC 2022] Updating process: "web" (STDOUT, API)#

#2.0#2022 07 19 04:10:26.092#Z#DEBUG#com.sap.cloud.lm.sl.xs2.a1f7e244-0718-11ed-89d0-eeee0a88faf3.config_products-srv.startAppTask#
######org.cloudfoundry.multiapps.controller.persistence.services.ProcessLogger########flowable-async-job-executor-thread-18024###
[PollStartAppStatusExecution] [config_products-srv] 9a0f5d2c-b5ef-4570-abc0-bc3b90b4a27c [Tue Jul 19 04:10:09 UTC 2022] Updated app with guid 9a0f5d2c-b5ef-4570-abc0-bc3b90b4a27c ({"environment_variables"=>"[PRIVATE DATA HIDDEN]"}) (STDOUT, API)#

#2.0#2022 07 19 04:10:26.092#Z#DEBUG#com.sap.cloud.lm.sl.xs2.a1f7e244-0718-11ed-89d0-eeee0a88faf3.config_products-srv.startAppTask#
######org.cloudfoundry.multiapps.controller.persistence.services.ProcessLogger########flowable-async-job-executor-thread-18024###
[PollStartAppStatusExecution] [config_products-srv] 9a0f5d2c-b5ef-4570-abc0-bc3b90b4a27c [Tue Jul 19 04:10:19 UTC 2022] Starting app with guid 9a0f5d2c-b5ef-4570-abc0-bc3b90b4a27c (STDOUT, API)#

#2.0#2022 07 19 04:10:26.092#Z#DEBUG#com.sap.cloud.lm.sl.xs2.a1f7e244-0718-11ed-89d0-eeee0a88faf3.config_products-srv.startAppTask#
######org.cloudfoundry.multiapps.controller.persistence.services.ProcessLogger########flowable-async-job-executor-thread-18024###
[PollStartAppStatusExecution] [config_products-srv] 9a0f5d2c-b5ef-4570-abc0-bc3b90b4a27c [Tue Jul 19 04:10:19 UTC 2022] Cell 4e8c1016-4938-460b-a884-392a8c4f5c1f creating container for instance 5eceb702-514d-4d9b-5efd-3666 (STDOUT, CELL)#

#2.0#2022 07 19 04:10:26.092#Z#DEBUG#com.sap.cloud.lm.sl.xs2.a1f7e244-0718-11ed-89d0-eeee0a88faf3.config_products-srv.startAppTask#
######org.cloudfoundry.multiapps.controller.persistence.services.ProcessLogger########flowable-async-job-executor-thread-18024###
[PollStartAppStatusExecution] [config_products-srv] 9a0f5d2c-b5ef-4570-abc0-bc3b90b4a27c [Tue Jul 19 04:10:19 UTC 2022] Cell 4e8c1016-4938-460b-a884-392a8c4f5c1f successfully created container for instance 5eceb702-514d-4d9b-5efd-3666 (STDOUT, CELL)#

#2.0#2022 07 19 04:10:26.092#Z#DEBUG#com.sap.cloud.lm.sl.xs2.a1f7e244-0718-11ed-89d0-eeee0a88faf3.config_products-srv.startAppTask#
######org.cloudfoundry.multiapps.controller.persistence.services.ProcessLogger########flowable-async-job-executor-thread-18024###
[PollStartAppStatusExecution] [config_products-srv] 9a0f5d2c-b5ef-4570-abc0-bc3b90b4a27c [Tue Jul 19 04:10:20 UTC 2022] Downloading droplet... (STDOUT, CELL)#

#2.0#2022 07 19 04:10:35.997#Z#DEBUG#com.sap.cloud.lm.sl.xs2.a1f7e244-0718-11ed-89d0-eeee0a88faf3.config_products-srv.startAppTask#
######org.cloudfoundry.multiapps.controller.persistence.services.ProcessLogger########flowable-async-job-executor-thread-16013###
[PollStartAppStatusExecution] [config_products-srv] 9a0f5d2c-b5ef-4570-abc0-bc3b90b4a27c [Tue Jul 19 04:10:31 UTC 2022] Starting health monitoring of container (STDOUT, CELL)#

#2.0#2022 07 19 04:10:35.998#Z#DEBUG#com.sap.cloud.lm.sl.xs2.a1f7e244-0718-11ed-89d0-eeee0a88faf3.config_products-srv.startAppTask#
######org.cloudfoundry.multiapps.controller.persistence.services.ProcessLogger########flowable-async-job-executor-thread-16013###
[PollStartAppStatusExecution] [config_products-srv] 9a0f5d2c-b5ef-4570-abc0-bc3b90b4a27c [Tue Jul 19 04:10:31 UTC 2022] Downloaded droplet (197.8M) (STDOUT, CELL)#

#2.0#2022 07 19 04:10:35.998#Z#DEBUG#com.sap.cloud.lm.sl.xs2.a1f7e244-0718-11ed-89d0-eeee0a88faf3.config_products-srv.startAppTask#
######org.cloudfoundry.multiapps.controller.persistence.services.ProcessLogger########flowable-async-job-executor-thread-16013###
[PollStartAppStatusExecution] [config_products-srv] 9a0f5d2c-b5ef-4570-abc0-bc3b90b4a27c [Tue Jul 19 04:10:32 UTC 2022] > NODE_ENV=production cds run (STDOUT, APP/PROC/WEB)#

#2.0#2022 07 19 04:10:35.998#Z#DEBUG#com.sap.cloud.lm.sl.xs2.a1f7e244-0718-11ed-89d0-eeee0a88faf3.config_products-srv.startAppTask#
######org.cloudfoundry.multiapps.controller.persistence.services.ProcessLogger########flowable-async-job-executor-thread-16013###
[PollStartAppStatusExecution] [config_products-srv] 9a0f5d2c-b5ef-4570-abc0-bc3b90b4a27c [Tue Jul 19 04:10:32 UTC 2022] > config_products@1.0.0 start /home/vcap/app (STDOUT, APP/PROC/WEB)#

#2.0#2022 07 19 04:10:35.998#Z#DEBUG#com.sap.cloud.lm.sl.xs2.a1f7e244-0718-11ed-89d0-eeee0a88faf3.config_products-srv.startAppTask#
######org.cloudfoundry.multiapps.controller.persistence.services.ProcessLogger########flowable-async-job-executor-thread-16013###
[PollStartAppStatusExecution] [config_products-srv] 9a0f5d2c-b5ef-4570-abc0-bc3b90b4a27c [Tue Jul 19 04:10:32 UTC 2022] [cds] - Loading server from { file: './srv/server.js' } (STDOUT, APP/PROC/WEB)#

#2.0#2022 07 19 04:10:35.998#Z#DEBUG#com.sap.cloud.lm.sl.xs2.a1f7e244-0718-11ed-89d0-eeee0a88faf3.config_products-srv.startAppTask#
######org.cloudfoundry.multiapps.controller.persistence.services.ProcessLogger########flowable-async-job-executor-thread-16013###
[PollStartAppStatusExecution] [config_products-srv] 9a0f5d2c-b5ef-4570-abc0-bc3b90b4a27c [Tue Jul 19 04:10:32 UTC 2022] {"written_at":"2022-07-19T04:10:32.840Z","written_ts":1658203832840000000,"csn_component":"-","correlation_id":"-","type":"log","logger":"nodejs-logger","layer":"/LoggingLibrary","level":"warning","container_id":"10.0.201.90","component_type":"application","component_id":"9a0f5d2c-b5ef-4570-abc0-bc3b90b4a27c","component_name":"config_products-srv","component_instance":-1,"source_instance":-1,"organization_id":"5dac4482-b9f0-48a4-a292-b56089525ac2","organization_name":"sbpprovider","space_id":"c7f92a71-c907-432e-ae97-96abe14a95df","space_name":"dev","context_id":"","msg":"Dynamic log level switching not available"} (STDOUT, APP/PROC/WEB)#

#2.0#2022 07 19 04:10:35.998#Z#DEBUG#com.sap.cloud.lm.sl.xs2.a1f7e244-0718-11ed-89d0-eeee0a88faf3.config_products-srv.startAppTask#
######org.cloudfoundry.multiapps.controller.persistence.services.ProcessLogger########flowable-async-job-executor-thread-16013###
[PollStartAppStatusExecution] [config_products-srv] 9a0f5d2c-b5ef-4570-abc0-bc3b90b4a27c [Tue Jul 19 04:10:32 UTC 2022] [HPM] Proxy rewrite rule created: "^/v2" ~> "" (STDOUT, APP/PROC/WEB)#

#2.0#2022 07 19 04:10:35.998#Z#DEBUG#com.sap.cloud.lm.sl.xs2.a1f7e244-0718-11ed-89d0-eeee0a88faf3.config_products-srv.startAppTask#
######org.cloudfoundry.multiapps.controller.persistence.services.ProcessLogger########flowable-async-job-executor-thread-16013###
[PollStartAppStatusExecution] [config_products-srv] 9a0f5d2c-b5ef-4570-abc0-bc3b90b4a27c [Tue Jul 19 04:10:32 UTC 2022] [HPM] Proxy created: /  -> http://localhost:8080 (STDOUT, APP/PROC/WEB)#

#2.0#2022 07 19 04:10:35.998#Z#DEBUG#com.sap.cloud.lm.sl.xs2.a1f7e244-0718-11ed-89d0-eeee0a88faf3.config_products-srv.startAppTask#
######org.cloudfoundry.multiapps.controller.persistence.services.ProcessLogger########flowable-async-job-executor-thread-16013###
[PollStartAppStatusExecution] [config_products-srv] 9a0f5d2c-b5ef-4570-abc0-bc3b90b4a27c [Tue Jul 19 04:10:33 UTC 2022] [0m (STDOUT, APP/PROC/WEB)#

#2.0#2022 07 19 04:10:35.998#Z#DEBUG#com.sap.cloud.lm.sl.xs2.a1f7e244-0718-11ed-89d0-eeee0a88faf3.config_products-srv.startAppTask#
######org.cloudfoundry.multiapps.controller.persistence.services.ProcessLogger########flowable-async-job-executor-thread-16013###
[PollStartAppStatusExecution] [config_products-srv] 9a0f5d2c-b5ef-4570-abc0-bc3b90b4a27c [Tue Jul 19 04:10:33 UTC 2022] ./srv/csn.json (STDOUT, APP/PROC/WEB)#

#2.0#2022 07 19 04:10:35.998#Z#DEBUG#com.sap.cloud.lm.sl.xs2.a1f7e244-0718-11ed-89d0-eeee0a88faf3.config_products-srv.startAppTask#
######org.cloudfoundry.multiapps.controller.persistence.services.ProcessLogger########flowable-async-job-executor-thread-16013###
[PollStartAppStatusExecution] [config_products-srv] 9a0f5d2c-b5ef-4570-abc0-bc3b90b4a27c [Tue Jul 19 04:10:33 UTC 2022] [2m (STDOUT, APP/PROC/WEB)#

#2.0#2022 07 19 04:10:35.998#Z#DEBUG#com.sap.cloud.lm.sl.xs2.a1f7e244-0718-11ed-89d0-eeee0a88faf3.config_products-srv.startAppTask#
######org.cloudfoundry.multiapps.controller.persistence.services.ProcessLogger########flowable-async-job-executor-thread-16013###
[PollStartAppStatusExecution] [config_products-srv] 9a0f5d2c-b5ef-4570-abc0-bc3b90b4a27c [Tue Jul 19 04:10:33 UTC 2022] [cds] - model loaded from 1 file(s): (STDOUT, APP/PROC/WEB)#

#2.0#2022 07 19 04:10:35.998#Z#DEBUG#com.sap.cloud.lm.sl.xs2.a1f7e244-0718-11ed-89d0-eeee0a88faf3.config_products-srv.startAppTask#
######org.cloudfoundry.multiapps.controller.persistence.services.ProcessLogger########flowable-async-job-executor-thread-16013###
[PollStartAppStatusExecution] [config_products-srv] 9a0f5d2c-b5ef-4570-abc0-bc3b90b4a27c [Tue Jul 19 04:10:33 UTC 2022] } (STDOUT, APP/PROC/WEB)#

#2.0#2022 07 19 04:10:35.998#Z#DEBUG#com.sap.cloud.lm.sl.xs2.a1f7e244-0718-11ed-89d0-eeee0a88faf3.config_products-srv.startAppTask#
######org.cloudfoundry.multiapps.controller.persistence.services.ProcessLogger########flowable-async-job-executor-thread-16013###
[PollStartAppStatusExecution] [config_products-srv] 9a0f5d2c-b5ef-4570-abc0-bc3b90b4a27c [Tue Jul 19 04:10:33 UTC 2022] certificate: '...' (STDOUT, APP/PROC/WEB)#

#2.0#2022 07 19 04:10:35.998#Z#DEBUG#com.sap.cloud.lm.sl.xs2.a1f7e244-0718-11ed-89d0-eeee0a88faf3.config_products-srv.startAppTask#
######org.cloudfoundry.multiapps.controller.persistence.services.ProcessLogger########flowable-async-job-executor-thread-16013###
[PollStartAppStatusExecution] [config_products-srv] 9a0f5d2c-b5ef-4570-abc0-bc3b90b4a27c [Tue Jul 19 04:10:33 UTC 2022] password: '...', (STDOUT, APP/PROC/WEB)#

#2.0#2022 07 19 04:10:35.998#Z#DEBUG#com.sap.cloud.lm.sl.xs2.a1f7e244-0718-11ed-89d0-eeee0a88faf3.config_products-srv.startAppTask#
######org.cloudfoundry.multiapps.controller.persistence.services.ProcessLogger########flowable-async-job-executor-thread-16013###
[PollStartAppStatusExecution] [config_products-srv] 9a0f5d2c-b5ef-4570-abc0-bc3b90b4a27c [Tue Jul 19 04:10:33 UTC 2022] user: '22E31DBAE729415AB87E36A13434327D_77CUF5BN1YNXBOQZTSU3YU2YY_RT', (STDOUT, APP/PROC/WEB)#

#2.0#2022 07 19 04:10:35.998#Z#DEBUG#com.sap.cloud.lm.sl.xs2.a1f7e244-0718-11ed-89d0-eeee0a88faf3.config_products-srv.startAppTask#
######org.cloudfoundry.multiapps.controller.persistence.services.ProcessLogger########flowable-async-job-executor-thread-16013###
[PollStartAppStatusExecution] [config_products-srv] 9a0f5d2c-b5ef-4570-abc0-bc3b90b4a27c [Tue Jul 19 04:10:33 UTC 2022] hdi_password: '...', (STDOUT, APP/PROC/WEB)#

#2.0#2022 07 19 04:10:35.998#Z#DEBUG#com.sap.cloud.lm.sl.xs2.a1f7e244-0718-11ed-89d0-eeee0a88faf3.config_products-srv.startAppTask#
######org.cloudfoundry.multiapps.controller.persistence.services.ProcessLogger########flowable-async-job-executor-thread-16013###
[PollStartAppStatusExecution] [config_products-srv] 9a0f5d2c-b5ef-4570-abc0-bc3b90b4a27c [Tue Jul 19 04:10:33 UTC 2022] hdi_user: '22E31DBAE729415AB87E36A13434327D_77CUF5BN1YNXBOQZTSU3YU2YY_DT', (STDOUT, APP/PROC/WEB)#

#2.0#2022 07 19 04:10:35.998#Z#DEBUG#com.sap.cloud.lm.sl.xs2.a1f7e244-0718-11ed-89d0-eeee0a88faf3.config_products-srv.startAppTask#
######org.cloudfoundry.multiapps.controller.persistence.services.ProcessLogger########flowable-async-job-executor-thread-16013###
[PollStartAppStatusExecution] [config_products-srv] 9a0f5d2c-b5ef-4570-abc0-bc3b90b4a27c [Tue Jul 19 04:10:33 UTC 2022] schema: '22E31DBAE729415AB87E36A13434327D', (STDOUT, APP/PROC/WEB)#

#2.0#2022 07 19 04:10:35.998#Z#DEBUG#com.sap.cloud.lm.sl.xs2.a1f7e244-0718-11ed-89d0-eeee0a88faf3.config_products-srv.startAppTask#
######org.cloudfoundry.multiapps.controller.persistence.services.ProcessLogger########flowable-async-job-executor-thread-16013###
[PollStartAppStatusExecution] [config_products-srv] 9a0f5d2c-b5ef-4570-abc0-bc3b90b4a27c [Tue Jul 19 04:10:33 UTC 2022] url: 'jdbc:sap://b3117009-beb5-4b3f-a851-c379293f8579.hana.prod-us10.hanacloud.ondemand.com:443?encrypt=true&validateCertificate=true&currentschema=22E31DBAE729415AB87E36A13434327D', (STDOUT, APP/PROC/WEB)#

#2.0#2022 07 19 04:10:35.998#Z#DEBUG#com.sap.cloud.lm.sl.xs2.a1f7e244-0718-11ed-89d0-eeee0a88faf3.config_products-srv.startAppTask#
######org.cloudfoundry.multiapps.controller.persistence.services.ProcessLogger########flowable-async-job-executor-thread-16013###
[PollStartAppStatusExecution] [config_products-srv] 9a0f5d2c-b5ef-4570-abc0-bc3b90b4a27c [Tue Jul 19 04:10:33 UTC 2022] driver: 'com.sap.db.jdbc.Driver', (STDOUT, APP/PROC/WEB)#

#2.0#2022 07 19 04:10:35.998#Z#DEBUG#com.sap.cloud.lm.sl.xs2.a1f7e244-0718-11ed-89d0-eeee0a88faf3.config_products-srv.startAppTask#
######org.cloudfoundry.multiapps.controller.persistence.services.ProcessLogger########flowable-async-job-executor-thread-16013###
[PollStartAppStatusExecution] [config_products-srv] 9a0f5d2c-b5ef-4570-abc0-bc3b90b4a27c [Tue Jul 19 04:10:33 UTC 2022] port: '443', (STDOUT, APP/PROC/WEB)#

#2.0#2022 07 19 04:10:35.998#Z#DEBUG#com.sap.cloud.lm.sl.xs2.a1f7e244-0718-11ed-89d0-eeee0a88faf3.config_products-srv.startAppTask#
######org.cloudfoundry.multiapps.controller.persistence.services.ProcessLogger########flowable-async-job-executor-thread-16013###
[PollStartAppStatusExecution] [config_products-srv] 9a0f5d2c-b5ef-4570-abc0-bc3b90b4a27c [Tue Jul 19 04:10:33 UTC 2022] host: 'b3117009-beb5-4b3f-a851-c379293f8579.hana.prod-us10.hanacloud.ondemand.com', (STDOUT, APP/PROC/WEB)#

#2.0#2022 07 19 04:10:35.998#Z#DEBUG#com.sap.cloud.lm.sl.xs2.a1f7e244-0718-11ed-89d0-eeee0a88faf3.config_products-srv.startAppTask#
######org.cloudfoundry.multiapps.controller.persistence.services.ProcessLogger########flowable-async-job-executor-thread-16013###
[PollStartAppStatusExecution] [config_products-srv] 9a0f5d2c-b5ef-4570-abc0-bc3b90b4a27c [Tue Jul 19 04:10:33 UTC 2022] database_id: 'b3117009-beb5-4b3f-a851-c379293f8579', (STDOUT, APP/PROC/WEB)#

#2.0#2022 07 19 04:10:35.998#Z#DEBUG#com.sap.cloud.lm.sl.xs2.a1f7e244-0718-11ed-89d0-eeee0a88faf3.config_products-srv.startAppTask#
######org.cloudfoundry.multiapps.controller.persistence.services.ProcessLogger########flowable-async-job-executor-thread-16013###
[PollStartAppStatusExecution] [config_products-srv] 9a0f5d2c-b5ef-4570-abc0-bc3b90b4a27c [Tue Jul 19 04:10:33 UTC 2022] [cds] - connect to db > hana { (STDOUT, APP/PROC/WEB)#

#2.0#2022 07 19 04:10:35.998#Z#DEBUG#com.sap.cloud.lm.sl.xs2.a1f7e244-0718-11ed-89d0-eeee0a88faf3.config_products-srv.startAppTask#
######org.cloudfoundry.multiapps.controller.persistence.services.ProcessLogger########flowable-async-job-executor-thread-16013###
[PollStartAppStatusExecution] [config_products-srv] 9a0f5d2c-b5ef-4570-abc0-bc3b90b4a27c [Tue Jul 19 04:10:34 UTC 2022] } (STDOUT, APP/PROC/WEB)#

#2.0#2022 07 19 04:10:35.998#Z#DEBUG#com.sap.cloud.lm.sl.xs2.a1f7e244-0718-11ed-89d0-eeee0a88faf3.config_products-srv.startAppTask#
######org.cloudfoundry.multiapps.controller.persistence.services.ProcessLogger########flowable-async-job-executor-thread-16013###
[PollStartAppStatusExecution] [config_products-srv] 9a0f5d2c-b5ef-4570-abc0-bc3b90b4a27c [Tue Jul 19 04:10:34 UTC 2022] path: '/sap/opu/odata/ibp/PLANNING_DATA_API_SRV' (STDOUT, APP/PROC/WEB)#

#2.0#2022 07 19 04:10:35.998#Z#DEBUG#com.sap.cloud.lm.sl.xs2.a1f7e244-0718-11ed-89d0-eeee0a88faf3.config_products-srv.startAppTask#
######org.cloudfoundry.multiapps.controller.persistence.services.ProcessLogger########flowable-async-job-executor-thread-16013###
[PollStartAppStatusExecution] [config_products-srv] 9a0f5d2c-b5ef-4570-abc0-bc3b90b4a27c [Tue Jul 19 04:10:34 UTC 2022] destination: 'IBPCommon', (STDOUT, APP/PROC/WEB)#

#2.0#2022 07 19 04:10:35.998#Z#DEBUG#com.sap.cloud.lm.sl.xs2.a1f7e244-0718-11ed-89d0-eeee0a88faf3.config_products-srv.startAppTask#
######org.cloudfoundry.multiapps.controller.persistence.services.ProcessLogger########flowable-async-job-executor-thread-16013###
[PollStartAppStatusExecution] [config_products-srv] 9a0f5d2c-b5ef-4570-abc0-bc3b90b4a27c [Tue Jul 19 04:10:34 UTC 2022] [cds] - connect to IBPDemandsrv > odata-v2 { (STDOUT, APP/PROC/WEB)#

#2.0#2022 07 19 04:10:35.998#Z#DEBUG#com.sap.cloud.lm.sl.xs2.a1f7e244-0718-11ed-89d0-eeee0a88faf3.config_products-srv.startAppTask#
######org.cloudfoundry.multiapps.controller.persistence.services.ProcessLogger########flowable-async-job-executor-thread-16013###
[PollStartAppStatusExecution] [config_products-srv] 9a0f5d2c-b5ef-4570-abc0-bc3b90b4a27c [Tue Jul 19 04:10:34 UTC 2022] } (STDOUT, APP/PROC/WEB)#

#2.0#2022 07 19 04:10:35.998#Z#DEBUG#com.sap.cloud.lm.sl.xs2.a1f7e244-0718-11ed-89d0-eeee0a88faf3.config_products-srv.startAppTask#
######org.cloudfoundry.multiapps.controller.persistence.services.ProcessLogger########flowable-async-job-executor-thread-16013###
[PollStartAppStatusExecution] [config_products-srv] 9a0f5d2c-b5ef-4570-abc0-bc3b90b4a27c [Tue Jul 19 04:10:34 UTC 2022] path: '/sap/opu/odata/IBP/MASTER_DATA_API_SRV' (STDOUT, APP/PROC/WEB)#

#2.0#2022 07 19 04:10:35.998#Z#DEBUG#com.sap.cloud.lm.sl.xs2.a1f7e244-0718-11ed-89d0-eeee0a88faf3.config_products-srv.startAppTask#
######org.cloudfoundry.multiapps.controller.persistence.services.ProcessLogger########flowable-async-job-executor-thread-16013###
[PollStartAppStatusExecution] [config_products-srv] 9a0f5d2c-b5ef-4570-abc0-bc3b90b4a27c [Tue Jul 19 04:10:34 UTC 2022] destination: 'IBPCommon', (STDOUT, APP/PROC/WEB)#

#2.0#2022 07 19 04:10:35.998#Z#DEBUG#com.sap.cloud.lm.sl.xs2.a1f7e244-0718-11ed-89d0-eeee0a88faf3.config_products-srv.startAppTask#
######org.cloudfoundry.multiapps.controller.persistence.services.ProcessLogger########flowable-async-job-executor-thread-16013###
[PollStartAppStatusExecution] [config_products-srv] 9a0f5d2c-b5ef-4570-abc0-bc3b90b4a27c [Tue Jul 19 04:10:34 UTC 2022] [cds] - connect to IBPMasterDataAPI > odata-v2 { (STDOUT, APP/PROC/WEB)#

#2.0#2022 07 19 04:10:35.998#Z#DEBUG#com.sap.cloud.lm.sl.xs2.a1f7e244-0718-11ed-89d0-eeee0a88faf3.config_products-srv.startAppTask#
######org.cloudfoundry.multiapps.controller.persistence.services.ProcessLogger########flowable-async-job-executor-thread-16013###
[PollStartAppStatusExecution] [config_products-srv] 9a0f5d2c-b5ef-4570-abc0-bc3b90b4a27c [Tue Jul 19 04:10:34 UTC 2022] [cds] - serving IbpService { at: '/ibp', impl: './lib/Ibp-Service.js' } (STDOUT, APP/PROC/WEB)#

#2.0#2022 07 19 04:10:35.998#Z#DEBUG#com.sap.cloud.lm.sl.xs2.a1f7e244-0718-11ed-89d0-eeee0a88faf3.config_products-srv.startAppTask#
######org.cloudfoundry.multiapps.controller.persistence.services.ProcessLogger########flowable-async-job-executor-thread-16013###
[PollStartAppStatusExecution] [config_products-srv] 9a0f5d2c-b5ef-4570-abc0-bc3b90b4a27c [Tue Jul 19 04:10:34 UTC 2022] [cds] - serving JobsService { at: '/jobs', impl: './lib/Jobs-Service.js' } (STDOUT, APP/PROC/WEB)#

#2.0#2022 07 19 04:10:35.998#Z#DEBUG#com.sap.cloud.lm.sl.xs2.a1f7e244-0718-11ed-89d0-eeee0a88faf3.config_products-srv.startAppTask#
######org.cloudfoundry.multiapps.controller.persistence.services.ProcessLogger########flowable-async-job-executor-thread-16013###
[PollStartAppStatusExecution] [config_products-srv] 9a0f5d2c-b5ef-4570-abc0-bc3b90b4a27c [Tue Jul 19 04:10:34 UTC 2022] [cds] - serving PalService { at: '/pal', impl: './srv/Pal-Service.js' } (STDOUT, APP/PROC/WEB)#

#2.0#2022 07 19 04:10:35.998#Z#DEBUG#com.sap.cloud.lm.sl.xs2.a1f7e244-0718-11ed-89d0-eeee0a88faf3.config_products-srv.startAppTask#
######org.cloudfoundry.multiapps.controller.persistence.services.ProcessLogger########flowable-async-job-executor-thread-16013###
[PollStartAppStatusExecution] [config_products-srv] 9a0f5d2c-b5ef-4570-abc0-bc3b90b4a27c [Tue Jul 19 04:10:34 UTC 2022] [cds] - serving CatalogService { at: '/catalog', impl: './lib/cat-service.js' } (STDOUT, APP/PROC/WEB)#

#2.0#2022 07 19 04:10:35.998#Z#DEBUG#com.sap.cloud.lm.sl.xs2.a1f7e244-0718-11ed-89d0-eeee0a88faf3.config_products-srv.startAppTask#
######org.cloudfoundry.multiapps.controller.persistence.services.ProcessLogger########flowable-async-job-executor-thread-16013###
[PollStartAppStatusExecution] [config_products-srv] 9a0f5d2c-b5ef-4570-abc0-bc3b90b4a27c [Tue Jul 19 04:10:34 UTC 2022] [cds] - serving IBPImportSrv { at: '/ibpimport-srv', impl: './lib/ibpimport-service.js' } (STDOUT, APP/PROC/WEB)#

#2.0#2022 07 19 04:10:35.998#Z#DEBUG#com.sap.cloud.lm.sl.xs2.a1f7e244-0718-11ed-89d0-eeee0a88faf3.config_products-srv.startAppTask#
######org.cloudfoundry.multiapps.controller.persistence.services.ProcessLogger########flowable-async-job-executor-thread-16013###
[PollStartAppStatusExecution] [config_products-srv] 9a0f5d2c-b5ef-4570-abc0-bc3b90b4a27c [Tue Jul 19 04:10:34 UTC 2022] [cds] - serving IbpImportRest { at: '/ibp-import-rest', impl: './srv/lib/ibpimport-service.js' } (STDOUT, APP/PROC/WEB)#

#2.0#2022 07 19 04:10:35.998#Z#DEBUG#com.sap.cloud.lm.sl.xs2.a1f7e244-0718-11ed-89d0-eeee0a88faf3.config_products-srv.startAppTask#
######org.cloudfoundry.multiapps.controller.persistence.services.ProcessLogger########flowable-async-job-executor-thread-16013###
[PollStartAppStatusExecution] [config_products-srv] 9a0f5d2c-b5ef-4570-abc0-bc3b90b4a27c [Tue Jul 19 04:10:34 UTC 2022] [cds] - serving SDIService { at: '/sdi', impl: './lib/sdi-service.js' } (STDOUT, APP/PROC/WEB)#

#2.0#2022 07 19 04:10:35.998#Z#DEBUG#com.sap.cloud.lm.sl.xs2.a1f7e244-0718-11ed-89d0-eeee0a88faf3.config_products-srv.startAppTask#
######org.cloudfoundry.multiapps.controller.persistence.services.ProcessLogger########flowable-async-job-executor-thread-16013###
[PollStartAppStatusExecution] [config_products-srv] 9a0f5d2c-b5ef-4570-abc0-bc3b90b4a27c [Tue Jul 19 04:10:34 UTC 2022] [cds] - server listening on { url: 'http://localhost:8080' } (STDOUT, APP/PROC/WEB)#

#2.0#2022 07 19 04:10:35.998#Z#DEBUG#com.sap.cloud.lm.sl.xs2.a1f7e244-0718-11ed-89d0-eeee0a88faf3.config_products-srv.startAppTask#
######org.cloudfoundry.multiapps.controller.persistence.services.ProcessLogger########flowable-async-job-executor-thread-16013###
[PollStartAppStatusExecution] [config_products-srv] 9a0f5d2c-b5ef-4570-abc0-bc3b90b4a27c [Tue Jul 19 04:10:34 UTC 2022] [cds] - launched at 7/19/2022, 4:10:32 AM, in: 1.919s (STDOUT, APP/PROC/WEB)#

#2.0#2022 07 19 04:10:45.918#Z#DEBUG#com.sap.cloud.lm.sl.xs2.a1f7e244-0718-11ed-89d0-eeee0a88faf3.config_products-srv.startAppTask#
######org.cloudfoundry.multiapps.controller.persistence.services.ProcessLogger########flowable-async-job-executor-thread-18029###
[PollStartAppStatusExecution] [config_products-srv] 9a0f5d2c-b5ef-4570-abc0-bc3b90b4a27c [Tue Jul 19 04:10:37 UTC 2022] Container became healthy (STDOUT, CELL)#

