#2.0#2022 07 19 04:10:25.773#Z#DEBUG#com.sap.cloud.lm.sl.xs2.a1f7e244-0718-11ed-89d0-eeee0a88faf3.config_products-db-deployer.executeTaskTask#
######org.cloudfoundry.multiapps.controller.persistence.services.ProcessLogger########flowable-async-job-executor-thread-21821###
[PollExecuteTaskStatusExecution] [config_products-db-deployer] 920ebf08-994d-4d7d-acd9-853e1143b311 [Tue Jul 19 03:50:40 UTC 2022] Updated app with guid 920ebf08-994d-4d7d-acd9-853e1143b311 ({"lifecycle"=>{"data"=>{"buildpacks"=>["nodejs_buildpack"]}, "type"=>"buildpack"}}) (STDOUT, API)#

#2.0#2022 07 19 04:10:25.773#Z#DEBUG#com.sap.cloud.lm.sl.xs2.a1f7e244-0718-11ed-89d0-eeee0a88faf3.config_products-db-deployer.executeTaskTask#
######org.cloudfoundry.multiapps.controller.persistence.services.ProcessLogger########flowable-async-job-executor-thread-21821###
[PollExecuteTaskStatusExecution] [config_products-db-deployer] 920ebf08-994d-4d7d-acd9-853e1143b311 [Tue Jul 19 03:50:40 UTC 2022] Updating process: "web" (STDOUT, API)#

#2.0#2022 07 19 04:10:25.773#Z#DEBUG#com.sap.cloud.lm.sl.xs2.a1f7e244-0718-11ed-89d0-eeee0a88faf3.config_products-db-deployer.executeTaskTask#
######org.cloudfoundry.multiapps.controller.persistence.services.ProcessLogger########flowable-async-job-executor-thread-21821###
[PollExecuteTaskStatusExecution] [config_products-db-deployer] 920ebf08-994d-4d7d-acd9-853e1143b311 [Tue Jul 19 03:50:40 UTC 2022] Updated app with guid 920ebf08-994d-4d7d-acd9-853e1143b311 ({"environment_variables"=>"[PRIVATE DATA HIDDEN]"}) (STDOUT, API)#

#2.0#2022 07 19 04:10:25.773#Z#DEBUG#com.sap.cloud.lm.sl.xs2.a1f7e244-0718-11ed-89d0-eeee0a88faf3.config_products-db-deployer.executeTaskTask#
######org.cloudfoundry.multiapps.controller.persistence.services.ProcessLogger########flowable-async-job-executor-thread-21821###
[PollExecuteTaskStatusExecution] [config_products-db-deployer] 920ebf08-994d-4d7d-acd9-853e1143b311 [Tue Jul 19 03:50:49 UTC 2022] Uploading app package for app with guid 920ebf08-994d-4d7d-acd9-853e1143b311 (STDOUT, API)#

#2.0#2022 07 19 04:10:25.773#Z#DEBUG#com.sap.cloud.lm.sl.xs2.a1f7e244-0718-11ed-89d0-eeee0a88faf3.config_products-db-deployer.executeTaskTask#
######org.cloudfoundry.multiapps.controller.persistence.services.ProcessLogger########flowable-async-job-executor-thread-21821###
[PollExecuteTaskStatusExecution] [config_products-db-deployer] 920ebf08-994d-4d7d-acd9-853e1143b311 [Tue Jul 19 03:50:49 UTC 2022] Updated app with guid 920ebf08-994d-4d7d-acd9-853e1143b311 ({"environment_variables"=>"[PRIVATE DATA HIDDEN]"}) (STDOUT, API)#

#2.0#2022 07 19 04:10:25.773#Z#DEBUG#com.sap.cloud.lm.sl.xs2.a1f7e244-0718-11ed-89d0-eeee0a88faf3.config_products-db-deployer.executeTaskTask#
######org.cloudfoundry.multiapps.controller.persistence.services.ProcessLogger########flowable-async-job-executor-thread-21821###
[PollExecuteTaskStatusExecution] [config_products-db-deployer] 920ebf08-994d-4d7d-acd9-853e1143b311 [Tue Jul 19 03:51:04 UTC 2022] Creating build for app with guid 920ebf08-994d-4d7d-acd9-853e1143b311 (STDOUT, API)#

#2.0#2022 07 19 04:10:25.773#Z#DEBUG#com.sap.cloud.lm.sl.xs2.a1f7e244-0718-11ed-89d0-eeee0a88faf3.config_products-db-deployer.executeTaskTask#
######org.cloudfoundry.multiapps.controller.persistence.services.ProcessLogger########flowable-async-job-executor-thread-21821###
[PollExecuteTaskStatusExecution] [config_products-db-deployer] 920ebf08-994d-4d7d-acd9-853e1143b311 [Tue Jul 19 03:51:04 UTC 2022] Downloading nodejs_buildpack... (STDOUT, STG)#

#2.0#2022 07 19 04:10:25.773#Z#DEBUG#com.sap.cloud.lm.sl.xs2.a1f7e244-0718-11ed-89d0-eeee0a88faf3.config_products-db-deployer.executeTaskTask#
######org.cloudfoundry.multiapps.controller.persistence.services.ProcessLogger########flowable-async-job-executor-thread-21821###
[PollExecuteTaskStatusExecution] [config_products-db-deployer] 920ebf08-994d-4d7d-acd9-853e1143b311 [Tue Jul 19 03:51:04 UTC 2022] Cell 9181c745-1a39-4c65-8fd7-d4d0767aaf4d creating container for instance c0a4c047-0c0b-41e1-b7f9-1bf260886712 (STDOUT, STG)#

#2.0#2022 07 19 04:10:25.773#Z#DEBUG#com.sap.cloud.lm.sl.xs2.a1f7e244-0718-11ed-89d0-eeee0a88faf3.config_products-db-deployer.executeTaskTask#
######org.cloudfoundry.multiapps.controller.persistence.services.ProcessLogger########flowable-async-job-executor-thread-21821###
[PollExecuteTaskStatusExecution] [config_products-db-deployer] 920ebf08-994d-4d7d-acd9-853e1143b311 [Tue Jul 19 03:51:04 UTC 2022] Downloaded nodejs_buildpack (STDOUT, STG)#

#2.0#2022 07 19 04:10:25.773#Z#DEBUG#com.sap.cloud.lm.sl.xs2.a1f7e244-0718-11ed-89d0-eeee0a88faf3.config_products-db-deployer.executeTaskTask#
######org.cloudfoundry.multiapps.controller.persistence.services.ProcessLogger########flowable-async-job-executor-thread-21821###
[PollExecuteTaskStatusExecution] [config_products-db-deployer] 920ebf08-994d-4d7d-acd9-853e1143b311 [Tue Jul 19 03:51:05 UTC 2022] Cell 9181c745-1a39-4c65-8fd7-d4d0767aaf4d successfully created container for instance c0a4c047-0c0b-41e1-b7f9-1bf260886712 (STDOUT, STG)#

#2.0#2022 07 19 04:10:25.773#Z#DEBUG#com.sap.cloud.lm.sl.xs2.a1f7e244-0718-11ed-89d0-eeee0a88faf3.config_products-db-deployer.executeTaskTask#
######org.cloudfoundry.multiapps.controller.persistence.services.ProcessLogger########flowable-async-job-executor-thread-21821###
[PollExecuteTaskStatusExecution] [config_products-db-deployer] 920ebf08-994d-4d7d-acd9-853e1143b311 [Tue Jul 19 03:51:05 UTC 2022] Downloading build artifacts cache... (STDOUT, STG)#

#2.0#2022 07 19 04:10:25.773#Z#DEBUG#com.sap.cloud.lm.sl.xs2.a1f7e244-0718-11ed-89d0-eeee0a88faf3.config_products-db-deployer.executeTaskTask#
######org.cloudfoundry.multiapps.controller.persistence.services.ProcessLogger########flowable-async-job-executor-thread-21821###
[PollExecuteTaskStatusExecution] [config_products-db-deployer] 920ebf08-994d-4d7d-acd9-853e1143b311 [Tue Jul 19 03:51:05 UTC 2022] Downloading app package... (STDOUT, STG)#

#2.0#2022 07 19 04:10:25.773#Z#DEBUG#com.sap.cloud.lm.sl.xs2.a1f7e244-0718-11ed-89d0-eeee0a88faf3.config_products-db-deployer.executeTaskTask#
######org.cloudfoundry.multiapps.controller.persistence.services.ProcessLogger########flowable-async-job-executor-thread-21821###
[PollExecuteTaskStatusExecution] [config_products-db-deployer] 920ebf08-994d-4d7d-acd9-853e1143b311 [Tue Jul 19 03:51:05 UTC 2022] Downloaded app package (144.7K) (STDOUT, STG)#

#2.0#2022 07 19 04:10:25.773#Z#DEBUG#com.sap.cloud.lm.sl.xs2.a1f7e244-0718-11ed-89d0-eeee0a88faf3.config_products-db-deployer.executeTaskTask#
######org.cloudfoundry.multiapps.controller.persistence.services.ProcessLogger########flowable-async-job-executor-thread-21821###
[PollExecuteTaskStatusExecution] [config_products-db-deployer] 920ebf08-994d-4d7d-acd9-853e1143b311 [Tue Jul 19 03:51:08 UTC 2022] Downloaded build artifacts cache (147M) (STDOUT, STG)#

#2.0#2022 07 19 04:10:25.773#Z#DEBUG#com.sap.cloud.lm.sl.xs2.a1f7e244-0718-11ed-89d0-eeee0a88faf3.config_products-db-deployer.executeTaskTask#
######org.cloudfoundry.multiapps.controller.persistence.services.ProcessLogger########flowable-async-job-executor-thread-21821###
[PollExecuteTaskStatusExecution] [config_products-db-deployer] 920ebf08-994d-4d7d-acd9-853e1143b311 [Tue Jul 19 03:51:08 UTC 2022] -----> Nodejs Buildpack version 1.7.70 (STDOUT, STG)#

#2.0#2022 07 19 04:10:25.773#Z#DEBUG#com.sap.cloud.lm.sl.xs2.a1f7e244-0718-11ed-89d0-eeee0a88faf3.config_products-db-deployer.executeTaskTask#
######org.cloudfoundry.multiapps.controller.persistence.services.ProcessLogger########flowable-async-job-executor-thread-21821###
[PollExecuteTaskStatusExecution] [config_products-db-deployer] 920ebf08-994d-4d7d-acd9-853e1143b311 [Tue Jul 19 03:51:08 UTC 2022] Copy [/tmp/buildpacks/c93c549df1b2fe8d171a1c14802798a4/dependencies/77cb0120d6c38426ca6a9a8098df68c7/node_16.15.0_linux_x64_cflinuxfs3_cae3a27b.tgz] (STDOUT, STG)#

#2.0#2022 07 19 04:10:25.773#Z#DEBUG#com.sap.cloud.lm.sl.xs2.a1f7e244-0718-11ed-89d0-eeee0a88faf3.config_products-db-deployer.executeTaskTask#
######org.cloudfoundry.multiapps.controller.persistence.services.ProcessLogger########flowable-async-job-executor-thread-21821###
[PollExecuteTaskStatusExecution] [config_products-db-deployer] 920ebf08-994d-4d7d-acd9-853e1143b311 [Tue Jul 19 03:51:08 UTC 2022] -----> Installing node 16.15.0 (STDOUT, STG)#

#2.0#2022 07 19 04:10:25.773#Z#DEBUG#com.sap.cloud.lm.sl.xs2.a1f7e244-0718-11ed-89d0-eeee0a88faf3.config_products-db-deployer.executeTaskTask#
######org.cloudfoundry.multiapps.controller.persistence.services.ProcessLogger########flowable-async-job-executor-thread-21821###
[PollExecuteTaskStatusExecution] [config_products-db-deployer] 920ebf08-994d-4d7d-acd9-853e1143b311 [Tue Jul 19 03:51:08 UTC 2022] engines.npm (package.json): unspecified (use default) (STDOUT, STG)#

#2.0#2022 07 19 04:10:25.773#Z#DEBUG#com.sap.cloud.lm.sl.xs2.a1f7e244-0718-11ed-89d0-eeee0a88faf3.config_products-db-deployer.executeTaskTask#
######org.cloudfoundry.multiapps.controller.persistence.services.ProcessLogger########flowable-async-job-executor-thread-21821###
[PollExecuteTaskStatusExecution] [config_products-db-deployer] 920ebf08-994d-4d7d-acd9-853e1143b311 [Tue Jul 19 03:51:08 UTC 2022] engines.node (package.json): ^12.18.0 || ^14.0.0 || ^16.0.0 (STDOUT, STG)#

#2.0#2022 07 19 04:10:25.773#Z#DEBUG#com.sap.cloud.lm.sl.xs2.a1f7e244-0718-11ed-89d0-eeee0a88faf3.config_products-db-deployer.executeTaskTask#
######org.cloudfoundry.multiapps.controller.persistence.services.ProcessLogger########flowable-async-job-executor-thread-21821###
[PollExecuteTaskStatusExecution] [config_products-db-deployer] 920ebf08-994d-4d7d-acd9-853e1143b311 [Tue Jul 19 03:51:08 UTC 2022] -----> Installing binaries (STDOUT, STG)#

#2.0#2022 07 19 04:10:25.773#Z#DEBUG#com.sap.cloud.lm.sl.xs2.a1f7e244-0718-11ed-89d0-eeee0a88faf3.config_products-db-deployer.executeTaskTask#
######org.cloudfoundry.multiapps.controller.persistence.services.ProcessLogger########flowable-async-job-executor-thread-21821###
[PollExecuteTaskStatusExecution] [config_products-db-deployer] 920ebf08-994d-4d7d-acd9-853e1143b311 [Tue Jul 19 03:51:10 UTC 2022] Copy [/tmp/buildpacks/c93c549df1b2fe8d171a1c14802798a4/dependencies/584e43947dbdc85a5abee0933bc2af4f/yarn_1.22.18_linux_noarch_any-stack_4fc4a734.tgz] (STDOUT, STG)#

#2.0#2022 07 19 04:10:25.773#Z#DEBUG#com.sap.cloud.lm.sl.xs2.a1f7e244-0718-11ed-89d0-eeee0a88faf3.config_products-db-deployer.executeTaskTask#
######org.cloudfoundry.multiapps.controller.persistence.services.ProcessLogger########flowable-async-job-executor-thread-21821###
[PollExecuteTaskStatusExecution] [config_products-db-deployer] 920ebf08-994d-4d7d-acd9-853e1143b311 [Tue Jul 19 03:51:10 UTC 2022] -----> Installing yarn 1.22.18 (STDOUT, STG)#

#2.0#2022 07 19 04:10:25.773#Z#DEBUG#com.sap.cloud.lm.sl.xs2.a1f7e244-0718-11ed-89d0-eeee0a88faf3.config_products-db-deployer.executeTaskTask#
######org.cloudfoundry.multiapps.controller.persistence.services.ProcessLogger########flowable-async-job-executor-thread-21821###
[PollExecuteTaskStatusExecution] [config_products-db-deployer] 920ebf08-994d-4d7d-acd9-853e1143b311 [Tue Jul 19 03:51:10 UTC 2022] Using default npm version: 8.5.5 (STDOUT, STG)#

#2.0#2022 07 19 04:10:25.773#Z#DEBUG#com.sap.cloud.lm.sl.xs2.a1f7e244-0718-11ed-89d0-eeee0a88faf3.config_products-db-deployer.executeTaskTask#
######org.cloudfoundry.multiapps.controller.persistence.services.ProcessLogger########flowable-async-job-executor-thread-21821###
[PollExecuteTaskStatusExecution] [config_products-db-deployer] 920ebf08-994d-4d7d-acd9-853e1143b311 [Tue Jul 19 03:51:10 UTC 2022] -----> Creating runtime environment (STDOUT, STG)#

#2.0#2022 07 19 04:10:25.773#Z#DEBUG#com.sap.cloud.lm.sl.xs2.a1f7e244-0718-11ed-89d0-eeee0a88faf3.config_products-db-deployer.executeTaskTask#
######org.cloudfoundry.multiapps.controller.persistence.services.ProcessLogger########flowable-async-job-executor-thread-21821###
[PollExecuteTaskStatusExecution] [config_products-db-deployer] 920ebf08-994d-4d7d-acd9-853e1143b311 [Tue Jul 19 03:51:10 UTC 2022] Installed yarn 1.22.18 (STDOUT, STG)#

#2.0#2022 07 19 04:10:25.773#Z#DEBUG#com.sap.cloud.lm.sl.xs2.a1f7e244-0718-11ed-89d0-eeee0a88faf3.config_products-db-deployer.executeTaskTask#
######org.cloudfoundry.multiapps.controller.persistence.services.ProcessLogger########flowable-async-job-executor-thread-21821###
[PollExecuteTaskStatusExecution] [config_products-db-deployer] 920ebf08-994d-4d7d-acd9-853e1143b311 [Tue Jul 19 03:51:10 UTC 2022] Installing node modules (package.json + package-lock.json) (STDOUT, STG)#

#2.0#2022 07 19 04:10:25.773#Z#DEBUG#com.sap.cloud.lm.sl.xs2.a1f7e244-0718-11ed-89d0-eeee0a88faf3.config_products-db-deployer.executeTaskTask#
######org.cloudfoundry.multiapps.controller.persistence.services.ProcessLogger########flowable-async-job-executor-thread-21821###
[PollExecuteTaskStatusExecution] [config_products-db-deployer] 920ebf08-994d-4d7d-acd9-853e1143b311 [Tue Jul 19 03:51:10 UTC 2022] -----> Building dependencies (STDOUT, STG)#

#2.0#2022 07 19 04:10:25.773#Z#DEBUG#com.sap.cloud.lm.sl.xs2.a1f7e244-0718-11ed-89d0-eeee0a88faf3.config_products-db-deployer.executeTaskTask#
######org.cloudfoundry.multiapps.controller.persistence.services.ProcessLogger########flowable-async-job-executor-thread-21821###
[PollExecuteTaskStatusExecution] [config_products-db-deployer] 920ebf08-994d-4d7d-acd9-853e1143b311 [Tue Jul 19 03:51:10 UTC 2022] NPM_CONFIG_PRODUCTION=true (STDOUT, STG)#

#2.0#2022 07 19 04:10:25.773#Z#DEBUG#com.sap.cloud.lm.sl.xs2.a1f7e244-0718-11ed-89d0-eeee0a88faf3.config_products-db-deployer.executeTaskTask#
######org.cloudfoundry.multiapps.controller.persistence.services.ProcessLogger########flowable-async-job-executor-thread-21821###
[PollExecuteTaskStatusExecution] [config_products-db-deployer] 920ebf08-994d-4d7d-acd9-853e1143b311 [Tue Jul 19 03:51:10 UTC 2022] NPM_CONFIG_LOGLEVEL=error (STDOUT, STG)#

#2.0#2022 07 19 04:10:25.773#Z#DEBUG#com.sap.cloud.lm.sl.xs2.a1f7e244-0718-11ed-89d0-eeee0a88faf3.config_products-db-deployer.executeTaskTask#
######org.cloudfoundry.multiapps.controller.persistence.services.ProcessLogger########flowable-async-job-executor-thread-21821###
[PollExecuteTaskStatusExecution] [config_products-db-deployer] 920ebf08-994d-4d7d-acd9-853e1143b311 [Tue Jul 19 03:51:10 UTC 2022] NODE_VERBOSE=false (STDOUT, STG)#

#2.0#2022 07 19 04:10:25.773#Z#DEBUG#com.sap.cloud.lm.sl.xs2.a1f7e244-0718-11ed-89d0-eeee0a88faf3.config_products-db-deployer.executeTaskTask#
######org.cloudfoundry.multiapps.controller.persistence.services.ProcessLogger########flowable-async-job-executor-thread-21821###
[PollExecuteTaskStatusExecution] [config_products-db-deployer] 920ebf08-994d-4d7d-acd9-853e1143b311 [Tue Jul 19 03:51:10 UTC 2022] NODE_MODULES_CACHE=true (STDOUT, STG)#

#2.0#2022 07 19 04:10:25.773#Z#DEBUG#com.sap.cloud.lm.sl.xs2.a1f7e244-0718-11ed-89d0-eeee0a88faf3.config_products-db-deployer.executeTaskTask#
######org.cloudfoundry.multiapps.controller.persistence.services.ProcessLogger########flowable-async-job-executor-thread-21821###
[PollExecuteTaskStatusExecution] [config_products-db-deployer] 920ebf08-994d-4d7d-acd9-853e1143b311 [Tue Jul 19 03:51:10 UTC 2022] NODE_HOME=/tmp/contents1883645599/deps/0/node (STDOUT, STG)#

#2.0#2022 07 19 04:10:25.773#Z#DEBUG#com.sap.cloud.lm.sl.xs2.a1f7e244-0718-11ed-89d0-eeee0a88faf3.config_products-db-deployer.executeTaskTask#
######org.cloudfoundry.multiapps.controller.persistence.services.ProcessLogger########flowable-async-job-executor-thread-21821###
[PollExecuteTaskStatusExecution] [config_products-db-deployer] 920ebf08-994d-4d7d-acd9-853e1143b311 [Tue Jul 19 03:51:10 UTC 2022] NODE_ENV=production (STDOUT, STG)#

#2.0#2022 07 19 04:10:25.773#Z#DEBUG#com.sap.cloud.lm.sl.xs2.a1f7e244-0718-11ed-89d0-eeee0a88faf3.config_products-db-deployer.executeTaskTask#
######org.cloudfoundry.multiapps.controller.persistence.services.ProcessLogger########flowable-async-job-executor-thread-21821###
[PollExecuteTaskStatusExecution] [config_products-db-deployer] 920ebf08-994d-4d7d-acd9-853e1143b311 [Tue Jul 19 03:51:10 UTC 2022] Visit http://docs.cloudfoundry.org/buildpacks/node/index.html#vendoring (STDOUT, STG)#

#2.0#2022 07 19 04:10:25.774#Z#DEBUG#com.sap.cloud.lm.sl.xs2.a1f7e244-0718-11ed-89d0-eeee0a88faf3.config_products-db-deployer.executeTaskTask#
######org.cloudfoundry.multiapps.controller.persistence.services.ProcessLogger########flowable-async-job-executor-thread-21821###
[PollExecuteTaskStatusExecution] [config_products-db-deployer] 920ebf08-994d-4d7d-acd9-853e1143b311 [Tue Jul 19 03:51:10 UTC 2022] [34;1mPRO TIP:[0m It is recommended to vendor the application's Node.js dependencies (STDOUT, STG)#

#2.0#2022 07 19 04:10:25.774#Z#DEBUG#com.sap.cloud.lm.sl.xs2.a1f7e244-0718-11ed-89d0-eeee0a88faf3.config_products-db-deployer.executeTaskTask#
######org.cloudfoundry.multiapps.controller.persistence.services.ProcessLogger########flowable-async-job-executor-thread-21821###
[PollExecuteTaskStatusExecution] [config_products-db-deployer] 920ebf08-994d-4d7d-acd9-853e1143b311 [Tue Jul 19 03:51:12 UTC 2022] added 26 packages, and audited 27 packages in 2s (STDOUT, STG)#

#2.0#2022 07 19 04:10:25.774#Z#DEBUG#com.sap.cloud.lm.sl.xs2.a1f7e244-0718-11ed-89d0-eeee0a88faf3.config_products-db-deployer.executeTaskTask#
######org.cloudfoundry.multiapps.controller.persistence.services.ProcessLogger########flowable-async-job-executor-thread-21821###
[PollExecuteTaskStatusExecution] [config_products-db-deployer] 920ebf08-994d-4d7d-acd9-853e1143b311 [Tue Jul 19 03:51:12 UTC 2022] found 0 vulnerabilities (STDOUT, STG)#

#2.0#2022 07 19 04:10:25.774#Z#DEBUG#com.sap.cloud.lm.sl.xs2.a1f7e244-0718-11ed-89d0-eeee0a88faf3.config_products-db-deployer.executeTaskTask#
######org.cloudfoundry.multiapps.controller.persistence.services.ProcessLogger########flowable-async-job-executor-thread-21821###
[PollExecuteTaskStatusExecution] [config_products-db-deployer] 920ebf08-994d-4d7d-acd9-853e1143b311 [Tue Jul 19 03:51:13 UTC 2022] See: https://github.com/npm/npm/issues/7494 (STDOUT, STG)#

#2.0#2022 07 19 04:10:25.774#Z#DEBUG#com.sap.cloud.lm.sl.xs2.a1f7e244-0718-11ed-89d0-eeee0a88faf3.config_products-db-deployer.executeTaskTask#
######org.cloudfoundry.multiapps.controller.persistence.services.ProcessLogger########flowable-async-job-executor-thread-21821###
[PollExecuteTaskStatusExecution] [config_products-db-deployer] 920ebf08-994d-4d7d-acd9-853e1143b311 [Tue Jul 19 03:51:13 UTC 2022] [31;1m**WARNING**[0m Unmet dependencies don't fail npm install but may cause runtime issues (STDOUT, STG)#

#2.0#2022 07 19 04:10:25.774#Z#DEBUG#com.sap.cloud.lm.sl.xs2.a1f7e244-0718-11ed-89d0-eeee0a88faf3.config_products-db-deployer.executeTaskTask#
######org.cloudfoundry.multiapps.controller.persistence.services.ProcessLogger########flowable-async-job-executor-thread-21821###
[PollExecuteTaskStatusExecution] [config_products-db-deployer] 920ebf08-994d-4d7d-acd9-853e1143b311 [Tue Jul 19 03:51:13 UTC 2022] service is not configured to run with Sealights (STDOUT, STG)#

#2.0#2022 07 19 04:10:25.774#Z#DEBUG#com.sap.cloud.lm.sl.xs2.a1f7e244-0718-11ed-89d0-eeee0a88faf3.config_products-db-deployer.executeTaskTask#
######org.cloudfoundry.multiapps.controller.persistence.services.ProcessLogger########flowable-async-job-executor-thread-21821###
[PollExecuteTaskStatusExecution] [config_products-db-deployer] 920ebf08-994d-4d7d-acd9-853e1143b311 [Tue Jul 19 03:51:13 UTC 2022] inside Sealights hook (STDOUT, STG)#

#2.0#2022 07 19 04:10:25.774#Z#DEBUG#com.sap.cloud.lm.sl.xs2.a1f7e244-0718-11ed-89d0-eeee0a88faf3.config_products-db-deployer.executeTaskTask#
######org.cloudfoundry.multiapps.controller.persistence.services.ProcessLogger########flowable-async-job-executor-thread-21821###
[PollExecuteTaskStatusExecution] [config_products-db-deployer] 920ebf08-994d-4d7d-acd9-853e1143b311 [Tue Jul 19 03:51:13 UTC 2022] Contrast Security no credentials found. Will not write environment files. (STDOUT, STG)#

#2.0#2022 07 19 04:10:25.774#Z#DEBUG#com.sap.cloud.lm.sl.xs2.a1f7e244-0718-11ed-89d0-eeee0a88faf3.config_products-db-deployer.executeTaskTask#
######org.cloudfoundry.multiapps.controller.persistence.services.ProcessLogger########flowable-async-job-executor-thread-21821###
[PollExecuteTaskStatusExecution] [config_products-db-deployer] 920ebf08-994d-4d7d-acd9-853e1143b311 [Tue Jul 19 03:51:30 UTC 2022] Uploading build artifacts cache... (STDOUT, STG)#

#2.0#2022 07 19 04:10:25.774#Z#DEBUG#com.sap.cloud.lm.sl.xs2.a1f7e244-0718-11ed-89d0-eeee0a88faf3.config_products-db-deployer.executeTaskTask#
######org.cloudfoundry.multiapps.controller.persistence.services.ProcessLogger########flowable-async-job-executor-thread-21821###
[PollExecuteTaskStatusExecution] [config_products-db-deployer] 920ebf08-994d-4d7d-acd9-853e1143b311 [Tue Jul 19 03:51:30 UTC 2022] Uploading droplet... (STDOUT, STG)#

#2.0#2022 07 19 04:10:25.774#Z#DEBUG#com.sap.cloud.lm.sl.xs2.a1f7e244-0718-11ed-89d0-eeee0a88faf3.config_products-db-deployer.executeTaskTask#
######org.cloudfoundry.multiapps.controller.persistence.services.ProcessLogger########flowable-async-job-executor-thread-21821###
[PollExecuteTaskStatusExecution] [config_products-db-deployer] 920ebf08-994d-4d7d-acd9-853e1143b311 [Tue Jul 19 03:51:30 UTC 2022] Uploading droplet, build artifacts cache... (STDOUT, STG)#

#2.0#2022 07 19 04:10:25.774#Z#DEBUG#com.sap.cloud.lm.sl.xs2.a1f7e244-0718-11ed-89d0-eeee0a88faf3.config_products-db-deployer.executeTaskTask#
######org.cloudfoundry.multiapps.controller.persistence.services.ProcessLogger########flowable-async-job-executor-thread-21821###
[PollExecuteTaskStatusExecution] [config_products-db-deployer] 920ebf08-994d-4d7d-acd9-853e1143b311 [Tue Jul 19 03:51:30 UTC 2022] Exit status 0 (STDOUT, STG)#

#2.0#2022 07 19 04:10:25.774#Z#DEBUG#com.sap.cloud.lm.sl.xs2.a1f7e244-0718-11ed-89d0-eeee0a88faf3.config_products-db-deployer.executeTaskTask#
######org.cloudfoundry.multiapps.controller.persistence.services.ProcessLogger########flowable-async-job-executor-thread-21821###
[PollExecuteTaskStatusExecution] [config_products-db-deployer] 920ebf08-994d-4d7d-acd9-853e1143b311 [Tue Jul 19 03:51:31 UTC 2022] Creating droplet for app with guid 920ebf08-994d-4d7d-acd9-853e1143b311 (STDOUT, API)#

#2.0#2022 07 19 04:10:25.774#Z#DEBUG#com.sap.cloud.lm.sl.xs2.a1f7e244-0718-11ed-89d0-eeee0a88faf3.config_products-db-deployer.executeTaskTask#
######org.cloudfoundry.multiapps.controller.persistence.services.ProcessLogger########flowable-async-job-executor-thread-21821###
[PollExecuteTaskStatusExecution] [config_products-db-deployer] 920ebf08-994d-4d7d-acd9-853e1143b311 [Tue Jul 19 03:51:32 UTC 2022] Uploaded build artifacts cache (147M) (STDOUT, STG)#

#2.0#2022 07 19 04:10:25.774#Z#DEBUG#com.sap.cloud.lm.sl.xs2.a1f7e244-0718-11ed-89d0-eeee0a88faf3.config_products-db-deployer.executeTaskTask#
######org.cloudfoundry.multiapps.controller.persistence.services.ProcessLogger########flowable-async-job-executor-thread-21821###
[PollExecuteTaskStatusExecution] [config_products-db-deployer] 920ebf08-994d-4d7d-acd9-853e1143b311 [Tue Jul 19 03:51:36 UTC 2022] Uploaded droplet (75.7M) (STDOUT, STG)#

#2.0#2022 07 19 04:10:25.774#Z#DEBUG#com.sap.cloud.lm.sl.xs2.a1f7e244-0718-11ed-89d0-eeee0a88faf3.config_products-db-deployer.executeTaskTask#
######org.cloudfoundry.multiapps.controller.persistence.services.ProcessLogger########flowable-async-job-executor-thread-21821###
[PollExecuteTaskStatusExecution] [config_products-db-deployer] 920ebf08-994d-4d7d-acd9-853e1143b311 [Tue Jul 19 03:51:36 UTC 2022] Uploading complete (STDOUT, STG)#

#2.0#2022 07 19 04:10:25.774#Z#DEBUG#com.sap.cloud.lm.sl.xs2.a1f7e244-0718-11ed-89d0-eeee0a88faf3.config_products-db-deployer.executeTaskTask#
######org.cloudfoundry.multiapps.controller.persistence.services.ProcessLogger########flowable-async-job-executor-thread-21821###
[PollExecuteTaskStatusExecution] [config_products-db-deployer] 920ebf08-994d-4d7d-acd9-853e1143b311 [Tue Jul 19 03:51:36 UTC 2022] Cell 9181c745-1a39-4c65-8fd7-d4d0767aaf4d destroying container for instance c0a4c047-0c0b-41e1-b7f9-1bf260886712 (STDOUT, STG)#

#2.0#2022 07 19 04:10:25.774#Z#DEBUG#com.sap.cloud.lm.sl.xs2.a1f7e244-0718-11ed-89d0-eeee0a88faf3.config_products-db-deployer.executeTaskTask#
######org.cloudfoundry.multiapps.controller.persistence.services.ProcessLogger########flowable-async-job-executor-thread-21821###
[PollExecuteTaskStatusExecution] [config_products-db-deployer] 920ebf08-994d-4d7d-acd9-853e1143b311 [Tue Jul 19 03:51:36 UTC 2022] Cell 9181c745-1a39-4c65-8fd7-d4d0767aaf4d stopping instance c0a4c047-0c0b-41e1-b7f9-1bf260886712 (STDOUT, STG)#

#2.0#2022 07 19 04:10:25.774#Z#DEBUG#com.sap.cloud.lm.sl.xs2.a1f7e244-0718-11ed-89d0-eeee0a88faf3.config_products-db-deployer.executeTaskTask#
######org.cloudfoundry.multiapps.controller.persistence.services.ProcessLogger########flowable-async-job-executor-thread-21821###
[PollExecuteTaskStatusExecution] [config_products-db-deployer] 920ebf08-994d-4d7d-acd9-853e1143b311 [Tue Jul 19 03:51:37 UTC 2022] Cell 9181c745-1a39-4c65-8fd7-d4d0767aaf4d successfully destroyed container for instance c0a4c047-0c0b-41e1-b7f9-1bf260886712 (STDOUT, STG)#

#2.0#2022 07 19 04:10:25.774#Z#DEBUG#com.sap.cloud.lm.sl.xs2.a1f7e244-0718-11ed-89d0-eeee0a88faf3.config_products-db-deployer.executeTaskTask#
######org.cloudfoundry.multiapps.controller.persistence.services.ProcessLogger########flowable-async-job-executor-thread-21821###
[PollExecuteTaskStatusExecution] [config_products-db-deployer] 920ebf08-994d-4d7d-acd9-853e1143b311 [Tue Jul 19 03:51:44 UTC 2022] Updated app with guid 920ebf08-994d-4d7d-acd9-853e1143b311 ({:droplet_guid=>"2d7af9c2-610f-45c6-9189-6f1975fa35c9"}) (STDOUT, API)#

#2.0#2022 07 19 04:10:25.774#Z#DEBUG#com.sap.cloud.lm.sl.xs2.a1f7e244-0718-11ed-89d0-eeee0a88faf3.config_products-db-deployer.executeTaskTask#
######org.cloudfoundry.multiapps.controller.persistence.services.ProcessLogger########flowable-async-job-executor-thread-21821###
[PollExecuteTaskStatusExecution] [config_products-db-deployer] 920ebf08-994d-4d7d-acd9-853e1143b311 [Tue Jul 19 03:51:44 UTC 2022] Cell 9181c745-1a39-4c65-8fd7-d4d0767aaf4d creating container for instance 32479e67-49b2-4511-b213-665840b0ffde (STDOUT, CELL)#

#2.0#2022 07 19 04:10:25.774#Z#DEBUG#com.sap.cloud.lm.sl.xs2.a1f7e244-0718-11ed-89d0-eeee0a88faf3.config_products-db-deployer.executeTaskTask#
######org.cloudfoundry.multiapps.controller.persistence.services.ProcessLogger########flowable-async-job-executor-thread-21821###
[PollExecuteTaskStatusExecution] [config_products-db-deployer] 920ebf08-994d-4d7d-acd9-853e1143b311 [Tue Jul 19 03:51:45 UTC 2022] Cell 9181c745-1a39-4c65-8fd7-d4d0767aaf4d successfully created container for instance 32479e67-49b2-4511-b213-665840b0ffde (STDOUT, CELL)#

#2.0#2022 07 19 04:10:25.774#Z#DEBUG#com.sap.cloud.lm.sl.xs2.a1f7e244-0718-11ed-89d0-eeee0a88faf3.config_products-db-deployer.executeTaskTask#
######org.cloudfoundry.multiapps.controller.persistence.services.ProcessLogger########flowable-async-job-executor-thread-21821###
[PollExecuteTaskStatusExecution] [config_products-db-deployer] 920ebf08-994d-4d7d-acd9-853e1143b311 [Tue Jul 19 03:51:49 UTC 2022] > node node_modules/@sap/hdi-deploy/deploy.js  --auto-undeploy (STDOUT, APP/TASK/deploy)#

#2.0#2022 07 19 04:10:25.774#Z#DEBUG#com.sap.cloud.lm.sl.xs2.a1f7e244-0718-11ed-89d0-eeee0a88faf3.config_products-db-deployer.executeTaskTask#
######org.cloudfoundry.multiapps.controller.persistence.services.ProcessLogger########flowable-async-job-executor-thread-21821###
[PollExecuteTaskStatusExecution] [config_products-db-deployer] 920ebf08-994d-4d7d-acd9-853e1143b311 [Tue Jul 19 03:51:49 UTC 2022] > start (STDOUT, APP/TASK/deploy)#

#2.0#2022 07 19 04:10:25.774#Z#DEBUG#com.sap.cloud.lm.sl.xs2.a1f7e244-0718-11ed-89d0-eeee0a88faf3.config_products-db-deployer.executeTaskTask#
######org.cloudfoundry.multiapps.controller.persistence.services.ProcessLogger########flowable-async-job-executor-thread-21821###
[PollExecuteTaskStatusExecution] [config_products-db-deployer] 920ebf08-994d-4d7d-acd9-853e1143b311 [Tue Jul 19 03:51:49 UTC 2022] Using service replacements from environment variable "SERVICE_REPLACEMENTS" with 1 replacements (STDOUT, APP/TASK/deploy)#

#2.0#2022 07 19 04:10:25.774#Z#DEBUG#com.sap.cloud.lm.sl.xs2.a1f7e244-0718-11ed-89d0-eeee0a88faf3.config_products-db-deployer.executeTaskTask#
######org.cloudfoundry.multiapps.controller.persistence.services.ProcessLogger########flowable-async-job-executor-thread-21821###
[PollExecuteTaskStatusExecution] [config_products-db-deployer] 920ebf08-994d-4d7d-acd9-853e1143b311 [Tue Jul 19 03:51:49 UTC 2022] Using default environment variables from file ".env" (STDOUT, APP/TASK/deploy)#

#2.0#2022 07 19 04:10:25.774#Z#DEBUG#com.sap.cloud.lm.sl.xs2.a1f7e244-0718-11ed-89d0-eeee0a88faf3.config_products-db-deployer.executeTaskTask#
######org.cloudfoundry.multiapps.controller.persistence.services.ProcessLogger########flowable-async-job-executor-thread-21821###
[PollExecuteTaskStatusExecution] [config_products-db-deployer] 920ebf08-994d-4d7d-acd9-853e1143b311 [Tue Jul 19 03:51:49 UTC 2022] Deployment started at 2022-07-19 03:51:49 (STDOUT, APP/TASK/deploy)#

#2.0#2022 07 19 04:10:25.774#Z#DEBUG#com.sap.cloud.lm.sl.xs2.a1f7e244-0718-11ed-89d0-eeee0a88faf3.config_products-db-deployer.executeTaskTask#
######org.cloudfoundry.multiapps.controller.persistence.services.ProcessLogger########flowable-async-job-executor-thread-21821###
[PollExecuteTaskStatusExecution] [config_products-db-deployer] 920ebf08-994d-4d7d-acd9-853e1143b311 [Tue Jul 19 03:51:49 UTC 2022] @sap/hdi-deploy, version 4.3.3 (mode default), server version 4.00.000.00.1649147630 (4.0.0.0), node version 16.15.0, HDI version 1007, container API version 1004 (STDOUT, APP/TASK/deploy)#

#2.0#2022 07 19 04:10:25.774#Z#DEBUG#com.sap.cloud.lm.sl.xs2.a1f7e244-0718-11ed-89d0-eeee0a88faf3.config_products-db-deployer.executeTaskTask#
######org.cloudfoundry.multiapps.controller.persistence.services.ProcessLogger########flowable-async-job-executor-thread-21821###
[PollExecuteTaskStatusExecution] [config_products-db-deployer] 920ebf08-994d-4d7d-acd9-853e1143b311 [Tue Jul 19 03:51:50 UTC 2022] No ignore file at /home/vcap/app/.hdiignore. (STDOUT, APP/TASK/deploy)#

#2.0#2022 07 19 04:10:25.774#Z#DEBUG#com.sap.cloud.lm.sl.xs2.a1f7e244-0718-11ed-89d0-eeee0a88faf3.config_products-db-deployer.executeTaskTask#
######org.cloudfoundry.multiapps.controller.persistence.services.ProcessLogger########flowable-async-job-executor-thread-21821###
[PollExecuteTaskStatusExecution] [config_products-db-deployer] 920ebf08-994d-4d7d-acd9-853e1143b311 [Tue Jul 19 03:51:50 UTC 2022] Collecting files... (STDOUT, APP/TASK/deploy)#

#2.0#2022 07 19 04:10:25.774#Z#DEBUG#com.sap.cloud.lm.sl.xs2.a1f7e244-0718-11ed-89d0-eeee0a88faf3.config_products-db-deployer.executeTaskTask#
######org.cloudfoundry.multiapps.controller.persistence.services.ProcessLogger########flowable-async-job-executor-thread-21821###
[PollExecuteTaskStatusExecution] [config_products-db-deployer] 920ebf08-994d-4d7d-acd9-853e1143b311 [Tue Jul 19 03:51:50 UTC 2022] Target service: config_products-db (STDOUT, APP/TASK/deploy)#

#2.0#2022 07 19 04:10:25.774#Z#DEBUG#com.sap.cloud.lm.sl.xs2.a1f7e244-0718-11ed-89d0-eeee0a88faf3.config_products-db-deployer.executeTaskTask#
######org.cloudfoundry.multiapps.controller.persistence.services.ProcessLogger########flowable-async-job-executor-thread-21821###
[PollExecuteTaskStatusExecution] [config_products-db-deployer] 920ebf08-994d-4d7d-acd9-853e1143b311 [Tue Jul 19 03:51:50 UTC 2022] 0 reusable modules collected (STDOUT, APP/TASK/deploy)#

#2.0#2022 07 19 04:10:25.774#Z#DEBUG#com.sap.cloud.lm.sl.xs2.a1f7e244-0718-11ed-89d0-eeee0a88faf3.config_products-db-deployer.executeTaskTask#
######org.cloudfoundry.multiapps.controller.persistence.services.ProcessLogger########flowable-async-job-executor-thread-21821###
[PollExecuteTaskStatusExecution] [config_products-db-deployer] 920ebf08-994d-4d7d-acd9-853e1143b311 [Tue Jul 19 03:51:50 UTC 2022] 252 files collected (STDOUT, APP/TASK/deploy)#

#2.0#2022 07 19 04:10:25.774#Z#DEBUG#com.sap.cloud.lm.sl.xs2.a1f7e244-0718-11ed-89d0-eeee0a88faf3.config_products-db-deployer.executeTaskTask#
######org.cloudfoundry.multiapps.controller.persistence.services.ProcessLogger########flowable-async-job-executor-thread-21821###
[PollExecuteTaskStatusExecution] [config_products-db-deployer] 920ebf08-994d-4d7d-acd9-853e1143b311 [Tue Jul 19 03:51:50 UTC 2022] 5 directories collected (STDOUT, APP/TASK/deploy)#

#2.0#2022 07 19 04:10:25.774#Z#DEBUG#com.sap.cloud.lm.sl.xs2.a1f7e244-0718-11ed-89d0-eeee0a88faf3.config_products-db-deployer.executeTaskTask#
######org.cloudfoundry.multiapps.controller.persistence.services.ProcessLogger########flowable-async-job-executor-thread-21821###
[PollExecuteTaskStatusExecution] [config_products-db-deployer] 920ebf08-994d-4d7d-acd9-853e1143b311 [Tue Jul 19 03:51:50 UTC 2022] Collecting files... ok (0s 13ms) (STDOUT, APP/TASK/deploy)#

#2.0#2022 07 19 04:10:25.774#Z#DEBUG#com.sap.cloud.lm.sl.xs2.a1f7e244-0718-11ed-89d0-eeee0a88faf3.config_products-db-deployer.executeTaskTask#
######org.cloudfoundry.multiapps.controller.persistence.services.ProcessLogger########flowable-async-job-executor-thread-21821###
[PollExecuteTaskStatusExecution] [config_products-db-deployer] 920ebf08-994d-4d7d-acd9-853e1143b311 [Tue Jul 19 03:51:50 UTC 2022] Session variable APPLICATION is set to "SAP_HDI/dev/sbpprovider". (STDOUT, APP/TASK/deploy)#

#2.0#2022 07 19 04:10:25.774#Z#DEBUG#com.sap.cloud.lm.sl.xs2.a1f7e244-0718-11ed-89d0-eeee0a88faf3.config_products-db-deployer.executeTaskTask#
######org.cloudfoundry.multiapps.controller.persistence.services.ProcessLogger########flowable-async-job-executor-thread-21821###
[PollExecuteTaskStatusExecution] [config_products-db-deployer] 920ebf08-994d-4d7d-acd9-853e1143b311 [Tue Jul 19 03:51:50 UTC 2022] Processing revoke files... ok (0s 0ms) (STDOUT, APP/TASK/deploy)#

#2.0#2022 07 19 04:10:25.774#Z#DEBUG#com.sap.cloud.lm.sl.xs2.a1f7e244-0718-11ed-89d0-eeee0a88faf3.config_products-db-deployer.executeTaskTask#
######org.cloudfoundry.multiapps.controller.persistence.services.ProcessLogger########flowable-async-job-executor-thread-21821###
[PollExecuteTaskStatusExecution] [config_products-db-deployer] 920ebf08-994d-4d7d-acd9-853e1143b311 [Tue Jul 19 03:51:50 UTC 2022] Processing revoke files... (STDOUT, APP/TASK/deploy)#

#2.0#2022 07 19 04:10:25.774#Z#DEBUG#com.sap.cloud.lm.sl.xs2.a1f7e244-0718-11ed-89d0-eeee0a88faf3.config_products-db-deployer.executeTaskTask#
######org.cloudfoundry.multiapps.controller.persistence.services.ProcessLogger########flowable-async-job-executor-thread-21821###
[PollExecuteTaskStatusExecution] [config_products-db-deployer] 920ebf08-994d-4d7d-acd9-853e1143b311 [Tue Jul 19 03:51:50 UTC 2022] Previous build with request ID 43294 finished at 2022-07-18 11:20:20.801263000 with status Committed and message: Make succeeded (0 warnings): 6 files deployed (effective 6), 9 files undeployed (effective 12), 0 dependent files redeployed. (STDOUT, APP/TASK/deploy)#

#2.0#2022 07 19 04:10:25.774#Z#DEBUG#com.sap.cloud.lm.sl.xs2.a1f7e244-0718-11ed-89d0-eeee0a88faf3.config_products-db-deployer.executeTaskTask#
######org.cloudfoundry.multiapps.controller.persistence.services.ProcessLogger########flowable-async-job-executor-thread-21821###
[PollExecuteTaskStatusExecution] [config_products-db-deployer] 920ebf08-994d-4d7d-acd9-853e1143b311 [Tue Jul 19 03:51:50 UTC 2022] Processing "src/cclgrants.hdbgrants"... (STDOUT, APP/TASK/deploy)#

#2.0#2022 07 19 04:10:25.774#Z#DEBUG#com.sap.cloud.lm.sl.xs2.a1f7e244-0718-11ed-89d0-eeee0a88faf3.config_products-db-deployer.executeTaskTask#
######org.cloudfoundry.multiapps.controller.persistence.services.ProcessLogger########flowable-async-job-executor-thread-21821###
[PollExecuteTaskStatusExecution] [config_products-db-deployer] 920ebf08-994d-4d7d-acd9-853e1143b311 [Tue Jul 19 03:51:50 UTC 2022] Processing grants files... (STDOUT, APP/TASK/deploy)#

#2.0#2022 07 19 04:10:25.774#Z#DEBUG#com.sap.cloud.lm.sl.xs2.a1f7e244-0718-11ed-89d0-eeee0a88faf3.config_products-db-deployer.executeTaskTask#
######org.cloudfoundry.multiapps.controller.persistence.services.ProcessLogger########flowable-async-job-executor-thread-21821###
[PollExecuteTaskStatusExecution] [config_products-db-deployer] 920ebf08-994d-4d7d-acd9-853e1143b311 [Tue Jul 19 03:51:50 UTC 2022] Using grantor service "CCL1_ACCESS" of type "sql" (STDOUT, APP/TASK/deploy)#

#2.0#2022 07 19 04:10:25.774#Z#DEBUG#com.sap.cloud.lm.sl.xs2.a1f7e244-0718-11ed-89d0-eeee0a88faf3.config_products-db-deployer.executeTaskTask#
######org.cloudfoundry.multiapps.controller.persistence.services.ProcessLogger########flowable-async-job-executor-thread-21821###
[PollExecuteTaskStatusExecution] [config_products-db-deployer] 920ebf08-994d-4d7d-acd9-853e1143b311 [Tue Jul 19 03:51:50 UTC 2022] Processing grants files... ok (0s 114ms) (STDOUT, APP/TASK/deploy)#

#2.0#2022 07 19 04:10:25.775#Z#DEBUG#com.sap.cloud.lm.sl.xs2.a1f7e244-0718-11ed-89d0-eeee0a88faf3.config_products-db-deployer.executeTaskTask#
######org.cloudfoundry.multiapps.controller.persistence.services.ProcessLogger########flowable-async-job-executor-thread-21821###
[PollExecuteTaskStatusExecution] [config_products-db-deployer] 920ebf08-994d-4d7d-acd9-853e1143b311 [Tue Jul 19 03:51:50 UTC 2022] Processing "src/cclgrants.hdbgrants"... ok (STDOUT, APP/TASK/deploy)#

#2.0#2022 07 19 04:10:25.775#Z#DEBUG#com.sap.cloud.lm.sl.xs2.a1f7e244-0718-11ed-89d0-eeee0a88faf3.config_products-db-deployer.executeTaskTask#
######org.cloudfoundry.multiapps.controller.persistence.services.ProcessLogger########flowable-async-job-executor-thread-21821###
[PollExecuteTaskStatusExecution] [config_products-db-deployer] 920ebf08-994d-4d7d-acd9-853e1143b311 [Tue Jul 19 03:51:50 UTC 2022] Preprocessing files... (STDOUT, APP/TASK/deploy)#

#2.0#2022 07 19 04:10:25.775#Z#DEBUG#com.sap.cloud.lm.sl.xs2.a1f7e244-0718-11ed-89d0-eeee0a88faf3.config_products-db-deployer.executeTaskTask#
######org.cloudfoundry.multiapps.controller.persistence.services.ProcessLogger########flowable-async-job-executor-thread-21821###
[PollExecuteTaskStatusExecution] [config_products-db-deployer] 920ebf08-994d-4d7d-acd9-853e1143b311 [Tue Jul 19 03:51:50 UTC 2022] Connecting to the container "22E31DBAE729415AB87E36A13434327D"... (STDOUT, APP/TASK/deploy)#

#2.0#2022 07 19 04:10:25.775#Z#DEBUG#com.sap.cloud.lm.sl.xs2.a1f7e244-0718-11ed-89d0-eeee0a88faf3.config_products-db-deployer.executeTaskTask#
######org.cloudfoundry.multiapps.controller.persistence.services.ProcessLogger########flowable-async-job-executor-thread-21821###
[PollExecuteTaskStatusExecution] [config_products-db-deployer] 920ebf08-994d-4d7d-acd9-853e1143b311 [Tue Jul 19 03:51:50 UTC 2022] Preprocessing files... ok (0s 1ms) (STDOUT, APP/TASK/deploy)#

#2.0#2022 07 19 04:10:25.775#Z#DEBUG#com.sap.cloud.lm.sl.xs2.a1f7e244-0718-11ed-89d0-eeee0a88faf3.config_products-db-deployer.executeTaskTask#
######org.cloudfoundry.multiapps.controller.persistence.services.ProcessLogger########flowable-async-job-executor-thread-21821###
[PollExecuteTaskStatusExecution] [config_products-db-deployer] 920ebf08-994d-4d7d-acd9-853e1143b311 [Tue Jul 19 03:51:50 UTC 2022] Locking the container "22E31DBAE729415AB87E36A13434327D"... (STDOUT, APP/TASK/deploy)#

#2.0#2022 07 19 04:10:25.775#Z#DEBUG#com.sap.cloud.lm.sl.xs2.a1f7e244-0718-11ed-89d0-eeee0a88faf3.config_products-db-deployer.executeTaskTask#
######org.cloudfoundry.multiapps.controller.persistence.services.ProcessLogger########flowable-async-job-executor-thread-21821###
[PollExecuteTaskStatusExecution] [config_products-db-deployer] 920ebf08-994d-4d7d-acd9-853e1143b311 [Tue Jul 19 03:51:50 UTC 2022] Connecting to the container "22E31DBAE729415AB87E36A13434327D"... ok (0s 101ms) (STDOUT, APP/TASK/deploy)#

#2.0#2022 07 19 04:10:25.775#Z#DEBUG#com.sap.cloud.lm.sl.xs2.a1f7e244-0718-11ed-89d0-eeee0a88faf3.config_products-db-deployer.executeTaskTask#
######org.cloudfoundry.multiapps.controller.persistence.services.ProcessLogger########flowable-async-job-executor-thread-21821###
[PollExecuteTaskStatusExecution] [config_products-db-deployer] 920ebf08-994d-4d7d-acd9-853e1143b311 [Tue Jul 19 03:51:50 UTC 2022] Deleting files... (STDOUT, APP/TASK/deploy)#

#2.0#2022 07 19 04:10:25.775#Z#DEBUG#com.sap.cloud.lm.sl.xs2.a1f7e244-0718-11ed-89d0-eeee0a88faf3.config_products-db-deployer.executeTaskTask#
######org.cloudfoundry.multiapps.controller.persistence.services.ProcessLogger########flowable-async-job-executor-thread-21821###
[PollExecuteTaskStatusExecution] [config_products-db-deployer] 920ebf08-994d-4d7d-acd9-853e1143b311 [Tue Jul 19 03:51:50 UTC 2022] Synchronizing files with the container "22E31DBAE729415AB87E36A13434327D"... (STDOUT, APP/TASK/deploy)#

#2.0#2022 07 19 04:10:25.775#Z#DEBUG#com.sap.cloud.lm.sl.xs2.a1f7e244-0718-11ed-89d0-eeee0a88faf3.config_products-db-deployer.executeTaskTask#
######org.cloudfoundry.multiapps.controller.persistence.services.ProcessLogger########flowable-async-job-executor-thread-21821###
[PollExecuteTaskStatusExecution] [config_products-db-deployer] 920ebf08-994d-4d7d-acd9-853e1143b311 [Tue Jul 19 03:51:50 UTC 2022] Locking the container "22E31DBAE729415AB87E36A13434327D"... ok (0s 313ms) (STDOUT, APP/TASK/deploy)#

#2.0#2022 07 19 04:10:25.775#Z#DEBUG#com.sap.cloud.lm.sl.xs2.a1f7e244-0718-11ed-89d0-eeee0a88faf3.config_products-db-deployer.executeTaskTask#
######org.cloudfoundry.multiapps.controller.persistence.services.ProcessLogger########flowable-async-job-executor-thread-21821###
[PollExecuteTaskStatusExecution] [config_products-db-deployer] 920ebf08-994d-4d7d-acd9-853e1143b311 [Tue Jul 19 03:51:51 UTC 2022] Writing files... (STDOUT, APP/TASK/deploy)#

#2.0#2022 07 19 04:10:25.775#Z#DEBUG#com.sap.cloud.lm.sl.xs2.a1f7e244-0718-11ed-89d0-eeee0a88faf3.config_products-db-deployer.executeTaskTask#
######org.cloudfoundry.multiapps.controller.persistence.services.ProcessLogger########flowable-async-job-executor-thread-21821###
[PollExecuteTaskStatusExecution] [config_products-db-deployer] 920ebf08-994d-4d7d-acd9-853e1143b311 [Tue Jul 19 03:51:51 UTC 2022] Deleting files... ok (STDOUT, APP/TASK/deploy)#

#2.0#2022 07 19 04:10:25.775#Z#DEBUG#com.sap.cloud.lm.sl.xs2.a1f7e244-0718-11ed-89d0-eeee0a88faf3.config_products-db-deployer.executeTaskTask#
######org.cloudfoundry.multiapps.controller.persistence.services.ProcessLogger########flowable-async-job-executor-thread-21821###
[PollExecuteTaskStatusExecution] [config_products-db-deployer] 920ebf08-994d-4d7d-acd9-853e1143b311 [Tue Jul 19 03:51:52 UTC 2022] Synchronizing files with the container "22E31DBAE729415AB87E36A13434327D"... ok (1s 512ms) (STDOUT, APP/TASK/deploy)#

#2.0#2022 07 19 04:10:25.775#Z#DEBUG#com.sap.cloud.lm.sl.xs2.a1f7e244-0718-11ed-89d0-eeee0a88faf3.config_products-db-deployer.executeTaskTask#
######org.cloudfoundry.multiapps.controller.persistence.services.ProcessLogger########flowable-async-job-executor-thread-21821###
[PollExecuteTaskStatusExecution] [config_products-db-deployer] 920ebf08-994d-4d7d-acd9-853e1143b311 [Tue Jul 19 03:51:52 UTC 2022] Writing files... ok (STDOUT, APP/TASK/deploy)#

#2.0#2022 07 19 04:10:25.775#Z#DEBUG#com.sap.cloud.lm.sl.xs2.a1f7e244-0718-11ed-89d0-eeee0a88faf3.config_products-db-deployer.executeTaskTask#
######org.cloudfoundry.multiapps.controller.persistence.services.ProcessLogger########flowable-async-job-executor-thread-21821###
[PollExecuteTaskStatusExecution] [config_products-db-deployer] 920ebf08-994d-4d7d-acd9-853e1143b311 [Tue Jul 19 03:51:52 UTC 2022] Deploying to the container "22E31DBAE729415AB87E36A13434327D"... (STDOUT, APP/TASK/deploy)#

#2.0#2022 07 19 04:10:25.775#Z#DEBUG#com.sap.cloud.lm.sl.xs2.a1f7e244-0718-11ed-89d0-eeee0a88faf3.config_products-db-deployer.executeTaskTask#
######org.cloudfoundry.multiapps.controller.persistence.services.ProcessLogger########flowable-async-job-executor-thread-21821###
[PollExecuteTaskStatusExecution] [config_products-db-deployer] 920ebf08-994d-4d7d-acd9-853e1143b311 [Tue Jul 19 03:51:52 UTC 2022] 0 files are scheduled for undeploy based on explicit specification (STDOUT, APP/TASK/deploy)#

#2.0#2022 07 19 04:10:25.775#Z#DEBUG#com.sap.cloud.lm.sl.xs2.a1f7e244-0718-11ed-89d0-eeee0a88faf3.config_products-db-deployer.executeTaskTask#
######org.cloudfoundry.multiapps.controller.persistence.services.ProcessLogger########flowable-async-job-executor-thread-21821###
[PollExecuteTaskStatusExecution] [config_products-db-deployer] 920ebf08-994d-4d7d-acd9-853e1143b311 [Tue Jul 19 03:51:52 UTC 2022] 0 files are scheduled for deploy based on explicit specification (STDOUT, APP/TASK/deploy)#

#2.0#2022 07 19 04:10:25.775#Z#DEBUG#com.sap.cloud.lm.sl.xs2.a1f7e244-0718-11ed-89d0-eeee0a88faf3.config_products-db-deployer.executeTaskTask#
######org.cloudfoundry.multiapps.controller.persistence.services.ProcessLogger########flowable-async-job-executor-thread-21821###
[PollExecuteTaskStatusExecution] [config_products-db-deployer] 920ebf08-994d-4d7d-acd9-853e1143b311 [Tue Jul 19 03:51:52 UTC 2022] 0 deleted files are scheduled for undeploy based on delta detection (filtered by undeploy allowlist) (STDOUT, APP/TASK/deploy)#

#2.0#2022 07 19 04:10:25.775#Z#DEBUG#com.sap.cloud.lm.sl.xs2.a1f7e244-0718-11ed-89d0-eeee0a88faf3.config_products-db-deployer.executeTaskTask#
######org.cloudfoundry.multiapps.controller.persistence.services.ProcessLogger########flowable-async-job-executor-thread-21821###
[PollExecuteTaskStatusExecution] [config_products-db-deployer] 920ebf08-994d-4d7d-acd9-853e1143b311 [Tue Jul 19 03:51:52 UTC 2022] 0 modified or added files are scheduled for deploy based on delta detection (STDOUT, APP/TASK/deploy)#

#2.0#2022 07 19 04:10:25.775#Z#DEBUG#com.sap.cloud.lm.sl.xs2.a1f7e244-0718-11ed-89d0-eeee0a88faf3.config_products-db-deployer.executeTaskTask#
######org.cloudfoundry.multiapps.controller.persistence.services.ProcessLogger########flowable-async-job-executor-thread-21821###
[PollExecuteTaskStatusExecution] [config_products-db-deployer] 920ebf08-994d-4d7d-acd9-853e1143b311 [Tue Jul 19 03:51:52 UTC 2022] deleted files: [] (STDOUT, APP/TASK/deploy)#

#2.0#2022 07 19 04:10:25.775#Z#DEBUG#com.sap.cloud.lm.sl.xs2.a1f7e244-0718-11ed-89d0-eeee0a88faf3.config_products-db-deployer.executeTaskTask#
######org.cloudfoundry.multiapps.controller.persistence.services.ProcessLogger########flowable-async-job-executor-thread-21821###
[PollExecuteTaskStatusExecution] [config_products-db-deployer] 920ebf08-994d-4d7d-acd9-853e1143b311 [Tue Jul 19 03:51:52 UTC 2022] modified files: [] (STDOUT, APP/TASK/deploy)#

#2.0#2022 07 19 04:10:25.775#Z#DEBUG#com.sap.cloud.lm.sl.xs2.a1f7e244-0718-11ed-89d0-eeee0a88faf3.config_products-db-deployer.executeTaskTask#
######org.cloudfoundry.multiapps.controller.persistence.services.ProcessLogger########flowable-async-job-executor-thread-21821###
[PollExecuteTaskStatusExecution] [config_products-db-deployer] 920ebf08-994d-4d7d-acd9-853e1143b311 [Tue Jul 19 03:51:52 UTC 2022] added files: [] (STDOUT, APP/TASK/deploy)#

#2.0#2022 07 19 04:10:25.775#Z#DEBUG#com.sap.cloud.lm.sl.xs2.a1f7e244-0718-11ed-89d0-eeee0a88faf3.config_products-db-deployer.executeTaskTask#
######org.cloudfoundry.multiapps.controller.persistence.services.ProcessLogger########flowable-async-job-executor-thread-21821###
[PollExecuteTaskStatusExecution] [config_products-db-deployer] 920ebf08-994d-4d7d-acd9-853e1143b311 [Tue Jul 19 03:51:52 UTC 2022] No make necessary (STDOUT, APP/TASK/deploy)#

#2.0#2022 07 19 04:10:25.775#Z#DEBUG#com.sap.cloud.lm.sl.xs2.a1f7e244-0718-11ed-89d0-eeee0a88faf3.config_products-db-deployer.executeTaskTask#
######org.cloudfoundry.multiapps.controller.persistence.services.ProcessLogger########flowable-async-job-executor-thread-21821###
[PollExecuteTaskStatusExecution] [config_products-db-deployer] 920ebf08-994d-4d7d-acd9-853e1143b311 [Tue Jul 19 03:51:52 UTC 2022] Preparing... ok  (0s 0ms) (STDOUT, APP/TASK/deploy)#

#2.0#2022 07 19 04:10:25.775#Z#DEBUG#com.sap.cloud.lm.sl.xs2.a1f7e244-0718-11ed-89d0-eeee0a88faf3.config_products-db-deployer.executeTaskTask#
######org.cloudfoundry.multiapps.controller.persistence.services.ProcessLogger########flowable-async-job-executor-thread-21821###
[PollExecuteTaskStatusExecution] [config_products-db-deployer] 920ebf08-994d-4d7d-acd9-853e1143b311 [Tue Jul 19 03:51:52 UTC 2022] Preparing... (STDOUT, APP/TASK/deploy)#

#2.0#2022 07 19 04:10:25.775#Z#DEBUG#com.sap.cloud.lm.sl.xs2.a1f7e244-0718-11ed-89d0-eeee0a88faf3.config_products-db-deployer.executeTaskTask#
######org.cloudfoundry.multiapps.controller.persistence.services.ProcessLogger########flowable-async-job-executor-thread-21821###
[PollExecuteTaskStatusExecution] [config_products-db-deployer] 920ebf08-994d-4d7d-acd9-853e1143b311 [Tue Jul 19 03:51:52 UTC 2022] Making... (STDOUT, APP/TASK/deploy)#

#2.0#2022 07 19 04:10:25.775#Z#DEBUG#com.sap.cloud.lm.sl.xs2.a1f7e244-0718-11ed-89d0-eeee0a88faf3.config_products-db-deployer.executeTaskTask#
######org.cloudfoundry.multiapps.controller.persistence.services.ProcessLogger########flowable-async-job-executor-thread-21821###
[PollExecuteTaskStatusExecution] [config_products-db-deployer] 920ebf08-994d-4d7d-acd9-853e1143b311 [Tue Jul 19 03:51:52 UTC 2022] Migrating libraries... ok  (0s 8ms) (STDOUT, APP/TASK/deploy)#

#2.0#2022 07 19 04:10:25.775#Z#DEBUG#com.sap.cloud.lm.sl.xs2.a1f7e244-0718-11ed-89d0-eeee0a88faf3.config_products-db-deployer.executeTaskTask#
######org.cloudfoundry.multiapps.controller.persistence.services.ProcessLogger########flowable-async-job-executor-thread-21821###
[PollExecuteTaskStatusExecution] [config_products-db-deployer] 920ebf08-994d-4d7d-acd9-853e1143b311 [Tue Jul 19 03:51:52 UTC 2022] Migrating libraries... (STDOUT, APP/TASK/deploy)#

#2.0#2022 07 19 04:10:25.775#Z#DEBUG#com.sap.cloud.lm.sl.xs2.a1f7e244-0718-11ed-89d0-eeee0a88faf3.config_products-db-deployer.executeTaskTask#
######org.cloudfoundry.multiapps.controller.persistence.services.ProcessLogger########flowable-async-job-executor-thread-21821###
[PollExecuteTaskStatusExecution] [config_products-db-deployer] 920ebf08-994d-4d7d-acd9-853e1143b311 [Tue Jul 19 03:51:52 UTC 2022] Disabling table replication for the container schema "22E31DBAE729415AB87E36A13434327D"... ok  (0s 10ms) (STDOUT, APP/TASK/deploy)#

#2.0#2022 07 19 04:10:25.775#Z#DEBUG#com.sap.cloud.lm.sl.xs2.a1f7e244-0718-11ed-89d0-eeee0a88faf3.config_products-db-deployer.executeTaskTask#
######org.cloudfoundry.multiapps.controller.persistence.services.ProcessLogger########flowable-async-job-executor-thread-21821###
[PollExecuteTaskStatusExecution] [config_products-db-deployer] 920ebf08-994d-4d7d-acd9-853e1143b311 [Tue Jul 19 03:51:52 UTC 2022] Disabling table replication for the container schema "22E31DBAE729415AB87E36A13434327D"... (STDOUT, APP/TASK/deploy)#

#2.0#2022 07 19 04:10:25.775#Z#DEBUG#com.sap.cloud.lm.sl.xs2.a1f7e244-0718-11ed-89d0-eeee0a88faf3.config_products-db-deployer.executeTaskTask#
######org.cloudfoundry.multiapps.controller.persistence.services.ProcessLogger########flowable-async-job-executor-thread-21821###
[PollExecuteTaskStatusExecution] [config_products-db-deployer] 920ebf08-994d-4d7d-acd9-853e1143b311 [Tue Jul 19 03:51:52 UTC 2022] Starting make in the container "22E31DBAE729415AB87E36A13434327D" with 0 files to deploy, 0 files to undeploy... (STDOUT, APP/TASK/deploy)#

#2.0#2022 07 19 04:10:25.775#Z#DEBUG#com.sap.cloud.lm.sl.xs2.a1f7e244-0718-11ed-89d0-eeee0a88faf3.config_products-db-deployer.executeTaskTask#
######org.cloudfoundry.multiapps.controller.persistence.services.ProcessLogger########flowable-async-job-executor-thread-21821###
[PollExecuteTaskStatusExecution] [config_products-db-deployer] 920ebf08-994d-4d7d-acd9-853e1143b311 [Tue Jul 19 03:51:52 UTC 2022] Unlocking the container "22E31DBAE729415AB87E36A13434327D"... (STDOUT, APP/TASK/deploy)#

#2.0#2022 07 19 04:10:25.775#Z#DEBUG#com.sap.cloud.lm.sl.xs2.a1f7e244-0718-11ed-89d0-eeee0a88faf3.config_products-db-deployer.executeTaskTask#
######org.cloudfoundry.multiapps.controller.persistence.services.ProcessLogger########flowable-async-job-executor-thread-21821###
[PollExecuteTaskStatusExecution] [config_products-db-deployer] 920ebf08-994d-4d7d-acd9-853e1143b311 [Tue Jul 19 03:51:52 UTC 2022] No default-access-role handling needed; global role "22E31DBAE729415AB87E36A13434327D::access_role" will not be adapted (STDOUT, APP/TASK/deploy)#

#2.0#2022 07 19 04:10:25.775#Z#DEBUG#com.sap.cloud.lm.sl.xs2.a1f7e244-0718-11ed-89d0-eeee0a88faf3.config_products-db-deployer.executeTaskTask#
######org.cloudfoundry.multiapps.controller.persistence.services.ProcessLogger########flowable-async-job-executor-thread-21821###
[PollExecuteTaskStatusExecution] [config_products-db-deployer] 920ebf08-994d-4d7d-acd9-853e1143b311 [Tue Jul 19 03:51:52 UTC 2022] Deploying to the container "22E31DBAE729415AB87E36A13434327D"... ok (0s 278ms) (STDOUT, APP/TASK/deploy)#

#2.0#2022 07 19 04:10:25.775#Z#DEBUG#com.sap.cloud.lm.sl.xs2.a1f7e244-0718-11ed-89d0-eeee0a88faf3.config_products-db-deployer.executeTaskTask#
######org.cloudfoundry.multiapps.controller.persistence.services.ProcessLogger########flowable-async-job-executor-thread-21821###
[PollExecuteTaskStatusExecution] [config_products-db-deployer] 920ebf08-994d-4d7d-acd9-853e1143b311 [Tue Jul 19 03:51:52 UTC 2022] Starting make in the container "22E31DBAE729415AB87E36A13434327D" with 0 files to deploy, 0 files to undeploy... ok  (0s 71ms) (STDOUT, APP/TASK/deploy)#

#2.0#2022 07 19 04:10:25.775#Z#DEBUG#com.sap.cloud.lm.sl.xs2.a1f7e244-0718-11ed-89d0-eeee0a88faf3.config_products-db-deployer.executeTaskTask#
######org.cloudfoundry.multiapps.controller.persistence.services.ProcessLogger########flowable-async-job-executor-thread-21821###
[PollExecuteTaskStatusExecution] [config_products-db-deployer] 920ebf08-994d-4d7d-acd9-853e1143b311 [Tue Jul 19 03:51:52 UTC 2022] Enabling table replication for the container schema "22E31DBAE729415AB87E36A13434327D"... ok  (0s 14ms) (STDOUT, APP/TASK/deploy)#

#2.0#2022 07 19 04:10:25.775#Z#DEBUG#com.sap.cloud.lm.sl.xs2.a1f7e244-0718-11ed-89d0-eeee0a88faf3.config_products-db-deployer.executeTaskTask#
######org.cloudfoundry.multiapps.controller.persistence.services.ProcessLogger########flowable-async-job-executor-thread-21821###
[PollExecuteTaskStatusExecution] [config_products-db-deployer] 920ebf08-994d-4d7d-acd9-853e1143b311 [Tue Jul 19 03:51:52 UTC 2022] Enabling table replication for the container schema "22E31DBAE729415AB87E36A13434327D"... (STDOUT, APP/TASK/deploy)#

#2.0#2022 07 19 04:10:25.775#Z#DEBUG#com.sap.cloud.lm.sl.xs2.a1f7e244-0718-11ed-89d0-eeee0a88faf3.config_products-db-deployer.executeTaskTask#
######org.cloudfoundry.multiapps.controller.persistence.services.ProcessLogger########flowable-async-job-executor-thread-21821###
[PollExecuteTaskStatusExecution] [config_products-db-deployer] 920ebf08-994d-4d7d-acd9-853e1143b311 [Tue Jul 19 03:51:52 UTC 2022] Making... ok  (0s 34ms) (STDOUT, APP/TASK/deploy)#

#2.0#2022 07 19 04:10:25.775#Z#DEBUG#com.sap.cloud.lm.sl.xs2.a1f7e244-0718-11ed-89d0-eeee0a88faf3.config_products-db-deployer.executeTaskTask#
######org.cloudfoundry.multiapps.controller.persistence.services.ProcessLogger########flowable-async-job-executor-thread-21821###
[PollExecuteTaskStatusExecution] [config_products-db-deployer] 920ebf08-994d-4d7d-acd9-853e1143b311 [Tue Jul 19 03:51:52 UTC 2022] Deployment ended at 2022-07-19 03:51:52 (STDOUT, APP/TASK/deploy)#

#2.0#2022 07 19 04:10:25.775#Z#DEBUG#com.sap.cloud.lm.sl.xs2.a1f7e244-0718-11ed-89d0-eeee0a88faf3.config_products-db-deployer.executeTaskTask#
######org.cloudfoundry.multiapps.controller.persistence.services.ProcessLogger########flowable-async-job-executor-thread-21821###
[PollExecuteTaskStatusExecution] [config_products-db-deployer] 920ebf08-994d-4d7d-acd9-853e1143b311 [Tue Jul 19 03:51:52 UTC 2022] Deployment to container 22E31DBAE729415AB87E36A13434327D done [Deployment ID: none]. (STDOUT, APP/TASK/deploy)#

#2.0#2022 07 19 04:10:25.775#Z#DEBUG#com.sap.cloud.lm.sl.xs2.a1f7e244-0718-11ed-89d0-eeee0a88faf3.config_products-db-deployer.executeTaskTask#
######org.cloudfoundry.multiapps.controller.persistence.services.ProcessLogger########flowable-async-job-executor-thread-21821###
[PollExecuteTaskStatusExecution] [config_products-db-deployer] 920ebf08-994d-4d7d-acd9-853e1143b311 [Tue Jul 19 03:51:52 UTC 2022] Unlocking the container "22E31DBAE729415AB87E36A13434327D"... ok (0s 0ms) (STDOUT, APP/TASK/deploy)#

#2.0#2022 07 19 04:10:25.775#Z#DEBUG#com.sap.cloud.lm.sl.xs2.a1f7e244-0718-11ed-89d0-eeee0a88faf3.config_products-db-deployer.executeTaskTask#
######org.cloudfoundry.multiapps.controller.persistence.services.ProcessLogger########flowable-async-job-executor-thread-21821###
[PollExecuteTaskStatusExecution] [config_products-db-deployer] 920ebf08-994d-4d7d-acd9-853e1143b311 [Tue Jul 19 03:51:52 UTC 2022] (3s 352ms) (STDOUT, APP/TASK/deploy)#

#2.0#2022 07 19 04:10:25.775#Z#DEBUG#com.sap.cloud.lm.sl.xs2.a1f7e244-0718-11ed-89d0-eeee0a88faf3.config_products-db-deployer.executeTaskTask#
######org.cloudfoundry.multiapps.controller.persistence.services.ProcessLogger########flowable-async-job-executor-thread-21821###
[PollExecuteTaskStatusExecution] [config_products-db-deployer] 920ebf08-994d-4d7d-acd9-853e1143b311 [Tue Jul 19 03:51:52 UTC 2022] npm notice (STDERR, APP/TASK/deploy)#

#2.0#2022 07 19 04:10:25.775#Z#DEBUG#com.sap.cloud.lm.sl.xs2.a1f7e244-0718-11ed-89d0-eeee0a88faf3.config_products-db-deployer.executeTaskTask#
######org.cloudfoundry.multiapps.controller.persistence.services.ProcessLogger########flowable-async-job-executor-thread-21821###
[PollExecuteTaskStatusExecution] [config_products-db-deployer] 920ebf08-994d-4d7d-acd9-853e1143b311 [Tue Jul 19 03:51:52 UTC 2022] npm notice Run `npm install -g npm@8.14.0` to update! (STDERR, APP/TASK/deploy)#

#2.0#2022 07 19 04:10:25.775#Z#DEBUG#com.sap.cloud.lm.sl.xs2.a1f7e244-0718-11ed-89d0-eeee0a88faf3.config_products-db-deployer.executeTaskTask#
######org.cloudfoundry.multiapps.controller.persistence.services.ProcessLogger########flowable-async-job-executor-thread-21821###
[PollExecuteTaskStatusExecution] [config_products-db-deployer] 920ebf08-994d-4d7d-acd9-853e1143b311 [Tue Jul 19 03:51:52 UTC 2022] npm notice Changelog: <https://github.com/npm/cli/releases/tag/v8.14.0> (STDERR, APP/TASK/deploy)#

#2.0#2022 07 19 04:10:25.775#Z#DEBUG#com.sap.cloud.lm.sl.xs2.a1f7e244-0718-11ed-89d0-eeee0a88faf3.config_products-db-deployer.executeTaskTask#
######org.cloudfoundry.multiapps.controller.persistence.services.ProcessLogger########flowable-async-job-executor-thread-21821###
[PollExecuteTaskStatusExecution] [config_products-db-deployer] 920ebf08-994d-4d7d-acd9-853e1143b311 [Tue Jul 19 03:51:52 UTC 2022] npm notice New minor version of npm available! 8.5.5 -> 8.14.0 (STDERR, APP/TASK/deploy)#

#2.0#2022 07 19 04:10:25.775#Z#DEBUG#com.sap.cloud.lm.sl.xs2.a1f7e244-0718-11ed-89d0-eeee0a88faf3.config_products-db-deployer.executeTaskTask#
######org.cloudfoundry.multiapps.controller.persistence.services.ProcessLogger########flowable-async-job-executor-thread-21821###
[PollExecuteTaskStatusExecution] [config_products-db-deployer] 920ebf08-994d-4d7d-acd9-853e1143b311 [Tue Jul 19 03:51:52 UTC 2022] npm notice (STDERR, APP/TASK/deploy)#

#2.0#2022 07 19 04:10:25.775#Z#DEBUG#com.sap.cloud.lm.sl.xs2.a1f7e244-0718-11ed-89d0-eeee0a88faf3.config_products-db-deployer.executeTaskTask#
######org.cloudfoundry.multiapps.controller.persistence.services.ProcessLogger########flowable-async-job-executor-thread-21821###
[PollExecuteTaskStatusExecution] [config_products-db-deployer] 920ebf08-994d-4d7d-acd9-853e1143b311 [Tue Jul 19 03:51:52 UTC 2022] Exit status 0 (STDOUT, APP/TASK/deploy)#

#2.0#2022 07 19 04:10:25.776#Z#DEBUG#com.sap.cloud.lm.sl.xs2.a1f7e244-0718-11ed-89d0-eeee0a88faf3.config_products-db-deployer.executeTaskTask#
######org.cloudfoundry.multiapps.controller.persistence.services.ProcessLogger########flowable-async-job-executor-thread-21821###
[PollExecuteTaskStatusExecution] [config_products-db-deployer] 920ebf08-994d-4d7d-acd9-853e1143b311 [Tue Jul 19 03:51:53 UTC 2022] Cell 9181c745-1a39-4c65-8fd7-d4d0767aaf4d destroying container for instance 32479e67-49b2-4511-b213-665840b0ffde (STDOUT, CELL)#

#2.0#2022 07 19 04:10:25.776#Z#DEBUG#com.sap.cloud.lm.sl.xs2.a1f7e244-0718-11ed-89d0-eeee0a88faf3.config_products-db-deployer.executeTaskTask#
######org.cloudfoundry.multiapps.controller.persistence.services.ProcessLogger########flowable-async-job-executor-thread-21821###
[PollExecuteTaskStatusExecution] [config_products-db-deployer] 920ebf08-994d-4d7d-acd9-853e1143b311 [Tue Jul 19 03:51:53 UTC 2022] Cell 9181c745-1a39-4c65-8fd7-d4d0767aaf4d stopping instance 32479e67-49b2-4511-b213-665840b0ffde (STDOUT, CELL)#

#2.0#2022 07 19 04:10:25.776#Z#DEBUG#com.sap.cloud.lm.sl.xs2.a1f7e244-0718-11ed-89d0-eeee0a88faf3.config_products-db-deployer.executeTaskTask#
######org.cloudfoundry.multiapps.controller.persistence.services.ProcessLogger########flowable-async-job-executor-thread-21821###
[PollExecuteTaskStatusExecution] [config_products-db-deployer] 920ebf08-994d-4d7d-acd9-853e1143b311 [Tue Jul 19 03:51:54 UTC 2022] Cell 9181c745-1a39-4c65-8fd7-d4d0767aaf4d successfully destroyed container for instance 32479e67-49b2-4511-b213-665840b0ffde (STDOUT, CELL)#

#2.0#2022 07 19 04:10:25.776#Z#DEBUG#com.sap.cloud.lm.sl.xs2.a1f7e244-0718-11ed-89d0-eeee0a88faf3.config_products-db-deployer.executeTaskTask#
######org.cloudfoundry.multiapps.controller.persistence.services.ProcessLogger########flowable-async-job-executor-thread-21821###
[PollExecuteTaskStatusExecution] [config_products-db-deployer] 920ebf08-994d-4d7d-acd9-853e1143b311 [Tue Jul 19 04:10:06 UTC 2022] Updated app with guid 920ebf08-994d-4d7d-acd9-853e1143b311 ({"lifecycle"=>{"data"=>{"buildpacks"=>["nodejs_buildpack"]}, "type"=>"buildpack"}}) (STDOUT, API)#

#2.0#2022 07 19 04:10:25.776#Z#DEBUG#com.sap.cloud.lm.sl.xs2.a1f7e244-0718-11ed-89d0-eeee0a88faf3.config_products-db-deployer.executeTaskTask#
######org.cloudfoundry.multiapps.controller.persistence.services.ProcessLogger########flowable-async-job-executor-thread-21821###
[PollExecuteTaskStatusExecution] [config_products-db-deployer] 920ebf08-994d-4d7d-acd9-853e1143b311 [Tue Jul 19 04:10:07 UTC 2022] Updating process: "web" (STDOUT, API)#

#2.0#2022 07 19 04:10:25.776#Z#DEBUG#com.sap.cloud.lm.sl.xs2.a1f7e244-0718-11ed-89d0-eeee0a88faf3.config_products-db-deployer.executeTaskTask#
######org.cloudfoundry.multiapps.controller.persistence.services.ProcessLogger########flowable-async-job-executor-thread-21821###
[PollExecuteTaskStatusExecution] [config_products-db-deployer] 920ebf08-994d-4d7d-acd9-853e1143b311 [Tue Jul 19 04:10:07 UTC 2022] Updated app with guid 920ebf08-994d-4d7d-acd9-853e1143b311 ({"environment_variables"=>"[PRIVATE DATA HIDDEN]"}) (STDOUT, API)#

#2.0#2022 07 19 04:10:25.776#Z#DEBUG#com.sap.cloud.lm.sl.xs2.a1f7e244-0718-11ed-89d0-eeee0a88faf3.config_products-db-deployer.executeTaskTask#
######org.cloudfoundry.multiapps.controller.persistence.services.ProcessLogger########flowable-async-job-executor-thread-21821###
[PollExecuteTaskStatusExecution] [config_products-db-deployer] 920ebf08-994d-4d7d-acd9-853e1143b311 [Tue Jul 19 04:10:13 UTC 2022] Cell 4e8c1016-4938-460b-a884-392a8c4f5c1f creating container for instance fd2f8152-ae06-4cb2-9f5b-1a726e86a402 (STDOUT, CELL)#

#2.0#2022 07 19 04:10:25.776#Z#DEBUG#com.sap.cloud.lm.sl.xs2.a1f7e244-0718-11ed-89d0-eeee0a88faf3.config_products-db-deployer.executeTaskTask#
######org.cloudfoundry.multiapps.controller.persistence.services.ProcessLogger########flowable-async-job-executor-thread-21821###
[PollExecuteTaskStatusExecution] [config_products-db-deployer] 920ebf08-994d-4d7d-acd9-853e1143b311 [Tue Jul 19 04:10:14 UTC 2022] Cell 4e8c1016-4938-460b-a884-392a8c4f5c1f successfully created container for instance fd2f8152-ae06-4cb2-9f5b-1a726e86a402 (STDOUT, CELL)#

#2.0#2022 07 19 04:10:25.776#Z#DEBUG#com.sap.cloud.lm.sl.xs2.a1f7e244-0718-11ed-89d0-eeee0a88faf3.config_products-db-deployer.executeTaskTask#
######org.cloudfoundry.multiapps.controller.persistence.services.ProcessLogger########flowable-async-job-executor-thread-21821###
[PollExecuteTaskStatusExecution] [config_products-db-deployer] 920ebf08-994d-4d7d-acd9-853e1143b311 [Tue Jul 19 04:10:18 UTC 2022] > node node_modules/@sap/hdi-deploy/deploy.js  --auto-undeploy (STDOUT, APP/TASK/deploy)#

#2.0#2022 07 19 04:10:25.776#Z#DEBUG#com.sap.cloud.lm.sl.xs2.a1f7e244-0718-11ed-89d0-eeee0a88faf3.config_products-db-deployer.executeTaskTask#
######org.cloudfoundry.multiapps.controller.persistence.services.ProcessLogger########flowable-async-job-executor-thread-21821###
[PollExecuteTaskStatusExecution] [config_products-db-deployer] 920ebf08-994d-4d7d-acd9-853e1143b311 [Tue Jul 19 04:10:18 UTC 2022] > start (STDOUT, APP/TASK/deploy)#

#2.0#2022 07 19 04:10:25.776#Z#DEBUG#com.sap.cloud.lm.sl.xs2.a1f7e244-0718-11ed-89d0-eeee0a88faf3.config_products-db-deployer.executeTaskTask#
######org.cloudfoundry.multiapps.controller.persistence.services.ProcessLogger########flowable-async-job-executor-thread-21821###
[PollExecuteTaskStatusExecution] [config_products-db-deployer] 920ebf08-994d-4d7d-acd9-853e1143b311 [Tue Jul 19 04:10:19 UTC 2022] Using service replacements from environment variable "SERVICE_REPLACEMENTS" with 1 replacements (STDOUT, APP/TASK/deploy)#

#2.0#2022 07 19 04:10:25.776#Z#DEBUG#com.sap.cloud.lm.sl.xs2.a1f7e244-0718-11ed-89d0-eeee0a88faf3.config_products-db-deployer.executeTaskTask#
######org.cloudfoundry.multiapps.controller.persistence.services.ProcessLogger########flowable-async-job-executor-thread-21821###
[PollExecuteTaskStatusExecution] [config_products-db-deployer] 920ebf08-994d-4d7d-acd9-853e1143b311 [Tue Jul 19 04:10:19 UTC 2022] Using default environment variables from file ".env" (STDOUT, APP/TASK/deploy)#

#2.0#2022 07 19 04:10:25.776#Z#DEBUG#com.sap.cloud.lm.sl.xs2.a1f7e244-0718-11ed-89d0-eeee0a88faf3.config_products-db-deployer.executeTaskTask#
######org.cloudfoundry.multiapps.controller.persistence.services.ProcessLogger########flowable-async-job-executor-thread-21821###
[PollExecuteTaskStatusExecution] [config_products-db-deployer] 920ebf08-994d-4d7d-acd9-853e1143b311 [Tue Jul 19 04:10:19 UTC 2022] Deployment started at 2022-07-19 04:10:19 (STDOUT, APP/TASK/deploy)#

#2.0#2022 07 19 04:10:25.776#Z#DEBUG#com.sap.cloud.lm.sl.xs2.a1f7e244-0718-11ed-89d0-eeee0a88faf3.config_products-db-deployer.executeTaskTask#
######org.cloudfoundry.multiapps.controller.persistence.services.ProcessLogger########flowable-async-job-executor-thread-21821###
[PollExecuteTaskStatusExecution] [config_products-db-deployer] 920ebf08-994d-4d7d-acd9-853e1143b311 [Tue Jul 19 04:10:19 UTC 2022] @sap/hdi-deploy, version 4.3.3 (mode default), server version 4.00.000.00.1649147630 (4.0.0.0), node version 16.15.0, HDI version 1007, container API version 1004 (STDOUT, APP/TASK/deploy)#

#2.0#2022 07 19 04:10:25.776#Z#DEBUG#com.sap.cloud.lm.sl.xs2.a1f7e244-0718-11ed-89d0-eeee0a88faf3.config_products-db-deployer.executeTaskTask#
######org.cloudfoundry.multiapps.controller.persistence.services.ProcessLogger########flowable-async-job-executor-thread-21821###
[PollExecuteTaskStatusExecution] [config_products-db-deployer] 920ebf08-994d-4d7d-acd9-853e1143b311 [Tue Jul 19 04:10:19 UTC 2022] Collecting files... (STDOUT, APP/TASK/deploy)#

#2.0#2022 07 19 04:10:25.776#Z#DEBUG#com.sap.cloud.lm.sl.xs2.a1f7e244-0718-11ed-89d0-eeee0a88faf3.config_products-db-deployer.executeTaskTask#
######org.cloudfoundry.multiapps.controller.persistence.services.ProcessLogger########flowable-async-job-executor-thread-21821###
[PollExecuteTaskStatusExecution] [config_products-db-deployer] 920ebf08-994d-4d7d-acd9-853e1143b311 [Tue Jul 19 04:10:19 UTC 2022] No ignore file at /home/vcap/app/.hdiignore. (STDOUT, APP/TASK/deploy)#

#2.0#2022 07 19 04:10:25.776#Z#DEBUG#com.sap.cloud.lm.sl.xs2.a1f7e244-0718-11ed-89d0-eeee0a88faf3.config_products-db-deployer.executeTaskTask#
######org.cloudfoundry.multiapps.controller.persistence.services.ProcessLogger########flowable-async-job-executor-thread-21821###
[PollExecuteTaskStatusExecution] [config_products-db-deployer] 920ebf08-994d-4d7d-acd9-853e1143b311 [Tue Jul 19 04:10:19 UTC 2022] Target service: config_products-db (STDOUT, APP/TASK/deploy)#

#2.0#2022 07 19 04:10:25.776#Z#DEBUG#com.sap.cloud.lm.sl.xs2.a1f7e244-0718-11ed-89d0-eeee0a88faf3.config_products-db-deployer.executeTaskTask#
######org.cloudfoundry.multiapps.controller.persistence.services.ProcessLogger########flowable-async-job-executor-thread-21821###
[PollExecuteTaskStatusExecution] [config_products-db-deployer] 920ebf08-994d-4d7d-acd9-853e1143b311 [Tue Jul 19 04:10:19 UTC 2022] 0 reusable modules collected (STDOUT, APP/TASK/deploy)#

#2.0#2022 07 19 04:10:25.776#Z#DEBUG#com.sap.cloud.lm.sl.xs2.a1f7e244-0718-11ed-89d0-eeee0a88faf3.config_products-db-deployer.executeTaskTask#
######org.cloudfoundry.multiapps.controller.persistence.services.ProcessLogger########flowable-async-job-executor-thread-21821###
[PollExecuteTaskStatusExecution] [config_products-db-deployer] 920ebf08-994d-4d7d-acd9-853e1143b311 [Tue Jul 19 04:10:19 UTC 2022] 252 files collected (STDOUT, APP/TASK/deploy)#

#2.0#2022 07 19 04:10:25.776#Z#DEBUG#com.sap.cloud.lm.sl.xs2.a1f7e244-0718-11ed-89d0-eeee0a88faf3.config_products-db-deployer.executeTaskTask#
######org.cloudfoundry.multiapps.controller.persistence.services.ProcessLogger########flowable-async-job-executor-thread-21821###
[PollExecuteTaskStatusExecution] [config_products-db-deployer] 920ebf08-994d-4d7d-acd9-853e1143b311 [Tue Jul 19 04:10:19 UTC 2022] 5 directories collected (STDOUT, APP/TASK/deploy)#

#2.0#2022 07 19 04:10:25.776#Z#DEBUG#com.sap.cloud.lm.sl.xs2.a1f7e244-0718-11ed-89d0-eeee0a88faf3.config_products-db-deployer.executeTaskTask#
######org.cloudfoundry.multiapps.controller.persistence.services.ProcessLogger########flowable-async-job-executor-thread-21821###
[PollExecuteTaskStatusExecution] [config_products-db-deployer] 920ebf08-994d-4d7d-acd9-853e1143b311 [Tue Jul 19 04:10:19 UTC 2022] Collecting files... ok (0s 13ms) (STDOUT, APP/TASK/deploy)#

#2.0#2022 07 19 04:10:25.776#Z#DEBUG#com.sap.cloud.lm.sl.xs2.a1f7e244-0718-11ed-89d0-eeee0a88faf3.config_products-db-deployer.executeTaskTask#
######org.cloudfoundry.multiapps.controller.persistence.services.ProcessLogger########flowable-async-job-executor-thread-21821###
[PollExecuteTaskStatusExecution] [config_products-db-deployer] 920ebf08-994d-4d7d-acd9-853e1143b311 [Tue Jul 19 04:10:19 UTC 2022] Session variable APPLICATION is set to "SAP_HDI/dev/sbpprovider". (STDOUT, APP/TASK/deploy)#

#2.0#2022 07 19 04:10:25.776#Z#DEBUG#com.sap.cloud.lm.sl.xs2.a1f7e244-0718-11ed-89d0-eeee0a88faf3.config_products-db-deployer.executeTaskTask#
######org.cloudfoundry.multiapps.controller.persistence.services.ProcessLogger########flowable-async-job-executor-thread-21821###
[PollExecuteTaskStatusExecution] [config_products-db-deployer] 920ebf08-994d-4d7d-acd9-853e1143b311 [Tue Jul 19 04:10:19 UTC 2022] Processing "src/cclgrants.hdbgrants"... (STDOUT, APP/TASK/deploy)#

#2.0#2022 07 19 04:10:25.776#Z#DEBUG#com.sap.cloud.lm.sl.xs2.a1f7e244-0718-11ed-89d0-eeee0a88faf3.config_products-db-deployer.executeTaskTask#
######org.cloudfoundry.multiapps.controller.persistence.services.ProcessLogger########flowable-async-job-executor-thread-21821###
[PollExecuteTaskStatusExecution] [config_products-db-deployer] 920ebf08-994d-4d7d-acd9-853e1143b311 [Tue Jul 19 04:10:19 UTC 2022] Processing grants files... (STDOUT, APP/TASK/deploy)#

#2.0#2022 07 19 04:10:25.776#Z#DEBUG#com.sap.cloud.lm.sl.xs2.a1f7e244-0718-11ed-89d0-eeee0a88faf3.config_products-db-deployer.executeTaskTask#
######org.cloudfoundry.multiapps.controller.persistence.services.ProcessLogger########flowable-async-job-executor-thread-21821###
[PollExecuteTaskStatusExecution] [config_products-db-deployer] 920ebf08-994d-4d7d-acd9-853e1143b311 [Tue Jul 19 04:10:19 UTC 2022] Processing revoke files... ok (0s 0ms) (STDOUT, APP/TASK/deploy)#

#2.0#2022 07 19 04:10:25.776#Z#DEBUG#com.sap.cloud.lm.sl.xs2.a1f7e244-0718-11ed-89d0-eeee0a88faf3.config_products-db-deployer.executeTaskTask#
######org.cloudfoundry.multiapps.controller.persistence.services.ProcessLogger########flowable-async-job-executor-thread-21821###
[PollExecuteTaskStatusExecution] [config_products-db-deployer] 920ebf08-994d-4d7d-acd9-853e1143b311 [Tue Jul 19 04:10:19 UTC 2022] Processing revoke files... (STDOUT, APP/TASK/deploy)#

#2.0#2022 07 19 04:10:25.776#Z#DEBUG#com.sap.cloud.lm.sl.xs2.a1f7e244-0718-11ed-89d0-eeee0a88faf3.config_products-db-deployer.executeTaskTask#
######org.cloudfoundry.multiapps.controller.persistence.services.ProcessLogger########flowable-async-job-executor-thread-21821###
[PollExecuteTaskStatusExecution] [config_products-db-deployer] 920ebf08-994d-4d7d-acd9-853e1143b311 [Tue Jul 19 04:10:19 UTC 2022] Previous build with request ID 43301 finished at 2022-07-19 03:51:52.876201000 with status Rolled back and message: Starting make in the container "22E31DBAE729415AB87E36A13434327D" with 0 files to deploy, 0 files to undeploy... ok. (STDOUT, APP/TASK/deploy)#

#2.0#2022 07 19 04:10:25.776#Z#DEBUG#com.sap.cloud.lm.sl.xs2.a1f7e244-0718-11ed-89d0-eeee0a88faf3.config_products-db-deployer.executeTaskTask#
######org.cloudfoundry.multiapps.controller.persistence.services.ProcessLogger########flowable-async-job-executor-thread-21821###
[PollExecuteTaskStatusExecution] [config_products-db-deployer] 920ebf08-994d-4d7d-acd9-853e1143b311 [Tue Jul 19 04:10:19 UTC 2022] Using grantor service "CCL1_ACCESS" of type "sql" (STDOUT, APP/TASK/deploy)#

#2.0#2022 07 19 04:10:25.776#Z#DEBUG#com.sap.cloud.lm.sl.xs2.a1f7e244-0718-11ed-89d0-eeee0a88faf3.config_products-db-deployer.executeTaskTask#
######org.cloudfoundry.multiapps.controller.persistence.services.ProcessLogger########flowable-async-job-executor-thread-21821###
[PollExecuteTaskStatusExecution] [config_products-db-deployer] 920ebf08-994d-4d7d-acd9-853e1143b311 [Tue Jul 19 04:10:19 UTC 2022] Processing grants files... ok (0s 105ms) (STDOUT, APP/TASK/deploy)#

#2.0#2022 07 19 04:10:25.776#Z#DEBUG#com.sap.cloud.lm.sl.xs2.a1f7e244-0718-11ed-89d0-eeee0a88faf3.config_products-db-deployer.executeTaskTask#
######org.cloudfoundry.multiapps.controller.persistence.services.ProcessLogger########flowable-async-job-executor-thread-21821###
[PollExecuteTaskStatusExecution] [config_products-db-deployer] 920ebf08-994d-4d7d-acd9-853e1143b311 [Tue Jul 19 04:10:19 UTC 2022] Processing "src/cclgrants.hdbgrants"... ok (STDOUT, APP/TASK/deploy)#

#2.0#2022 07 19 04:10:25.776#Z#DEBUG#com.sap.cloud.lm.sl.xs2.a1f7e244-0718-11ed-89d0-eeee0a88faf3.config_products-db-deployer.executeTaskTask#
######org.cloudfoundry.multiapps.controller.persistence.services.ProcessLogger########flowable-async-job-executor-thread-21821###
[PollExecuteTaskStatusExecution] [config_products-db-deployer] 920ebf08-994d-4d7d-acd9-853e1143b311 [Tue Jul 19 04:10:19 UTC 2022] Connecting to the container "22E31DBAE729415AB87E36A13434327D"... (STDOUT, APP/TASK/deploy)#

#2.0#2022 07 19 04:10:25.776#Z#DEBUG#com.sap.cloud.lm.sl.xs2.a1f7e244-0718-11ed-89d0-eeee0a88faf3.config_products-db-deployer.executeTaskTask#
######org.cloudfoundry.multiapps.controller.persistence.services.ProcessLogger########flowable-async-job-executor-thread-21821###
[PollExecuteTaskStatusExecution] [config_products-db-deployer] 920ebf08-994d-4d7d-acd9-853e1143b311 [Tue Jul 19 04:10:19 UTC 2022] Preprocessing files... ok (0s 1ms) (STDOUT, APP/TASK/deploy)#

#2.0#2022 07 19 04:10:25.776#Z#DEBUG#com.sap.cloud.lm.sl.xs2.a1f7e244-0718-11ed-89d0-eeee0a88faf3.config_products-db-deployer.executeTaskTask#
######org.cloudfoundry.multiapps.controller.persistence.services.ProcessLogger########flowable-async-job-executor-thread-21821###
[PollExecuteTaskStatusExecution] [config_products-db-deployer] 920ebf08-994d-4d7d-acd9-853e1143b311 [Tue Jul 19 04:10:19 UTC 2022] Preprocessing files... (STDOUT, APP/TASK/deploy)#

#2.0#2022 07 19 04:10:25.776#Z#DEBUG#com.sap.cloud.lm.sl.xs2.a1f7e244-0718-11ed-89d0-eeee0a88faf3.config_products-db-deployer.executeTaskTask#
######org.cloudfoundry.multiapps.controller.persistence.services.ProcessLogger########flowable-async-job-executor-thread-21821###
[PollExecuteTaskStatusExecution] [config_products-db-deployer] 920ebf08-994d-4d7d-acd9-853e1143b311 [Tue Jul 19 04:10:19 UTC 2022] Locking the container "22E31DBAE729415AB87E36A13434327D"... (STDOUT, APP/TASK/deploy)#

#2.0#2022 07 19 04:10:25.776#Z#DEBUG#com.sap.cloud.lm.sl.xs2.a1f7e244-0718-11ed-89d0-eeee0a88faf3.config_products-db-deployer.executeTaskTask#
######org.cloudfoundry.multiapps.controller.persistence.services.ProcessLogger########flowable-async-job-executor-thread-21821###
[PollExecuteTaskStatusExecution] [config_products-db-deployer] 920ebf08-994d-4d7d-acd9-853e1143b311 [Tue Jul 19 04:10:19 UTC 2022] Connecting to the container "22E31DBAE729415AB87E36A13434327D"... ok (0s 115ms) (STDOUT, APP/TASK/deploy)#

#2.0#2022 07 19 04:10:25.776#Z#DEBUG#com.sap.cloud.lm.sl.xs2.a1f7e244-0718-11ed-89d0-eeee0a88faf3.config_products-db-deployer.executeTaskTask#
######org.cloudfoundry.multiapps.controller.persistence.services.ProcessLogger########flowable-async-job-executor-thread-21821###
[PollExecuteTaskStatusExecution] [config_products-db-deployer] 920ebf08-994d-4d7d-acd9-853e1143b311 [Tue Jul 19 04:10:20 UTC 2022] Deleting files... (STDOUT, APP/TASK/deploy)#

#2.0#2022 07 19 04:10:25.776#Z#DEBUG#com.sap.cloud.lm.sl.xs2.a1f7e244-0718-11ed-89d0-eeee0a88faf3.config_products-db-deployer.executeTaskTask#
######org.cloudfoundry.multiapps.controller.persistence.services.ProcessLogger########flowable-async-job-executor-thread-21821###
[PollExecuteTaskStatusExecution] [config_products-db-deployer] 920ebf08-994d-4d7d-acd9-853e1143b311 [Tue Jul 19 04:10:20 UTC 2022] Synchronizing files with the container "22E31DBAE729415AB87E36A13434327D"... (STDOUT, APP/TASK/deploy)#

#2.0#2022 07 19 04:10:25.776#Z#DEBUG#com.sap.cloud.lm.sl.xs2.a1f7e244-0718-11ed-89d0-eeee0a88faf3.config_products-db-deployer.executeTaskTask#
######org.cloudfoundry.multiapps.controller.persistence.services.ProcessLogger########flowable-async-job-executor-thread-21821###
[PollExecuteTaskStatusExecution] [config_products-db-deployer] 920ebf08-994d-4d7d-acd9-853e1143b311 [Tue Jul 19 04:10:20 UTC 2022] Locking the container "22E31DBAE729415AB87E36A13434327D"... ok (0s 310ms) (STDOUT, APP/TASK/deploy)#

#2.0#2022 07 19 04:10:25.776#Z#DEBUG#com.sap.cloud.lm.sl.xs2.a1f7e244-0718-11ed-89d0-eeee0a88faf3.config_products-db-deployer.executeTaskTask#
######org.cloudfoundry.multiapps.controller.persistence.services.ProcessLogger########flowable-async-job-executor-thread-21821###
[PollExecuteTaskStatusExecution] [config_products-db-deployer] 920ebf08-994d-4d7d-acd9-853e1143b311 [Tue Jul 19 04:10:20 UTC 2022] Writing files... (STDOUT, APP/TASK/deploy)#

#2.0#2022 07 19 04:10:25.776#Z#DEBUG#com.sap.cloud.lm.sl.xs2.a1f7e244-0718-11ed-89d0-eeee0a88faf3.config_products-db-deployer.executeTaskTask#
######org.cloudfoundry.multiapps.controller.persistence.services.ProcessLogger########flowable-async-job-executor-thread-21821###
[PollExecuteTaskStatusExecution] [config_products-db-deployer] 920ebf08-994d-4d7d-acd9-853e1143b311 [Tue Jul 19 04:10:20 UTC 2022] Deleting files... ok (STDOUT, APP/TASK/deploy)#

#2.0#2022 07 19 04:10:25.776#Z#DEBUG#com.sap.cloud.lm.sl.xs2.a1f7e244-0718-11ed-89d0-eeee0a88faf3.config_products-db-deployer.executeTaskTask#
######org.cloudfoundry.multiapps.controller.persistence.services.ProcessLogger########flowable-async-job-executor-thread-21821###
[PollExecuteTaskStatusExecution] [config_products-db-deployer] 920ebf08-994d-4d7d-acd9-853e1143b311 [Tue Jul 19 04:10:21 UTC 2022] Synchronizing files with the container "22E31DBAE729415AB87E36A13434327D"... ok (1s 575ms) (STDOUT, APP/TASK/deploy)#

#2.0#2022 07 19 04:10:25.776#Z#DEBUG#com.sap.cloud.lm.sl.xs2.a1f7e244-0718-11ed-89d0-eeee0a88faf3.config_products-db-deployer.executeTaskTask#
######org.cloudfoundry.multiapps.controller.persistence.services.ProcessLogger########flowable-async-job-executor-thread-21821###
[PollExecuteTaskStatusExecution] [config_products-db-deployer] 920ebf08-994d-4d7d-acd9-853e1143b311 [Tue Jul 19 04:10:21 UTC 2022] Writing files... ok (STDOUT, APP/TASK/deploy)#

#2.0#2022 07 19 04:10:25.776#Z#DEBUG#com.sap.cloud.lm.sl.xs2.a1f7e244-0718-11ed-89d0-eeee0a88faf3.config_products-db-deployer.executeTaskTask#
######org.cloudfoundry.multiapps.controller.persistence.services.ProcessLogger########flowable-async-job-executor-thread-21821###
[PollExecuteTaskStatusExecution] [config_products-db-deployer] 920ebf08-994d-4d7d-acd9-853e1143b311 [Tue Jul 19 04:10:21 UTC 2022] 0 files are scheduled for undeploy based on explicit specification (STDOUT, APP/TASK/deploy)#

#2.0#2022 07 19 04:10:25.776#Z#DEBUG#com.sap.cloud.lm.sl.xs2.a1f7e244-0718-11ed-89d0-eeee0a88faf3.config_products-db-deployer.executeTaskTask#
######org.cloudfoundry.multiapps.controller.persistence.services.ProcessLogger########flowable-async-job-executor-thread-21821###
[PollExecuteTaskStatusExecution] [config_products-db-deployer] 920ebf08-994d-4d7d-acd9-853e1143b311 [Tue Jul 19 04:10:21 UTC 2022] 0 files are scheduled for deploy based on explicit specification (STDOUT, APP/TASK/deploy)#

#2.0#2022 07 19 04:10:25.776#Z#DEBUG#com.sap.cloud.lm.sl.xs2.a1f7e244-0718-11ed-89d0-eeee0a88faf3.config_products-db-deployer.executeTaskTask#
######org.cloudfoundry.multiapps.controller.persistence.services.ProcessLogger########flowable-async-job-executor-thread-21821###
[PollExecuteTaskStatusExecution] [config_products-db-deployer] 920ebf08-994d-4d7d-acd9-853e1143b311 [Tue Jul 19 04:10:21 UTC 2022] 0 deleted files are scheduled for undeploy based on delta detection (filtered by undeploy allowlist) (STDOUT, APP/TASK/deploy)#

#2.0#2022 07 19 04:10:25.777#Z#DEBUG#com.sap.cloud.lm.sl.xs2.a1f7e244-0718-11ed-89d0-eeee0a88faf3.config_products-db-deployer.executeTaskTask#
######org.cloudfoundry.multiapps.controller.persistence.services.ProcessLogger########flowable-async-job-executor-thread-21821###
[PollExecuteTaskStatusExecution] [config_products-db-deployer] 920ebf08-994d-4d7d-acd9-853e1143b311 [Tue Jul 19 04:10:21 UTC 2022] 0 modified or added files are scheduled for deploy based on delta detection (STDOUT, APP/TASK/deploy)#

#2.0#2022 07 19 04:10:25.777#Z#DEBUG#com.sap.cloud.lm.sl.xs2.a1f7e244-0718-11ed-89d0-eeee0a88faf3.config_products-db-deployer.executeTaskTask#
######org.cloudfoundry.multiapps.controller.persistence.services.ProcessLogger########flowable-async-job-executor-thread-21821###
[PollExecuteTaskStatusExecution] [config_products-db-deployer] 920ebf08-994d-4d7d-acd9-853e1143b311 [Tue Jul 19 04:10:21 UTC 2022] deleted files: [] (STDOUT, APP/TASK/deploy)#

#2.0#2022 07 19 04:10:25.777#Z#DEBUG#com.sap.cloud.lm.sl.xs2.a1f7e244-0718-11ed-89d0-eeee0a88faf3.config_products-db-deployer.executeTaskTask#
######org.cloudfoundry.multiapps.controller.persistence.services.ProcessLogger########flowable-async-job-executor-thread-21821###
[PollExecuteTaskStatusExecution] [config_products-db-deployer] 920ebf08-994d-4d7d-acd9-853e1143b311 [Tue Jul 19 04:10:21 UTC 2022] modified files: [] (STDOUT, APP/TASK/deploy)#

#2.0#2022 07 19 04:10:25.777#Z#DEBUG#com.sap.cloud.lm.sl.xs2.a1f7e244-0718-11ed-89d0-eeee0a88faf3.config_products-db-deployer.executeTaskTask#
######org.cloudfoundry.multiapps.controller.persistence.services.ProcessLogger########flowable-async-job-executor-thread-21821###
[PollExecuteTaskStatusExecution] [config_products-db-deployer] 920ebf08-994d-4d7d-acd9-853e1143b311 [Tue Jul 19 04:10:21 UTC 2022] added files: [] (STDOUT, APP/TASK/deploy)#

#2.0#2022 07 19 04:10:25.777#Z#DEBUG#com.sap.cloud.lm.sl.xs2.a1f7e244-0718-11ed-89d0-eeee0a88faf3.config_products-db-deployer.executeTaskTask#
######org.cloudfoundry.multiapps.controller.persistence.services.ProcessLogger########flowable-async-job-executor-thread-21821###
[PollExecuteTaskStatusExecution] [config_products-db-deployer] 920ebf08-994d-4d7d-acd9-853e1143b311 [Tue Jul 19 04:10:21 UTC 2022] Deploying to the container "22E31DBAE729415AB87E36A13434327D"... (STDOUT, APP/TASK/deploy)#

#2.0#2022 07 19 04:10:25.777#Z#DEBUG#com.sap.cloud.lm.sl.xs2.a1f7e244-0718-11ed-89d0-eeee0a88faf3.config_products-db-deployer.executeTaskTask#
######org.cloudfoundry.multiapps.controller.persistence.services.ProcessLogger########flowable-async-job-executor-thread-21821###
[PollExecuteTaskStatusExecution] [config_products-db-deployer] 920ebf08-994d-4d7d-acd9-853e1143b311 [Tue Jul 19 04:10:22 UTC 2022] Making... (STDOUT, APP/TASK/deploy)#

#2.0#2022 07 19 04:10:25.777#Z#DEBUG#com.sap.cloud.lm.sl.xs2.a1f7e244-0718-11ed-89d0-eeee0a88faf3.config_products-db-deployer.executeTaskTask#
######org.cloudfoundry.multiapps.controller.persistence.services.ProcessLogger########flowable-async-job-executor-thread-21821###
[PollExecuteTaskStatusExecution] [config_products-db-deployer] 920ebf08-994d-4d7d-acd9-853e1143b311 [Tue Jul 19 04:10:22 UTC 2022] Migrating libraries... ok  (0s 8ms) (STDOUT, APP/TASK/deploy)#

#2.0#2022 07 19 04:10:25.777#Z#DEBUG#com.sap.cloud.lm.sl.xs2.a1f7e244-0718-11ed-89d0-eeee0a88faf3.config_products-db-deployer.executeTaskTask#
######org.cloudfoundry.multiapps.controller.persistence.services.ProcessLogger########flowable-async-job-executor-thread-21821###
[PollExecuteTaskStatusExecution] [config_products-db-deployer] 920ebf08-994d-4d7d-acd9-853e1143b311 [Tue Jul 19 04:10:22 UTC 2022] Migrating libraries... (STDOUT, APP/TASK/deploy)#

#2.0#2022 07 19 04:10:25.777#Z#DEBUG#com.sap.cloud.lm.sl.xs2.a1f7e244-0718-11ed-89d0-eeee0a88faf3.config_products-db-deployer.executeTaskTask#
######org.cloudfoundry.multiapps.controller.persistence.services.ProcessLogger########flowable-async-job-executor-thread-21821###
[PollExecuteTaskStatusExecution] [config_products-db-deployer] 920ebf08-994d-4d7d-acd9-853e1143b311 [Tue Jul 19 04:10:22 UTC 2022] Disabling table replication for the container schema "22E31DBAE729415AB87E36A13434327D"... ok  (0s 11ms) (STDOUT, APP/TASK/deploy)#

#2.0#2022 07 19 04:10:25.777#Z#DEBUG#com.sap.cloud.lm.sl.xs2.a1f7e244-0718-11ed-89d0-eeee0a88faf3.config_products-db-deployer.executeTaskTask#
######org.cloudfoundry.multiapps.controller.persistence.services.ProcessLogger########flowable-async-job-executor-thread-21821###
[PollExecuteTaskStatusExecution] [config_products-db-deployer] 920ebf08-994d-4d7d-acd9-853e1143b311 [Tue Jul 19 04:10:22 UTC 2022] Disabling table replication for the container schema "22E31DBAE729415AB87E36A13434327D"... (STDOUT, APP/TASK/deploy)#

#2.0#2022 07 19 04:10:25.777#Z#DEBUG#com.sap.cloud.lm.sl.xs2.a1f7e244-0718-11ed-89d0-eeee0a88faf3.config_products-db-deployer.executeTaskTask#
######org.cloudfoundry.multiapps.controller.persistence.services.ProcessLogger########flowable-async-job-executor-thread-21821###
[PollExecuteTaskStatusExecution] [config_products-db-deployer] 920ebf08-994d-4d7d-acd9-853e1143b311 [Tue Jul 19 04:10:22 UTC 2022] Starting make in the container "22E31DBAE729415AB87E36A13434327D" with 0 files to deploy, 0 files to undeploy... (STDOUT, APP/TASK/deploy)#

#2.0#2022 07 19 04:10:25.777#Z#DEBUG#com.sap.cloud.lm.sl.xs2.a1f7e244-0718-11ed-89d0-eeee0a88faf3.config_products-db-deployer.executeTaskTask#
######org.cloudfoundry.multiapps.controller.persistence.services.ProcessLogger########flowable-async-job-executor-thread-21821###
[PollExecuteTaskStatusExecution] [config_products-db-deployer] 920ebf08-994d-4d7d-acd9-853e1143b311 [Tue Jul 19 04:10:22 UTC 2022] No default-access-role handling needed; global role "22E31DBAE729415AB87E36A13434327D::access_role" will not be adapted (STDOUT, APP/TASK/deploy)#

#2.0#2022 07 19 04:10:25.777#Z#DEBUG#com.sap.cloud.lm.sl.xs2.a1f7e244-0718-11ed-89d0-eeee0a88faf3.config_products-db-deployer.executeTaskTask#
######org.cloudfoundry.multiapps.controller.persistence.services.ProcessLogger########flowable-async-job-executor-thread-21821###
[PollExecuteTaskStatusExecution] [config_products-db-deployer] 920ebf08-994d-4d7d-acd9-853e1143b311 [Tue Jul 19 04:10:22 UTC 2022] Deploying to the container "22E31DBAE729415AB87E36A13434327D"... ok (0s 284ms) (STDOUT, APP/TASK/deploy)#

#2.0#2022 07 19 04:10:25.777#Z#DEBUG#com.sap.cloud.lm.sl.xs2.a1f7e244-0718-11ed-89d0-eeee0a88faf3.config_products-db-deployer.executeTaskTask#
######org.cloudfoundry.multiapps.controller.persistence.services.ProcessLogger########flowable-async-job-executor-thread-21821###
[PollExecuteTaskStatusExecution] [config_products-db-deployer] 920ebf08-994d-4d7d-acd9-853e1143b311 [Tue Jul 19 04:10:22 UTC 2022] Starting make in the container "22E31DBAE729415AB87E36A13434327D" with 0 files to deploy, 0 files to undeploy... ok  (0s 74ms) (STDOUT, APP/TASK/deploy)#

#2.0#2022 07 19 04:10:25.777#Z#DEBUG#com.sap.cloud.lm.sl.xs2.a1f7e244-0718-11ed-89d0-eeee0a88faf3.config_products-db-deployer.executeTaskTask#
######org.cloudfoundry.multiapps.controller.persistence.services.ProcessLogger########flowable-async-job-executor-thread-21821###
[PollExecuteTaskStatusExecution] [config_products-db-deployer] 920ebf08-994d-4d7d-acd9-853e1143b311 [Tue Jul 19 04:10:22 UTC 2022] Enabling table replication for the container schema "22E31DBAE729415AB87E36A13434327D"... ok  (0s 12ms) (STDOUT, APP/TASK/deploy)#

#2.0#2022 07 19 04:10:25.777#Z#DEBUG#com.sap.cloud.lm.sl.xs2.a1f7e244-0718-11ed-89d0-eeee0a88faf3.config_products-db-deployer.executeTaskTask#
######org.cloudfoundry.multiapps.controller.persistence.services.ProcessLogger########flowable-async-job-executor-thread-21821###
[PollExecuteTaskStatusExecution] [config_products-db-deployer] 920ebf08-994d-4d7d-acd9-853e1143b311 [Tue Jul 19 04:10:22 UTC 2022] Enabling table replication for the container schema "22E31DBAE729415AB87E36A13434327D"... (STDOUT, APP/TASK/deploy)#

#2.0#2022 07 19 04:10:25.777#Z#DEBUG#com.sap.cloud.lm.sl.xs2.a1f7e244-0718-11ed-89d0-eeee0a88faf3.config_products-db-deployer.executeTaskTask#
######org.cloudfoundry.multiapps.controller.persistence.services.ProcessLogger########flowable-async-job-executor-thread-21821###
[PollExecuteTaskStatusExecution] [config_products-db-deployer] 920ebf08-994d-4d7d-acd9-853e1143b311 [Tue Jul 19 04:10:22 UTC 2022] Making... ok  (0s 37ms) (STDOUT, APP/TASK/deploy)#

#2.0#2022 07 19 04:10:25.777#Z#DEBUG#com.sap.cloud.lm.sl.xs2.a1f7e244-0718-11ed-89d0-eeee0a88faf3.config_products-db-deployer.executeTaskTask#
######org.cloudfoundry.multiapps.controller.persistence.services.ProcessLogger########flowable-async-job-executor-thread-21821###
[PollExecuteTaskStatusExecution] [config_products-db-deployer] 920ebf08-994d-4d7d-acd9-853e1143b311 [Tue Jul 19 04:10:22 UTC 2022] No make necessary (STDOUT, APP/TASK/deploy)#

#2.0#2022 07 19 04:10:25.777#Z#DEBUG#com.sap.cloud.lm.sl.xs2.a1f7e244-0718-11ed-89d0-eeee0a88faf3.config_products-db-deployer.executeTaskTask#
######org.cloudfoundry.multiapps.controller.persistence.services.ProcessLogger########flowable-async-job-executor-thread-21821###
[PollExecuteTaskStatusExecution] [config_products-db-deployer] 920ebf08-994d-4d7d-acd9-853e1143b311 [Tue Jul 19 04:10:22 UTC 2022] Preparing... ok  (0s 0ms) (STDOUT, APP/TASK/deploy)#

#2.0#2022 07 19 04:10:25.777#Z#DEBUG#com.sap.cloud.lm.sl.xs2.a1f7e244-0718-11ed-89d0-eeee0a88faf3.config_products-db-deployer.executeTaskTask#
######org.cloudfoundry.multiapps.controller.persistence.services.ProcessLogger########flowable-async-job-executor-thread-21821###
[PollExecuteTaskStatusExecution] [config_products-db-deployer] 920ebf08-994d-4d7d-acd9-853e1143b311 [Tue Jul 19 04:10:22 UTC 2022] Preparing... (STDOUT, APP/TASK/deploy)#

#2.0#2022 07 19 04:10:25.777#Z#DEBUG#com.sap.cloud.lm.sl.xs2.a1f7e244-0718-11ed-89d0-eeee0a88faf3.config_products-db-deployer.executeTaskTask#
######org.cloudfoundry.multiapps.controller.persistence.services.ProcessLogger########flowable-async-job-executor-thread-21821###
[PollExecuteTaskStatusExecution] [config_products-db-deployer] 920ebf08-994d-4d7d-acd9-853e1143b311 [Tue Jul 19 04:10:22 UTC 2022] Deployment to container 22E31DBAE729415AB87E36A13434327D done [Deployment ID: none]. (STDOUT, APP/TASK/deploy)#

#2.0#2022 07 19 04:10:25.777#Z#DEBUG#com.sap.cloud.lm.sl.xs2.a1f7e244-0718-11ed-89d0-eeee0a88faf3.config_products-db-deployer.executeTaskTask#
######org.cloudfoundry.multiapps.controller.persistence.services.ProcessLogger########flowable-async-job-executor-thread-21821###
[PollExecuteTaskStatusExecution] [config_products-db-deployer] 920ebf08-994d-4d7d-acd9-853e1143b311 [Tue Jul 19 04:10:22 UTC 2022] Unlocking the container "22E31DBAE729415AB87E36A13434327D"... ok (0s 0ms) (STDOUT, APP/TASK/deploy)#

#2.0#2022 07 19 04:10:25.777#Z#DEBUG#com.sap.cloud.lm.sl.xs2.a1f7e244-0718-11ed-89d0-eeee0a88faf3.config_products-db-deployer.executeTaskTask#
######org.cloudfoundry.multiapps.controller.persistence.services.ProcessLogger########flowable-async-job-executor-thread-21821###
[PollExecuteTaskStatusExecution] [config_products-db-deployer] 920ebf08-994d-4d7d-acd9-853e1143b311 [Tue Jul 19 04:10:22 UTC 2022] Unlocking the container "22E31DBAE729415AB87E36A13434327D"... (STDOUT, APP/TASK/deploy)#

#2.0#2022 07 19 04:10:25.777#Z#DEBUG#com.sap.cloud.lm.sl.xs2.a1f7e244-0718-11ed-89d0-eeee0a88faf3.config_products-db-deployer.executeTaskTask#
######org.cloudfoundry.multiapps.controller.persistence.services.ProcessLogger########flowable-async-job-executor-thread-21821###
[PollExecuteTaskStatusExecution] [config_products-db-deployer] 920ebf08-994d-4d7d-acd9-853e1143b311 [Tue Jul 19 04:10:22 UTC 2022] (3s 672ms) (STDOUT, APP/TASK/deploy)#

#2.0#2022 07 19 04:10:25.777#Z#DEBUG#com.sap.cloud.lm.sl.xs2.a1f7e244-0718-11ed-89d0-eeee0a88faf3.config_products-db-deployer.executeTaskTask#
######org.cloudfoundry.multiapps.controller.persistence.services.ProcessLogger########flowable-async-job-executor-thread-21821###
[PollExecuteTaskStatusExecution] [config_products-db-deployer] 920ebf08-994d-4d7d-acd9-853e1143b311 [Tue Jul 19 04:10:22 UTC 2022] Deployment ended at 2022-07-19 04:10:22 (STDOUT, APP/TASK/deploy)#

#2.0#2022 07 19 04:10:25.777#Z#DEBUG#com.sap.cloud.lm.sl.xs2.a1f7e244-0718-11ed-89d0-eeee0a88faf3.config_products-db-deployer.executeTaskTask#
######org.cloudfoundry.multiapps.controller.persistence.services.ProcessLogger########flowable-async-job-executor-thread-21821###
[PollExecuteTaskStatusExecution] [config_products-db-deployer] 920ebf08-994d-4d7d-acd9-853e1143b311 [Tue Jul 19 04:10:22 UTC 2022] npm notice New minor version of npm available! 8.5.5 -> 8.14.0 (STDERR, APP/TASK/deploy)#

#2.0#2022 07 19 04:10:25.777#Z#DEBUG#com.sap.cloud.lm.sl.xs2.a1f7e244-0718-11ed-89d0-eeee0a88faf3.config_products-db-deployer.executeTaskTask#
######org.cloudfoundry.multiapps.controller.persistence.services.ProcessLogger########flowable-async-job-executor-thread-21821###
[PollExecuteTaskStatusExecution] [config_products-db-deployer] 920ebf08-994d-4d7d-acd9-853e1143b311 [Tue Jul 19 04:10:22 UTC 2022] npm notice (STDERR, APP/TASK/deploy)#

#2.0#2022 07 19 04:10:25.777#Z#DEBUG#com.sap.cloud.lm.sl.xs2.a1f7e244-0718-11ed-89d0-eeee0a88faf3.config_products-db-deployer.executeTaskTask#
######org.cloudfoundry.multiapps.controller.persistence.services.ProcessLogger########flowable-async-job-executor-thread-21821###
[PollExecuteTaskStatusExecution] [config_products-db-deployer] 920ebf08-994d-4d7d-acd9-853e1143b311 [Tue Jul 19 04:10:22 UTC 2022] npm notice (STDERR, APP/TASK/deploy)#

#2.0#2022 07 19 04:10:25.777#Z#DEBUG#com.sap.cloud.lm.sl.xs2.a1f7e244-0718-11ed-89d0-eeee0a88faf3.config_products-db-deployer.executeTaskTask#
######org.cloudfoundry.multiapps.controller.persistence.services.ProcessLogger########flowable-async-job-executor-thread-21821###
[PollExecuteTaskStatusExecution] [config_products-db-deployer] 920ebf08-994d-4d7d-acd9-853e1143b311 [Tue Jul 19 04:10:22 UTC 2022] npm notice Run `npm install -g npm@8.14.0` to update! (STDERR, APP/TASK/deploy)#

#2.0#2022 07 19 04:10:25.777#Z#DEBUG#com.sap.cloud.lm.sl.xs2.a1f7e244-0718-11ed-89d0-eeee0a88faf3.config_products-db-deployer.executeTaskTask#
######org.cloudfoundry.multiapps.controller.persistence.services.ProcessLogger########flowable-async-job-executor-thread-21821###
[PollExecuteTaskStatusExecution] [config_products-db-deployer] 920ebf08-994d-4d7d-acd9-853e1143b311 [Tue Jul 19 04:10:22 UTC 2022] npm notice Changelog: <https://github.com/npm/cli/releases/tag/v8.14.0> (STDERR, APP/TASK/deploy)#

#2.0#2022 07 19 04:10:25.777#Z#DEBUG#com.sap.cloud.lm.sl.xs2.a1f7e244-0718-11ed-89d0-eeee0a88faf3.config_products-db-deployer.executeTaskTask#
######org.cloudfoundry.multiapps.controller.persistence.services.ProcessLogger########flowable-async-job-executor-thread-21821###
[PollExecuteTaskStatusExecution] [config_products-db-deployer] 920ebf08-994d-4d7d-acd9-853e1143b311 [Tue Jul 19 04:10:22 UTC 2022] Exit status 0 (STDOUT, APP/TASK/deploy)#

#2.0#2022 07 19 04:10:25.777#Z#DEBUG#com.sap.cloud.lm.sl.xs2.a1f7e244-0718-11ed-89d0-eeee0a88faf3.config_products-db-deployer.executeTaskTask#
######org.cloudfoundry.multiapps.controller.persistence.services.ProcessLogger########flowable-async-job-executor-thread-21821###
[PollExecuteTaskStatusExecution] [config_products-db-deployer] 920ebf08-994d-4d7d-acd9-853e1143b311 [Tue Jul 19 04:10:22 UTC 2022] Cell 4e8c1016-4938-460b-a884-392a8c4f5c1f destroying container for instance fd2f8152-ae06-4cb2-9f5b-1a726e86a402 (STDOUT, CELL)#

#2.0#2022 07 19 04:10:25.777#Z#DEBUG#com.sap.cloud.lm.sl.xs2.a1f7e244-0718-11ed-89d0-eeee0a88faf3.config_products-db-deployer.executeTaskTask#
######org.cloudfoundry.multiapps.controller.persistence.services.ProcessLogger########flowable-async-job-executor-thread-21821###
[PollExecuteTaskStatusExecution] [config_products-db-deployer] 920ebf08-994d-4d7d-acd9-853e1143b311 [Tue Jul 19 04:10:22 UTC 2022] Cell 4e8c1016-4938-460b-a884-392a8c4f5c1f stopping instance fd2f8152-ae06-4cb2-9f5b-1a726e86a402 (STDOUT, CELL)#

#2.0#2022 07 19 04:10:25.777#Z#DEBUG#com.sap.cloud.lm.sl.xs2.a1f7e244-0718-11ed-89d0-eeee0a88faf3.config_products-db-deployer.executeTaskTask#
######org.cloudfoundry.multiapps.controller.persistence.services.ProcessLogger########flowable-async-job-executor-thread-21821###
[PollExecuteTaskStatusExecution] [config_products-db-deployer] 920ebf08-994d-4d7d-acd9-853e1143b311 [Tue Jul 19 04:10:23 UTC 2022] Cell 4e8c1016-4938-460b-a884-392a8c4f5c1f successfully destroyed container for instance fd2f8152-ae06-4cb2-9f5b-1a726e86a402 (STDOUT, CELL)#

