{
  message: [32m'Started timeseries Service'[39m,
  level: [32m'info'[39m,
  label: [32m'Timeseries'[39m,
  timestamp: [32m'2022-04-14T07:26:44.116Z'[39m
}
{
  message: [32m'Date: 2019-08-04| Success Records: 93108| Total Records:9450'[39m,
  level: [32m'info'[39m,
  label: [32m'Timeseries'[39m,
  timestamp: [32m'2022-04-14T07:26:47.214Z'[39m
}
{
  message: [32m'Insert Char Length: 9450'[39m,
  level: [32m'info'[39m,
  label: [32m'Timeseries'[39m,
  timestamp: [32m'2022-04-14T07:26:48.168Z'[39m
}
{
  message: [32m"transaction rolled back by lock wait timeout: TrexColumnUpdate failed on table '22E31DBAE729415AB87E36A13434327D:CP_TS_OBJDEP_CHARHDR' with error: transaction rolled back by lock wait timeout: Lock-wait time out exceeded [OWNER=348864716802, TYPE=RECORD_LOCK, CURRENT_MODE=EXCLUSIVE, REQUESTED_MODE=EXCLUSIVE], rc=4628/undefined"[39m,
  level: [32m'error'[39m,
  label: [32m'Timeseries'[39m,
  timestamp: [32m'2022-04-14T07:56:48.408Z'[39m
}
{
  message: [32m'Insert Head Length: 2184'[39m,
  level: [32m'info'[39m,
  label: [32m'Timeseries'[39m,
  timestamp: [32m'2022-04-14T07:56:52.245Z'[39m
}
{
  message: [32m'Started timeseries Service'[39m,
  level: [32m'info'[39m,
  label: [32m'Timeseries'[39m,
  timestamp: [32m'2022-04-14T08:54:10.855Z'[39m
}
{
  message: [32m'Date: 2019-08-04| Success Records: 93108| Total Records:9450'[39m,
  level: [32m'info'[39m,
  label: [32m'Timeseries'[39m,
  timestamp: [32m'2022-04-14T08:54:13.683Z'[39m
}
{
  message: 'Started timeseries Service',
  level: 'info',
  label: 'Timeseries',
  timestamp: '2022-04-14T09:13:59.521Z'
}
{
  message: 'Date: 2019-08-04| Success Records: 93108| Total Records:9450',
  level: 'info',
  label: 'Timeseries',
  timestamp: '2022-04-14T09:15:17.259Z'
}
{
  message: 'Insert Char Length: 9450',
  level: 'info',
  label: 'Timeseries',
  timestamp: '2022-04-14T09:15:23.349Z'
}
{
  message: "transaction rolled back by lock wait timeout: TrexColumnUpdate failed on table '22E31DBAE729415AB87E36A13434327D:CP_TS_OBJDEP_CHARHDR' with error: transaction rolled back by lock wait timeout: Lock-wait time out exceeded [OWNER=349026193410, TYPE=RECORD_LOCK, CURRENT_MODE=EXCLUSIVE, REQUESTED_MODE=EXCLUSIVE], rc=4628/undefined",
  level: 'error',
  label: 'Timeseries',
  timestamp: '2022-04-14T09:45:37.983Z'
}
{
  message: 'Started timeseries Service',
  level: 'info',
  label: 'Timeseries',
  timestamp: '2022-04-18T08:54:04.430Z'
}
{
  message: 'Date: 2019-08-04| Success Records: 93108| Total Records:9450',
  level: 'info',
  label: 'Timeseries',
  timestamp: '2022-04-18T08:54:27.271Z'
}
{
  message: 'Insert Char Length: 9450',
  level: 'info',
  label: 'Timeseries',
  timestamp: '2022-04-18T08:54:36.170Z'
}
{
  message: 'invalid column name: OD: line 1 col 176 (at pos 175)/undefined',
  level: 'error',
  label: 'Timeseries',
  timestamp: '2022-04-18T08:55:39.729Z'
}
{
  message: 'Insert Head Length: 2184',
  level: 'info',
  label: 'Timeseries',
  timestamp: '2022-04-18T08:55:43.128Z'
}
{
  message: [32m'Started timeseries Service'[39m,
  level: [32m'info'[39m,
  label: [32m'Timeseries'[39m,
  timestamp: [32m'2022-04-18T09:18:39.026Z'[39m
}
{
  message: [32m'Date: 2019-08-04| Success Records: 93108| Total Records:9450'[39m,
  level: [32m'info'[39m,
  label: [32m'Timeseries'[39m,
  timestamp: [32m'2022-04-18T09:18:43.364Z'[39m
}
{
  message: [32m'Insert Char Length: 9450'[39m,
  level: [32m'info'[39m,
  label: [32m'Timeseries'[39m,
  timestamp: [32m'2022-04-18T09:18:44.947Z'[39m
}
{
  message: [32m'Too many parameters for the SQL statement/undefined'[39m,
  level: [32m'error'[39m,
  label: [32m'Timeseries'[39m,
  timestamp: [32m'2022-04-18T09:18:45.241Z'[39m
}
{
  message: [32m'Insert Head Length: 2184'[39m,
  level: [32m'info'[39m,
  label: [32m'Timeseries'[39m,
  timestamp: [32m'2022-04-18T09:18:49.525Z'[39m
}
{
  message: [32m'Started timeseries Service'[39m,
  level: [32m'info'[39m,
  label: [32m'Timeseries'[39m,
  timestamp: [32m'2022-04-18T10:01:29.186Z'[39m
}
{
  message: [32m'Date: 2019-08-04| Success Records: 93108| Total Records:9450'[39m,
  level: [32m'info'[39m,
  label: [32m'Timeseries'[39m,
  timestamp: [32m'2022-04-18T10:01:32.451Z'[39m
}
{
  message: [32m'Insert Char Length: 9450'[39m,
  level: [32m'info'[39m,
  label: [32m'Timeseries'[39m,
  timestamp: [32m'2022-04-18T10:01:33.501Z'[39m
}
{
  message: [32m'Too many parameters for the SQL statement/undefined'[39m,
  level: [32m'error'[39m,
  label: [32m'Timeseries'[39m,
  timestamp: [32m'2022-04-18T10:01:33.687Z'[39m
}
{
  message: [32m'Insert Head Length: 2184'[39m,
  level: [32m'info'[39m,
  label: [32m'Timeseries'[39m,
  timestamp: [32m'2022-04-18T10:01:36.111Z'[39m
}
{
  message: [32m'Date: 2019-08-18| Success Records: 4977| Total Records:9450'[39m,
  level: [32m'info'[39m,
  label: [32m'Timeseries'[39m,
  timestamp: [32m'2022-04-18T10:01:36.439Z'[39m
}
{
  message: [32m'Insert Char Length: 9450'[39m,
  level: [32m'info'[39m,
  label: [32m'Timeseries'[39m,
  timestamp: [32m'2022-04-18T10:01:37.183Z'[39m
}
{
  message: [32m'Too many parameters for the SQL statement/undefined'[39m,
  level: [32m'error'[39m,
  label: [32m'Timeseries'[39m,
  timestamp: [32m'2022-04-18T10:01:37.269Z'[39m
}
{
  message: [32m'Insert Head Length: 2184'[39m,
  level: [32m'info'[39m,
  label: [32m'Timeseries'[39m,
  timestamp: [32m'2022-04-18T10:01:37.588Z'[39m
}
{
  message: [32m'Date: 2019-09-22| Success Records: 5158| Total Records:9450'[39m,
  level: [32m'info'[39m,
  label: [32m'Timeseries'[39m,
  timestamp: [32m'2022-04-18T10:01:37.813Z'[39m
}
{
  message: [32m'Insert Char Length: 9450'[39m,
  level: [32m'info'[39m,
  label: [32m'Timeseries'[39m,
  timestamp: [32m'2022-04-18T10:01:38.542Z'[39m
}
{
  message: [32m'Too many parameters for the SQL statement/undefined'[39m,
  level: [32m'error'[39m,
  label: [32m'Timeseries'[39m,
  timestamp: [32m'2022-04-18T10:01:38.633Z'[39m
}
{
  message: [32m'Insert Head Length: 2184'[39m,
  level: [32m'info'[39m,
  label: [32m'Timeseries'[39m,
  timestamp: [32m'2022-04-18T10:01:38.876Z'[39m
}
{
  message: [32m'Date: 2020-01-05| Success Records: 23812| Total Records:9450'[39m,
  level: [32m'info'[39m,
  label: [32m'Timeseries'[39m,
  timestamp: [32m'2022-04-18T10:01:39.350Z'[39m
}
{
  message: [32m'Insert Char Length: 9450'[39m,
  level: [32m'info'[39m,
  label: [32m'Timeseries'[39m,
  timestamp: [32m'2022-04-18T10:01:40.106Z'[39m
}
{
  message: [32m'Too many parameters for the SQL statement/undefined'[39m,
  level: [32m'error'[39m,
  label: [32m'Timeseries'[39m,
  timestamp: [32m'2022-04-18T10:01:40.219Z'[39m
}
{
  message: [32m'Insert Head Length: 2184'[39m,
  level: [32m'info'[39m,
  label: [32m'Timeseries'[39m,
  timestamp: [32m'2022-04-18T10:01:40.966Z'[39m
}
{
  message: [32m'Date: 2020-01-26| Success Records: 29176| Total Records:9450'[39m,
  level: [32m'info'[39m,
  label: [32m'Timeseries'[39m,
  timestamp: [32m'2022-04-18T10:01:41.936Z'[39m
}
{
  message: [32m'Insert Char Length: 9450'[39m,
  level: [32m'info'[39m,
  label: [32m'Timeseries'[39m,
  timestamp: [32m'2022-04-18T10:01:42.975Z'[39m
}
{
  message: [32m'Too many parameters for the SQL statement/undefined'[39m,
  level: [32m'error'[39m,
  label: [32m'Timeseries'[39m,
  timestamp: [32m'2022-04-18T10:01:43.112Z'[39m
}
{
  message: [32m'Insert Head Length: 2184'[39m,
  level: [32m'info'[39m,
  label: [32m'Timeseries'[39m,
  timestamp: [32m'2022-04-18T10:01:44.050Z'[39m
}
{
  message: [32m'Date: 2020-03-01| Success Records: 20183| Total Records:9450'[39m,
  level: [32m'info'[39m,
  label: [32m'Timeseries'[39m,
  timestamp: [32m'2022-04-18T10:01:44.514Z'[39m
}
{
  message: [32m'Insert Char Length: 9450'[39m,
  level: [32m'info'[39m,
  label: [32m'Timeseries'[39m,
  timestamp: [32m'2022-04-18T10:01:45.514Z'[39m
}
{
  message: [32m'Too many parameters for the SQL statement/undefined'[39m,
  level: [32m'error'[39m,
  label: [32m'Timeseries'[39m,
  timestamp: [32m'2022-04-18T10:01:45.605Z'[39m
}
{
  message: [32m'Insert Head Length: 2184'[39m,
  level: [32m'info'[39m,
  label: [32m'Timeseries'[39m,
  timestamp: [32m'2022-04-18T10:01:46.300Z'[39m
}
{
  message: [32m'Date: 2020-03-15| Success Records: 14799| Total Records:9450'[39m,
  level: [32m'info'[39m,
  label: [32m'Timeseries'[39m,
  timestamp: [32m'2022-04-18T10:01:46.609Z'[39m
}
{
  message: [32m'Insert Char Length: 9450'[39m,
  level: [32m'info'[39m,
  label: [32m'Timeseries'[39m,
  timestamp: [32m'2022-04-18T10:01:47.497Z'[39m
}
{
  message: [32m'Too many parameters for the SQL statement/undefined'[39m,
  level: [32m'error'[39m,
  label: [32m'Timeseries'[39m,
  timestamp: [32m'2022-04-18T10:01:47.580Z'[39m
}
{
  message: [32m'Insert Head Length: 2184'[39m,
  level: [32m'info'[39m,
  label: [32m'Timeseries'[39m,
  timestamp: [32m'2022-04-18T10:01:48.095Z'[39m
}
{
  message: [32m'Date: 2020-03-29| Success Records: 97920| Total Records:9450'[39m,
  level: [32m'info'[39m,
  label: [32m'Timeseries'[39m,
  timestamp: [32m'2022-04-18T10:01:49.437Z'[39m
}
{
  message: [32m'Insert Char Length: 9450'[39m,
  level: [32m'info'[39m,
  label: [32m'Timeseries'[39m,
  timestamp: [32m'2022-04-18T10:01:50.438Z'[39m
}
{
  message: [32m'Too many parameters for the SQL statement/undefined'[39m,
  level: [32m'error'[39m,
  label: [32m'Timeseries'[39m,
  timestamp: [32m'2022-04-18T10:01:50.593Z'[39m
}
{
  message: [32m'Insert Head Length: 2184'[39m,
  level: [32m'info'[39m,
  label: [32m'Timeseries'[39m,
  timestamp: [32m'2022-04-18T10:01:52.903Z'[39m
}
{
  message: [32m'Date: 2020-04-05| Success Records: 9414| Total Records:9450'[39m,
  level: [32m'info'[39m,
  label: [32m'Timeseries'[39m,
  timestamp: [32m'2022-04-18T10:01:53.165Z'[39m
}
{
  message: [32m'Insert Char Length: 9450'[39m,
  level: [32m'info'[39m,
  label: [32m'Timeseries'[39m,
  timestamp: [32m'2022-04-18T10:01:53.858Z'[39m
}
{
  message: [32m'Too many parameters for the SQL statement/undefined'[39m,
  level: [32m'error'[39m,
  label: [32m'Timeseries'[39m,
  timestamp: [32m'2022-04-18T10:01:53.968Z'[39m
}
{
  message: [32m'Insert Head Length: 2184'[39m,
  level: [32m'info'[39m,
  label: [32m'Timeseries'[39m,
  timestamp: [32m'2022-04-18T10:01:55.983Z'[39m
}
{
  message: [32m'Date: 2020-04-12| Success Records: 4932| Total Records:9450'[39m,
  level: [32m'info'[39m,
  label: [32m'Timeseries'[39m,
  timestamp: [32m'2022-04-18T10:01:57.488Z'[39m
}
{
  message: [32m'Insert Char Length: 9450'[39m,
  level: [32m'info'[39m,
  label: [32m'Timeseries'[39m,
  timestamp: [32m'2022-04-18T10:01:58.342Z'[39m
}
{
  message: [32m'Too many parameters for the SQL statement/undefined'[39m,
  level: [32m'error'[39m,
  label: [32m'Timeseries'[39m,
  timestamp: [32m'2022-04-18T10:01:58.552Z'[39m
}
{
  message: [32m'Insert Head Length: 2184'[39m,
  level: [32m'info'[39m,
  label: [32m'Timeseries'[39m,
  timestamp: [32m'2022-04-18T10:01:58.923Z'[39m
}
{
  message: [32m'Date: 2020-04-19| Success Records: 25016| Total Records:9450'[39m,
  level: [32m'info'[39m,
  label: [32m'Timeseries'[39m,
  timestamp: [32m'2022-04-18T10:01:59.606Z'[39m
}
{
  message: [32m'Insert Char Length: 9450'[39m,
  level: [32m'info'[39m,
  label: [32m'Timeseries'[39m,
  timestamp: [32m'2022-04-18T10:02:00.698Z'[39m
}
{
  message: [32m'Too many parameters for the SQL statement/undefined'[39m,
  level: [32m'error'[39m,
  label: [32m'Timeseries'[39m,
  timestamp: [32m'2022-04-18T10:02:00.879Z'[39m
}
{
  message: [32m'Insert Head Length: 2184'[39m,
  level: [32m'info'[39m,
  label: [32m'Timeseries'[39m,
  timestamp: [32m'2022-04-18T10:02:01.746Z'[39m
}
{
  message: [32m'Date: 2020-04-26| Success Records: 98493| Total Records:9450'[39m,
  level: [32m'info'[39m,
  label: [32m'Timeseries'[39m,
  timestamp: [32m'2022-04-18T10:02:03.413Z'[39m
}
{
  message: [32m'Insert Char Length: 9450'[39m,
  level: [32m'info'[39m,
  label: [32m'Timeseries'[39m,
  timestamp: [32m'2022-04-18T10:02:05.069Z'[39m
}
{
  message: [32m'Too many parameters for the SQL statement/undefined'[39m,
  level: [32m'error'[39m,
  label: [32m'Timeseries'[39m,
  timestamp: [32m'2022-04-18T10:02:05.252Z'[39m
}
{
  message: [32m'Insert Head Length: 2184'[39m,
  level: [32m'info'[39m,
  label: [32m'Timeseries'[39m,
  timestamp: [32m'2022-04-18T10:02:08.645Z'[39m
}
{
  message: [32m'Date: 2020-05-03| Success Records: 168032| Total Records:9450'[39m,
  level: [32m'info'[39m,
  label: [32m'Timeseries'[39m,
  timestamp: [32m'2022-04-18T10:02:10.944Z'[39m
}
{
  message: [32m'Insert Char Length: 9450'[39m,
  level: [32m'info'[39m,
  label: [32m'Timeseries'[39m,
  timestamp: [32m'2022-04-18T10:02:11.967Z'[39m
}
{
  message: [32m'Too many parameters for the SQL statement/undefined'[39m,
  level: [32m'error'[39m,
  label: [32m'Timeseries'[39m,
  timestamp: [32m'2022-04-18T10:02:12.065Z'[39m
}
{
  message: [32m'Insert Head Length: 2184'[39m,
  level: [32m'info'[39m,
  label: [32m'Timeseries'[39m,
  timestamp: [32m'2022-04-18T10:02:22.255Z'[39m
}
{
  message: [32m'Date: 2020-05-10| Success Records: 67369| Total Records:9450'[39m,
  level: [32m'info'[39m,
  label: [32m'Timeseries'[39m,
  timestamp: [32m'2022-04-18T10:02:23.632Z'[39m
}
{
  message: [32m'Insert Char Length: 9450'[39m,
  level: [32m'info'[39m,
  label: [32m'Timeseries'[39m,
  timestamp: [32m'2022-04-18T10:02:24.659Z'[39m
}
{
  message: [32m'Too many parameters for the SQL statement/undefined'[39m,
  level: [32m'error'[39m,
  label: [32m'Timeseries'[39m,
  timestamp: [32m'2022-04-18T10:02:24.884Z'[39m
}
{
  message: [32m'Insert Head Length: 2184'[39m,
  level: [32m'info'[39m,
  label: [32m'Timeseries'[39m,
  timestamp: [32m'2022-04-18T10:02:27.388Z'[39m
}
{
  message: [32m'Date: 2020-05-17| Success Records: 103663| Total Records:9450'[39m,
  level: [32m'info'[39m,
  label: [32m'Timeseries'[39m,
  timestamp: [32m'2022-04-18T10:02:29.209Z'[39m
}
{
  message: [32m'Insert Char Length: 9450'[39m,
  level: [32m'info'[39m,
  label: [32m'Timeseries'[39m,
  timestamp: [32m'2022-04-18T10:02:30.397Z'[39m
}
{
  message: [32m'Too many parameters for the SQL statement/undefined'[39m,
  level: [32m'error'[39m,
  label: [32m'Timeseries'[39m,
  timestamp: [32m'2022-04-18T10:02:30.557Z'[39m
}
{
  message: [32m'Insert Head Length: 2184'[39m,
  level: [32m'info'[39m,
  label: [32m'Timeseries'[39m,
  timestamp: [32m'2022-04-18T10:02:33.476Z'[39m
}
{
  message: [32m'Date: 2020-05-24| Success Records: 19985| Total Records:9450'[39m,
  level: [32m'info'[39m,
  label: [32m'Timeseries'[39m,
  timestamp: [32m'2022-04-18T10:02:37.185Z'[39m
}
{
  message: [32m'Insert Char Length: 9450'[39m,
  level: [32m'info'[39m,
  label: [32m'Timeseries'[39m,
  timestamp: [32m'2022-04-18T10:02:38.475Z'[39m
}
{
  message: [32m'Too many parameters for the SQL statement/undefined'[39m,
  level: [32m'error'[39m,
  label: [32m'Timeseries'[39m,
  timestamp: [32m'2022-04-18T10:02:38.627Z'[39m
}
{
  message: [32m'Insert Head Length: 2184'[39m,
  level: [32m'info'[39m,
  label: [32m'Timeseries'[39m,
  timestamp: [32m'2022-04-18T10:02:40.181Z'[39m
}
{
  message: [32m'Date: 2020-05-31| Success Records: 4631| Total Records:9450'[39m,
  level: [32m'info'[39m,
  label: [32m'Timeseries'[39m,
  timestamp: [32m'2022-04-18T10:02:44.232Z'[39m
}
{
  message: [32m'Insert Char Length: 9450'[39m,
  level: [32m'info'[39m,
  label: [32m'Timeseries'[39m,
  timestamp: [32m'2022-04-18T10:02:45.084Z'[39m
}
{
  message: [32m'Too many parameters for the SQL statement/undefined'[39m,
  level: [32m'error'[39m,
  label: [32m'Timeseries'[39m,
  timestamp: [32m'2022-04-18T10:02:45.420Z'[39m
}
{
  message: [32m'Insert Head Length: 2184'[39m,
  level: [32m'info'[39m,
  label: [32m'Timeseries'[39m,
  timestamp: [32m'2022-04-18T10:02:46.674Z'[39m
}
{
  message: [32m'Date: 2020-06-07| Success Records: 46720| Total Records:9450'[39m,
  level: [32m'info'[39m,
  label: [32m'Timeseries'[39m,
  timestamp: [32m'2022-04-18T10:02:47.981Z'[39m
}
{
  message: [32m'Insert Char Length: 9450'[39m,
  level: [32m'info'[39m,
  label: [32m'Timeseries'[39m,
  timestamp: [32m'2022-04-18T10:02:48.934Z'[39m
}
{
  message: [32m'Too many parameters for the SQL statement/undefined'[39m,
  level: [32m'error'[39m,
  label: [32m'Timeseries'[39m,
  timestamp: [32m'2022-04-18T10:02:49.057Z'[39m
}
{
  message: [32m'Insert Head Length: 2184'[39m,
  level: [32m'info'[39m,
  label: [32m'Timeseries'[39m,
  timestamp: [32m'2022-04-18T10:02:50.587Z'[39m
}
{
  message: [32m'Date: 2020-06-14| Success Records: 155145| Total Records:9450'[39m,
  level: [32m'info'[39m,
  label: [32m'Timeseries'[39m,
  timestamp: [32m'2022-04-18T10:02:53.092Z'[39m
}
{
  message: [32m'Insert Char Length: 9450'[39m,
  level: [32m'info'[39m,
  label: [32m'Timeseries'[39m,
  timestamp: [32m'2022-04-18T10:02:54.343Z'[39m
}
{
  message: [32m'Too many parameters for the SQL statement/undefined'[39m,
  level: [32m'error'[39m,
  label: [32m'Timeseries'[39m,
  timestamp: [32m'2022-04-18T10:02:54.440Z'[39m
}
{
  message: [32m'Insert Head Length: 2184'[39m,
  level: [32m'info'[39m,
  label: [32m'Timeseries'[39m,
  timestamp: [32m'2022-04-18T10:03:12.193Z'[39m
}
{
  message: [32m'Date: 2020-06-21| Success Records: 202975| Total Records:9450'[39m,
  level: [32m'info'[39m,
  label: [32m'Timeseries'[39m,
  timestamp: [32m'2022-04-18T10:03:16.117Z'[39m
}
{
  message: [32m'Insert Char Length: 9450'[39m,
  level: [32m'info'[39m,
  label: [32m'Timeseries'[39m,
  timestamp: [32m'2022-04-18T10:03:18.276Z'[39m
}
{
  message: [32m'Too many parameters for the SQL statement/undefined'[39m,
  level: [32m'error'[39m,
  label: [32m'Timeseries'[39m,
  timestamp: [32m'2022-04-18T10:03:18.512Z'[39m
}
{
  message: [32m'Insert Head Length: 2184'[39m,
  level: [32m'info'[39m,
  label: [32m'Timeseries'[39m,
  timestamp: [32m'2022-04-18T10:03:24.612Z'[39m
}
{
  message: [32m'Date: 2020-06-28| Success Records: 148141| Total Records:9450'[39m,
  level: [32m'info'[39m,
  label: [32m'Timeseries'[39m,
  timestamp: [32m'2022-04-18T10:03:39.427Z'[39m
}
{
  message: [32m'Insert Char Length: 9450'[39m,
  level: [32m'info'[39m,
  label: [32m'Timeseries'[39m,
  timestamp: [32m'2022-04-18T10:03:43.100Z'[39m
}
{
  message: [32m'Too many parameters for the SQL statement/undefined'[39m,
  level: [32m'error'[39m,
  label: [32m'Timeseries'[39m,
  timestamp: [32m'2022-04-18T10:03:43.415Z'[39m
}
{
  message: [32m'Insert Head Length: 2184'[39m,
  level: [32m'info'[39m,
  label: [32m'Timeseries'[39m,
  timestamp: [32m'2022-04-18T10:03:54.444Z'[39m
}
{
  message: [32m'Date: 2020-07-05| Success Records: 135762| Total Records:9450'[39m,
  level: [32m'info'[39m,
  label: [32m'Timeseries'[39m,
  timestamp: [32m'2022-04-18T10:03:56.705Z'[39m
}
{
  message: [32m'Insert Char Length: 9450'[39m,
  level: [32m'info'[39m,
  label: [32m'Timeseries'[39m,
  timestamp: [32m'2022-04-18T10:03:57.818Z'[39m
}
{
  message: [32m'Too many parameters for the SQL statement/undefined'[39m,
  level: [32m'error'[39m,
  label: [32m'Timeseries'[39m,
  timestamp: [32m'2022-04-18T10:03:58.003Z'[39m
}
{
  message: [32m'Insert Head Length: 2184'[39m,
  level: [32m'info'[39m,
  label: [32m'Timeseries'[39m,
  timestamp: [32m'2022-04-18T10:04:21.992Z'[39m
}
{
  message: [32m'Date: 2020-07-12| Success Records: 149558| Total Records:9450'[39m,
  level: [32m'info'[39m,
  label: [32m'Timeseries'[39m,
  timestamp: [32m'2022-04-18T10:04:25.292Z'[39m
}
{
  message: [32m'Insert Char Length: 9450'[39m,
  level: [32m'info'[39m,
  label: [32m'Timeseries'[39m,
  timestamp: [32m'2022-04-18T10:04:27.059Z'[39m
}
{
  message: [32m'Too many parameters for the SQL statement/undefined'[39m,
  level: [32m'error'[39m,
  label: [32m'Timeseries'[39m,
  timestamp: [32m'2022-04-18T10:04:27.286Z'[39m
}
{
  message: [32m'Insert Head Length: 2184'[39m,
  level: [32m'info'[39m,
  label: [32m'Timeseries'[39m,
  timestamp: [32m'2022-04-18T10:04:56.751Z'[39m
}
{
  message: [32m'Date: 2020-07-19| Success Records: 170907| Total Records:9450'[39m,
  level: [32m'info'[39m,
  label: [32m'Timeseries'[39m,
  timestamp: [32m'2022-04-18T10:04:59.936Z'[39m
}
{
  message: [32m'Insert Char Length: 9450'[39m,
  level: [32m'info'[39m,
  label: [32m'Timeseries'[39m,
  timestamp: [32m'2022-04-18T10:05:01.418Z'[39m
}
{
  message: [32m'Too many parameters for the SQL statement/undefined'[39m,
  level: [32m'error'[39m,
  label: [32m'Timeseries'[39m,
  timestamp: [32m'2022-04-18T10:05:01.648Z'[39m
}
{
  message: [32m'Insert Head Length: 2184'[39m,
  level: [32m'info'[39m,
  label: [32m'Timeseries'[39m,
  timestamp: [32m'2022-04-18T10:05:24.246Z'[39m
}
{
  message: [32m'Date: 2020-07-26| Success Records: 5288| Total Records:9450'[39m,
  level: [32m'info'[39m,
  label: [32m'Timeseries'[39m,
  timestamp: [32m'2022-04-18T10:05:25.210Z'[39m
}
{
  message: [32m'Insert Char Length: 9450'[39m,
  level: [32m'info'[39m,
  label: [32m'Timeseries'[39m,
  timestamp: [32m'2022-04-18T10:05:26.031Z'[39m
}
{
  message: [32m'Too many parameters for the SQL statement/undefined'[39m,
  level: [32m'error'[39m,
  label: [32m'Timeseries'[39m,
  timestamp: [32m'2022-04-18T10:05:26.227Z'[39m
}
{
  message: [32m'Insert Head Length: 2184'[39m,
  level: [32m'info'[39m,
  label: [32m'Timeseries'[39m,
  timestamp: [32m'2022-04-18T10:05:32.954Z'[39m
}
{
  message: [32m'Date: 2020-08-02| Success Records: 9470| Total Records:9450'[39m,
  level: [32m'info'[39m,
  label: [32m'Timeseries'[39m,
  timestamp: [32m'2022-04-18T10:05:33.488Z'[39m
}
{
  message: [32m'Insert Char Length: 9450'[39m,
  level: [32m'info'[39m,
  label: [32m'Timeseries'[39m,
  timestamp: [32m'2022-04-18T10:05:34.178Z'[39m
}
{
  message: [32m'Too many parameters for the SQL statement/undefined'[39m,
  level: [32m'error'[39m,
  label: [32m'Timeseries'[39m,
  timestamp: [32m'2022-04-18T10:05:34.393Z'[39m
}
{
  message: [32m'Insert Head Length: 2184'[39m,
  level: [32m'info'[39m,
  label: [32m'Timeseries'[39m,
  timestamp: [32m'2022-04-18T10:05:36.807Z'[39m
}
{
  message: [32m'Date: 2020-08-09| Success Records: 188472| Total Records:9450'[39m,
  level: [32m'info'[39m,
  label: [32m'Timeseries'[39m,
  timestamp: [32m'2022-04-18T10:05:40.151Z'[39m
}
{
  message: [32m'Insert Char Length: 9450'[39m,
  level: [32m'info'[39m,
  label: [32m'Timeseries'[39m,
  timestamp: [32m'2022-04-18T10:05:42.206Z'[39m
}
{
  message: [32m'Too many parameters for the SQL statement/undefined'[39m,
  level: [32m'error'[39m,
  label: [32m'Timeseries'[39m,
  timestamp: [32m'2022-04-18T10:05:42.455Z'[39m
}
{
  message: [32m'Insert Head Length: 2184'[39m,
  level: [32m'info'[39m,
  label: [32m'Timeseries'[39m,
  timestamp: [32m'2022-04-18T10:06:17.030Z'[39m
}
{
  message: [32m'Date: 2020-08-16| Success Records: 182481| Total Records:9450'[39m,
  level: [32m'info'[39m,
  label: [32m'Timeseries'[39m,
  timestamp: [32m'2022-04-18T10:06:19.935Z'[39m
}
{
  message: [32m'Insert Char Length: 9450'[39m,
  level: [32m'info'[39m,
  label: [32m'Timeseries'[39m,
  timestamp: [32m'2022-04-18T10:06:21.078Z'[39m
}
{
  message: [32m'Too many parameters for the SQL statement/undefined'[39m,
  level: [32m'error'[39m,
  label: [32m'Timeseries'[39m,
  timestamp: [32m'2022-04-18T10:06:21.446Z'[39m
}
{
  message: [32m'Insert Head Length: 2184'[39m,
  level: [32m'info'[39m,
  label: [32m'Timeseries'[39m,
  timestamp: [32m'2022-04-18T10:06:37.070Z'[39m
}
{
  message: [32m'Date: 2020-08-23| Success Records: 131696| Total Records:9450'[39m,
  level: [32m'info'[39m,
  label: [32m'Timeseries'[39m,
  timestamp: [32m'2022-04-18T10:06:51.660Z'[39m
}
{
  message: [32m'Insert Char Length: 9450'[39m,
  level: [32m'info'[39m,
  label: [32m'Timeseries'[39m,
  timestamp: [32m'2022-04-18T10:06:53.533Z'[39m
}
{
  message: [32m'Too many parameters for the SQL statement/undefined'[39m,
  level: [32m'error'[39m,
  label: [32m'Timeseries'[39m,
  timestamp: [32m'2022-04-18T10:06:53.837Z'[39m
}
{
  message: [32m'Insert Head Length: 2184'[39m,
  level: [32m'info'[39m,
  label: [32m'Timeseries'[39m,
  timestamp: [32m'2022-04-18T10:06:57.234Z'[39m
}
{
  message: [32m'Date: 2020-08-30| Success Records: 173824| Total Records:9450'[39m,
  level: [32m'info'[39m,
  label: [32m'Timeseries'[39m,
  timestamp: [32m'2022-04-18T10:06:59.976Z'[39m
}
{
  message: [32m'Insert Char Length: 9450'[39m,
  level: [32m'info'[39m,
  label: [32m'Timeseries'[39m,
  timestamp: [32m'2022-04-18T10:07:01.153Z'[39m
}
{
  message: [32m'Too many parameters for the SQL statement/undefined'[39m,
  level: [32m'error'[39m,
  label: [32m'Timeseries'[39m,
  timestamp: [32m'2022-04-18T10:07:01.448Z'[39m
}
{
  message: [32m'Insert Head Length: 2184'[39m,
  level: [32m'info'[39m,
  label: [32m'Timeseries'[39m,
  timestamp: [32m'2022-04-18T10:07:42.000Z'[39m
}
{
  message: [32m'Date: 2020-09-06| Success Records: 201478| Total Records:9450'[39m,
  level: [32m'info'[39m,
  label: [32m'Timeseries'[39m,
  timestamp: [32m'2022-04-18T10:08:05.169Z'[39m
}
{
  message: [32m'Insert Char Length: 9450'[39m,
  level: [32m'info'[39m,
  label: [32m'Timeseries'[39m,
  timestamp: [32m'2022-04-18T10:08:08.523Z'[39m
}
{
  message: [32m'Too many parameters for the SQL statement/undefined'[39m,
  level: [32m'error'[39m,
  label: [32m'Timeseries'[39m,
  timestamp: [32m'2022-04-18T10:08:08.920Z'[39m
}
{
  message: [32m'Insert Head Length: 2184'[39m,
  level: [32m'info'[39m,
  label: [32m'Timeseries'[39m,
  timestamp: [32m'2022-04-18T10:08:41.756Z'[39m
}
{
  message: [32m'Date: 2020-09-13| Success Records: 134098| Total Records:9450'[39m,
  level: [32m'info'[39m,
  label: [32m'Timeseries'[39m,
  timestamp: [32m'2022-04-18T10:08:51.620Z'[39m
}
{
  message: [32m'Insert Char Length: 9450'[39m,
  level: [32m'info'[39m,
  label: [32m'Timeseries'[39m,
  timestamp: [32m'2022-04-18T10:08:53.555Z'[39m
}
{
  message: [32m'Too many parameters for the SQL statement/undefined'[39m,
  level: [32m'error'[39m,
  label: [32m'Timeseries'[39m,
  timestamp: [32m'2022-04-18T10:08:53.888Z'[39m
}
{
  message: [32m'Started timeseries Service'[39m,
  level: [32m'info'[39m,
  label: [32m'Timeseries'[39m,
  timestamp: [32m'2022-04-29T02:43:52.446Z'[39m
}
{
  message: [32m'Date: 2022-03-13'[39m,
  level: [32m'info'[39m,
  label: [32m'Timeseries'[39m,
  timestamp: [32m'2022-04-29T02:43:52.593Z'[39m
}
{
  message: [32m'unique constraint violated/undefined'[39m,
  level: [32m'error'[39m,
  label: [32m'Timeseries'[39m,
  timestamp: [32m'2022-04-29T02:43:54.615Z'[39m
}
{
  message: [32m'Date: 2022-03-20'[39m,
  level: [32m'info'[39m,
  label: [32m'Timeseries'[39m,
  timestamp: [32m'2022-04-29T02:43:54.616Z'[39m
}
{
  message: [32m'unique constraint violated/undefined'[39m,
  level: [32m'error'[39m,
  label: [32m'Timeseries'[39m,
  timestamp: [32m'2022-04-29T02:43:56.485Z'[39m
}
{
  message: [32m'Date: 2022-03-27'[39m,
  level: [32m'info'[39m,
  label: [32m'Timeseries'[39m,
  timestamp: [32m'2022-04-29T02:43:56.486Z'[39m
}
{
  message: [32m'unique constraint violated/undefined'[39m,
  level: [32m'error'[39m,
  label: [32m'Timeseries'[39m,
  timestamp: [32m'2022-04-29T02:43:57.918Z'[39m
}
{
  message: [32m'Date: 2022-04-03'[39m,
  level: [32m'info'[39m,
  label: [32m'Timeseries'[39m,
  timestamp: [32m'2022-04-29T02:43:57.918Z'[39m
}
{
  message: [32m'unique constraint violated/undefined'[39m,
  level: [32m'error'[39m,
  label: [32m'Timeseries'[39m,
  timestamp: [32m'2022-04-29T02:43:59.422Z'[39m
}
{
  message: [32m'Date: 2022-04-10'[39m,
  level: [32m'info'[39m,
  label: [32m'Timeseries'[39m,
  timestamp: [32m'2022-04-29T02:43:59.422Z'[39m
}
{
  message: [32m'unique constraint violated/undefined'[39m,
  level: [32m'error'[39m,
  label: [32m'Timeseries'[39m,
  timestamp: [32m'2022-04-29T02:44:01.006Z'[39m
}
{
  message: [32m'Date: 2022-04-17'[39m,
  level: [32m'info'[39m,
  label: [32m'Timeseries'[39m,
  timestamp: [32m'2022-04-29T02:44:01.007Z'[39m
}
{
  message: [32m'unique constraint violated/undefined'[39m,
  level: [32m'error'[39m,
  label: [32m'Timeseries'[39m,
  timestamp: [32m'2022-04-29T02:44:02.504Z'[39m
}
{
  message: [32m'Date: 2022-04-24'[39m,
  level: [32m'info'[39m,
  label: [32m'Timeseries'[39m,
  timestamp: [32m'2022-04-29T02:44:02.504Z'[39m
}
{
  message: [32m'unique constraint violated/undefined'[39m,
  level: [32m'error'[39m,
  label: [32m'Timeseries'[39m,
  timestamp: [32m'2022-04-29T02:44:03.947Z'[39m
}
{
  message: [32m'Date: 2022-05-01'[39m,
  level: [32m'info'[39m,
  label: [32m'Timeseries'[39m,
  timestamp: [32m'2022-04-29T02:44:03.948Z'[39m
}
{
  message: [32m'unique constraint violated/undefined'[39m,
  level: [32m'error'[39m,
  label: [32m'Timeseries'[39m,
  timestamp: [32m'2022-04-29T02:44:05.303Z'[39m
}
{
  message: [32m'Date: 2022-05-08'[39m,
  level: [32m'info'[39m,
  label: [32m'Timeseries'[39m,
  timestamp: [32m'2022-04-29T02:44:05.304Z'[39m
}
{
  message: [32m'unique constraint violated/undefined'[39m,
  level: [32m'error'[39m,
  label: [32m'Timeseries'[39m,
  timestamp: [32m'2022-04-29T02:44:06.790Z'[39m
}
{
  message: [32m'Date: 2022-05-15'[39m,
  level: [32m'info'[39m,
  label: [32m'Timeseries'[39m,
  timestamp: [32m'2022-04-29T02:44:06.790Z'[39m
}
{
  message: [32m'unique constraint violated/undefined'[39m,
  level: [32m'error'[39m,
  label: [32m'Timeseries'[39m,
  timestamp: [32m'2022-04-29T02:44:08.406Z'[39m
}
{
  message: [32m'Date: 2022-05-22'[39m,
  level: [32m'info'[39m,
  label: [32m'Timeseries'[39m,
  timestamp: [32m'2022-04-29T02:44:08.407Z'[39m
}
{
  message: [32m'unique constraint violated/undefined'[39m,
  level: [32m'error'[39m,
  label: [32m'Timeseries'[39m,
  timestamp: [32m'2022-04-29T02:44:10.177Z'[39m
}
{
  message: [32m'Date: 2022-05-29'[39m,
  level: [32m'info'[39m,
  label: [32m'Timeseries'[39m,
  timestamp: [32m'2022-04-29T02:44:10.178Z'[39m
}
{
  message: [32m'unique constraint violated/undefined'[39m,
  level: [32m'error'[39m,
  label: [32m'Timeseries'[39m,
  timestamp: [32m'2022-04-29T02:44:12.074Z'[39m
}
{
  message: [32m'Date: 2022-06-05'[39m,
  level: [32m'info'[39m,
  label: [32m'Timeseries'[39m,
  timestamp: [32m'2022-04-29T02:44:12.074Z'[39m
}
{
  message: [32m'unique constraint violated/undefined'[39m,
  level: [32m'error'[39m,
  label: [32m'Timeseries'[39m,
  timestamp: [32m'2022-04-29T02:44:14.000Z'[39m
}
{
  message: [32m'Date: 2022-06-12'[39m,
  level: [32m'info'[39m,
  label: [32m'Timeseries'[39m,
  timestamp: [32m'2022-04-29T02:44:14.001Z'[39m
}
{
  message: [32m'unique constraint violated/undefined'[39m,
  level: [32m'error'[39m,
  label: [32m'Timeseries'[39m,
  timestamp: [32m'2022-04-29T02:44:15.509Z'[39m
}
{
  message: [32m'Date: 2022-06-19'[39m,
  level: [32m'info'[39m,
  label: [32m'Timeseries'[39m,
  timestamp: [32m'2022-04-29T02:44:15.509Z'[39m
}
{
  message: [32m'unique constraint violated/undefined'[39m,
  level: [32m'error'[39m,
  label: [32m'Timeseries'[39m,
  timestamp: [32m'2022-04-29T02:44:16.925Z'[39m
}
{
  message: [32m'Date: 2022-06-26'[39m,
  level: [32m'info'[39m,
  label: [32m'Timeseries'[39m,
  timestamp: [32m'2022-04-29T02:44:16.926Z'[39m
}
{
  message: [32m'unique constraint violated/undefined'[39m,
  level: [32m'error'[39m,
  label: [32m'Timeseries'[39m,
  timestamp: [32m'2022-04-29T02:44:18.930Z'[39m
}
{
  message: [32m'Date: 2022-07-03'[39m,
  level: [32m'info'[39m,
  label: [32m'Timeseries'[39m,
  timestamp: [32m'2022-04-29T02:44:18.950Z'[39m
}
{
  message: [32m'unique constraint violated/undefined'[39m,
  level: [32m'error'[39m,
  label: [32m'Timeseries'[39m,
  timestamp: [32m'2022-04-29T02:44:20.464Z'[39m
}
{
  message: [32m'Date: 2022-07-10'[39m,
  level: [32m'info'[39m,
  label: [32m'Timeseries'[39m,
  timestamp: [32m'2022-04-29T02:44:20.465Z'[39m
}
{
  message: [32m'unique constraint violated/undefined'[39m,
  level: [32m'error'[39m,
  label: [32m'Timeseries'[39m,
  timestamp: [32m'2022-04-29T02:44:21.886Z'[39m
}
{
  message: [32m'Date: 2022-07-17'[39m,
  level: [32m'info'[39m,
  label: [32m'Timeseries'[39m,
  timestamp: [32m'2022-04-29T02:44:21.886Z'[39m
}
{
  message: [32m'unique constraint violated/undefined'[39m,
  level: [32m'error'[39m,
  label: [32m'Timeseries'[39m,
  timestamp: [32m'2022-04-29T02:44:23.236Z'[39m
}
{
  message: [32m'Date: 2022-07-24'[39m,
  level: [32m'info'[39m,
  label: [32m'Timeseries'[39m,
  timestamp: [32m'2022-04-29T02:44:23.237Z'[39m
}
{
  message: [32m'unique constraint violated/undefined'[39m,
  level: [32m'error'[39m,
  label: [32m'Timeseries'[39m,
  timestamp: [32m'2022-04-29T02:44:24.453Z'[39m
}
{
  message: [32m'Date: 2022-08-14'[39m,
  level: [32m'info'[39m,
  label: [32m'Timeseries'[39m,
  timestamp: [32m'2022-04-29T02:44:24.453Z'[39m
}
{
  message: [32m'unique constraint violated/undefined'[39m,
  level: [32m'error'[39m,
  label: [32m'Timeseries'[39m,
  timestamp: [32m'2022-04-29T02:44:25.464Z'[39m
}
{
  message: [32m'Date: 2022-03-13'[39m,
  level: [32m'info'[39m,
  label: [32m'Timeseries'[39m,
  timestamp: [32m'2022-04-29T02:44:25.464Z'[39m
}
{
  message: [32m'unique constraint violated/undefined'[39m,
  level: [32m'error'[39m,
  label: [32m'Timeseries'[39m,
  timestamp: [32m'2022-04-29T02:44:27.360Z'[39m
}
{
  message: [32m'Date: 2022-03-20'[39m,
  level: [32m'info'[39m,
  label: [32m'Timeseries'[39m,
  timestamp: [32m'2022-04-29T02:44:27.361Z'[39m
}
{
  message: [32m'unique constraint violated/undefined'[39m,
  level: [32m'error'[39m,
  label: [32m'Timeseries'[39m,
  timestamp: [32m'2022-04-29T02:44:29.458Z'[39m
}
{
  message: [32m'Date: 2022-03-27'[39m,
  level: [32m'info'[39m,
  label: [32m'Timeseries'[39m,
  timestamp: [32m'2022-04-29T02:44:29.459Z'[39m
}
{
  message: [32m'unique constraint violated/undefined'[39m,
  level: [32m'error'[39m,
  label: [32m'Timeseries'[39m,
  timestamp: [32m'2022-04-29T02:44:31.243Z'[39m
}
{
  message: [32m'Date: 2022-04-03'[39m,
  level: [32m'info'[39m,
  label: [32m'Timeseries'[39m,
  timestamp: [32m'2022-04-29T02:44:31.243Z'[39m
}
{
  message: [32m'unique constraint violated/undefined'[39m,
  level: [32m'error'[39m,
  label: [32m'Timeseries'[39m,
  timestamp: [32m'2022-04-29T02:44:32.917Z'[39m
}
{
  message: [32m'Date: 2022-04-10'[39m,
  level: [32m'info'[39m,
  label: [32m'Timeseries'[39m,
  timestamp: [32m'2022-04-29T02:44:32.918Z'[39m
}
{
  message: [32m'unique constraint violated/undefined'[39m,
  level: [32m'error'[39m,
  label: [32m'Timeseries'[39m,
  timestamp: [32m'2022-04-29T02:44:34.665Z'[39m
}
{
  message: [32m'Date: 2022-04-17'[39m,
  level: [32m'info'[39m,
  label: [32m'Timeseries'[39m,
  timestamp: [32m'2022-04-29T02:44:34.666Z'[39m
}
{
  message: [32m'unique constraint violated/undefined'[39m,
  level: [32m'error'[39m,
  label: [32m'Timeseries'[39m,
  timestamp: [32m'2022-04-29T02:44:36.337Z'[39m
}
{
  message: [32m'Date: 2022-04-24'[39m,
  level: [32m'info'[39m,
  label: [32m'Timeseries'[39m,
  timestamp: [32m'2022-04-29T02:44:36.344Z'[39m
}
{
  message: [32m'unique constraint violated/undefined'[39m,
  level: [32m'error'[39m,
  label: [32m'Timeseries'[39m,
  timestamp: [32m'2022-04-29T02:44:38.312Z'[39m
}
{
  message: [32m'Date: 2022-05-01'[39m,
  level: [32m'info'[39m,
  label: [32m'Timeseries'[39m,
  timestamp: [32m'2022-04-29T02:44:38.313Z'[39m
}
{
  message: [32m'unique constraint violated/undefined'[39m,
  level: [32m'error'[39m,
  label: [32m'Timeseries'[39m,
  timestamp: [32m'2022-04-29T02:44:40.514Z'[39m
}
{
  message: [32m'Date: 2022-05-08'[39m,
  level: [32m'info'[39m,
  label: [32m'Timeseries'[39m,
  timestamp: [32m'2022-04-29T02:44:40.524Z'[39m
}
{
  message: [32m'unique constraint violated/undefined'[39m,
  level: [32m'error'[39m,
  label: [32m'Timeseries'[39m,
  timestamp: [32m'2022-04-29T02:44:42.848Z'[39m
}
{
  message: [32m'Date: 2022-05-15'[39m,
  level: [32m'info'[39m,
  label: [32m'Timeseries'[39m,
  timestamp: [32m'2022-04-29T02:44:42.848Z'[39m
}
{
  message: [32m'unique constraint violated/undefined'[39m,
  level: [32m'error'[39m,
  label: [32m'Timeseries'[39m,
  timestamp: [32m'2022-04-29T02:44:44.965Z'[39m
}
{
  message: [32m'Date: 2022-05-22'[39m,
  level: [32m'info'[39m,
  label: [32m'Timeseries'[39m,
  timestamp: [32m'2022-04-29T02:44:44.971Z'[39m
}
{
  message: [32m'unique constraint violated/undefined'[39m,
  level: [32m'error'[39m,
  label: [32m'Timeseries'[39m,
  timestamp: [32m'2022-04-29T02:44:47.416Z'[39m
}
{
  message: [32m'Date: 2022-05-29'[39m,
  level: [32m'info'[39m,
  label: [32m'Timeseries'[39m,
  timestamp: [32m'2022-04-29T02:44:47.421Z'[39m
}
{
  message: [32m'unique constraint violated/undefined'[39m,
  level: [32m'error'[39m,
  label: [32m'Timeseries'[39m,
  timestamp: [32m'2022-04-29T02:44:49.949Z'[39m
}
{
  message: [32m'Date: 2022-06-05'[39m,
  level: [32m'info'[39m,
  label: [32m'Timeseries'[39m,
  timestamp: [32m'2022-04-29T02:44:49.961Z'[39m
}
{
  message: [32m'unique constraint violated/undefined'[39m,
  level: [32m'error'[39m,
  label: [32m'Timeseries'[39m,
  timestamp: [32m'2022-04-29T02:44:55.220Z'[39m
}
{
  message: [32m'Date: 2022-06-12'[39m,
  level: [32m'info'[39m,
  label: [32m'Timeseries'[39m,
  timestamp: [32m'2022-04-29T02:44:55.255Z'[39m
}
{
  message: [32m'unique constraint violated/undefined'[39m,
  level: [32m'error'[39m,
  label: [32m'Timeseries'[39m,
  timestamp: [32m'2022-04-29T02:44:58.573Z'[39m
}
{
  message: [32m'Date: 2022-06-19'[39m,
  level: [32m'info'[39m,
  label: [32m'Timeseries'[39m,
  timestamp: [32m'2022-04-29T02:44:58.580Z'[39m
}
{
  message: [32m'unique constraint violated/undefined'[39m,
  level: [32m'error'[39m,
  label: [32m'Timeseries'[39m,
  timestamp: [32m'2022-04-29T02:45:01.991Z'[39m
}
{
  message: [32m'Date: 2022-06-26'[39m,
  level: [32m'info'[39m,
  label: [32m'Timeseries'[39m,
  timestamp: [32m'2022-04-29T02:45:02.012Z'[39m
}
{
  message: [32m'unique constraint violated/undefined'[39m,
  level: [32m'error'[39m,
  label: [32m'Timeseries'[39m,
  timestamp: [32m'2022-04-29T02:45:04.462Z'[39m
}
{
  message: [32m'Date: 2022-07-03'[39m,
  level: [32m'info'[39m,
  label: [32m'Timeseries'[39m,
  timestamp: [32m'2022-04-29T02:45:04.468Z'[39m
}
{
  message: [32m'unique constraint violated/undefined'[39m,
  level: [32m'error'[39m,
  label: [32m'Timeseries'[39m,
  timestamp: [32m'2022-04-29T02:45:07.233Z'[39m
}
{
  message: [32m'Date: 2022-07-10'[39m,
  level: [32m'info'[39m,
  label: [32m'Timeseries'[39m,
  timestamp: [32m'2022-04-29T02:45:07.249Z'[39m
}
{
  message: [32m'unique constraint violated/undefined'[39m,
  level: [32m'error'[39m,
  label: [32m'Timeseries'[39m,
  timestamp: [32m'2022-04-29T02:45:09.751Z'[39m
}
{
  message: [32m'Date: 2022-07-17'[39m,
  level: [32m'info'[39m,
  label: [32m'Timeseries'[39m,
  timestamp: [32m'2022-04-29T02:45:09.782Z'[39m
}
{
  message: [32m'unique constraint violated/undefined'[39m,
  level: [32m'error'[39m,
  label: [32m'Timeseries'[39m,
  timestamp: [32m'2022-04-29T02:45:12.318Z'[39m
}
{
  message: [32m'Date: 2022-07-24'[39m,
  level: [32m'info'[39m,
  label: [32m'Timeseries'[39m,
  timestamp: [32m'2022-04-29T02:45:12.347Z'[39m
}
{
  message: [32m'unique constraint violated/undefined'[39m,
  level: [32m'error'[39m,
  label: [32m'Timeseries'[39m,
  timestamp: [32m'2022-04-29T02:45:14.466Z'[39m
}
{
  message: [32m'Date: 2022-08-14'[39m,
  level: [32m'info'[39m,
  label: [32m'Timeseries'[39m,
  timestamp: [32m'2022-04-29T02:45:14.565Z'[39m
}
{
  message: [32m'unique constraint violated/undefined'[39m,
  level: [32m'error'[39m,
  label: [32m'Timeseries'[39m,
  timestamp: [32m'2022-04-29T02:45:16.733Z'[39m
}
{
  message: [32m'Date: 2022-03-13'[39m,
  level: [32m'info'[39m,
  label: [32m'Timeseries'[39m,
  timestamp: [32m'2022-04-29T02:45:16.745Z'[39m
}
{
  message: [32m'unique constraint violated/undefined'[39m,
  level: [32m'error'[39m,
  label: [32m'Timeseries'[39m,
  timestamp: [32m'2022-04-29T02:45:19.136Z'[39m
}
{
  message: [32m'Date: 2022-03-20'[39m,
  level: [32m'info'[39m,
  label: [32m'Timeseries'[39m,
  timestamp: [32m'2022-04-29T02:45:19.151Z'[39m
}
{
  message: [32m'unique constraint violated/undefined'[39m,
  level: [32m'error'[39m,
  label: [32m'Timeseries'[39m,
  timestamp: [32m'2022-04-29T02:45:21.671Z'[39m
}
{
  message: [32m'Date: 2022-03-27'[39m,
  level: [32m'info'[39m,
  label: [32m'Timeseries'[39m,
  timestamp: [32m'2022-04-29T02:45:21.676Z'[39m
}
{
  message: [32m'unique constraint violated/undefined'[39m,
  level: [32m'error'[39m,
  label: [32m'Timeseries'[39m,
  timestamp: [32m'2022-04-29T02:45:24.822Z'[39m
}
{
  message: [32m'Date: 2022-04-03'[39m,
  level: [32m'info'[39m,
  label: [32m'Timeseries'[39m,
  timestamp: [32m'2022-04-29T02:45:24.852Z'[39m
}
{
  message: [32m'unique constraint violated/undefined'[39m,
  level: [32m'error'[39m,
  label: [32m'Timeseries'[39m,
  timestamp: [32m'2022-04-29T02:45:27.408Z'[39m
}
{
  message: [32m'Date: 2022-04-10'[39m,
  level: [32m'info'[39m,
  label: [32m'Timeseries'[39m,
  timestamp: [32m'2022-04-29T02:45:27.428Z'[39m
}
{
  message: [32m'unique constraint violated/undefined'[39m,
  level: [32m'error'[39m,
  label: [32m'Timeseries'[39m,
  timestamp: [32m'2022-04-29T02:45:30.295Z'[39m
}
{
  message: [32m'Date: 2022-04-17'[39m,
  level: [32m'info'[39m,
  label: [32m'Timeseries'[39m,
  timestamp: [32m'2022-04-29T02:45:30.321Z'[39m
}
{
  message: [32m'unique constraint violated/undefined'[39m,
  level: [32m'error'[39m,
  label: [32m'Timeseries'[39m,
  timestamp: [32m'2022-04-29T02:45:32.845Z'[39m
}
{
  message: [32m'Date: 2022-04-24'[39m,
  level: [32m'info'[39m,
  label: [32m'Timeseries'[39m,
  timestamp: [32m'2022-04-29T02:45:32.861Z'[39m
}
{
  message: [32m'unique constraint violated/undefined'[39m,
  level: [32m'error'[39m,
  label: [32m'Timeseries'[39m,
  timestamp: [32m'2022-04-29T02:45:34.701Z'[39m
}
{
  message: [32m'Date: 2022-05-01'[39m,
  level: [32m'info'[39m,
  label: [32m'Timeseries'[39m,
  timestamp: [32m'2022-04-29T02:45:34.719Z'[39m
}
{
  message: [32m'unique constraint violated/undefined'[39m,
  level: [32m'error'[39m,
  label: [32m'Timeseries'[39m,
  timestamp: [32m'2022-04-29T02:45:36.641Z'[39m
}
{
  message: [32m'Date: 2022-05-08'[39m,
  level: [32m'info'[39m,
  label: [32m'Timeseries'[39m,
  timestamp: [32m'2022-04-29T02:45:36.668Z'[39m
}
{
  message: [32m'unique constraint violated/undefined'[39m,
  level: [32m'error'[39m,
  label: [32m'Timeseries'[39m,
  timestamp: [32m'2022-04-29T02:45:39.018Z'[39m
}
{
  message: [32m'Date: 2022-05-15'[39m,
  level: [32m'info'[39m,
  label: [32m'Timeseries'[39m,
  timestamp: [32m'2022-04-29T02:45:39.063Z'[39m
}
{
  message: [32m'unique constraint violated/undefined'[39m,
  level: [32m'error'[39m,
  label: [32m'Timeseries'[39m,
  timestamp: [32m'2022-04-29T02:45:41.604Z'[39m
}
{
  message: [32m'Date: 2022-05-22'[39m,
  level: [32m'info'[39m,
  label: [32m'Timeseries'[39m,
  timestamp: [32m'2022-04-29T02:45:41.611Z'[39m
}
{
  message: [32m'unique constraint violated/undefined'[39m,
  level: [32m'error'[39m,
  label: [32m'Timeseries'[39m,
  timestamp: [32m'2022-04-29T02:45:43.692Z'[39m
}
{
  message: [32m'Date: 2022-05-29'[39m,
  level: [32m'info'[39m,
  label: [32m'Timeseries'[39m,
  timestamp: [32m'2022-04-29T02:45:43.704Z'[39m
}
{
  message: [32m'unique constraint violated/undefined'[39m,
  level: [32m'error'[39m,
  label: [32m'Timeseries'[39m,
  timestamp: [32m'2022-04-29T02:45:45.665Z'[39m
}
{
  message: [32m'Date: 2022-06-05'[39m,
  level: [32m'info'[39m,
  label: [32m'Timeseries'[39m,
  timestamp: [32m'2022-04-29T02:45:45.673Z'[39m
}
{
  message: [32m'unique constraint violated/undefined'[39m,
  level: [32m'error'[39m,
  label: [32m'Timeseries'[39m,
  timestamp: [32m'2022-04-29T02:45:47.545Z'[39m
}
{
  message: [32m'Date: 2022-06-12'[39m,
  level: [32m'info'[39m,
  label: [32m'Timeseries'[39m,
  timestamp: [32m'2022-04-29T02:45:47.554Z'[39m
}
{
  message: [32m'unique constraint violated/undefined'[39m,
  level: [32m'error'[39m,
  label: [32m'Timeseries'[39m,
  timestamp: [32m'2022-04-29T02:45:51.519Z'[39m
}
{
  message: [32m'Date: 2022-06-19'[39m,
  level: [32m'info'[39m,
  label: [32m'Timeseries'[39m,
  timestamp: [32m'2022-04-29T02:45:51.536Z'[39m
}
{
  message: [32m'unique constraint violated/undefined'[39m,
  level: [32m'error'[39m,
  label: [32m'Timeseries'[39m,
  timestamp: [32m'2022-04-29T02:45:53.641Z'[39m
}
{
  message: [32m'Date: 2022-06-26'[39m,
  level: [32m'info'[39m,
  label: [32m'Timeseries'[39m,
  timestamp: [32m'2022-04-29T02:45:53.650Z'[39m
}
{
  message: [32m'unique constraint violated/undefined'[39m,
  level: [32m'error'[39m,
  label: [32m'Timeseries'[39m,
  timestamp: [32m'2022-04-29T02:45:56.061Z'[39m
}
{
  message: [32m'Date: 2022-07-03'[39m,
  level: [32m'info'[39m,
  label: [32m'Timeseries'[39m,
  timestamp: [32m'2022-04-29T02:45:56.081Z'[39m
}
{
  message: [32m'unique constraint violated/undefined'[39m,
  level: [32m'error'[39m,
  label: [32m'Timeseries'[39m,
  timestamp: [32m'2022-04-29T02:45:58.808Z'[39m
}
{
  message: [32m'Date: 2022-07-10'[39m,
  level: [32m'info'[39m,
  label: [32m'Timeseries'[39m,
  timestamp: [32m'2022-04-29T02:45:58.835Z'[39m
}
{
  message: [32m'unique constraint violated/undefined'[39m,
  level: [32m'error'[39m,
  label: [32m'Timeseries'[39m,
  timestamp: [32m'2022-04-29T02:46:01.337Z'[39m
}
{
  message: [32m'Date: 2022-07-17'[39m,
  level: [32m'info'[39m,
  label: [32m'Timeseries'[39m,
  timestamp: [32m'2022-04-29T02:46:01.357Z'[39m
}
{
  message: [32m'unique constraint violated/undefined'[39m,
  level: [32m'error'[39m,
  label: [32m'Timeseries'[39m,
  timestamp: [32m'2022-04-29T02:46:03.168Z'[39m
}
{
  message: [32m'Date: 2022-07-24'[39m,
  level: [32m'info'[39m,
  label: [32m'Timeseries'[39m,
  timestamp: [32m'2022-04-29T02:46:03.168Z'[39m
}
{
  message: [32m'unique constraint violated/undefined'[39m,
  level: [32m'error'[39m,
  label: [32m'Timeseries'[39m,
  timestamp: [32m'2022-04-29T02:46:04.736Z'[39m
}
{
  message: [32m'Date: 2022-08-07'[39m,
  level: [32m'info'[39m,
  label: [32m'Timeseries'[39m,
  timestamp: [32m'2022-04-29T02:46:04.736Z'[39m
}
{
  message: [32m'unique constraint violated/undefined'[39m,
  level: [32m'error'[39m,
  label: [32m'Timeseries'[39m,
  timestamp: [32m'2022-04-29T02:46:06.155Z'[39m
}
{
  message: [32m'Date: 2022-08-14'[39m,
  level: [32m'info'[39m,
  label: [32m'Timeseries'[39m,
  timestamp: [32m'2022-04-29T02:46:06.156Z'[39m
}
{
  message: [32m'unique constraint violated/undefined'[39m,
  level: [32m'error'[39m,
  label: [32m'Timeseries'[39m,
  timestamp: [32m'2022-04-29T02:46:07.716Z'[39m
}
{
  message: [32m'Date: 2022-08-21'[39m,
  level: [32m'info'[39m,
  label: [32m'Timeseries'[39m,
  timestamp: [32m'2022-04-29T02:46:07.717Z'[39m
}
{
  message: [32m'unique constraint violated/undefined'[39m,
  level: [32m'error'[39m,
  label: [32m'Timeseries'[39m,
  timestamp: [32m'2022-04-29T02:46:09.079Z'[39m
}
{
  message: [32m'Date: 2022-08-28'[39m,
  level: [32m'info'[39m,
  label: [32m'Timeseries'[39m,
  timestamp: [32m'2022-04-29T02:46:09.079Z'[39m
}
{
  message: [32m'unique constraint violated/undefined'[39m,
  level: [32m'error'[39m,
  label: [32m'Timeseries'[39m,
  timestamp: [32m'2022-04-29T02:46:10.477Z'[39m
}
{
  message: [32m'Date: 2022-09-04'[39m,
  level: [32m'info'[39m,
  label: [32m'Timeseries'[39m,
  timestamp: [32m'2022-04-29T02:46:10.477Z'[39m
}
{
  message: [32m'unique constraint violated/undefined'[39m,
  level: [32m'error'[39m,
  label: [32m'Timeseries'[39m,
  timestamp: [32m'2022-04-29T02:46:12.059Z'[39m
}
{
  message: [32m'Date: 2022-09-11'[39m,
  level: [32m'info'[39m,
  label: [32m'Timeseries'[39m,
  timestamp: [32m'2022-04-29T02:46:12.059Z'[39m
}
{
  message: [32m'unique constraint violated/undefined'[39m,
  level: [32m'error'[39m,
  label: [32m'Timeseries'[39m,
  timestamp: [32m'2022-04-29T02:46:13.593Z'[39m
}
{
  message: [32m'Date: 2022-09-18'[39m,
  level: [32m'info'[39m,
  label: [32m'Timeseries'[39m,
  timestamp: [32m'2022-04-29T02:46:13.594Z'[39m
}
{
  message: [32m'unique constraint violated/undefined'[39m,
  level: [32m'error'[39m,
  label: [32m'Timeseries'[39m,
  timestamp: [32m'2022-04-29T02:46:14.978Z'[39m
}
{
  message: [32m'Date: 2022-09-25'[39m,
  level: [32m'info'[39m,
  label: [32m'Timeseries'[39m,
  timestamp: [32m'2022-04-29T02:46:14.979Z'[39m
}
{
  message: [32m'unique constraint violated/undefined'[39m,
  level: [32m'error'[39m,
  label: [32m'Timeseries'[39m,
  timestamp: [32m'2022-04-29T02:46:17.058Z'[39m
}
{
  message: [32m'Date: 2022-10-02'[39m,
  level: [32m'info'[39m,
  label: [32m'Timeseries'[39m,
  timestamp: [32m'2022-04-29T02:46:17.069Z'[39m
}
{
  message: [32m'unique constraint violated/undefined'[39m,
  level: [32m'error'[39m,
  label: [32m'Timeseries'[39m,
  timestamp: [32m'2022-04-29T02:46:18.985Z'[39m
}
{
  message: [32m'Date: 2022-10-09'[39m,
  level: [32m'info'[39m,
  label: [32m'Timeseries'[39m,
  timestamp: [32m'2022-04-29T02:46:19.019Z'[39m
}
{
  message: [32m'unique constraint violated/undefined'[39m,
  level: [32m'error'[39m,
  label: [32m'Timeseries'[39m,
  timestamp: [32m'2022-04-29T02:46:20.665Z'[39m
}
{
  message: [32m'Date: 2022-10-16'[39m,
  level: [32m'info'[39m,
  label: [32m'Timeseries'[39m,
  timestamp: [32m'2022-04-29T02:46:20.666Z'[39m
}
{
  message: [32m'unique constraint violated/undefined'[39m,
  level: [32m'error'[39m,
  label: [32m'Timeseries'[39m,
  timestamp: [32m'2022-04-29T02:46:22.378Z'[39m
}
{
  message: [32m'Date: 2022-10-23'[39m,
  level: [32m'info'[39m,
  label: [32m'Timeseries'[39m,
  timestamp: [32m'2022-04-29T02:46:22.414Z'[39m
}
{
  message: [32m'unique constraint violated/undefined'[39m,
  level: [32m'error'[39m,
  label: [32m'Timeseries'[39m,
  timestamp: [32m'2022-04-29T02:46:25.561Z'[39m
}
{
  message: [32m'Date: 2022-10-30'[39m,
  level: [32m'info'[39m,
  label: [32m'Timeseries'[39m,
  timestamp: [32m'2022-04-29T02:46:25.672Z'[39m
}
{
  message: [32m'unique constraint violated/undefined'[39m,
  level: [32m'error'[39m,
  label: [32m'Timeseries'[39m,
  timestamp: [32m'2022-04-29T02:46:28.160Z'[39m
}
{
  message: [32m'Date: 2022-11-06'[39m,
  level: [32m'info'[39m,
  label: [32m'Timeseries'[39m,
  timestamp: [32m'2022-04-29T02:46:28.193Z'[39m
}
{
  message: [32m'unique constraint violated/undefined'[39m,
  level: [32m'error'[39m,
  label: [32m'Timeseries'[39m,
  timestamp: [32m'2022-04-29T02:46:30.348Z'[39m
}
{
  message: [32m'Date: 2022-11-13'[39m,
  level: [32m'info'[39m,
  label: [32m'Timeseries'[39m,
  timestamp: [32m'2022-04-29T02:46:30.381Z'[39m
}
{
  message: [32m'unique constraint violated/undefined'[39m,
  level: [32m'error'[39m,
  label: [32m'Timeseries'[39m,
  timestamp: [32m'2022-04-29T02:46:32.098Z'[39m
}
{
  message: [32m'Date: 2022-11-20'[39m,
  level: [32m'info'[39m,
  label: [32m'Timeseries'[39m,
  timestamp: [32m'2022-04-29T02:46:32.098Z'[39m
}
{
  message: [32m'unique constraint violated/undefined'[39m,
  level: [32m'error'[39m,
  label: [32m'Timeseries'[39m,
  timestamp: [32m'2022-04-29T02:46:33.165Z'[39m
}
{
  message: [32m'Date: 2022-12-04'[39m,
  level: [32m'info'[39m,
  label: [32m'Timeseries'[39m,
  timestamp: [32m'2022-04-29T02:46:33.166Z'[39m
}
{
  message: [32m'unique constraint violated/undefined'[39m,
  level: [32m'error'[39m,
  label: [32m'Timeseries'[39m,
  timestamp: [32m'2022-04-29T02:46:34.363Z'[39m
}
{
  message: [32m'Date: 2022-12-11'[39m,
  level: [32m'info'[39m,
  label: [32m'Timeseries'[39m,
  timestamp: [32m'2022-04-29T02:46:34.363Z'[39m
}
{
  message: [32m'unique constraint violated/undefined'[39m,
  level: [32m'error'[39m,
  label: [32m'Timeseries'[39m,
  timestamp: [32m'2022-04-29T02:46:35.622Z'[39m
}
{
  message: [32m'Date: 2022-12-18'[39m,
  level: [32m'info'[39m,
  label: [32m'Timeseries'[39m,
  timestamp: [32m'2022-04-29T02:46:35.622Z'[39m
}
{
  message: [32m'unique constraint violated/undefined'[39m,
  level: [32m'error'[39m,
  label: [32m'Timeseries'[39m,
  timestamp: [32m'2022-04-29T02:46:37.216Z'[39m
}
{
  message: [32m'Completed timeseries Service'[39m,
  level: [32m'info'[39m,
  label: [32m'Timeseries'[39m,
  timestamp: [32m'2022-04-29T02:46:37.223Z'[39m
}
{
  level: [32m'info'[39m,
  message: [32m'Processing time : 2 Minutes'[39m,
  label: [32m'Timeseries'[39m,
  timestamp: [32m'2022-04-29T02:46:37.225Z'[39m
}
{
  message: [32m'Started timeseries Service'[39m,
  level: [32m'info'[39m,
  label: [32m'Timeseries'[39m,
  timestamp: [32m'2022-05-11T11:32:35.857Z'[39m
}
{
  message: [32m'Date: 2022-04-04'[39m,
  level: [32m'info'[39m,
  label: [32m'Timeseries'[39m,
  timestamp: [32m'2022-05-11T11:32:35.969Z'[39m
}
{
  message: [32m'unique constraint violated/undefined'[39m,
  level: [32m'error'[39m,
  label: [32m'Timeseries'[39m,
  timestamp: [32m'2022-05-11T11:32:40.272Z'[39m
}
{
  message: [32m'Date: 2022-04-11'[39m,
  level: [32m'info'[39m,
  label: [32m'Timeseries'[39m,
  timestamp: [32m'2022-05-11T11:32:40.273Z'[39m
}
{
  message: [32m'unique constraint violated/undefined'[39m,
  level: [32m'error'[39m,
  label: [32m'Timeseries'[39m,
  timestamp: [32m'2022-05-11T11:32:44.924Z'[39m
}
{
  message: [32m'Date: 2022-04-18'[39m,
  level: [32m'info'[39m,
  label: [32m'Timeseries'[39m,
  timestamp: [32m'2022-05-11T11:32:44.925Z'[39m
}
{
  message: [32m'unique constraint violated/undefined'[39m,
  level: [32m'error'[39m,
  label: [32m'Timeseries'[39m,
  timestamp: [32m'2022-05-11T11:32:49.245Z'[39m
}
{
  message: [32m'Date: 2022-04-25'[39m,
  level: [32m'info'[39m,
  label: [32m'Timeseries'[39m,
  timestamp: [32m'2022-05-11T11:32:49.245Z'[39m
}
{
  message: [32m'unique constraint violated/undefined'[39m,
  level: [32m'error'[39m,
  label: [32m'Timeseries'[39m,
  timestamp: [32m'2022-05-11T11:32:52.661Z'[39m
}
{
  message: [32m'Date: 2022-05-02'[39m,
  level: [32m'info'[39m,
  label: [32m'Timeseries'[39m,
  timestamp: [32m'2022-05-11T11:32:52.661Z'[39m
}
{
  message: [32m'unique constraint violated/undefined'[39m,
  level: [32m'error'[39m,
  label: [32m'Timeseries'[39m,
  timestamp: [32m'2022-05-11T11:32:55.646Z'[39m
}
{
  message: [32m'Date: 2022-05-09'[39m,
  level: [32m'info'[39m,
  label: [32m'Timeseries'[39m,
  timestamp: [32m'2022-05-11T11:32:55.646Z'[39m
}
{
  message: [32m'unique constraint violated/undefined'[39m,
  level: [32m'error'[39m,
  label: [32m'Timeseries'[39m,
  timestamp: [32m'2022-05-11T11:32:58.977Z'[39m
}
{
  message: [32m'Date: 2022-05-16'[39m,
  level: [32m'info'[39m,
  label: [32m'Timeseries'[39m,
  timestamp: [32m'2022-05-11T11:32:58.978Z'[39m
}
{
  message: [32m'unique constraint violated/undefined'[39m,
  level: [32m'error'[39m,
  label: [32m'Timeseries'[39m,
  timestamp: [32m'2022-05-11T11:33:02.921Z'[39m
}
{
  message: [32m'Date: 2022-05-23'[39m,
  level: [32m'info'[39m,
  label: [32m'Timeseries'[39m,
  timestamp: [32m'2022-05-11T11:33:02.921Z'[39m
}
{
  message: [32m'unique constraint violated/undefined'[39m,
  level: [32m'error'[39m,
  label: [32m'Timeseries'[39m,
  timestamp: [32m'2022-05-11T11:33:07.385Z'[39m
}
{
  message: [32m'Date: 2022-05-30'[39m,
  level: [32m'info'[39m,
  label: [32m'Timeseries'[39m,
  timestamp: [32m'2022-05-11T11:33:07.386Z'[39m
}
{
  message: [32m'unique constraint violated/undefined'[39m,
  level: [32m'error'[39m,
  label: [32m'Timeseries'[39m,
  timestamp: [32m'2022-05-11T11:33:11.312Z'[39m
}
{
  message: [32m'Date: 2022-06-06'[39m,
  level: [32m'info'[39m,
  label: [32m'Timeseries'[39m,
  timestamp: [32m'2022-05-11T11:33:11.313Z'[39m
}
{
  message: [32m'unique constraint violated/undefined'[39m,
  level: [32m'error'[39m,
  label: [32m'Timeseries'[39m,
  timestamp: [32m'2022-05-11T11:33:14.408Z'[39m
}
{
  message: [32m'Date: 2022-06-13'[39m,
  level: [32m'info'[39m,
  label: [32m'Timeseries'[39m,
  timestamp: [32m'2022-05-11T11:33:14.409Z'[39m
}
{
  message: [32m'unique constraint violated/undefined'[39m,
  level: [32m'error'[39m,
  label: [32m'Timeseries'[39m,
  timestamp: [32m'2022-05-11T11:33:18.541Z'[39m
}
{
  message: [32m'Date: 2022-06-20'[39m,
  level: [32m'info'[39m,
  label: [32m'Timeseries'[39m,
  timestamp: [32m'2022-05-11T11:33:18.542Z'[39m
}
{
  message: [32m'unique constraint violated/undefined'[39m,
  level: [32m'error'[39m,
  label: [32m'Timeseries'[39m,
  timestamp: [32m'2022-05-11T11:34:02.967Z'[39m
}
{
  message: [32m'Completed timeseries Service'[39m,
  level: [32m'info'[39m,
  label: [32m'Timeseries'[39m,
  timestamp: [32m'2022-05-11T11:34:02.969Z'[39m
}
{
  level: [32m'info'[39m,
  message: [32m'Processing time : 1 Minutes'[39m,
  label: [32m'Timeseries'[39m,
  timestamp: [32m'2022-05-11T11:34:02.969Z'[39m
}
{
  message: [32m'Started timeseries Service'[39m,
  level: [32m'info'[39m,
  label: [32m'Timeseries'[39m,
  timestamp: [32m'2022-05-11T12:44:02.689Z'[39m
}
{
  message: [32m'Date: 2022-04-04'[39m,
  level: [32m'info'[39m,
  label: [32m'Timeseries'[39m,
  timestamp: [32m'2022-05-11T12:44:03.356Z'[39m
}
{
  message: [32m'Started timeseries Service'[39m,
  level: [32m'info'[39m,
  label: [32m'Timeseries'[39m,
  timestamp: [32m'2022-05-11T12:45:02.507Z'[39m
}
{
  message: [32m'Date: 2022-04-04'[39m,
  level: [32m'info'[39m,
  label: [32m'Timeseries'[39m,
  timestamp: [32m'2022-05-11T12:45:03.171Z'[39m
}
{
  message: [32m'unique constraint violated/undefined'[39m,
  level: [32m'error'[39m,
  label: [32m'Timeseries'[39m,
  timestamp: [32m'2022-05-11T12:45:06.637Z'[39m
}
{
  message: [32m'Date: 2022-04-11'[39m,
  level: [32m'info'[39m,
  label: [32m'Timeseries'[39m,
  timestamp: [32m'2022-05-11T12:45:06.637Z'[39m
}
{
  message: [32m'unique constraint violated/undefined'[39m,
  level: [32m'error'[39m,
  label: [32m'Timeseries'[39m,
  timestamp: [32m'2022-05-11T12:45:09.908Z'[39m
}
{
  message: [32m'Date: 2022-04-18'[39m,
  level: [32m'info'[39m,
  label: [32m'Timeseries'[39m,
  timestamp: [32m'2022-05-11T12:45:09.908Z'[39m
}
{
  message: [32m'unique constraint violated/undefined'[39m,
  level: [32m'error'[39m,
  label: [32m'Timeseries'[39m,
  timestamp: [32m'2022-05-11T12:45:13.498Z'[39m
}
{
  message: [32m'Date: 2022-04-25'[39m,
  level: [32m'info'[39m,
  label: [32m'Timeseries'[39m,
  timestamp: [32m'2022-05-11T12:45:13.499Z'[39m
}
{
  message: [32m'unique constraint violated/undefined'[39m,
  level: [32m'error'[39m,
  label: [32m'Timeseries'[39m,
  timestamp: [32m'2022-05-11T12:45:16.301Z'[39m
}
{
  message: [32m'Date: 2022-05-02'[39m,
  level: [32m'info'[39m,
  label: [32m'Timeseries'[39m,
  timestamp: [32m'2022-05-11T12:45:16.301Z'[39m
}
{
  message: [32m'unique constraint violated/undefined'[39m,
  level: [32m'error'[39m,
  label: [32m'Timeseries'[39m,
  timestamp: [32m'2022-05-11T12:45:19.213Z'[39m
}
{
  message: [32m'Date: 2022-05-09'[39m,
  level: [32m'info'[39m,
  label: [32m'Timeseries'[39m,
  timestamp: [32m'2022-05-11T12:45:19.213Z'[39m
}
{
  message: [32m'unique constraint violated/undefined'[39m,
  level: [32m'error'[39m,
  label: [32m'Timeseries'[39m,
  timestamp: [32m'2022-05-11T12:45:21.737Z'[39m
}
{
  message: [32m'Date: 2022-05-16'[39m,
  level: [32m'info'[39m,
  label: [32m'Timeseries'[39m,
  timestamp: [32m'2022-05-11T12:45:21.737Z'[39m
}
{
  message: [32m'unique constraint violated/undefined'[39m,
  level: [32m'error'[39m,
  label: [32m'Timeseries'[39m,
  timestamp: [32m'2022-05-11T12:45:24.374Z'[39m
}
{
  message: [32m'Date: 2022-05-23'[39m,
  level: [32m'info'[39m,
  label: [32m'Timeseries'[39m,
  timestamp: [32m'2022-05-11T12:45:24.375Z'[39m
}
{
  message: [32m'unique constraint violated/undefined'[39m,
  level: [32m'error'[39m,
  label: [32m'Timeseries'[39m,
  timestamp: [32m'2022-05-11T12:45:27.670Z'[39m
}
{
  message: [32m'Date: 2022-05-30'[39m,
  level: [32m'info'[39m,
  label: [32m'Timeseries'[39m,
  timestamp: [32m'2022-05-11T12:45:27.671Z'[39m
}
{
  message: [32m'unique constraint violated/undefined'[39m,
  level: [32m'error'[39m,
  label: [32m'Timeseries'[39m,
  timestamp: [32m'2022-05-11T12:45:31.271Z'[39m
}
{
  message: [32m'Date: 2022-06-06'[39m,
  level: [32m'info'[39m,
  label: [32m'Timeseries'[39m,
  timestamp: [32m'2022-05-11T12:45:31.271Z'[39m
}
{
  message: [32m'unique constraint violated/undefined'[39m,
  level: [32m'error'[39m,
  label: [32m'Timeseries'[39m,
  timestamp: [32m'2022-05-11T12:45:33.620Z'[39m
}
{
  message: [32m'Date: 2022-06-13'[39m,
  level: [32m'info'[39m,
  label: [32m'Timeseries'[39m,
  timestamp: [32m'2022-05-11T12:45:33.620Z'[39m
}
{
  message: [32m'unique constraint violated/undefined'[39m,
  level: [32m'error'[39m,
  label: [32m'Timeseries'[39m,
  timestamp: [32m'2022-05-11T12:45:37.285Z'[39m
}
{
  message: [32m'Date: 2022-06-20'[39m,
  level: [32m'info'[39m,
  label: [32m'Timeseries'[39m,
  timestamp: [32m'2022-05-11T12:45:37.285Z'[39m
}
{
  message: [32m'unique constraint violated/undefined'[39m,
  level: [32m'error'[39m,
  label: [32m'Timeseries'[39m,
  timestamp: [32m'2022-05-11T12:45:40.614Z'[39m
}
{
  message: [32m'Completed timeseries Service'[39m,
  level: [32m'info'[39m,
  label: [32m'Timeseries'[39m,
  timestamp: [32m'2022-05-11T12:45:40.621Z'[39m
}
{
  level: [32m'info'[39m,
  message: [32m'Processing time : 0 Minutes'[39m,
  label: [32m'Timeseries'[39m,
  timestamp: [32m'2022-05-11T12:45:40.626Z'[39m
}
