#2.0#2022 07 18 08:13:14.564#Z#DEBUG#com.sap.cloud.lm.sl.xs2.5d14f9ba-0671-11ed-9ebc-eeee0a8cc8d2.config_products-db-deployer.stageAppTask#
######org.cloudfoundry.multiapps.controller.persistence.services.ProcessLogger########flowable-async-job-executor-thread-12216###
[PollStageAppStatusExecution] [config_products-db-deployer] 920ebf08-994d-4d7d-acd9-853e1143b311 [Mon Jul 18 08:12:51 UTC 2022] Updated app with guid 920ebf08-994d-4d7d-acd9-853e1143b311 ({"lifecycle"=>{"data"=>{"buildpacks"=>["nodejs_buildpack"]}, "type"=>"buildpack"}}) (STDOUT, API)#

#2.0#2022 07 18 08:13:14.564#Z#DEBUG#com.sap.cloud.lm.sl.xs2.5d14f9ba-0671-11ed-9ebc-eeee0a8cc8d2.config_products-db-deployer.stageAppTask#
######org.cloudfoundry.multiapps.controller.persistence.services.ProcessLogger########flowable-async-job-executor-thread-12216###
[PollStageAppStatusExecution] [config_products-db-deployer] 920ebf08-994d-4d7d-acd9-853e1143b311 [Mon Jul 18 08:12:51 UTC 2022] Updating process: "web" (STDOUT, API)#

#2.0#2022 07 18 08:13:14.564#Z#DEBUG#com.sap.cloud.lm.sl.xs2.5d14f9ba-0671-11ed-9ebc-eeee0a8cc8d2.config_products-db-deployer.stageAppTask#
######org.cloudfoundry.multiapps.controller.persistence.services.ProcessLogger########flowable-async-job-executor-thread-12216###
[PollStageAppStatusExecution] [config_products-db-deployer] 920ebf08-994d-4d7d-acd9-853e1143b311 [Mon Jul 18 08:12:51 UTC 2022] Updated app with guid 920ebf08-994d-4d7d-acd9-853e1143b311 ({"environment_variables"=>"[PRIVATE DATA HIDDEN]"}) (STDOUT, API)#

#2.0#2022 07 18 08:13:14.564#Z#DEBUG#com.sap.cloud.lm.sl.xs2.5d14f9ba-0671-11ed-9ebc-eeee0a8cc8d2.config_products-db-deployer.stageAppTask#
######org.cloudfoundry.multiapps.controller.persistence.services.ProcessLogger########flowable-async-job-executor-thread-12216###
[PollStageAppStatusExecution] [config_products-db-deployer] 920ebf08-994d-4d7d-acd9-853e1143b311 [Mon Jul 18 08:12:57 UTC 2022] Uploading app package for app with guid 920ebf08-994d-4d7d-acd9-853e1143b311 (STDOUT, API)#

#2.0#2022 07 18 08:13:14.564#Z#DEBUG#com.sap.cloud.lm.sl.xs2.5d14f9ba-0671-11ed-9ebc-eeee0a8cc8d2.config_products-db-deployer.stageAppTask#
######org.cloudfoundry.multiapps.controller.persistence.services.ProcessLogger########flowable-async-job-executor-thread-12216###
[PollStageAppStatusExecution] [config_products-db-deployer] 920ebf08-994d-4d7d-acd9-853e1143b311 [Mon Jul 18 08:12:58 UTC 2022] Updated app with guid 920ebf08-994d-4d7d-acd9-853e1143b311 ({"environment_variables"=>"[PRIVATE DATA HIDDEN]"}) (STDOUT, API)#

#2.0#2022 07 18 08:13:14.565#Z#DEBUG#com.sap.cloud.lm.sl.xs2.5d14f9ba-0671-11ed-9ebc-eeee0a8cc8d2.config_products-db-deployer.stageAppTask#
######org.cloudfoundry.multiapps.controller.persistence.services.ProcessLogger########flowable-async-job-executor-thread-12216###
[PollStageAppStatusExecution] [config_products-db-deployer] 920ebf08-994d-4d7d-acd9-853e1143b311 [Mon Jul 18 08:13:04 UTC 2022] Creating build for app with guid 920ebf08-994d-4d7d-acd9-853e1143b311 (STDOUT, API)#

#2.0#2022 07 18 08:13:14.565#Z#DEBUG#com.sap.cloud.lm.sl.xs2.5d14f9ba-0671-11ed-9ebc-eeee0a8cc8d2.config_products-db-deployer.stageAppTask#
######org.cloudfoundry.multiapps.controller.persistence.services.ProcessLogger########flowable-async-job-executor-thread-12216###
[PollStageAppStatusExecution] [config_products-db-deployer] 920ebf08-994d-4d7d-acd9-853e1143b311 [Mon Jul 18 08:13:05 UTC 2022] Downloading nodejs_buildpack... (STDOUT, STG)#

#2.0#2022 07 18 08:13:14.565#Z#DEBUG#com.sap.cloud.lm.sl.xs2.5d14f9ba-0671-11ed-9ebc-eeee0a8cc8d2.config_products-db-deployer.stageAppTask#
######org.cloudfoundry.multiapps.controller.persistence.services.ProcessLogger########flowable-async-job-executor-thread-12216###
[PollStageAppStatusExecution] [config_products-db-deployer] 920ebf08-994d-4d7d-acd9-853e1143b311 [Mon Jul 18 08:13:05 UTC 2022] Cell 86976fe9-333b-4e9f-a789-060646bcd6bf creating container for instance 260dfbae-bf2d-4556-9607-dfcc2a845e9d (STDOUT, STG)#

#2.0#2022 07 18 08:13:14.565#Z#DEBUG#com.sap.cloud.lm.sl.xs2.5d14f9ba-0671-11ed-9ebc-eeee0a8cc8d2.config_products-db-deployer.stageAppTask#
######org.cloudfoundry.multiapps.controller.persistence.services.ProcessLogger########flowable-async-job-executor-thread-12216###
[PollStageAppStatusExecution] [config_products-db-deployer] 920ebf08-994d-4d7d-acd9-853e1143b311 [Mon Jul 18 08:13:05 UTC 2022] Downloaded nodejs_buildpack (STDOUT, STG)#

#2.0#2022 07 18 08:13:14.565#Z#DEBUG#com.sap.cloud.lm.sl.xs2.5d14f9ba-0671-11ed-9ebc-eeee0a8cc8d2.config_products-db-deployer.stageAppTask#
######org.cloudfoundry.multiapps.controller.persistence.services.ProcessLogger########flowable-async-job-executor-thread-12216###
[PollStageAppStatusExecution] [config_products-db-deployer] 920ebf08-994d-4d7d-acd9-853e1143b311 [Mon Jul 18 08:13:05 UTC 2022] Cell 86976fe9-333b-4e9f-a789-060646bcd6bf successfully created container for instance 260dfbae-bf2d-4556-9607-dfcc2a845e9d (STDOUT, STG)#

#2.0#2022 07 18 08:13:14.565#Z#DEBUG#com.sap.cloud.lm.sl.xs2.5d14f9ba-0671-11ed-9ebc-eeee0a8cc8d2.config_products-db-deployer.stageAppTask#
######org.cloudfoundry.multiapps.controller.persistence.services.ProcessLogger########flowable-async-job-executor-thread-12216###
[PollStageAppStatusExecution] [config_products-db-deployer] 920ebf08-994d-4d7d-acd9-853e1143b311 [Mon Jul 18 08:13:06 UTC 2022] Downloading build artifacts cache... (STDOUT, STG)#

#2.0#2022 07 18 08:13:14.565#Z#DEBUG#com.sap.cloud.lm.sl.xs2.5d14f9ba-0671-11ed-9ebc-eeee0a8cc8d2.config_products-db-deployer.stageAppTask#
######org.cloudfoundry.multiapps.controller.persistence.services.ProcessLogger########flowable-async-job-executor-thread-12216###
[PollStageAppStatusExecution] [config_products-db-deployer] 920ebf08-994d-4d7d-acd9-853e1143b311 [Mon Jul 18 08:13:06 UTC 2022] Downloading app package... (STDOUT, STG)#

#2.0#2022 07 18 08:13:14.565#Z#DEBUG#com.sap.cloud.lm.sl.xs2.5d14f9ba-0671-11ed-9ebc-eeee0a8cc8d2.config_products-db-deployer.stageAppTask#
######org.cloudfoundry.multiapps.controller.persistence.services.ProcessLogger########flowable-async-job-executor-thread-12216###
[PollStageAppStatusExecution] [config_products-db-deployer] 920ebf08-994d-4d7d-acd9-853e1143b311 [Mon Jul 18 08:13:06 UTC 2022] Downloaded app package (144.7K) (STDOUT, STG)#

#2.0#2022 07 18 08:13:14.565#Z#DEBUG#com.sap.cloud.lm.sl.xs2.5d14f9ba-0671-11ed-9ebc-eeee0a8cc8d2.config_products-db-deployer.stageAppTask#
######org.cloudfoundry.multiapps.controller.persistence.services.ProcessLogger########flowable-async-job-executor-thread-12216###
[PollStageAppStatusExecution] [config_products-db-deployer] 920ebf08-994d-4d7d-acd9-853e1143b311 [Mon Jul 18 08:13:09 UTC 2022] Downloaded build artifacts cache (147M) (STDOUT, STG)#

#2.0#2022 07 18 08:13:14.565#Z#DEBUG#com.sap.cloud.lm.sl.xs2.5d14f9ba-0671-11ed-9ebc-eeee0a8cc8d2.config_products-db-deployer.stageAppTask#
######org.cloudfoundry.multiapps.controller.persistence.services.ProcessLogger########flowable-async-job-executor-thread-12216###
[PollStageAppStatusExecution] [config_products-db-deployer] 920ebf08-994d-4d7d-acd9-853e1143b311 [Mon Jul 18 08:13:09 UTC 2022] -----> Nodejs Buildpack version 1.7.70 (STDOUT, STG)#

#2.0#2022 07 18 08:13:14.565#Z#DEBUG#com.sap.cloud.lm.sl.xs2.5d14f9ba-0671-11ed-9ebc-eeee0a8cc8d2.config_products-db-deployer.stageAppTask#
######org.cloudfoundry.multiapps.controller.persistence.services.ProcessLogger########flowable-async-job-executor-thread-12216###
[PollStageAppStatusExecution] [config_products-db-deployer] 920ebf08-994d-4d7d-acd9-853e1143b311 [Mon Jul 18 08:13:09 UTC 2022] Copy [/tmp/buildpacks/c93c549df1b2fe8d171a1c14802798a4/dependencies/77cb0120d6c38426ca6a9a8098df68c7/node_16.15.0_linux_x64_cflinuxfs3_cae3a27b.tgz] (STDOUT, STG)#

#2.0#2022 07 18 08:13:14.565#Z#DEBUG#com.sap.cloud.lm.sl.xs2.5d14f9ba-0671-11ed-9ebc-eeee0a8cc8d2.config_products-db-deployer.stageAppTask#
######org.cloudfoundry.multiapps.controller.persistence.services.ProcessLogger########flowable-async-job-executor-thread-12216###
[PollStageAppStatusExecution] [config_products-db-deployer] 920ebf08-994d-4d7d-acd9-853e1143b311 [Mon Jul 18 08:13:09 UTC 2022] -----> Installing node 16.15.0 (STDOUT, STG)#

#2.0#2022 07 18 08:13:14.565#Z#DEBUG#com.sap.cloud.lm.sl.xs2.5d14f9ba-0671-11ed-9ebc-eeee0a8cc8d2.config_products-db-deployer.stageAppTask#
######org.cloudfoundry.multiapps.controller.persistence.services.ProcessLogger########flowable-async-job-executor-thread-12216###
[PollStageAppStatusExecution] [config_products-db-deployer] 920ebf08-994d-4d7d-acd9-853e1143b311 [Mon Jul 18 08:13:09 UTC 2022] engines.npm (package.json): unspecified (use default) (STDOUT, STG)#

#2.0#2022 07 18 08:13:14.565#Z#DEBUG#com.sap.cloud.lm.sl.xs2.5d14f9ba-0671-11ed-9ebc-eeee0a8cc8d2.config_products-db-deployer.stageAppTask#
######org.cloudfoundry.multiapps.controller.persistence.services.ProcessLogger########flowable-async-job-executor-thread-12216###
[PollStageAppStatusExecution] [config_products-db-deployer] 920ebf08-994d-4d7d-acd9-853e1143b311 [Mon Jul 18 08:13:09 UTC 2022] engines.node (package.json): ^12.18.0 || ^14.0.0 || ^16.0.0 (STDOUT, STG)#

#2.0#2022 07 18 08:13:14.565#Z#DEBUG#com.sap.cloud.lm.sl.xs2.5d14f9ba-0671-11ed-9ebc-eeee0a8cc8d2.config_products-db-deployer.stageAppTask#
######org.cloudfoundry.multiapps.controller.persistence.services.ProcessLogger########flowable-async-job-executor-thread-12216###
[PollStageAppStatusExecution] [config_products-db-deployer] 920ebf08-994d-4d7d-acd9-853e1143b311 [Mon Jul 18 08:13:09 UTC 2022] -----> Installing binaries (STDOUT, STG)#

#2.0#2022 07 18 08:13:14.565#Z#DEBUG#com.sap.cloud.lm.sl.xs2.5d14f9ba-0671-11ed-9ebc-eeee0a8cc8d2.config_products-db-deployer.stageAppTask#
######org.cloudfoundry.multiapps.controller.persistence.services.ProcessLogger########flowable-async-job-executor-thread-12216###
[PollStageAppStatusExecution] [config_products-db-deployer] 920ebf08-994d-4d7d-acd9-853e1143b311 [Mon Jul 18 08:13:11 UTC 2022] Copy [/tmp/buildpacks/c93c549df1b2fe8d171a1c14802798a4/dependencies/584e43947dbdc85a5abee0933bc2af4f/yarn_1.22.18_linux_noarch_any-stack_4fc4a734.tgz] (STDOUT, STG)#

#2.0#2022 07 18 08:13:14.565#Z#DEBUG#com.sap.cloud.lm.sl.xs2.5d14f9ba-0671-11ed-9ebc-eeee0a8cc8d2.config_products-db-deployer.stageAppTask#
######org.cloudfoundry.multiapps.controller.persistence.services.ProcessLogger########flowable-async-job-executor-thread-12216###
[PollStageAppStatusExecution] [config_products-db-deployer] 920ebf08-994d-4d7d-acd9-853e1143b311 [Mon Jul 18 08:13:11 UTC 2022] -----> Installing yarn 1.22.18 (STDOUT, STG)#

#2.0#2022 07 18 08:13:14.565#Z#DEBUG#com.sap.cloud.lm.sl.xs2.5d14f9ba-0671-11ed-9ebc-eeee0a8cc8d2.config_products-db-deployer.stageAppTask#
######org.cloudfoundry.multiapps.controller.persistence.services.ProcessLogger########flowable-async-job-executor-thread-12216###
[PollStageAppStatusExecution] [config_products-db-deployer] 920ebf08-994d-4d7d-acd9-853e1143b311 [Mon Jul 18 08:13:11 UTC 2022] Using default npm version: 8.5.5 (STDOUT, STG)#

#2.0#2022 07 18 08:13:14.565#Z#DEBUG#com.sap.cloud.lm.sl.xs2.5d14f9ba-0671-11ed-9ebc-eeee0a8cc8d2.config_products-db-deployer.stageAppTask#
######org.cloudfoundry.multiapps.controller.persistence.services.ProcessLogger########flowable-async-job-executor-thread-12216###
[PollStageAppStatusExecution] [config_products-db-deployer] 920ebf08-994d-4d7d-acd9-853e1143b311 [Mon Jul 18 08:13:11 UTC 2022] -----> Creating runtime environment (STDOUT, STG)#

#2.0#2022 07 18 08:13:14.565#Z#DEBUG#com.sap.cloud.lm.sl.xs2.5d14f9ba-0671-11ed-9ebc-eeee0a8cc8d2.config_products-db-deployer.stageAppTask#
######org.cloudfoundry.multiapps.controller.persistence.services.ProcessLogger########flowable-async-job-executor-thread-12216###
[PollStageAppStatusExecution] [config_products-db-deployer] 920ebf08-994d-4d7d-acd9-853e1143b311 [Mon Jul 18 08:13:11 UTC 2022] Installed yarn 1.22.18 (STDOUT, STG)#

#2.0#2022 07 18 08:13:14.565#Z#DEBUG#com.sap.cloud.lm.sl.xs2.5d14f9ba-0671-11ed-9ebc-eeee0a8cc8d2.config_products-db-deployer.stageAppTask#
######org.cloudfoundry.multiapps.controller.persistence.services.ProcessLogger########flowable-async-job-executor-thread-12216###
[PollStageAppStatusExecution] [config_products-db-deployer] 920ebf08-994d-4d7d-acd9-853e1143b311 [Mon Jul 18 08:13:11 UTC 2022] Installing node modules (package.json + package-lock.json) (STDOUT, STG)#

#2.0#2022 07 18 08:13:14.565#Z#DEBUG#com.sap.cloud.lm.sl.xs2.5d14f9ba-0671-11ed-9ebc-eeee0a8cc8d2.config_products-db-deployer.stageAppTask#
######org.cloudfoundry.multiapps.controller.persistence.services.ProcessLogger########flowable-async-job-executor-thread-12216###
[PollStageAppStatusExecution] [config_products-db-deployer] 920ebf08-994d-4d7d-acd9-853e1143b311 [Mon Jul 18 08:13:11 UTC 2022] -----> Building dependencies (STDOUT, STG)#

#2.0#2022 07 18 08:13:14.565#Z#DEBUG#com.sap.cloud.lm.sl.xs2.5d14f9ba-0671-11ed-9ebc-eeee0a8cc8d2.config_products-db-deployer.stageAppTask#
######org.cloudfoundry.multiapps.controller.persistence.services.ProcessLogger########flowable-async-job-executor-thread-12216###
[PollStageAppStatusExecution] [config_products-db-deployer] 920ebf08-994d-4d7d-acd9-853e1143b311 [Mon Jul 18 08:13:11 UTC 2022] NPM_CONFIG_PRODUCTION=true (STDOUT, STG)#

#2.0#2022 07 18 08:13:14.565#Z#DEBUG#com.sap.cloud.lm.sl.xs2.5d14f9ba-0671-11ed-9ebc-eeee0a8cc8d2.config_products-db-deployer.stageAppTask#
######org.cloudfoundry.multiapps.controller.persistence.services.ProcessLogger########flowable-async-job-executor-thread-12216###
[PollStageAppStatusExecution] [config_products-db-deployer] 920ebf08-994d-4d7d-acd9-853e1143b311 [Mon Jul 18 08:13:11 UTC 2022] NPM_CONFIG_LOGLEVEL=error (STDOUT, STG)#

#2.0#2022 07 18 08:13:14.565#Z#DEBUG#com.sap.cloud.lm.sl.xs2.5d14f9ba-0671-11ed-9ebc-eeee0a8cc8d2.config_products-db-deployer.stageAppTask#
######org.cloudfoundry.multiapps.controller.persistence.services.ProcessLogger########flowable-async-job-executor-thread-12216###
[PollStageAppStatusExecution] [config_products-db-deployer] 920ebf08-994d-4d7d-acd9-853e1143b311 [Mon Jul 18 08:13:11 UTC 2022] NODE_VERBOSE=false (STDOUT, STG)#

#2.0#2022 07 18 08:13:14.565#Z#DEBUG#com.sap.cloud.lm.sl.xs2.5d14f9ba-0671-11ed-9ebc-eeee0a8cc8d2.config_products-db-deployer.stageAppTask#
######org.cloudfoundry.multiapps.controller.persistence.services.ProcessLogger########flowable-async-job-executor-thread-12216###
[PollStageAppStatusExecution] [config_products-db-deployer] 920ebf08-994d-4d7d-acd9-853e1143b311 [Mon Jul 18 08:13:11 UTC 2022] NODE_MODULES_CACHE=true (STDOUT, STG)#

#2.0#2022 07 18 08:13:14.565#Z#DEBUG#com.sap.cloud.lm.sl.xs2.5d14f9ba-0671-11ed-9ebc-eeee0a8cc8d2.config_products-db-deployer.stageAppTask#
######org.cloudfoundry.multiapps.controller.persistence.services.ProcessLogger########flowable-async-job-executor-thread-12216###
[PollStageAppStatusExecution] [config_products-db-deployer] 920ebf08-994d-4d7d-acd9-853e1143b311 [Mon Jul 18 08:13:11 UTC 2022] NODE_HOME=/tmp/contents4114992781/deps/0/node (STDOUT, STG)#

#2.0#2022 07 18 08:13:14.565#Z#DEBUG#com.sap.cloud.lm.sl.xs2.5d14f9ba-0671-11ed-9ebc-eeee0a8cc8d2.config_products-db-deployer.stageAppTask#
######org.cloudfoundry.multiapps.controller.persistence.services.ProcessLogger########flowable-async-job-executor-thread-12216###
[PollStageAppStatusExecution] [config_products-db-deployer] 920ebf08-994d-4d7d-acd9-853e1143b311 [Mon Jul 18 08:13:11 UTC 2022] NODE_ENV=production (STDOUT, STG)#

#2.0#2022 07 18 08:13:14.565#Z#DEBUG#com.sap.cloud.lm.sl.xs2.5d14f9ba-0671-11ed-9ebc-eeee0a8cc8d2.config_products-db-deployer.stageAppTask#
######org.cloudfoundry.multiapps.controller.persistence.services.ProcessLogger########flowable-async-job-executor-thread-12216###
[PollStageAppStatusExecution] [config_products-db-deployer] 920ebf08-994d-4d7d-acd9-853e1143b311 [Mon Jul 18 08:13:11 UTC 2022] Visit http://docs.cloudfoundry.org/buildpacks/node/index.html#vendoring (STDOUT, STG)#

#2.0#2022 07 18 08:13:14.565#Z#DEBUG#com.sap.cloud.lm.sl.xs2.5d14f9ba-0671-11ed-9ebc-eeee0a8cc8d2.config_products-db-deployer.stageAppTask#
######org.cloudfoundry.multiapps.controller.persistence.services.ProcessLogger########flowable-async-job-executor-thread-12216###
[PollStageAppStatusExecution] [config_products-db-deployer] 920ebf08-994d-4d7d-acd9-853e1143b311 [Mon Jul 18 08:13:11 UTC 2022] [34;1mPRO TIP:[0m It is recommended to vendor the application's Node.js dependencies (STDOUT, STG)#

#2.0#2022 07 18 08:13:14.565#Z#DEBUG#com.sap.cloud.lm.sl.xs2.5d14f9ba-0671-11ed-9ebc-eeee0a8cc8d2.config_products-db-deployer.stageAppTask#
######org.cloudfoundry.multiapps.controller.persistence.services.ProcessLogger########flowable-async-job-executor-thread-12216###
[PollStageAppStatusExecution] [config_products-db-deployer] 920ebf08-994d-4d7d-acd9-853e1143b311 [Mon Jul 18 08:13:13 UTC 2022] added 26 packages, and audited 27 packages in 2s (STDOUT, STG)#

#2.0#2022 07 18 08:13:14.565#Z#DEBUG#com.sap.cloud.lm.sl.xs2.5d14f9ba-0671-11ed-9ebc-eeee0a8cc8d2.config_products-db-deployer.stageAppTask#
######org.cloudfoundry.multiapps.controller.persistence.services.ProcessLogger########flowable-async-job-executor-thread-12216###
[PollStageAppStatusExecution] [config_products-db-deployer] 920ebf08-994d-4d7d-acd9-853e1143b311 [Mon Jul 18 08:13:13 UTC 2022] found 0 vulnerabilities (STDOUT, STG)#

#2.0#2022 07 18 08:13:24.495#Z#DEBUG#com.sap.cloud.lm.sl.xs2.5d14f9ba-0671-11ed-9ebc-eeee0a8cc8d2.config_products-db-deployer.stageAppTask#
######org.cloudfoundry.multiapps.controller.persistence.services.ProcessLogger########flowable-async-job-executor-thread-15199###
[PollStageAppStatusExecution] [config_products-db-deployer] 920ebf08-994d-4d7d-acd9-853e1143b311 [Mon Jul 18 08:13:14 UTC 2022] See: https://github.com/npm/npm/issues/7494 (STDOUT, STG)#

#2.0#2022 07 18 08:13:24.495#Z#DEBUG#com.sap.cloud.lm.sl.xs2.5d14f9ba-0671-11ed-9ebc-eeee0a8cc8d2.config_products-db-deployer.stageAppTask#
######org.cloudfoundry.multiapps.controller.persistence.services.ProcessLogger########flowable-async-job-executor-thread-15199###
[PollStageAppStatusExecution] [config_products-db-deployer] 920ebf08-994d-4d7d-acd9-853e1143b311 [Mon Jul 18 08:13:14 UTC 2022] [31;1m**WARNING**[0m Unmet dependencies don't fail npm install but may cause runtime issues (STDOUT, STG)#

#2.0#2022 07 18 08:13:24.495#Z#DEBUG#com.sap.cloud.lm.sl.xs2.5d14f9ba-0671-11ed-9ebc-eeee0a8cc8d2.config_products-db-deployer.stageAppTask#
######org.cloudfoundry.multiapps.controller.persistence.services.ProcessLogger########flowable-async-job-executor-thread-15199###
[PollStageAppStatusExecution] [config_products-db-deployer] 920ebf08-994d-4d7d-acd9-853e1143b311 [Mon Jul 18 08:13:14 UTC 2022] service is not configured to run with Sealights (STDOUT, STG)#

#2.0#2022 07 18 08:13:24.495#Z#DEBUG#com.sap.cloud.lm.sl.xs2.5d14f9ba-0671-11ed-9ebc-eeee0a8cc8d2.config_products-db-deployer.stageAppTask#
######org.cloudfoundry.multiapps.controller.persistence.services.ProcessLogger########flowable-async-job-executor-thread-15199###
[PollStageAppStatusExecution] [config_products-db-deployer] 920ebf08-994d-4d7d-acd9-853e1143b311 [Mon Jul 18 08:13:14 UTC 2022] inside Sealights hook (STDOUT, STG)#

#2.0#2022 07 18 08:13:24.495#Z#DEBUG#com.sap.cloud.lm.sl.xs2.5d14f9ba-0671-11ed-9ebc-eeee0a8cc8d2.config_products-db-deployer.stageAppTask#
######org.cloudfoundry.multiapps.controller.persistence.services.ProcessLogger########flowable-async-job-executor-thread-15199###
[PollStageAppStatusExecution] [config_products-db-deployer] 920ebf08-994d-4d7d-acd9-853e1143b311 [Mon Jul 18 08:13:14 UTC 2022] Contrast Security no credentials found. Will not write environment files. (STDOUT, STG)#

#2.0#2022 07 18 08:13:34.495#Z#DEBUG#com.sap.cloud.lm.sl.xs2.5d14f9ba-0671-11ed-9ebc-eeee0a8cc8d2.config_products-db-deployer.stageAppTask#
######org.cloudfoundry.multiapps.controller.persistence.services.ProcessLogger########flowable-async-job-executor-thread-15213###
[PollStageAppStatusExecution] [config_products-db-deployer] 920ebf08-994d-4d7d-acd9-853e1143b311 [Mon Jul 18 08:13:14 UTC 2022] service is not configured to run with Sealights (STDOUT, STG)#

#2.0#2022 07 18 08:13:34.495#Z#DEBUG#com.sap.cloud.lm.sl.xs2.5d14f9ba-0671-11ed-9ebc-eeee0a8cc8d2.config_products-db-deployer.stageAppTask#
######org.cloudfoundry.multiapps.controller.persistence.services.ProcessLogger########flowable-async-job-executor-thread-15213###
[PollStageAppStatusExecution] [config_products-db-deployer] 920ebf08-994d-4d7d-acd9-853e1143b311 [Mon Jul 18 08:13:14 UTC 2022] inside Sealights hook (STDOUT, STG)#

#2.0#2022 07 18 08:13:34.495#Z#DEBUG#com.sap.cloud.lm.sl.xs2.5d14f9ba-0671-11ed-9ebc-eeee0a8cc8d2.config_products-db-deployer.stageAppTask#
######org.cloudfoundry.multiapps.controller.persistence.services.ProcessLogger########flowable-async-job-executor-thread-15213###
[PollStageAppStatusExecution] [config_products-db-deployer] 920ebf08-994d-4d7d-acd9-853e1143b311 [Mon Jul 18 08:13:30 UTC 2022] Uploading build artifacts cache... (STDOUT, STG)#

#2.0#2022 07 18 08:13:34.495#Z#DEBUG#com.sap.cloud.lm.sl.xs2.5d14f9ba-0671-11ed-9ebc-eeee0a8cc8d2.config_products-db-deployer.stageAppTask#
######org.cloudfoundry.multiapps.controller.persistence.services.ProcessLogger########flowable-async-job-executor-thread-15213###
[PollStageAppStatusExecution] [config_products-db-deployer] 920ebf08-994d-4d7d-acd9-853e1143b311 [Mon Jul 18 08:13:30 UTC 2022] Uploading droplet... (STDOUT, STG)#

#2.0#2022 07 18 08:13:34.495#Z#DEBUG#com.sap.cloud.lm.sl.xs2.5d14f9ba-0671-11ed-9ebc-eeee0a8cc8d2.config_products-db-deployer.stageAppTask#
######org.cloudfoundry.multiapps.controller.persistence.services.ProcessLogger########flowable-async-job-executor-thread-15213###
[PollStageAppStatusExecution] [config_products-db-deployer] 920ebf08-994d-4d7d-acd9-853e1143b311 [Mon Jul 18 08:13:30 UTC 2022] Uploading droplet, build artifacts cache... (STDOUT, STG)#

#2.0#2022 07 18 08:13:34.495#Z#DEBUG#com.sap.cloud.lm.sl.xs2.5d14f9ba-0671-11ed-9ebc-eeee0a8cc8d2.config_products-db-deployer.stageAppTask#
######org.cloudfoundry.multiapps.controller.persistence.services.ProcessLogger########flowable-async-job-executor-thread-15213###
[PollStageAppStatusExecution] [config_products-db-deployer] 920ebf08-994d-4d7d-acd9-853e1143b311 [Mon Jul 18 08:13:30 UTC 2022] Exit status 0 (STDOUT, STG)#

#2.0#2022 07 18 08:13:34.495#Z#DEBUG#com.sap.cloud.lm.sl.xs2.5d14f9ba-0671-11ed-9ebc-eeee0a8cc8d2.config_products-db-deployer.stageAppTask#
######org.cloudfoundry.multiapps.controller.persistence.services.ProcessLogger########flowable-async-job-executor-thread-15213###
[PollStageAppStatusExecution] [config_products-db-deployer] 920ebf08-994d-4d7d-acd9-853e1143b311 [Mon Jul 18 08:13:31 UTC 2022] Creating droplet for app with guid 920ebf08-994d-4d7d-acd9-853e1143b311 (STDOUT, API)#

#2.0#2022 07 18 08:13:34.495#Z#DEBUG#com.sap.cloud.lm.sl.xs2.5d14f9ba-0671-11ed-9ebc-eeee0a8cc8d2.config_products-db-deployer.stageAppTask#
######org.cloudfoundry.multiapps.controller.persistence.services.ProcessLogger########flowable-async-job-executor-thread-15213###
[PollStageAppStatusExecution] [config_products-db-deployer] 920ebf08-994d-4d7d-acd9-853e1143b311 [Mon Jul 18 08:13:32 UTC 2022] Uploaded build artifacts cache (147M) (STDOUT, STG)#

#2.0#2022 07 18 08:13:44.573#Z#DEBUG#com.sap.cloud.lm.sl.xs2.5d14f9ba-0671-11ed-9ebc-eeee0a8cc8d2.config_products-db-deployer.stageAppTask#
######org.cloudfoundry.multiapps.controller.persistence.services.ProcessLogger########flowable-async-job-executor-thread-12223###
[PollStageAppStatusExecution] [config_products-db-deployer] 920ebf08-994d-4d7d-acd9-853e1143b311 [Mon Jul 18 08:13:35 UTC 2022] Uploaded droplet (75.7M) (STDOUT, STG)#

#2.0#2022 07 18 08:13:44.573#Z#DEBUG#com.sap.cloud.lm.sl.xs2.5d14f9ba-0671-11ed-9ebc-eeee0a8cc8d2.config_products-db-deployer.stageAppTask#
######org.cloudfoundry.multiapps.controller.persistence.services.ProcessLogger########flowable-async-job-executor-thread-12223###
[PollStageAppStatusExecution] [config_products-db-deployer] 920ebf08-994d-4d7d-acd9-853e1143b311 [Mon Jul 18 08:13:35 UTC 2022] Uploading complete (STDOUT, STG)#

#2.0#2022 07 18 08:13:44.573#Z#DEBUG#com.sap.cloud.lm.sl.xs2.5d14f9ba-0671-11ed-9ebc-eeee0a8cc8d2.config_products-db-deployer.stageAppTask#
######org.cloudfoundry.multiapps.controller.persistence.services.ProcessLogger########flowable-async-job-executor-thread-12223###
[PollStageAppStatusExecution] [config_products-db-deployer] 920ebf08-994d-4d7d-acd9-853e1143b311 [Mon Jul 18 08:13:35 UTC 2022] Cell 86976fe9-333b-4e9f-a789-060646bcd6bf destroying container for instance 260dfbae-bf2d-4556-9607-dfcc2a845e9d (STDOUT, STG)#

#2.0#2022 07 18 08:13:44.573#Z#DEBUG#com.sap.cloud.lm.sl.xs2.5d14f9ba-0671-11ed-9ebc-eeee0a8cc8d2.config_products-db-deployer.stageAppTask#
######org.cloudfoundry.multiapps.controller.persistence.services.ProcessLogger########flowable-async-job-executor-thread-12223###
[PollStageAppStatusExecution] [config_products-db-deployer] 920ebf08-994d-4d7d-acd9-853e1143b311 [Mon Jul 18 08:13:35 UTC 2022] Cell 86976fe9-333b-4e9f-a789-060646bcd6bf stopping instance 260dfbae-bf2d-4556-9607-dfcc2a845e9d (STDOUT, STG)#

#2.0#2022 07 18 08:13:44.573#Z#DEBUG#com.sap.cloud.lm.sl.xs2.5d14f9ba-0671-11ed-9ebc-eeee0a8cc8d2.config_products-db-deployer.stageAppTask#
######org.cloudfoundry.multiapps.controller.persistence.services.ProcessLogger########flowable-async-job-executor-thread-12223###
[PollStageAppStatusExecution] [config_products-db-deployer] 920ebf08-994d-4d7d-acd9-853e1143b311 [Mon Jul 18 08:13:37 UTC 2022] Cell 86976fe9-333b-4e9f-a789-060646bcd6bf successfully destroyed container for instance 260dfbae-bf2d-4556-9607-dfcc2a845e9d (STDOUT, STG)#

#2.0#2022 07 18 08:13:54.533#Z#DEBUG#com.sap.cloud.lm.sl.xs2.5d14f9ba-0671-11ed-9ebc-eeee0a8cc8d2.config_products-db-deployer.executeTaskTask#
######org.cloudfoundry.multiapps.controller.persistence.services.ProcessLogger########flowable-async-job-executor-thread-12229###
[PollExecuteTaskStatusExecution] [config_products-db-deployer] 920ebf08-994d-4d7d-acd9-853e1143b311 [Mon Jul 18 08:13:44 UTC 2022] Updated app with guid 920ebf08-994d-4d7d-acd9-853e1143b311 ({:droplet_guid=>"8b2df16c-cb71-4bf5-ac7f-dbfc0082e5df"}) (STDOUT, API)#

#2.0#2022 07 18 08:13:54.533#Z#DEBUG#com.sap.cloud.lm.sl.xs2.5d14f9ba-0671-11ed-9ebc-eeee0a8cc8d2.config_products-db-deployer.executeTaskTask#
######org.cloudfoundry.multiapps.controller.persistence.services.ProcessLogger########flowable-async-job-executor-thread-12229###
[PollExecuteTaskStatusExecution] [config_products-db-deployer] 920ebf08-994d-4d7d-acd9-853e1143b311 [Mon Jul 18 08:13:45 UTC 2022] Cell 86976fe9-333b-4e9f-a789-060646bcd6bf creating container for instance 6c63cfc2-f7f7-415f-b9c5-b3f9339f4aa9 (STDOUT, CELL)#

#2.0#2022 07 18 08:13:54.533#Z#DEBUG#com.sap.cloud.lm.sl.xs2.5d14f9ba-0671-11ed-9ebc-eeee0a8cc8d2.config_products-db-deployer.executeTaskTask#
######org.cloudfoundry.multiapps.controller.persistence.services.ProcessLogger########flowable-async-job-executor-thread-12229###
[PollExecuteTaskStatusExecution] [config_products-db-deployer] 920ebf08-994d-4d7d-acd9-853e1143b311 [Mon Jul 18 08:13:45 UTC 2022] Cell 86976fe9-333b-4e9f-a789-060646bcd6bf successfully created container for instance 6c63cfc2-f7f7-415f-b9c5-b3f9339f4aa9 (STDOUT, CELL)#

#2.0#2022 07 18 08:13:54.533#Z#DEBUG#com.sap.cloud.lm.sl.xs2.5d14f9ba-0671-11ed-9ebc-eeee0a8cc8d2.config_products-db-deployer.executeTaskTask#
######org.cloudfoundry.multiapps.controller.persistence.services.ProcessLogger########flowable-async-job-executor-thread-12229###
[PollExecuteTaskStatusExecution] [config_products-db-deployer] 920ebf08-994d-4d7d-acd9-853e1143b311 [Mon Jul 18 08:13:49 UTC 2022] > node node_modules/@sap/hdi-deploy/deploy.js  --auto-undeploy (STDOUT, APP/TASK/deploy)#

#2.0#2022 07 18 08:13:54.533#Z#DEBUG#com.sap.cloud.lm.sl.xs2.5d14f9ba-0671-11ed-9ebc-eeee0a8cc8d2.config_products-db-deployer.executeTaskTask#
######org.cloudfoundry.multiapps.controller.persistence.services.ProcessLogger########flowable-async-job-executor-thread-12229###
[PollExecuteTaskStatusExecution] [config_products-db-deployer] 920ebf08-994d-4d7d-acd9-853e1143b311 [Mon Jul 18 08:13:49 UTC 2022] > start (STDOUT, APP/TASK/deploy)#

#2.0#2022 07 18 08:13:54.533#Z#DEBUG#com.sap.cloud.lm.sl.xs2.5d14f9ba-0671-11ed-9ebc-eeee0a8cc8d2.config_products-db-deployer.executeTaskTask#
######org.cloudfoundry.multiapps.controller.persistence.services.ProcessLogger########flowable-async-job-executor-thread-12229###
[PollExecuteTaskStatusExecution] [config_products-db-deployer] 920ebf08-994d-4d7d-acd9-853e1143b311 [Mon Jul 18 08:13:49 UTC 2022] Using default environment variables from file ".env" (STDOUT, APP/TASK/deploy)#

#2.0#2022 07 18 08:13:54.534#Z#DEBUG#com.sap.cloud.lm.sl.xs2.5d14f9ba-0671-11ed-9ebc-eeee0a8cc8d2.config_products-db-deployer.executeTaskTask#
######org.cloudfoundry.multiapps.controller.persistence.services.ProcessLogger########flowable-async-job-executor-thread-12229###
[PollExecuteTaskStatusExecution] [config_products-db-deployer] 920ebf08-994d-4d7d-acd9-853e1143b311 [Mon Jul 18 08:13:49 UTC 2022] Deployment started at 2022-07-18 08:13:49 (STDOUT, APP/TASK/deploy)#

#2.0#2022 07 18 08:13:54.534#Z#DEBUG#com.sap.cloud.lm.sl.xs2.5d14f9ba-0671-11ed-9ebc-eeee0a8cc8d2.config_products-db-deployer.executeTaskTask#
######org.cloudfoundry.multiapps.controller.persistence.services.ProcessLogger########flowable-async-job-executor-thread-12229###
[PollExecuteTaskStatusExecution] [config_products-db-deployer] 920ebf08-994d-4d7d-acd9-853e1143b311 [Mon Jul 18 08:13:49 UTC 2022] @sap/hdi-deploy, version 4.3.3 (mode default), server version 4.00.000.00.1649147630 (4.0.0.0), node version 16.15.0, HDI version 1007, container API version 1004 (STDOUT, APP/TASK/deploy)#

#2.0#2022 07 18 08:13:54.534#Z#DEBUG#com.sap.cloud.lm.sl.xs2.5d14f9ba-0671-11ed-9ebc-eeee0a8cc8d2.config_products-db-deployer.executeTaskTask#
######org.cloudfoundry.multiapps.controller.persistence.services.ProcessLogger########flowable-async-job-executor-thread-12229###
[PollExecuteTaskStatusExecution] [config_products-db-deployer] 920ebf08-994d-4d7d-acd9-853e1143b311 [Mon Jul 18 08:13:49 UTC 2022] Using service replacements from environment variable "SERVICE_REPLACEMENTS" with 1 replacements (STDOUT, APP/TASK/deploy)#

#2.0#2022 07 18 08:13:54.534#Z#DEBUG#com.sap.cloud.lm.sl.xs2.5d14f9ba-0671-11ed-9ebc-eeee0a8cc8d2.config_products-db-deployer.executeTaskTask#
######org.cloudfoundry.multiapps.controller.persistence.services.ProcessLogger########flowable-async-job-executor-thread-12229###
[PollExecuteTaskStatusExecution] [config_products-db-deployer] 920ebf08-994d-4d7d-acd9-853e1143b311 [Mon Jul 18 08:13:50 UTC 2022] Collecting files... (STDOUT, APP/TASK/deploy)#

#2.0#2022 07 18 08:13:54.534#Z#DEBUG#com.sap.cloud.lm.sl.xs2.5d14f9ba-0671-11ed-9ebc-eeee0a8cc8d2.config_products-db-deployer.executeTaskTask#
######org.cloudfoundry.multiapps.controller.persistence.services.ProcessLogger########flowable-async-job-executor-thread-12229###
[PollExecuteTaskStatusExecution] [config_products-db-deployer] 920ebf08-994d-4d7d-acd9-853e1143b311 [Mon Jul 18 08:13:50 UTC 2022] No ignore file at /home/vcap/app/.hdiignore. (STDOUT, APP/TASK/deploy)#

#2.0#2022 07 18 08:13:54.534#Z#DEBUG#com.sap.cloud.lm.sl.xs2.5d14f9ba-0671-11ed-9ebc-eeee0a8cc8d2.config_products-db-deployer.executeTaskTask#
######org.cloudfoundry.multiapps.controller.persistence.services.ProcessLogger########flowable-async-job-executor-thread-12229###
[PollExecuteTaskStatusExecution] [config_products-db-deployer] 920ebf08-994d-4d7d-acd9-853e1143b311 [Mon Jul 18 08:13:50 UTC 2022] 252 files collected (STDOUT, APP/TASK/deploy)#

#2.0#2022 07 18 08:13:54.534#Z#DEBUG#com.sap.cloud.lm.sl.xs2.5d14f9ba-0671-11ed-9ebc-eeee0a8cc8d2.config_products-db-deployer.executeTaskTask#
######org.cloudfoundry.multiapps.controller.persistence.services.ProcessLogger########flowable-async-job-executor-thread-12229###
[PollExecuteTaskStatusExecution] [config_products-db-deployer] 920ebf08-994d-4d7d-acd9-853e1143b311 [Mon Jul 18 08:13:50 UTC 2022] 5 directories collected (STDOUT, APP/TASK/deploy)#

#2.0#2022 07 18 08:13:54.534#Z#DEBUG#com.sap.cloud.lm.sl.xs2.5d14f9ba-0671-11ed-9ebc-eeee0a8cc8d2.config_products-db-deployer.executeTaskTask#
######org.cloudfoundry.multiapps.controller.persistence.services.ProcessLogger########flowable-async-job-executor-thread-12229###
[PollExecuteTaskStatusExecution] [config_products-db-deployer] 920ebf08-994d-4d7d-acd9-853e1143b311 [Mon Jul 18 08:13:50 UTC 2022] Collecting files... ok (0s 12ms) (STDOUT, APP/TASK/deploy)#

#2.0#2022 07 18 08:13:54.534#Z#DEBUG#com.sap.cloud.lm.sl.xs2.5d14f9ba-0671-11ed-9ebc-eeee0a8cc8d2.config_products-db-deployer.executeTaskTask#
######org.cloudfoundry.multiapps.controller.persistence.services.ProcessLogger########flowable-async-job-executor-thread-12229###
[PollExecuteTaskStatusExecution] [config_products-db-deployer] 920ebf08-994d-4d7d-acd9-853e1143b311 [Mon Jul 18 08:13:50 UTC 2022] Target service: config_products-db (STDOUT, APP/TASK/deploy)#

#2.0#2022 07 18 08:13:54.534#Z#DEBUG#com.sap.cloud.lm.sl.xs2.5d14f9ba-0671-11ed-9ebc-eeee0a8cc8d2.config_products-db-deployer.executeTaskTask#
######org.cloudfoundry.multiapps.controller.persistence.services.ProcessLogger########flowable-async-job-executor-thread-12229###
[PollExecuteTaskStatusExecution] [config_products-db-deployer] 920ebf08-994d-4d7d-acd9-853e1143b311 [Mon Jul 18 08:13:50 UTC 2022] 0 reusable modules collected (STDOUT, APP/TASK/deploy)#

#2.0#2022 07 18 08:13:54.534#Z#DEBUG#com.sap.cloud.lm.sl.xs2.5d14f9ba-0671-11ed-9ebc-eeee0a8cc8d2.config_products-db-deployer.executeTaskTask#
######org.cloudfoundry.multiapps.controller.persistence.services.ProcessLogger########flowable-async-job-executor-thread-12229###
[PollExecuteTaskStatusExecution] [config_products-db-deployer] 920ebf08-994d-4d7d-acd9-853e1143b311 [Mon Jul 18 08:13:50 UTC 2022] Session variable APPLICATION is set to "SAP_HDI/dev/sbpprovider". (STDOUT, APP/TASK/deploy)#

#2.0#2022 07 18 08:13:54.534#Z#DEBUG#com.sap.cloud.lm.sl.xs2.5d14f9ba-0671-11ed-9ebc-eeee0a8cc8d2.config_products-db-deployer.executeTaskTask#
######org.cloudfoundry.multiapps.controller.persistence.services.ProcessLogger########flowable-async-job-executor-thread-12229###
[PollExecuteTaskStatusExecution] [config_products-db-deployer] 920ebf08-994d-4d7d-acd9-853e1143b311 [Mon Jul 18 08:13:50 UTC 2022] Processing revoke files... (STDOUT, APP/TASK/deploy)#

#2.0#2022 07 18 08:13:54.534#Z#DEBUG#com.sap.cloud.lm.sl.xs2.5d14f9ba-0671-11ed-9ebc-eeee0a8cc8d2.config_products-db-deployer.executeTaskTask#
######org.cloudfoundry.multiapps.controller.persistence.services.ProcessLogger########flowable-async-job-executor-thread-12229###
[PollExecuteTaskStatusExecution] [config_products-db-deployer] 920ebf08-994d-4d7d-acd9-853e1143b311 [Mon Jul 18 08:13:50 UTC 2022] Previous build with request ID 43256 finished at 2022-07-18 07:48:00.186085000 with status Committed and message: Make succeeded (0 warnings): 4 files deployed (effective 4), 2 files undeployed (effective 2), 0 dependent files redeployed. (STDOUT, APP/TASK/deploy)#

#2.0#2022 07 18 08:13:54.534#Z#DEBUG#com.sap.cloud.lm.sl.xs2.5d14f9ba-0671-11ed-9ebc-eeee0a8cc8d2.config_products-db-deployer.executeTaskTask#
######org.cloudfoundry.multiapps.controller.persistence.services.ProcessLogger########flowable-async-job-executor-thread-12229###
[PollExecuteTaskStatusExecution] [config_products-db-deployer] 920ebf08-994d-4d7d-acd9-853e1143b311 [Mon Jul 18 08:13:50 UTC 2022] Processing "src/cclgrants.hdbgrants"... (STDOUT, APP/TASK/deploy)#

#2.0#2022 07 18 08:13:54.534#Z#DEBUG#com.sap.cloud.lm.sl.xs2.5d14f9ba-0671-11ed-9ebc-eeee0a8cc8d2.config_products-db-deployer.executeTaskTask#
######org.cloudfoundry.multiapps.controller.persistence.services.ProcessLogger########flowable-async-job-executor-thread-12229###
[PollExecuteTaskStatusExecution] [config_products-db-deployer] 920ebf08-994d-4d7d-acd9-853e1143b311 [Mon Jul 18 08:13:50 UTC 2022] Processing grants files... (STDOUT, APP/TASK/deploy)#

#2.0#2022 07 18 08:13:54.534#Z#DEBUG#com.sap.cloud.lm.sl.xs2.5d14f9ba-0671-11ed-9ebc-eeee0a8cc8d2.config_products-db-deployer.executeTaskTask#
######org.cloudfoundry.multiapps.controller.persistence.services.ProcessLogger########flowable-async-job-executor-thread-12229###
[PollExecuteTaskStatusExecution] [config_products-db-deployer] 920ebf08-994d-4d7d-acd9-853e1143b311 [Mon Jul 18 08:13:50 UTC 2022] Processing revoke files... ok (0s 0ms) (STDOUT, APP/TASK/deploy)#

#2.0#2022 07 18 08:13:54.534#Z#DEBUG#com.sap.cloud.lm.sl.xs2.5d14f9ba-0671-11ed-9ebc-eeee0a8cc8d2.config_products-db-deployer.executeTaskTask#
######org.cloudfoundry.multiapps.controller.persistence.services.ProcessLogger########flowable-async-job-executor-thread-12229###
[PollExecuteTaskStatusExecution] [config_products-db-deployer] 920ebf08-994d-4d7d-acd9-853e1143b311 [Mon Jul 18 08:13:50 UTC 2022] Using grantor service "CCL1_ACCESS" of type "sql" (STDOUT, APP/TASK/deploy)#

#2.0#2022 07 18 08:13:54.534#Z#DEBUG#com.sap.cloud.lm.sl.xs2.5d14f9ba-0671-11ed-9ebc-eeee0a8cc8d2.config_products-db-deployer.executeTaskTask#
######org.cloudfoundry.multiapps.controller.persistence.services.ProcessLogger########flowable-async-job-executor-thread-12229###
[PollExecuteTaskStatusExecution] [config_products-db-deployer] 920ebf08-994d-4d7d-acd9-853e1143b311 [Mon Jul 18 08:13:50 UTC 2022] Processing grants files... ok (0s 107ms) (STDOUT, APP/TASK/deploy)#

#2.0#2022 07 18 08:13:54.534#Z#DEBUG#com.sap.cloud.lm.sl.xs2.5d14f9ba-0671-11ed-9ebc-eeee0a8cc8d2.config_products-db-deployer.executeTaskTask#
######org.cloudfoundry.multiapps.controller.persistence.services.ProcessLogger########flowable-async-job-executor-thread-12229###
[PollExecuteTaskStatusExecution] [config_products-db-deployer] 920ebf08-994d-4d7d-acd9-853e1143b311 [Mon Jul 18 08:13:50 UTC 2022] Processing "src/cclgrants.hdbgrants"... ok (STDOUT, APP/TASK/deploy)#

#2.0#2022 07 18 08:13:54.534#Z#DEBUG#com.sap.cloud.lm.sl.xs2.5d14f9ba-0671-11ed-9ebc-eeee0a8cc8d2.config_products-db-deployer.executeTaskTask#
######org.cloudfoundry.multiapps.controller.persistence.services.ProcessLogger########flowable-async-job-executor-thread-12229###
[PollExecuteTaskStatusExecution] [config_products-db-deployer] 920ebf08-994d-4d7d-acd9-853e1143b311 [Mon Jul 18 08:13:50 UTC 2022] Preprocessing files... (STDOUT, APP/TASK/deploy)#

#2.0#2022 07 18 08:13:54.534#Z#DEBUG#com.sap.cloud.lm.sl.xs2.5d14f9ba-0671-11ed-9ebc-eeee0a8cc8d2.config_products-db-deployer.executeTaskTask#
######org.cloudfoundry.multiapps.controller.persistence.services.ProcessLogger########flowable-async-job-executor-thread-12229###
[PollExecuteTaskStatusExecution] [config_products-db-deployer] 920ebf08-994d-4d7d-acd9-853e1143b311 [Mon Jul 18 08:13:50 UTC 2022] Connecting to the container "22E31DBAE729415AB87E36A13434327D"... (STDOUT, APP/TASK/deploy)#

#2.0#2022 07 18 08:13:54.534#Z#DEBUG#com.sap.cloud.lm.sl.xs2.5d14f9ba-0671-11ed-9ebc-eeee0a8cc8d2.config_products-db-deployer.executeTaskTask#
######org.cloudfoundry.multiapps.controller.persistence.services.ProcessLogger########flowable-async-job-executor-thread-12229###
[PollExecuteTaskStatusExecution] [config_products-db-deployer] 920ebf08-994d-4d7d-acd9-853e1143b311 [Mon Jul 18 08:13:50 UTC 2022] Preprocessing files... ok (0s 1ms) (STDOUT, APP/TASK/deploy)#

#2.0#2022 07 18 08:13:54.534#Z#DEBUG#com.sap.cloud.lm.sl.xs2.5d14f9ba-0671-11ed-9ebc-eeee0a8cc8d2.config_products-db-deployer.executeTaskTask#
######org.cloudfoundry.multiapps.controller.persistence.services.ProcessLogger########flowable-async-job-executor-thread-12229###
[PollExecuteTaskStatusExecution] [config_products-db-deployer] 920ebf08-994d-4d7d-acd9-853e1143b311 [Mon Jul 18 08:13:50 UTC 2022] Locking the container "22E31DBAE729415AB87E36A13434327D"... (STDOUT, APP/TASK/deploy)#

#2.0#2022 07 18 08:13:54.534#Z#DEBUG#com.sap.cloud.lm.sl.xs2.5d14f9ba-0671-11ed-9ebc-eeee0a8cc8d2.config_products-db-deployer.executeTaskTask#
######org.cloudfoundry.multiapps.controller.persistence.services.ProcessLogger########flowable-async-job-executor-thread-12229###
[PollExecuteTaskStatusExecution] [config_products-db-deployer] 920ebf08-994d-4d7d-acd9-853e1143b311 [Mon Jul 18 08:13:50 UTC 2022] Connecting to the container "22E31DBAE729415AB87E36A13434327D"... ok (0s 105ms) (STDOUT, APP/TASK/deploy)#

#2.0#2022 07 18 08:13:54.534#Z#DEBUG#com.sap.cloud.lm.sl.xs2.5d14f9ba-0671-11ed-9ebc-eeee0a8cc8d2.config_products-db-deployer.executeTaskTask#
######org.cloudfoundry.multiapps.controller.persistence.services.ProcessLogger########flowable-async-job-executor-thread-12229###
[PollExecuteTaskStatusExecution] [config_products-db-deployer] 920ebf08-994d-4d7d-acd9-853e1143b311 [Mon Jul 18 08:13:50 UTC 2022] Deleting files... (STDOUT, APP/TASK/deploy)#

#2.0#2022 07 18 08:13:54.534#Z#DEBUG#com.sap.cloud.lm.sl.xs2.5d14f9ba-0671-11ed-9ebc-eeee0a8cc8d2.config_products-db-deployer.executeTaskTask#
######org.cloudfoundry.multiapps.controller.persistence.services.ProcessLogger########flowable-async-job-executor-thread-12229###
[PollExecuteTaskStatusExecution] [config_products-db-deployer] 920ebf08-994d-4d7d-acd9-853e1143b311 [Mon Jul 18 08:13:50 UTC 2022] Synchronizing files with the container "22E31DBAE729415AB87E36A13434327D"... (STDOUT, APP/TASK/deploy)#

#2.0#2022 07 18 08:13:54.534#Z#DEBUG#com.sap.cloud.lm.sl.xs2.5d14f9ba-0671-11ed-9ebc-eeee0a8cc8d2.config_products-db-deployer.executeTaskTask#
######org.cloudfoundry.multiapps.controller.persistence.services.ProcessLogger########flowable-async-job-executor-thread-12229###
[PollExecuteTaskStatusExecution] [config_products-db-deployer] 920ebf08-994d-4d7d-acd9-853e1143b311 [Mon Jul 18 08:13:50 UTC 2022] Locking the container "22E31DBAE729415AB87E36A13434327D"... ok (0s 328ms) (STDOUT, APP/TASK/deploy)#

#2.0#2022 07 18 08:13:54.534#Z#DEBUG#com.sap.cloud.lm.sl.xs2.5d14f9ba-0671-11ed-9ebc-eeee0a8cc8d2.config_products-db-deployer.executeTaskTask#
######org.cloudfoundry.multiapps.controller.persistence.services.ProcessLogger########flowable-async-job-executor-thread-12229###
[PollExecuteTaskStatusExecution] [config_products-db-deployer] 920ebf08-994d-4d7d-acd9-853e1143b311 [Mon Jul 18 08:13:51 UTC 2022] Writing files... (STDOUT, APP/TASK/deploy)#

#2.0#2022 07 18 08:13:54.534#Z#DEBUG#com.sap.cloud.lm.sl.xs2.5d14f9ba-0671-11ed-9ebc-eeee0a8cc8d2.config_products-db-deployer.executeTaskTask#
######org.cloudfoundry.multiapps.controller.persistence.services.ProcessLogger########flowable-async-job-executor-thread-12229###
[PollExecuteTaskStatusExecution] [config_products-db-deployer] 920ebf08-994d-4d7d-acd9-853e1143b311 [Mon Jul 18 08:13:51 UTC 2022] Deleting files... ok (STDOUT, APP/TASK/deploy)#

#2.0#2022 07 18 08:13:54.534#Z#DEBUG#com.sap.cloud.lm.sl.xs2.5d14f9ba-0671-11ed-9ebc-eeee0a8cc8d2.config_products-db-deployer.executeTaskTask#
######org.cloudfoundry.multiapps.controller.persistence.services.ProcessLogger########flowable-async-job-executor-thread-12229###
[PollExecuteTaskStatusExecution] [config_products-db-deployer] 920ebf08-994d-4d7d-acd9-853e1143b311 [Mon Jul 18 08:13:52 UTC 2022] Synchronizing files with the container "22E31DBAE729415AB87E36A13434327D"... ok (1s 441ms) (STDOUT, APP/TASK/deploy)#

#2.0#2022 07 18 08:13:54.534#Z#DEBUG#com.sap.cloud.lm.sl.xs2.5d14f9ba-0671-11ed-9ebc-eeee0a8cc8d2.config_products-db-deployer.executeTaskTask#
######org.cloudfoundry.multiapps.controller.persistence.services.ProcessLogger########flowable-async-job-executor-thread-12229###
[PollExecuteTaskStatusExecution] [config_products-db-deployer] 920ebf08-994d-4d7d-acd9-853e1143b311 [Mon Jul 18 08:13:52 UTC 2022] Writing files... ok (STDOUT, APP/TASK/deploy)#

#2.0#2022 07 18 08:13:54.534#Z#DEBUG#com.sap.cloud.lm.sl.xs2.5d14f9ba-0671-11ed-9ebc-eeee0a8cc8d2.config_products-db-deployer.executeTaskTask#
######org.cloudfoundry.multiapps.controller.persistence.services.ProcessLogger########flowable-async-job-executor-thread-12229###
[PollExecuteTaskStatusExecution] [config_products-db-deployer] 920ebf08-994d-4d7d-acd9-853e1143b311 [Mon Jul 18 08:13:52 UTC 2022] 0 files are scheduled for undeploy based on explicit specification (STDOUT, APP/TASK/deploy)#

#2.0#2022 07 18 08:13:54.534#Z#DEBUG#com.sap.cloud.lm.sl.xs2.5d14f9ba-0671-11ed-9ebc-eeee0a8cc8d2.config_products-db-deployer.executeTaskTask#
######org.cloudfoundry.multiapps.controller.persistence.services.ProcessLogger########flowable-async-job-executor-thread-12229###
[PollExecuteTaskStatusExecution] [config_products-db-deployer] 920ebf08-994d-4d7d-acd9-853e1143b311 [Mon Jul 18 08:13:52 UTC 2022] 0 files are scheduled for deploy based on explicit specification (STDOUT, APP/TASK/deploy)#

#2.0#2022 07 18 08:13:54.534#Z#DEBUG#com.sap.cloud.lm.sl.xs2.5d14f9ba-0671-11ed-9ebc-eeee0a8cc8d2.config_products-db-deployer.executeTaskTask#
######org.cloudfoundry.multiapps.controller.persistence.services.ProcessLogger########flowable-async-job-executor-thread-12229###
[PollExecuteTaskStatusExecution] [config_products-db-deployer] 920ebf08-994d-4d7d-acd9-853e1143b311 [Mon Jul 18 08:13:52 UTC 2022] 0 deleted files are scheduled for undeploy based on delta detection (filtered by undeploy allowlist) (STDOUT, APP/TASK/deploy)#

#2.0#2022 07 18 08:13:54.534#Z#DEBUG#com.sap.cloud.lm.sl.xs2.5d14f9ba-0671-11ed-9ebc-eeee0a8cc8d2.config_products-db-deployer.executeTaskTask#
######org.cloudfoundry.multiapps.controller.persistence.services.ProcessLogger########flowable-async-job-executor-thread-12229###
[PollExecuteTaskStatusExecution] [config_products-db-deployer] 920ebf08-994d-4d7d-acd9-853e1143b311 [Mon Jul 18 08:13:52 UTC 2022] 0 modified or added files are scheduled for deploy based on delta detection (STDOUT, APP/TASK/deploy)#

#2.0#2022 07 18 08:13:54.534#Z#DEBUG#com.sap.cloud.lm.sl.xs2.5d14f9ba-0671-11ed-9ebc-eeee0a8cc8d2.config_products-db-deployer.executeTaskTask#
######org.cloudfoundry.multiapps.controller.persistence.services.ProcessLogger########flowable-async-job-executor-thread-12229###
[PollExecuteTaskStatusExecution] [config_products-db-deployer] 920ebf08-994d-4d7d-acd9-853e1143b311 [Mon Jul 18 08:13:52 UTC 2022] deleted files: [] (STDOUT, APP/TASK/deploy)#

#2.0#2022 07 18 08:13:54.534#Z#DEBUG#com.sap.cloud.lm.sl.xs2.5d14f9ba-0671-11ed-9ebc-eeee0a8cc8d2.config_products-db-deployer.executeTaskTask#
######org.cloudfoundry.multiapps.controller.persistence.services.ProcessLogger########flowable-async-job-executor-thread-12229###
[PollExecuteTaskStatusExecution] [config_products-db-deployer] 920ebf08-994d-4d7d-acd9-853e1143b311 [Mon Jul 18 08:13:52 UTC 2022] modified files: [] (STDOUT, APP/TASK/deploy)#

#2.0#2022 07 18 08:13:54.534#Z#DEBUG#com.sap.cloud.lm.sl.xs2.5d14f9ba-0671-11ed-9ebc-eeee0a8cc8d2.config_products-db-deployer.executeTaskTask#
######org.cloudfoundry.multiapps.controller.persistence.services.ProcessLogger########flowable-async-job-executor-thread-12229###
[PollExecuteTaskStatusExecution] [config_products-db-deployer] 920ebf08-994d-4d7d-acd9-853e1143b311 [Mon Jul 18 08:13:52 UTC 2022] added files: [] (STDOUT, APP/TASK/deploy)#

#2.0#2022 07 18 08:13:54.534#Z#DEBUG#com.sap.cloud.lm.sl.xs2.5d14f9ba-0671-11ed-9ebc-eeee0a8cc8d2.config_products-db-deployer.executeTaskTask#
######org.cloudfoundry.multiapps.controller.persistence.services.ProcessLogger########flowable-async-job-executor-thread-12229###
[PollExecuteTaskStatusExecution] [config_products-db-deployer] 920ebf08-994d-4d7d-acd9-853e1143b311 [Mon Jul 18 08:13:52 UTC 2022] Deploying to the container "22E31DBAE729415AB87E36A13434327D"... (STDOUT, APP/TASK/deploy)#

#2.0#2022 07 18 08:13:54.534#Z#DEBUG#com.sap.cloud.lm.sl.xs2.5d14f9ba-0671-11ed-9ebc-eeee0a8cc8d2.config_products-db-deployer.executeTaskTask#
######org.cloudfoundry.multiapps.controller.persistence.services.ProcessLogger########flowable-async-job-executor-thread-12229###
[PollExecuteTaskStatusExecution] [config_products-db-deployer] 920ebf08-994d-4d7d-acd9-853e1143b311 [Mon Jul 18 08:13:52 UTC 2022] Starting make in the container "22E31DBAE729415AB87E36A13434327D" with 0 files to deploy, 0 files to undeploy... ok  (0s 75ms) (STDOUT, APP/TASK/deploy)#

#2.0#2022 07 18 08:13:54.534#Z#DEBUG#com.sap.cloud.lm.sl.xs2.5d14f9ba-0671-11ed-9ebc-eeee0a8cc8d2.config_products-db-deployer.executeTaskTask#
######org.cloudfoundry.multiapps.controller.persistence.services.ProcessLogger########flowable-async-job-executor-thread-12229###
[PollExecuteTaskStatusExecution] [config_products-db-deployer] 920ebf08-994d-4d7d-acd9-853e1143b311 [Mon Jul 18 08:13:52 UTC 2022] Enabling table replication for the container schema "22E31DBAE729415AB87E36A13434327D"... ok  (0s 14ms) (STDOUT, APP/TASK/deploy)#

#2.0#2022 07 18 08:13:54.534#Z#DEBUG#com.sap.cloud.lm.sl.xs2.5d14f9ba-0671-11ed-9ebc-eeee0a8cc8d2.config_products-db-deployer.executeTaskTask#
######org.cloudfoundry.multiapps.controller.persistence.services.ProcessLogger########flowable-async-job-executor-thread-12229###
[PollExecuteTaskStatusExecution] [config_products-db-deployer] 920ebf08-994d-4d7d-acd9-853e1143b311 [Mon Jul 18 08:13:52 UTC 2022] Enabling table replication for the container schema "22E31DBAE729415AB87E36A13434327D"... (STDOUT, APP/TASK/deploy)#

#2.0#2022 07 18 08:13:54.534#Z#DEBUG#com.sap.cloud.lm.sl.xs2.5d14f9ba-0671-11ed-9ebc-eeee0a8cc8d2.config_products-db-deployer.executeTaskTask#
######org.cloudfoundry.multiapps.controller.persistence.services.ProcessLogger########flowable-async-job-executor-thread-12229###
[PollExecuteTaskStatusExecution] [config_products-db-deployer] 920ebf08-994d-4d7d-acd9-853e1143b311 [Mon Jul 18 08:13:52 UTC 2022] Making... ok  (0s 36ms) (STDOUT, APP/TASK/deploy)#

#2.0#2022 07 18 08:13:54.535#Z#DEBUG#com.sap.cloud.lm.sl.xs2.5d14f9ba-0671-11ed-9ebc-eeee0a8cc8d2.config_products-db-deployer.executeTaskTask#
######org.cloudfoundry.multiapps.controller.persistence.services.ProcessLogger########flowable-async-job-executor-thread-12229###
[PollExecuteTaskStatusExecution] [config_products-db-deployer] 920ebf08-994d-4d7d-acd9-853e1143b311 [Mon Jul 18 08:13:52 UTC 2022] No make necessary (STDOUT, APP/TASK/deploy)#

#2.0#2022 07 18 08:13:54.535#Z#DEBUG#com.sap.cloud.lm.sl.xs2.5d14f9ba-0671-11ed-9ebc-eeee0a8cc8d2.config_products-db-deployer.executeTaskTask#
######org.cloudfoundry.multiapps.controller.persistence.services.ProcessLogger########flowable-async-job-executor-thread-12229###
[PollExecuteTaskStatusExecution] [config_products-db-deployer] 920ebf08-994d-4d7d-acd9-853e1143b311 [Mon Jul 18 08:13:52 UTC 2022] Preparing... ok  (0s 1ms) (STDOUT, APP/TASK/deploy)#

#2.0#2022 07 18 08:13:54.535#Z#DEBUG#com.sap.cloud.lm.sl.xs2.5d14f9ba-0671-11ed-9ebc-eeee0a8cc8d2.config_products-db-deployer.executeTaskTask#
######org.cloudfoundry.multiapps.controller.persistence.services.ProcessLogger########flowable-async-job-executor-thread-12229###
[PollExecuteTaskStatusExecution] [config_products-db-deployer] 920ebf08-994d-4d7d-acd9-853e1143b311 [Mon Jul 18 08:13:52 UTC 2022] Preparing... (STDOUT, APP/TASK/deploy)#

#2.0#2022 07 18 08:13:54.535#Z#DEBUG#com.sap.cloud.lm.sl.xs2.5d14f9ba-0671-11ed-9ebc-eeee0a8cc8d2.config_products-db-deployer.executeTaskTask#
######org.cloudfoundry.multiapps.controller.persistence.services.ProcessLogger########flowable-async-job-executor-thread-12229###
[PollExecuteTaskStatusExecution] [config_products-db-deployer] 920ebf08-994d-4d7d-acd9-853e1143b311 [Mon Jul 18 08:13:52 UTC 2022] Making... (STDOUT, APP/TASK/deploy)#

#2.0#2022 07 18 08:13:54.535#Z#DEBUG#com.sap.cloud.lm.sl.xs2.5d14f9ba-0671-11ed-9ebc-eeee0a8cc8d2.config_products-db-deployer.executeTaskTask#
######org.cloudfoundry.multiapps.controller.persistence.services.ProcessLogger########flowable-async-job-executor-thread-12229###
[PollExecuteTaskStatusExecution] [config_products-db-deployer] 920ebf08-994d-4d7d-acd9-853e1143b311 [Mon Jul 18 08:13:52 UTC 2022] Migrating libraries... ok  (0s 8ms) (STDOUT, APP/TASK/deploy)#

#2.0#2022 07 18 08:13:54.535#Z#DEBUG#com.sap.cloud.lm.sl.xs2.5d14f9ba-0671-11ed-9ebc-eeee0a8cc8d2.config_products-db-deployer.executeTaskTask#
######org.cloudfoundry.multiapps.controller.persistence.services.ProcessLogger########flowable-async-job-executor-thread-12229###
[PollExecuteTaskStatusExecution] [config_products-db-deployer] 920ebf08-994d-4d7d-acd9-853e1143b311 [Mon Jul 18 08:13:52 UTC 2022] Migrating libraries... (STDOUT, APP/TASK/deploy)#

#2.0#2022 07 18 08:13:54.535#Z#DEBUG#com.sap.cloud.lm.sl.xs2.5d14f9ba-0671-11ed-9ebc-eeee0a8cc8d2.config_products-db-deployer.executeTaskTask#
######org.cloudfoundry.multiapps.controller.persistence.services.ProcessLogger########flowable-async-job-executor-thread-12229###
[PollExecuteTaskStatusExecution] [config_products-db-deployer] 920ebf08-994d-4d7d-acd9-853e1143b311 [Mon Jul 18 08:13:52 UTC 2022] Disabling table replication for the container schema "22E31DBAE729415AB87E36A13434327D"... ok  (0s 12ms) (STDOUT, APP/TASK/deploy)#

#2.0#2022 07 18 08:13:54.535#Z#DEBUG#com.sap.cloud.lm.sl.xs2.5d14f9ba-0671-11ed-9ebc-eeee0a8cc8d2.config_products-db-deployer.executeTaskTask#
######org.cloudfoundry.multiapps.controller.persistence.services.ProcessLogger########flowable-async-job-executor-thread-12229###
[PollExecuteTaskStatusExecution] [config_products-db-deployer] 920ebf08-994d-4d7d-acd9-853e1143b311 [Mon Jul 18 08:13:52 UTC 2022] Disabling table replication for the container schema "22E31DBAE729415AB87E36A13434327D"... (STDOUT, APP/TASK/deploy)#

#2.0#2022 07 18 08:13:54.535#Z#DEBUG#com.sap.cloud.lm.sl.xs2.5d14f9ba-0671-11ed-9ebc-eeee0a8cc8d2.config_products-db-deployer.executeTaskTask#
######org.cloudfoundry.multiapps.controller.persistence.services.ProcessLogger########flowable-async-job-executor-thread-12229###
[PollExecuteTaskStatusExecution] [config_products-db-deployer] 920ebf08-994d-4d7d-acd9-853e1143b311 [Mon Jul 18 08:13:52 UTC 2022] Starting make in the container "22E31DBAE729415AB87E36A13434327D" with 0 files to deploy, 0 files to undeploy... (STDOUT, APP/TASK/deploy)#

#2.0#2022 07 18 08:13:54.535#Z#DEBUG#com.sap.cloud.lm.sl.xs2.5d14f9ba-0671-11ed-9ebc-eeee0a8cc8d2.config_products-db-deployer.executeTaskTask#
######org.cloudfoundry.multiapps.controller.persistence.services.ProcessLogger########flowable-async-job-executor-thread-12229###
[PollExecuteTaskStatusExecution] [config_products-db-deployer] 920ebf08-994d-4d7d-acd9-853e1143b311 [Mon Jul 18 08:13:52 UTC 2022] Deployment to container 22E31DBAE729415AB87E36A13434327D done [Deployment ID: none]. (STDOUT, APP/TASK/deploy)#

#2.0#2022 07 18 08:13:54.535#Z#DEBUG#com.sap.cloud.lm.sl.xs2.5d14f9ba-0671-11ed-9ebc-eeee0a8cc8d2.config_products-db-deployer.executeTaskTask#
######org.cloudfoundry.multiapps.controller.persistence.services.ProcessLogger########flowable-async-job-executor-thread-12229###
[PollExecuteTaskStatusExecution] [config_products-db-deployer] 920ebf08-994d-4d7d-acd9-853e1143b311 [Mon Jul 18 08:13:52 UTC 2022] Unlocking the container "22E31DBAE729415AB87E36A13434327D"... ok (0s 0ms) (STDOUT, APP/TASK/deploy)#

#2.0#2022 07 18 08:13:54.535#Z#DEBUG#com.sap.cloud.lm.sl.xs2.5d14f9ba-0671-11ed-9ebc-eeee0a8cc8d2.config_products-db-deployer.executeTaskTask#
######org.cloudfoundry.multiapps.controller.persistence.services.ProcessLogger########flowable-async-job-executor-thread-12229###
[PollExecuteTaskStatusExecution] [config_products-db-deployer] 920ebf08-994d-4d7d-acd9-853e1143b311 [Mon Jul 18 08:13:52 UTC 2022] Unlocking the container "22E31DBAE729415AB87E36A13434327D"... (STDOUT, APP/TASK/deploy)#

#2.0#2022 07 18 08:13:54.535#Z#DEBUG#com.sap.cloud.lm.sl.xs2.5d14f9ba-0671-11ed-9ebc-eeee0a8cc8d2.config_products-db-deployer.executeTaskTask#
######org.cloudfoundry.multiapps.controller.persistence.services.ProcessLogger########flowable-async-job-executor-thread-12229###
[PollExecuteTaskStatusExecution] [config_products-db-deployer] 920ebf08-994d-4d7d-acd9-853e1143b311 [Mon Jul 18 08:13:52 UTC 2022] No default-access-role handling needed; global role "22E31DBAE729415AB87E36A13434327D::access_role" will not be adapted (STDOUT, APP/TASK/deploy)#

#2.0#2022 07 18 08:13:54.535#Z#DEBUG#com.sap.cloud.lm.sl.xs2.5d14f9ba-0671-11ed-9ebc-eeee0a8cc8d2.config_products-db-deployer.executeTaskTask#
######org.cloudfoundry.multiapps.controller.persistence.services.ProcessLogger########flowable-async-job-executor-thread-12229###
[PollExecuteTaskStatusExecution] [config_products-db-deployer] 920ebf08-994d-4d7d-acd9-853e1143b311 [Mon Jul 18 08:13:52 UTC 2022] Deploying to the container "22E31DBAE729415AB87E36A13434327D"... ok (0s 273ms) (STDOUT, APP/TASK/deploy)#

#2.0#2022 07 18 08:13:54.535#Z#DEBUG#com.sap.cloud.lm.sl.xs2.5d14f9ba-0671-11ed-9ebc-eeee0a8cc8d2.config_products-db-deployer.executeTaskTask#
######org.cloudfoundry.multiapps.controller.persistence.services.ProcessLogger########flowable-async-job-executor-thread-12229###
[PollExecuteTaskStatusExecution] [config_products-db-deployer] 920ebf08-994d-4d7d-acd9-853e1143b311 [Mon Jul 18 08:13:52 UTC 2022] (3s 277ms) (STDOUT, APP/TASK/deploy)#

#2.0#2022 07 18 08:13:54.535#Z#DEBUG#com.sap.cloud.lm.sl.xs2.5d14f9ba-0671-11ed-9ebc-eeee0a8cc8d2.config_products-db-deployer.executeTaskTask#
######org.cloudfoundry.multiapps.controller.persistence.services.ProcessLogger########flowable-async-job-executor-thread-12229###
[PollExecuteTaskStatusExecution] [config_products-db-deployer] 920ebf08-994d-4d7d-acd9-853e1143b311 [Mon Jul 18 08:13:52 UTC 2022] Deployment ended at 2022-07-18 08:13:52 (STDOUT, APP/TASK/deploy)#

#2.0#2022 07 18 08:13:54.535#Z#DEBUG#com.sap.cloud.lm.sl.xs2.5d14f9ba-0671-11ed-9ebc-eeee0a8cc8d2.config_products-db-deployer.executeTaskTask#
######org.cloudfoundry.multiapps.controller.persistence.services.ProcessLogger########flowable-async-job-executor-thread-12229###
[PollExecuteTaskStatusExecution] [config_products-db-deployer] 920ebf08-994d-4d7d-acd9-853e1143b311 [Mon Jul 18 08:13:52 UTC 2022] npm notice (STDERR, APP/TASK/deploy)#

#2.0#2022 07 18 08:13:54.535#Z#DEBUG#com.sap.cloud.lm.sl.xs2.5d14f9ba-0671-11ed-9ebc-eeee0a8cc8d2.config_products-db-deployer.executeTaskTask#
######org.cloudfoundry.multiapps.controller.persistence.services.ProcessLogger########flowable-async-job-executor-thread-12229###
[PollExecuteTaskStatusExecution] [config_products-db-deployer] 920ebf08-994d-4d7d-acd9-853e1143b311 [Mon Jul 18 08:13:52 UTC 2022] npm notice Run `npm install -g npm@8.14.0` to update! (STDERR, APP/TASK/deploy)#

#2.0#2022 07 18 08:13:54.535#Z#DEBUG#com.sap.cloud.lm.sl.xs2.5d14f9ba-0671-11ed-9ebc-eeee0a8cc8d2.config_products-db-deployer.executeTaskTask#
######org.cloudfoundry.multiapps.controller.persistence.services.ProcessLogger########flowable-async-job-executor-thread-12229###
[PollExecuteTaskStatusExecution] [config_products-db-deployer] 920ebf08-994d-4d7d-acd9-853e1143b311 [Mon Jul 18 08:13:52 UTC 2022] npm notice Changelog: <https://github.com/npm/cli/releases/tag/v8.14.0> (STDERR, APP/TASK/deploy)#

#2.0#2022 07 18 08:13:54.535#Z#DEBUG#com.sap.cloud.lm.sl.xs2.5d14f9ba-0671-11ed-9ebc-eeee0a8cc8d2.config_products-db-deployer.executeTaskTask#
######org.cloudfoundry.multiapps.controller.persistence.services.ProcessLogger########flowable-async-job-executor-thread-12229###
[PollExecuteTaskStatusExecution] [config_products-db-deployer] 920ebf08-994d-4d7d-acd9-853e1143b311 [Mon Jul 18 08:13:52 UTC 2022] npm notice New minor version of npm available! 8.5.5 -> 8.14.0 (STDERR, APP/TASK/deploy)#

#2.0#2022 07 18 08:13:54.535#Z#DEBUG#com.sap.cloud.lm.sl.xs2.5d14f9ba-0671-11ed-9ebc-eeee0a8cc8d2.config_products-db-deployer.executeTaskTask#
######org.cloudfoundry.multiapps.controller.persistence.services.ProcessLogger########flowable-async-job-executor-thread-12229###
[PollExecuteTaskStatusExecution] [config_products-db-deployer] 920ebf08-994d-4d7d-acd9-853e1143b311 [Mon Jul 18 08:13:52 UTC 2022] npm notice (STDERR, APP/TASK/deploy)#

#2.0#2022 07 18 08:13:54.535#Z#DEBUG#com.sap.cloud.lm.sl.xs2.5d14f9ba-0671-11ed-9ebc-eeee0a8cc8d2.config_products-db-deployer.executeTaskTask#
######org.cloudfoundry.multiapps.controller.persistence.services.ProcessLogger########flowable-async-job-executor-thread-12229###
[PollExecuteTaskStatusExecution] [config_products-db-deployer] 920ebf08-994d-4d7d-acd9-853e1143b311 [Mon Jul 18 08:13:52 UTC 2022] Exit status 0 (STDOUT, APP/TASK/deploy)#

#2.0#2022 07 18 08:13:54.535#Z#DEBUG#com.sap.cloud.lm.sl.xs2.5d14f9ba-0671-11ed-9ebc-eeee0a8cc8d2.config_products-db-deployer.executeTaskTask#
######org.cloudfoundry.multiapps.controller.persistence.services.ProcessLogger########flowable-async-job-executor-thread-12229###
[PollExecuteTaskStatusExecution] [config_products-db-deployer] 920ebf08-994d-4d7d-acd9-853e1143b311 [Mon Jul 18 08:13:53 UTC 2022] Cell 86976fe9-333b-4e9f-a789-060646bcd6bf destroying container for instance 6c63cfc2-f7f7-415f-b9c5-b3f9339f4aa9 (STDOUT, CELL)#

#2.0#2022 07 18 08:13:54.535#Z#DEBUG#com.sap.cloud.lm.sl.xs2.5d14f9ba-0671-11ed-9ebc-eeee0a8cc8d2.config_products-db-deployer.executeTaskTask#
######org.cloudfoundry.multiapps.controller.persistence.services.ProcessLogger########flowable-async-job-executor-thread-12229###
[PollExecuteTaskStatusExecution] [config_products-db-deployer] 920ebf08-994d-4d7d-acd9-853e1143b311 [Mon Jul 18 08:13:53 UTC 2022] Cell 86976fe9-333b-4e9f-a789-060646bcd6bf stopping instance 6c63cfc2-f7f7-415f-b9c5-b3f9339f4aa9 (STDOUT, CELL)#

#2.0#2022 07 18 08:13:54.535#Z#DEBUG#com.sap.cloud.lm.sl.xs2.5d14f9ba-0671-11ed-9ebc-eeee0a8cc8d2.config_products-db-deployer.executeTaskTask#
######org.cloudfoundry.multiapps.controller.persistence.services.ProcessLogger########flowable-async-job-executor-thread-12229###
[PollExecuteTaskStatusExecution] [config_products-db-deployer] 920ebf08-994d-4d7d-acd9-853e1143b311 [Mon Jul 18 08:13:54 UTC 2022] Cell 86976fe9-333b-4e9f-a789-060646bcd6bf successfully destroyed container for instance 6c63cfc2-f7f7-415f-b9c5-b3f9339f4aa9 (STDOUT, CELL)#

